#
# There is insufficient memory for the Java Runtime Environment to continue.
# Native memory allocation (malloc) failed to allocate 1486256 bytes for Chunk::new
# Possible reasons:
#   The system is out of physical RAM or swap space
#   The process is running with CompressedOops enabled, and the Java Heap may be blocking the growth of the native heap
# Possible solutions:
#   Reduce memory load on the system
#   Increase physical memory or swap space
#   Check if swap backing store is full
#   Decrease Java heap size (-Xmx/-Xms)
#   Decrease number of Java threads
#   Decrease Java thread stack sizes (-Xss)
#   Set larger code cache with -XX:ReservedCodeCacheSize=
#   JVM is running with Unscaled Compressed Oops mode in which the Java heap is
#     placed in the first 4GB address space. The Java Heap base address is the
#     maximum limit for the native heap growth. Please use -XX:HeapBaseMinAddress
#     to set the Java Heap base and to place the Java Heap above 4GB virtual address.
# This output file may be truncated or incomplete.
#
#  Out of Memory Error (allocation.cpp:389), pid=21192, tid=0x000000000000475c
#
# JRE version: OpenJDK Runtime Environment (8.0) (build 1.8.0-25-microsoft-b00)
# Java VM: OpenJDK 64-Bit Server VM (25.71-b00 mixed mode windows-amd64 compressed oops)
# Failed to write core dump. Minidumps are not enabled by default on client versions of Windows
#

---------------  T H R E A D  ---------------

Current thread (0x000000001750a800):  JavaThread "C2 CompilerThread0" daemon [_thread_in_native, id=18268, stack(0x0000000017de0000,0x0000000017ee0000)]

Stack: [0x0000000017de0000,0x0000000017ee0000]
[error occurred during error reporting (printing stack bounds), id 0xc0000005]

Native frames: (J=compiled Java code, j=interpreted, Vv=VM code, C=native code)


Current CompileTask:
C2:   1288 1551 %     4       com.android.tools.r8.z.a.a.f::a @ 2576 (6058 bytes)


---------------  P R O C E S S  ---------------

Java Threads: ( => current thread )
  0x0000000018918800 JavaThread "ForkJoinPool-1-worker-0" daemon [_thread_in_Java, id=18516, stack(0x0000000018ee0000,0x0000000018fe0000)]
  0x0000000018918000 JavaThread "ForkJoinPool-1-worker-3" daemon [_thread_in_Java, id=18160, stack(0x0000000018de0000,0x0000000018ee0000)]
  0x0000000018917000 JavaThread "ForkJoinPool-1-worker-2" daemon [_thread_in_Java, id=20116, stack(0x0000000018ce0000,0x0000000018de0000)]
  0x00000000188da000 JavaThread "ForkJoinPool-1-worker-1" daemon [_thread_in_vm, id=9092, stack(0x0000000018be0000,0x0000000018ce0000)]
  0x00000000175a8800 JavaThread "Service Thread" daemon [_thread_blocked, id=22088, stack(0x00000000181e0000,0x00000000182e0000)]
  0x000000001751c000 JavaThread "C1 CompilerThread3" daemon [_thread_in_native, id=19356, stack(0x00000000180e0000,0x00000000181e0000)]
  0x0000000017513000 JavaThread "C2 CompilerThread2" daemon [_thread_in_native, id=3076, stack(0x0000000017fe0000,0x00000000180e0000)]
  0x0000000017510800 JavaThread "C2 CompilerThread1" daemon [_thread_in_native, id=21728, stack(0x0000000017ee0000,0x0000000017fe0000)]
=>0x000000001750a800 JavaThread "C2 CompilerThread0" daemon [_thread_in_native, id=18268, stack(0x0000000017de0000,0x0000000017ee0000)]
  0x0000000017509800 JavaThread "Attach Listener" daemon [_thread_blocked, id=2032, stack(0x0000000017ce0000,0x0000000017de0000)]
  0x0000000017508800 JavaThread "Signal Dispatcher" daemon [_thread_blocked, id=20256, stack(0x0000000017be0000,0x0000000017ce0000)]
  0x0000000017500800 JavaThread "Finalizer" daemon [_thread_blocked, id=21340, stack(0x00000000179e0000,0x0000000017ae0000)]
  0x000000001571c000 JavaThread "Reference Handler" daemon [_thread_blocked, id=14508, stack(0x00000000178e0000,0x00000000179e0000)]
  0x0000000002b03800 JavaThread "main" [_thread_blocked, id=16012, stack(0x0000000002910000,0x0000000002a10000)]

Other Threads:
  0x0000000015718000 VMThread [stack: 0x00000000173e0000,0x00000000174e0000] [id=4188]
  0x0000000017533000 WatcherThread [stack: 0x00000000182e0000,0x00000000183e0000] [id=10844]

VM state:not at safepoint (normal execution)

VM Mutex/Monitor currently owned by a thread: None

heap address: 0x00000000c0000000, size: 1024 MB, Compressed Oops mode: 32-bit
Narrow klass base: 0x0000000000000000, Narrow klass shift: 3
Compressed class space size: 1073741824 Address: 0x0000000100000000

Heap:
 PSYoungGen      total 141824K, used 110759K [0x00000000eab00000, 0x00000000f4000000, 0x0000000100000000)
  eden space 131072K, 76% used [0x00000000eab00000,0x00000000f0cabf40,0x00000000f2b00000)
  from space 10752K, 99% used [0x00000000f2b00000,0x00000000f357dfd0,0x00000000f3580000)
  to   space 10752K, 0% used [0x00000000f3580000,0x00000000f3580000,0x00000000f4000000)
 ParOldGen       total 175104K, used 52836K [0x00000000c0000000, 0x00000000cab00000, 0x00000000eab00000)
  object space 175104K, 30% used [0x00000000c0000000,0x00000000c3399150,0x00000000cab00000)
 Metaspace       used 15158K, capacity 16404K, committed 16512K, reserved 1062912K
  class space    used 2026K, capacity 2324K, committed 2432K, reserved 1048576K

Card table byte_map: [0x0000000011fc0000,0x00000000121d0000] byte_map_base: 0x00000000119c0000

Marking Bits: (ParMarkBitMap*) 0x00000000682c8f30
 Begin Bits: [0x0000000012b30000, 0x0000000013b30000)
 End Bits:   [0x0000000013b30000, 0x0000000014b30000)

Polling page: 0x0000000000b70000

CodeCache: size=245760Kb used=7720Kb max_used=7720Kb free=238039Kb
 bounds [0x0000000002c00000, 0x0000000003390000, 0x0000000011c00000]
 total_blobs=2970 nmethods=2618 adapters=265
 compilation: enabled

Compilation events (10 events):
Event: 1.286 Thread 0x000000001751c000 nmethod 2642 0x0000000003385250 code [0x00000000033853a0, 0x00000000033854b0]
Event: 1.286 Thread 0x000000001751c000 2644       2       com.android.tools.r8.s.b.o::n (52 bytes)
Event: 1.286 Thread 0x000000001751c000 nmethod 2644 0x0000000003385510 code [0x00000000033856a0, 0x0000000003385a58]
Event: 1.286 Thread 0x000000001751c000 2629       2       com.android.tools.r8.ir.conversion.N::a (39 bytes)
Event: 1.286 Thread 0x000000001751c000 nmethod 2629 0x0000000003385d10 code [0x0000000003385e80, 0x0000000003386028]
Event: 1.286 Thread 0x000000001751c000 2647       2       com.android.tools.r8.s.b.W0::hashCode (46 bytes)
Event: 1.287 Thread 0x000000001751c000 nmethod 2647 0x0000000003386150 code [0x00000000033862c0, 0x0000000003386508]
Event: 1.287 Thread 0x000000001751c000 2603       2       com.android.tools.r8.ir.conversion.N::a (133 bytes)
Event: 1.287 Thread 0x000000001751c000 nmethod 2603 0x00000000033866d0 code [0x00000000033868e0, 0x0000000003386e78]
Event: 1.287 Thread 0x000000001751c000 2653       2       com.android.tools.r8.s.a.h.e::a (13 bytes)

GC Heap History (6 events):
Event: 0.392 GC heap before
{Heap before GC invocations=1 (full 0):
 PSYoungGen      total 76288K, used 65536K [0x00000000eab00000, 0x00000000f0000000, 0x0000000100000000)
  eden space 65536K, 100% used [0x00000000eab00000,0x00000000eeb00000,0x00000000eeb00000)
  from space 10752K, 0% used [0x00000000ef580000,0x00000000ef580000,0x00000000f0000000)
  to   space 10752K, 0% used [0x00000000eeb00000,0x00000000eeb00000,0x00000000ef580000)
 ParOldGen       total 175104K, used 0K [0x00000000c0000000, 0x00000000cab00000, 0x00000000eab00000)
  object space 175104K, 0% used [0x00000000c0000000,0x00000000c0000000,0x00000000cab00000)
 Metaspace       used 8147K, capacity 8414K, committed 8576K, reserved 1056768K
  class space    used 932K, capacity 1033K, committed 1152K, reserved 1048576K
Event: 0.401 GC heap after
Heap after GC invocations=1 (full 0):
 PSYoungGen      total 76288K, used 10722K [0x00000000eab00000, 0x00000000f4000000, 0x0000000100000000)
  eden space 65536K, 0% used [0x00000000eab00000,0x00000000eab00000,0x00000000eeb00000)
  from space 10752K, 99% used [0x00000000eeb00000,0x00000000ef578930,0x00000000ef580000)
  to   space 10752K, 0% used [0x00000000f3580000,0x00000000f3580000,0x00000000f4000000)
 ParOldGen       total 175104K, used 5706K [0x00000000c0000000, 0x00000000cab00000, 0x00000000eab00000)
  object space 175104K, 3% used [0x00000000c0000000,0x00000000c0592be8,0x00000000cab00000)
 Metaspace       used 8147K, capacity 8414K, committed 8576K, reserved 1056768K
  class space    used 932K, capacity 1033K, committed 1152K, reserved 1048576K
}
Event: 0.588 GC heap before
{Heap before GC invocations=2 (full 0):
 PSYoungGen      total 76288K, used 76258K [0x00000000eab00000, 0x00000000f4000000, 0x0000000100000000)
  eden space 65536K, 100% used [0x00000000eab00000,0x00000000eeb00000,0x00000000eeb00000)
  from space 10752K, 99% used [0x00000000eeb00000,0x00000000ef578930,0x00000000ef580000)
  to   space 10752K, 0% used [0x00000000f3580000,0x00000000f3580000,0x00000000f4000000)
 ParOldGen       total 175104K, used 5706K [0x00000000c0000000, 0x00000000cab00000, 0x00000000eab00000)
  object space 175104K, 3% used [0x00000000c0000000,0x00000000c0592be8,0x00000000cab00000)
 Metaspace       used 9338K, capacity 9746K, committed 9984K, reserved 1058816K
  class space    used 1078K, capacity 1197K, committed 1280K, reserved 1048576K
Event: 0.603 GC heap after
Heap after GC invocations=2 (full 0):
 PSYoungGen      total 141824K, used 10721K [0x00000000eab00000, 0x00000000f4000000, 0x0000000100000000)
  eden space 131072K, 0% used [0x00000000eab00000,0x00000000eab00000,0x00000000f2b00000)
  from space 10752K, 99% used [0x00000000f3580000,0x00000000f3ff8688,0x00000000f4000000)
  to   space 10752K, 0% used [0x00000000f2b00000,0x00000000f2b00000,0x00000000f3580000)
 ParOldGen       total 175104K, used 27993K [0x00000000c0000000, 0x00000000cab00000, 0x00000000eab00000)
  object space 175104K, 15% used [0x00000000c0000000,0x00000000c1b566e0,0x00000000cab00000)
 Metaspace       used 9338K, capacity 9746K, committed 9984K, reserved 1058816K
  class space    used 1078K, capacity 1197K, committed 1280K, reserved 1048576K
}
Event: 0.853 GC heap before
{Heap before GC invocations=3 (full 0):
 PSYoungGen      total 141824K, used 141793K [0x00000000eab00000, 0x00000000f4000000, 0x0000000100000000)
  eden space 131072K, 100% used [0x00000000eab00000,0x00000000f2b00000,0x00000000f2b00000)
  from space 10752K, 99% used [0x00000000f3580000,0x00000000f3ff8688,0x00000000f4000000)
  to   space 10752K, 0% used [0x00000000f2b00000,0x00000000f2b00000,0x00000000f3580000)
 ParOldGen       total 175104K, used 27993K [0x00000000c0000000, 0x00000000cab00000, 0x00000000eab00000)
  object space 175104K, 15% used [0x00000000c0000000,0x00000000c1b566e0,0x00000000cab00000)
 Metaspace       used 10079K, capacity 10630K, committed 10880K, reserved 1058816K
  class space    used 1176K, capacity 1293K, committed 1408K, reserved 1048576K
Event: 0.884 GC heap after
Heap after GC invocations=3 (full 0):
 PSYoungGen      total 141824K, used 10743K [0x00000000eab00000, 0x00000000f4000000, 0x0000000100000000)
  eden space 131072K, 0% used [0x00000000eab00000,0x00000000eab00000,0x00000000f2b00000)
  from space 10752K, 99% used [0x00000000f2b00000,0x00000000f357dfd0,0x00000000f3580000)
  to   space 10752K, 0% used [0x00000000f3580000,0x00000000f3580000,0x00000000f4000000)
 ParOldGen       total 175104K, used 52836K [0x00000000c0000000, 0x00000000cab00000, 0x00000000eab00000)
  object space 175104K, 30% used [0x00000000c0000000,0x00000000c3399150,0x00000000cab00000)
 Metaspace       used 10079K, capacity 10630K, committed 10880K, reserved 1058816K
  class space    used 1176K, capacity 1293K, committed 1408K, reserved 1048576K
}

Deoptimization events (10 events):
Event: 1.154 Thread 0x0000000018917000 Uncommon trap: reason=unstable_if action=reinterpret pc=0x0000000002f80f04 method=com.android.tools.r8.graph.i0.a([C)I @ 29
Event: 1.154 Thread 0x0000000018918000 Uncommon trap: reason=bimorphic action=maybe_recompile pc=0x000000000301570c method=com.android.tools.r8.q.a.a.a.v.hash(Ljava/lang/Object;)I @ 8
Event: 1.154 Thread 0x0000000018918000 Uncommon trap: reason=bimorphic action=maybe_recompile pc=0x000000000301570c method=com.android.tools.r8.q.a.a.a.v.hash(Ljava/lang/Object;)I @ 8
Event: 1.156 Thread 0x0000000018917000 Uncommon trap: reason=bimorphic action=maybe_recompile pc=0x000000000301570c method=com.android.tools.r8.q.a.a.a.v.hash(Ljava/lang/Object;)I @ 8
Event: 1.156 Thread 0x0000000018917000 Uncommon trap: reason=bimorphic action=maybe_recompile pc=0x000000000301570c method=com.android.tools.r8.q.a.a.a.v.hash(Ljava/lang/Object;)I @ 8
Event: 1.157 Thread 0x00000000188da000 Uncommon trap: reason=class_check action=maybe_recompile pc=0x0000000003202104 method=com.android.tools.r8.q.a.a.a.v$a.equals(Ljava/lang/Object;)Z @ 27
Event: 1.157 Thread 0x00000000188da000 Uncommon trap: reason=class_check action=maybe_recompile pc=0x0000000003202104 method=com.android.tools.r8.q.a.a.a.v$a.equals(Ljava/lang/Object;)Z @ 27
Event: 1.157 Thread 0x00000000188da000 Uncommon trap: reason=class_check action=maybe_recompile pc=0x0000000003202104 method=com.android.tools.r8.q.a.a.a.v$a.equals(Ljava/lang/Object;)Z @ 27
Event: 1.157 Thread 0x00000000188da000 Uncommon trap: reason=class_check action=maybe_recompile pc=0x0000000003202104 method=com.android.tools.r8.q.a.a.a.v$a.equals(Ljava/lang/Object;)Z @ 27
Event: 1.277 Thread 0x0000000018918000 Uncommon trap: reason=unstable_if action=reinterpret pc=0x0000000003183194 method=java.lang.Integer.valueOf(I)Ljava/lang/Integer; @ 3

Classes redefined (0 events):
No events

Internal exceptions (10 events):
Event: 0.758 Thread 0x0000000002b03800 Exception <a 'java/lang/IncompatibleClassChangeError': Found class java.lang.Object, but interface was expected> (0x00000000ef329fb0) thrown at [D:\j\worksp~1\openjd~3\jdk8u\hotspot\src\share\vm\interpreter\linkResolver.cpp, line 653]
Event: 1.058 Thread 0x00000000188da000 Implicit null exception at 0x000000000306a56f to 0x000000000306a60d
Event: 1.058 Thread 0x0000000018917000 Implicit null exception at 0x000000000306a56f to 0x000000000306a60d
Event: 1.092 Thread 0x0000000018918800 Exception <a 'java/lang/NoSuchMethodError': java.lang.Object.b(Lcom/android/tools/r8/graph/p1$b;)Lcom/android/tools/r8/graph/p1$b;> (0x00000000ef768dd0) thrown at [D:\j\worksp~1\openjd~3\jdk8u\hotspot\src\share\vm\interpreter\linkResolver.cpp, line 620]
Event: 1.114 Thread 0x0000000018918800 Exception <a 'java/lang/NoSuchMethodError': java.lang.Object.lambda$comparingInt$7b0bb60$1(Ljava/util/function/ToIntFunction;Ljava/lang/Object;Ljava/lang/Object;)I> (0x00000000ef7f2b98) thrown at [D:\j\worksp~1\openjd~3\jdk8u\hotspot\src\share\vm\interpre
Event: 1.114 Thread 0x00000000188da000 Exception <a 'java/lang/NoSuchMethodError': java.lang.Object.lambda$comparingInt$7b0bb60$1(Ljava/util/function/ToIntFunction;Ljava/lang/Object;Ljava/lang/Object;)I> (0x00000000ef987910) thrown at [D:\j\worksp~1\openjd~3\jdk8u\hotspot\src\share\vm\interpre
Event: 1.116 Thread 0x0000000018918800 Exception <a 'java/lang/NoSuchMethodError': java.lang.Object.lambda$maxBy$1(Ljava/util/Comparator;Ljava/lang/Object;Ljava/lang/Object;)Ljava/lang/Object;> (0x00000000ef7fe740) thrown at [D:\j\worksp~1\openjd~3\jdk8u\hotspot\src\share\vm\interpreter\linkRe
Event: 1.116 Thread 0x0000000018917000 Exception <a 'java/lang/NoSuchMethodError': java.lang.Object.lambda$maxBy$1(Ljava/util/Comparator;Ljava/lang/Object;Ljava/lang/Object;)Ljava/lang/Object;> (0x00000000ef8f2508) thrown at [D:\j\worksp~1\openjd~3\jdk8u\hotspot\src\share\vm\interpreter\linkRe
Event: 1.116 Thread 0x00000000188da000 Exception <a 'java/lang/NoSuchMethodError': java.lang.Object.lambda$maxBy$1(Ljava/util/Comparator;Ljava/lang/Object;Ljava/lang/Object;)Ljava/lang/Object;> (0x00000000ef9932f0) thrown at [D:\j\worksp~1\openjd~3\jdk8u\hotspot\src\share\vm\interpreter\linkRe
Event: 1.116 Thread 0x0000000018918000 Exception <a 'java/lang/NoSuchMethodError': java.lang.Object.lambda$maxBy$1(Ljava/util/Comparator;Ljava/lang/Object;Ljava/lang/Object;)Ljava/lang/Object;> (0x00000000ef870ec8) thrown at [D:\j\worksp~1\openjd~3\jdk8u\hotspot\src\share\vm\interpreter\linkRe

Events (10 events):
Event: 1.286 loading class com/android/tools/r8/code/y1
Event: 1.286 loading class com/android/tools/r8/code/y1 done
Event: 1.287 loading class com/android/tools/r8/code/z1
Event: 1.287 loading class com/android/tools/r8/code/z1 done
Event: 1.287 loading class com/android/tools/r8/code/A1
Event: 1.287 loading class com/android/tools/r8/code/A1 done
Event: 1.287 loading class com/android/tools/r8/code/B1
Event: 1.287 loading class com/android/tools/r8/code/B1 done
Event: 1.287 loading class com/android/tools/r8/code/x1
Event: 1.287 loading class com/android/tools/r8/code/x1 done


Dynamic libraries:
0x00007ff67c3d0000 - 0x00007ff67c405000 	C:\Program Files\Android\Jdk\microsoft_dist_openjdk_1.8.0.25\bin\java.exe
0x00007ffb4be90000 - 0x00007ffb4c085000 	C:\WINDOWS\SYSTEM32\ntdll.dll
0x00007ffb4a260000 - 0x00007ffb4a31d000 	C:\WINDOWS\System32\KERNEL32.DLL
0x00007ffb49690000 - 0x00007ffb49959000 	C:\WINDOWS\System32\KERNELBASE.dll
0x00007ffb4bd30000 - 0x00007ffb4bddc000 	C:\WINDOWS\System32\ADVAPI32.dll
0x00007ffb4bb00000 - 0x00007ffb4bb9e000 	C:\WINDOWS\System32\msvcrt.dll
0x00007ffb4a140000 - 0x00007ffb4a1db000 	C:\WINDOWS\System32\sechost.dll
0x00007ffb49ef0000 - 0x00007ffb4a01a000 	C:\WINDOWS\System32\RPCRT4.dll
0x00007ffb4b3b0000 - 0x00007ffb4b550000 	C:\WINDOWS\System32\USER32.dll
0x00007ffb49a10000 - 0x00007ffb49a32000 	C:\WINDOWS\System32\win32u.dll
0x00007ffb4a100000 - 0x00007ffb4a12a000 	C:\WINDOWS\System32\GDI32.dll
0x00007ffb49ce0000 - 0x00007ffb49deb000 	C:\WINDOWS\System32\gdi32full.dll
0x00007ffb495f0000 - 0x00007ffb4968d000 	C:\WINDOWS\System32\msvcp_win.dll
0x00007ffb49df0000 - 0x00007ffb49ef0000 	C:\WINDOWS\System32\ucrtbase.dll
0x00007ffb2bf50000 - 0x00007ffb2c1ea000 	C:\WINDOWS\WinSxS\amd64_microsoft.windows.common-controls_6595b64144ccf1df_6.0.19041.1110_none_60b5254171f9507e\COMCTL32.dll
0x00007ffb4ad40000 - 0x00007ffb4ad70000 	C:\WINDOWS\System32\IMM32.DLL
0x0000000068350000 - 0x0000000068421000 	C:\Program Files\Android\Jdk\microsoft_dist_openjdk_1.8.0.25\jre\bin\msvcr100.dll
0x0000000067b00000 - 0x0000000068345000 	C:\Program Files\Android\Jdk\microsoft_dist_openjdk_1.8.0.25\jre\bin\server\jvm.dll
0x00007ffb4bde0000 - 0x00007ffb4bde8000 	C:\WINDOWS\System32\PSAPI.DLL
0x00007ffb36c90000 - 0x00007ffb36c99000 	C:\WINDOWS\SYSTEM32\WSOCK32.dll
0x00007ffb438f0000 - 0x00007ffb438fa000 	C:\WINDOWS\SYSTEM32\VERSION.dll
0x00007ffb2c840000 - 0x00007ffb2c867000 	C:\WINDOWS\SYSTEM32\WINMM.dll
0x00007ffb4bcc0000 - 0x00007ffb4bd2b000 	C:\WINDOWS\System32\WS2_32.dll
0x00007ffb38b10000 - 0x00007ffb38b1f000 	C:\Program Files\Android\Jdk\microsoft_dist_openjdk_1.8.0.25\jre\bin\verify.dll
0x00007ffb1ee70000 - 0x00007ffb1ee99000 	C:\Program Files\Android\Jdk\microsoft_dist_openjdk_1.8.0.25\jre\bin\java.dll
0x00007ffb173c0000 - 0x00007ffb173d6000 	C:\Program Files\Android\Jdk\microsoft_dist_openjdk_1.8.0.25\jre\bin\zip.dll
0x00007ffb4a600000 - 0x00007ffb4ad3f000 	C:\WINDOWS\System32\SHELL32.dll
0x00007ffb475c0000 - 0x00007ffb47d50000 	C:\WINDOWS\SYSTEM32\windows.storage.dll
0x00007ffb4b050000 - 0x00007ffb4b3a5000 	C:\WINDOWS\System32\combase.dll
0x00007ffb48fb0000 - 0x00007ffb48fdc000 	C:\WINDOWS\SYSTEM32\Wldp.dll
0x00007ffb4ae20000 - 0x00007ffb4aece000 	C:\WINDOWS\System32\SHCORE.dll
0x00007ffb4bdf0000 - 0x00007ffb4be45000 	C:\WINDOWS\System32\shlwapi.dll
0x00007ffb49500000 - 0x00007ffb4951f000 	C:\WINDOWS\SYSTEM32\profapi.dll
0x00007ffb17350000 - 0x00007ffb1736a000 	C:\Program Files\Android\jdk\microsoft_dist_openjdk_1.8.0.25\jre\bin\net.dll
0x00007ffb48cb0000 - 0x00007ffb48d1a000 	C:\WINDOWS\system32\mswsock.dll
0x00007ffb13240000 - 0x00007ffb13251000 	C:\Program Files\Android\jdk\microsoft_dist_openjdk_1.8.0.25\jre\bin\nio.dll

VM Arguments:
jvm_args: -Xmx1G 
java_command: com.android.tools.r8.D8 --debug --min-api 21 --output obj\Debug\110\android\bin\ --lib D:\Android\android-sdk-xamarin\android-sdk\platforms\android-30\android.jar obj\Debug\110\android\bin\classes.zip C:\Program Files (x86)\Microsoft Visual Studio\2019\Professional\Common7\IDE\ReferenceAssemblies\Microsoft\Framework\MonoAndroid\v11.0\mono.android.jar C:\Program Files (x86)\Microsoft Visual Studio\2019\Professional\MSBuild\Xamarin\Android\java_runtime_fastdev.jar C:\Program Files (x86)\Microsoft\Xamarin\NuGet\xamarin.androidx.annotation\1.1.0.8\buildTransitive\monoandroid90\..\..\jar\androidx.annotation.annotation.jar C:\Users\Administrator\.nuget\packages\xamarin.androidx.collection\1.1.0.6\buildTransitive\monoandroid90\..\..\jar\androidx.collection.collection.jar C:\Users\Administrator\.nuget\packages\xamarin.androidx.lifecycle.common\2.2.0.4\buildTransitive\monoandroid90\..\..\jar\androidx.lifecycle.lifecycle-common.jar C:\Users\Administrator\.nuget\packages\xamarin.androidx.arch.core.common\2.1.0.7\buildTransitive\monoandroid90\..\..\jar\androidx.arch.core.core-common.jar obj\Debug\110\androidx\jl\615a40cd-7c16-4431-a0e1-7679e88b4b1f.jar obj\Debug\110\lp\1\jl\formsviewgroup.jar obj\Debug\110\lp\100\jl\classes.jar obj\Debug\110\lp\101\jl\classes.jar obj\Debug\110\lp\103\jl\classes.jar obj\Debug\110\lp\104\jl\classes.jar obj\Debug\110\lp\65\jl\classes.jar obj\Debug\110\lp\66\jl\classes.jar obj\Debug\110\lp\67\jl\classes.jar obj\Debug\110\lp\68\jl\classes.jar obj\Debug\110\lp\69\jl\classes.jar obj\Debug\110\lp\70\jl\classes.jar obj\Debug\110\lp\71\jl\classes.jar obj\Debug\110\lp\72\jl\classes.jar obj\Debug\110\lp\73\jl\classes.jar obj\Debug\110\lp\74\jl\classes.jar obj\Debug\110\lp\75\jl\classes.jar obj\Debug\110\lp\76\jl\classes.jar obj\Debug\110\lp\77\jl\classes.jar obj\Debug\110\lp\78\jl\classes.jar obj\Debug\110\lp\79\jl\classes.jar obj\Debug\110\lp\80\jl\classes.jar obj\Debug\110\lp\81\jl\classes.jar obj\Debug\110\lp\82\jl\classes.jar obj\Debug\
java_class_path (initial): C:\Program Files (x86)\Microsoft Visual Studio\2019\Professional\MSBuild\Xamarin\Android\r8.jar
Launcher Type: SUN_STANDARD

Environment Variables:
PATH=C:\Program Files\Android\Jdk\microsoft_dist_openjdk_1.8.0.25\bin;C:\Program Files\Microsoft MPI\Bin\;C:\Oracle\11.2.0\client_1;C:\Program Files (x86)\Eziriz\.NET Reactor;C:\ProgramData\Oracle\Java\javapath;D:\app\Hung\product\11.2.0\client_2\bin;D:\app\Hung\product\11.2.0\client_1;C:\Program Files (x86)\Common Files\Oracle\Java\javapath;C:\WINDOWS\system32;C:\WINDOWS;C:\WINDOWS\System32\Wbem;C:\WINDOWS\System32\WindowsPowerShell\v1.0\;C:\WINDOWS\System32\OpenSSH\;C:\Program Files (x86)\Microsoft SQL Server\140\Tools\Binn\;C:\Program Files\Microsoft SQL Server\140\Tools\Binn\;C:\Program Files (x86)\Microsoft SQL Server\140\DTS\Binn\;C:\Program Files\Microsoft SQL Server\140\DTS\Binn\;C:\Program Files\Microsoft SQL Server\Client SDK\ODBC\130\Tools\Binn\;C:\Program Files\Git\cmd;C:\Program Files\dotnet\;C:\Program Files\Microsoft SQL Server\130\Tools\Binn\;C:\Program Files (x86)\Microsoft SQL Server\Client SDK\ODBC\130\Tools\Binn\;C:\Program Files (x86)\Microsoft SQL Server\140\Tools\Binn\ManagementStudio\;C:\Program Files (x86)\Microsoft SQL Server\90\Tools\binn\;C:\Users\Administrator\AppData\Local\Microsoft\WindowsApps;C:\Users\Administrator\.dotnet\tools;C:\Users\Administrator\AppData\Local\GitHubDesktop\bin
USERNAME=Administrator
OS=Windows_NT
PROCESSOR_IDENTIFIER=Intel64 Family 6 Model 94 Stepping 3, GenuineIntel



---------------  S Y S T E M  ---------------

OS: Windows 10.0 , 64 bit Build 19041 (10.0.19041.1151)

CPU:total 8 (initial active 8) (4 cores per cpu, 2 threads per core) family 6 model 94 stepping 3, cmov, cx8, fxsr, mmx, sse, sse2, sse3, ssse3, sse4.1, sse4.2, popcnt, avx, avx2, aes, clmul, erms, rtm, 3dnowpref, lzcnt, ht, tsc, tscinvbit, bmi1, bmi2, adx

Memory: 4k page, physical 16654136k(3236520k free), swap 16654136k(5964k free)

vm_info: OpenJDK 64-Bit Server VM (25.71-b00) for windows-amd64 JRE (1.8.0-25-microsoft-b00), built on Feb  7 2019 20:09:14 by "builder" with MS VC++ 10.0 (VS2010)

time: Thu Sep 16 16:44:08 2021
timezone: SE Asia Standard Time
elapsed time: 1 seconds (0d 0h 0m 1s)

