#
# There is insufficient memory for the Java Runtime Environment to continue.
# Native memory allocation (malloc) failed to allocate 1606320 bytes for Chunk::new
# Possible reasons:
#   The system is out of physical RAM or swap space
#   The process is running with CompressedOops enabled, and the Java Heap may be blocking the growth of the native heap
# Possible solutions:
#   Reduce memory load on the system
#   Increase physical memory or swap space
#   Check if swap backing store is full
#   Decrease Java heap size (-Xmx/-Xms)
#   Decrease number of Java threads
#   Decrease Java thread stack sizes (-Xss)
#   Set larger code cache with -XX:ReservedCodeCacheSize=
#   JVM is running with Unscaled Compressed Oops mode in which the Java heap is
#     placed in the first 4GB address space. The Java Heap base address is the
#     maximum limit for the native heap growth. Please use -XX:HeapBaseMinAddress
#     to set the Java Heap base and to place the Java Heap above 4GB virtual address.
# This output file may be truncated or incomplete.
#
#  Out of Memory Error (allocation.cpp:389), pid=7120, tid=0x00000000000004ec
#
# JRE version: OpenJDK Runtime Environment (8.0) (build 1.8.0-25-microsoft-b00)
# Java VM: OpenJDK 64-Bit Server VM (25.71-b00 mixed mode windows-amd64 compressed oops)
# Failed to write core dump. Minidumps are not enabled by default on client versions of Windows
#

---------------  T H R E A D  ---------------

Current thread (0x000000001752c800):  JavaThread "C2 CompilerThread1" daemon [_thread_in_native, id=1260, stack(0x0000000017f00000,0x0000000018000000)]

Stack: [0x0000000017f00000,0x0000000018000000]
[error occurred during error reporting (printing stack bounds), id 0xc0000005]

Native frames: (J=compiled Java code, j=interpreted, Vv=VM code, C=native code)


Current CompileTask:
C2:   5400 5854       4       com.android.tools.r8.z.a.a.f::a (6058 bytes)


---------------  P R O C E S S  ---------------

Java Threads: ( => current thread )
  0x0000000018c43800 JavaThread "ForkJoinPool-1-worker-0" daemon [_thread_in_Java, id=13636, stack(0x0000000019ed0000,0x0000000019fd0000)]
  0x0000000018517800 JavaThread "ForkJoinPool-1-worker-3" daemon [_thread_in_Java, id=20868, stack(0x0000000019dd0000,0x0000000019ed0000)]
  0x00000000184f7000 JavaThread "ForkJoinPool-1-worker-2" daemon [_thread_in_Java, id=5972, stack(0x0000000019cd0000,0x0000000019dd0000)]
  0x00000000184cd000 JavaThread "ForkJoinPool-1-worker-1" daemon [_thread_in_Java, id=13692, stack(0x0000000019bd0000,0x0000000019cd0000)]
  0x0000000017544800 JavaThread "Service Thread" daemon [_thread_blocked, id=1424, stack(0x0000000018200000,0x0000000018300000)]
  0x0000000017539000 JavaThread "C1 CompilerThread3" daemon [_thread_blocked, id=23676, stack(0x0000000018100000,0x0000000018200000)]
  0x0000000017532800 JavaThread "C2 CompilerThread2" daemon [_thread_in_native, id=15372, stack(0x0000000018000000,0x0000000018100000)]
=>0x000000001752c800 JavaThread "C2 CompilerThread1" daemon [_thread_in_native, id=1260, stack(0x0000000017f00000,0x0000000018000000)]
  0x000000001752a800 JavaThread "C2 CompilerThread0" daemon [_thread_in_native, id=7852, stack(0x0000000017e00000,0x0000000017f00000)]
  0x0000000017529800 JavaThread "Attach Listener" daemon [_thread_blocked, id=3844, stack(0x0000000017d00000,0x0000000017e00000)]
  0x0000000017529000 JavaThread "Signal Dispatcher" daemon [_thread_blocked, id=14972, stack(0x0000000017c00000,0x0000000017d00000)]
  0x0000000017521800 JavaThread "Finalizer" daemon [_thread_blocked, id=14396, stack(0x0000000017a00000,0x0000000017b00000)]
  0x000000001570c800 JavaThread "Reference Handler" daemon [_thread_blocked, id=20756, stack(0x0000000017900000,0x0000000017a00000)]
  0x0000000002af3800 JavaThread "main" [_thread_blocked, id=24480, stack(0x00000000028f0000,0x00000000029f0000)]

Other Threads:
  0x0000000015708000 VMThread [stack: 0x0000000017400000,0x0000000017500000] [id=14088]
  0x00000000175ca000 WatcherThread [stack: 0x0000000018300000,0x0000000018400000] [id=4500]

VM state:not at safepoint (normal execution)

VM Mutex/Monitor currently owned by a thread: None

heap address: 0x00000000c0000000, size: 1024 MB, Compressed Oops mode: 32-bit
Narrow klass base: 0x0000000000000000, Narrow klass shift: 3
Compressed class space size: 1073741824 Address: 0x0000000100000000

Heap:
 PSYoungGen      total 141824K, used 121474K [0x00000000eab00000, 0x00000000f8080000, 0x0000000100000000)
  eden space 131072K, 91% used [0x00000000eab00000,0x00000000f2008b98,0x00000000f2b00000)
  from space 10752K, 15% used [0x00000000f2b00000,0x00000000f2c98000,0x00000000f3580000)
  to   space 24064K, 0% used [0x00000000f6900000,0x00000000f6900000,0x00000000f8080000)
 ParOldGen       total 175104K, used 109022K [0x00000000c0000000, 0x00000000cab00000, 0x00000000eab00000)
  object space 175104K, 62% used [0x00000000c0000000,0x00000000c6a77838,0x00000000cab00000)
 Metaspace       used 17593K, capacity 18986K, committed 19200K, reserved 1067008K
  class space    used 2183K, capacity 2487K, committed 2560K, reserved 1048576K

Card table byte_map: [0x0000000011fb0000,0x00000000121c0000] byte_map_base: 0x00000000119b0000

Marking Bits: (ParMarkBitMap*) 0x0000000053fd8f30
 Begin Bits: [0x0000000012b20000, 0x0000000013b20000)
 End Bits:   [0x0000000013b20000, 0x0000000014b20000)

Polling page: 0x00000000027f0000

CodeCache: size=245760Kb used=18985Kb max_used=20474Kb free=226774Kb
 bounds [0x0000000002bf0000, 0x0000000004040000, 0x0000000011bf0000]
 total_blobs=4976 nmethods=4621 adapters=266
 compilation: enabled

Compilation events (10 events):
Event: 5.342 Thread 0x0000000017539000 5946       2       com.android.tools.r8.ir.conversion.N::a (561 bytes)
Event: 5.346 Thread 0x0000000017539000 nmethod 5946 0x000000000358b490 code [0x000000000358b880, 0x000000000358d1e8]
Event: 5.346 Thread 0x0000000017539000 5947       2       com.android.tools.r8.s.b.o::b (20 bytes)
Event: 5.346 Thread 0x0000000017539000 nmethod 5947 0x0000000002dc1f10 code [0x0000000002dc2060, 0x0000000002dc21b0]
Event: 5.347 Thread 0x0000000017539000 5948       2       com.android.tools.r8.ir.regalloc.a::a (66 bytes)
Event: 5.347 Thread 0x0000000017539000 nmethod 5948 0x0000000003358750 code [0x00000000033588a0, 0x0000000003358a70]
Event: 5.358 Thread 0x0000000017539000 5950       2       com.android.tools.r8.ProgramResource$ByteResource::<init> (46 bytes)
Event: 5.358 Thread 0x0000000017539000 nmethod 5950 0x0000000002f74710 code [0x0000000002f74860, 0x0000000002f749f0]
Event: 5.397 Thread 0x0000000017539000 5952       3       com.android.tools.r8.q.a.a.b.X::a (43 bytes)
Event: 5.398 Thread 0x0000000017539000 nmethod 5952 0x000000000335a3d0 code [0x000000000335a560, 0x000000000335aa78]

GC Heap History (10 events):
Event: 4.769 GC heap before
{Heap before GC invocations=21 (full 0):
 PSYoungGen      total 141824K, used 132896K [0x00000000eab00000, 0x00000000f4000000, 0x0000000100000000)
  eden space 131072K, 100% used [0x00000000eab00000,0x00000000f2b00000,0x00000000f2b00000)
  from space 10752K, 16% used [0x00000000f3580000,0x00000000f3748000,0x00000000f4000000)
  to   space 10752K, 0% used [0x00000000f2b00000,0x00000000f2b00000,0x00000000f3580000)
 ParOldGen       total 175104K, used 101726K [0x00000000c0000000, 0x00000000cab00000, 0x00000000eab00000)
  object space 175104K, 58% used [0x00000000c0000000,0x00000000c6357818,0x00000000cab00000)
 Metaspace       used 17575K, capacity 18986K, committed 19200K, reserved 1067008K
  class space    used 2182K, capacity 2487K, committed 2560K, reserved 1048576K
Event: 4.773 GC heap after
Heap after GC invocations=21 (full 0):
 PSYoungGen      total 141824K, used 1940K [0x00000000eab00000, 0x00000000f4000000, 0x0000000100000000)
  eden space 131072K, 0% used [0x00000000eab00000,0x00000000eab00000,0x00000000f2b00000)
  from space 10752K, 18% used [0x00000000f2b00000,0x00000000f2ce51b0,0x00000000f3580000)
  to   space 10752K, 0% used [0x00000000f3580000,0x00000000f3580000,0x00000000f4000000)
 ParOldGen       total 175104K, used 103158K [0x00000000c0000000, 0x00000000cab00000, 0x00000000eab00000)
  object space 175104K, 58% used [0x00000000c0000000,0x00000000c64bd818,0x00000000cab00000)
 Metaspace       used 17575K, capacity 18986K, committed 19200K, reserved 1067008K
  class space    used 2182K, capacity 2487K, committed 2560K, reserved 1048576K
}
Event: 4.894 GC heap before
{Heap before GC invocations=22 (full 0):
 PSYoungGen      total 141824K, used 133012K [0x00000000eab00000, 0x00000000f4000000, 0x0000000100000000)
  eden space 131072K, 100% used [0x00000000eab00000,0x00000000f2b00000,0x00000000f2b00000)
  from space 10752K, 18% used [0x00000000f2b00000,0x00000000f2ce51b0,0x00000000f3580000)
  to   space 10752K, 0% used [0x00000000f3580000,0x00000000f3580000,0x00000000f4000000)
 ParOldGen       total 175104K, used 103158K [0x00000000c0000000, 0x00000000cab00000, 0x00000000eab00000)
  object space 175104K, 58% used [0x00000000c0000000,0x00000000c64bd818,0x00000000cab00000)
 Metaspace       used 17578K, capacity 18986K, committed 19200K, reserved 1067008K
  class space    used 2182K, capacity 2487K, committed 2560K, reserved 1048576K
Event: 4.899 GC heap after
Heap after GC invocations=22 (full 0):
 PSYoungGen      total 141824K, used 1848K [0x00000000eab00000, 0x00000000f4000000, 0x0000000100000000)
  eden space 131072K, 0% used [0x00000000eab00000,0x00000000eab00000,0x00000000f2b00000)
  from space 10752K, 17% used [0x00000000f3580000,0x00000000f374e048,0x00000000f4000000)
  to   space 10752K, 0% used [0x00000000f2b00000,0x00000000f2b00000,0x00000000f3580000)
 ParOldGen       total 175104K, used 104702K [0x00000000c0000000, 0x00000000cab00000, 0x00000000eab00000)
  object space 175104K, 59% used [0x00000000c0000000,0x00000000c663f828,0x00000000cab00000)
 Metaspace       used 17578K, capacity 18986K, committed 19200K, reserved 1067008K
  class space    used 2182K, capacity 2487K, committed 2560K, reserved 1048576K
}
Event: 5.019 GC heap before
{Heap before GC invocations=23 (full 0):
 PSYoungGen      total 141824K, used 132920K [0x00000000eab00000, 0x00000000f4000000, 0x0000000100000000)
  eden space 131072K, 100% used [0x00000000eab00000,0x00000000f2b00000,0x00000000f2b00000)
  from space 10752K, 17% used [0x00000000f3580000,0x00000000f374e048,0x00000000f4000000)
  to   space 10752K, 0% used [0x00000000f2b00000,0x00000000f2b00000,0x00000000f3580000)
 ParOldGen       total 175104K, used 104702K [0x00000000c0000000, 0x00000000cab00000, 0x00000000eab00000)
  object space 175104K, 59% used [0x00000000c0000000,0x00000000c663f828,0x00000000cab00000)
 Metaspace       used 17578K, capacity 18986K, committed 19200K, reserved 1067008K
  class space    used 2182K, capacity 2487K, committed 2560K, reserved 1048576K
Event: 5.024 GC heap after
Heap after GC invocations=23 (full 0):
 PSYoungGen      total 141824K, used 1584K [0x00000000eab00000, 0x00000000f4000000, 0x0000000100000000)
  eden space 131072K, 0% used [0x00000000eab00000,0x00000000eab00000,0x00000000f2b00000)
  from space 10752K, 14% used [0x00000000f2b00000,0x00000000f2c8c148,0x00000000f3580000)
  to   space 10752K, 0% used [0x00000000f3580000,0x00000000f3580000,0x00000000f4000000)
 ParOldGen       total 175104K, used 106134K [0x00000000c0000000, 0x00000000cab00000, 0x00000000eab00000)
  object space 175104K, 60% used [0x00000000c0000000,0x00000000c67a5828,0x00000000cab00000)
 Metaspace       used 17578K, capacity 18986K, committed 19200K, reserved 1067008K
  class space    used 2182K, capacity 2487K, committed 2560K, reserved 1048576K
}
Event: 5.146 GC heap before
{Heap before GC invocations=24 (full 0):
 PSYoungGen      total 141824K, used 132656K [0x00000000eab00000, 0x00000000f4000000, 0x0000000100000000)
  eden space 131072K, 100% used [0x00000000eab00000,0x00000000f2b00000,0x00000000f2b00000)
  from space 10752K, 14% used [0x00000000f2b00000,0x00000000f2c8c148,0x00000000f3580000)
  to   space 10752K, 0% used [0x00000000f3580000,0x00000000f3580000,0x00000000f4000000)
 ParOldGen       total 175104K, used 106134K [0x00000000c0000000, 0x00000000cab00000, 0x00000000eab00000)
  object space 175104K, 60% used [0x00000000c0000000,0x00000000c67a5828,0x00000000cab00000)
 Metaspace       used 17586K, capacity 18986K, committed 19200K, reserved 1067008K
  class space    used 2183K, capacity 2487K, committed 2560K, reserved 1048576K
Event: 5.152 GC heap after
Heap after GC invocations=24 (full 0):
 PSYoungGen      total 141824K, used 2096K [0x00000000eab00000, 0x00000000f4000000, 0x0000000100000000)
  eden space 131072K, 0% used [0x00000000eab00000,0x00000000eab00000,0x00000000f2b00000)
  from space 10752K, 19% used [0x00000000f3580000,0x00000000f378c010,0x00000000f4000000)
  to   space 10752K, 0% used [0x00000000f2b00000,0x00000000f2b00000,0x00000000f3580000)
 ParOldGen       total 175104K, used 107382K [0x00000000c0000000, 0x00000000cab00000, 0x00000000eab00000)
  object space 175104K, 61% used [0x00000000c0000000,0x00000000c68dd828,0x00000000cab00000)
 Metaspace       used 17586K, capacity 18986K, committed 19200K, reserved 1067008K
  class space    used 2183K, capacity 2487K, committed 2560K, reserved 1048576K
}
Event: 5.287 GC heap before
{Heap before GC invocations=25 (full 0):
 PSYoungGen      total 141824K, used 133168K [0x00000000eab00000, 0x00000000f4000000, 0x0000000100000000)
  eden space 131072K, 100% used [0x00000000eab00000,0x00000000f2b00000,0x00000000f2b00000)
  from space 10752K, 19% used [0x00000000f3580000,0x00000000f378c010,0x00000000f4000000)
  to   space 10752K, 0% used [0x00000000f2b00000,0x00000000f2b00000,0x00000000f3580000)
 ParOldGen       total 175104K, used 107382K [0x00000000c0000000, 0x00000000cab00000, 0x00000000eab00000)
  object space 175104K, 61% used [0x00000000c0000000,0x00000000c68dd828,0x00000000cab00000)
 Metaspace       used 17587K, capacity 18986K, committed 19200K, reserved 1067008K
  class space    used 2183K, capacity 2487K, committed 2560K, reserved 1048576K
Event: 5.291 GC heap after
Heap after GC invocations=25 (full 0):
 PSYoungGen      total 141824K, used 1632K [0x00000000eab00000, 0x00000000f8080000, 0x0000000100000000)
  eden space 131072K, 0% used [0x00000000eab00000,0x00000000eab00000,0x00000000f2b00000)
  from space 10752K, 15% used [0x00000000f2b00000,0x00000000f2c98000,0x00000000f3580000)
  to   space 24064K, 0% used [0x00000000f6900000,0x00000000f6900000,0x00000000f8080000)
 ParOldGen       total 175104K, used 109022K [0x00000000c0000000, 0x00000000cab00000, 0x00000000eab00000)
  object space 175104K, 62% used [0x00000000c0000000,0x00000000c6a77838,0x00000000cab00000)
 Metaspace       used 17587K, capacity 18986K, committed 19200K, reserved 1067008K
  class space    used 2183K, capacity 2487K, committed 2560K, reserved 1048576K
}

Deoptimization events (10 events):
Event: 2.674 Thread 0x00000000184cd000 Uncommon trap: reason=unstable_if action=reinterpret pc=0x00000000039be940 method=com.android.tools.r8.t.a.a.a.f.X$e.contains(Ljava/lang/Object;)Z @ 176
Event: 3.241 Thread 0x00000000184f7000 Uncommon trap: reason=unloaded action=reinterpret pc=0x0000000003166400 method=com.android.tools.r8.z.a.a.f.b(I[C)Ljava/lang/Object; @ 335
Event: 3.242 Thread 0x00000000184f7000 Uncommon trap: reason=null_assert action=make_not_entrant pc=0x0000000003601988 method=com.android.tools.r8.z.a.a.f.a(Lcom/android/tools/r8/z/a/a/u;Lcom/android/tools/r8/z/a/a/k;I)V @ 4621
Event: 3.281 Thread 0x00000000184f7000 Uncommon trap: reason=class_check action=maybe_recompile pc=0x0000000003316288 method=java.util.Collections$SetFromMap.add(Ljava/lang/Object;)Z @ 8
Event: 3.288 Thread 0x0000000018517800 Uncommon trap: reason=unstable_if action=reinterpret pc=0x00000000034fc5e4 method=java.util.HashMap.resize()[Ljava/util/HashMap$Node; @ 206
Event: 3.694 Thread 0x0000000018c43800 Uncommon trap: reason=unstable_if action=reinterpret pc=0x0000000003a2c1b8 method=com.android.tools.r8.ir.conversion.o.c(I)Lcom/android/tools/r8/graph/s; @ 6
Event: 3.720 Thread 0x0000000018c43800 Uncommon trap: reason=unstable_if action=reinterpret pc=0x0000000003541e40 method=com.android.tools.r8.s.b.W0.equals(Ljava/lang/Object;)Z @ 60
Event: 3.885 Thread 0x00000000184cd000 Uncommon trap: reason=unstable_if action=reinterpret pc=0x00000000032795a4 method=jdk.internal.org.objectweb.asm.Item.isEqualTo(Ljdk/internal/org/objectweb/asm/Item;)Z @ 331
Event: 4.624 Thread 0x00000000184cd000 Uncommon trap: reason=class_check action=maybe_recompile pc=0x0000000003316288 method=java.util.Collections$SetFromMap.add(Ljava/lang/Object;)Z @ 8
Event: 4.627 Thread 0x00000000184cd000 Uncommon trap: reason=class_check action=maybe_recompile pc=0x0000000003316288 method=java.util.Collections$SetFromMap.add(Ljava/lang/Object;)Z @ 8

Classes redefined (0 events):
No events

Internal exceptions (10 events):
Event: 1.175 Thread 0x0000000018517800 Exception <a 'java/lang/NoSuchMethodError': java.lang.Object.b(Lcom/android/tools/r8/graph/p1$b;)Lcom/android/tools/r8/graph/p1$b;> (0x00000000ef695040) thrown at [D:\j\worksp~1\openjd~3\jdk8u\hotspot\src\share\vm\interpreter\linkResolver.cpp, line 620]
Event: 1.197 Thread 0x00000000184cd000 Exception <a 'java/lang/NoSuchMethodError': java.lang.Object.lambda$comparingInt$7b0bb60$1(Ljava/util/function/ToIntFunction;Ljava/lang/Object;Ljava/lang/Object;)I> (0x00000000ef931778) thrown at [D:\j\worksp~1\openjd~3\jdk8u\hotspot\src\share\vm\interpre
Event: 1.197 Thread 0x00000000184f7000 Exception <a 'java/lang/NoSuchMethodError': java.lang.Object.lambda$comparingInt$7b0bb60$1(Ljava/util/function/ToIntFunction;Ljava/lang/Object;Ljava/lang/Object;)I> (0x00000000ef9b9b18) thrown at [D:\j\worksp~1\openjd~3\jdk8u\hotspot\src\share\vm\interpre
Event: 1.197 Thread 0x0000000018517800 Exception <a 'java/lang/NoSuchMethodError': java.lang.Object.lambda$comparingInt$7b0bb60$1(Ljava/util/function/ToIntFunction;Ljava/lang/Object;Ljava/lang/Object;)I> (0x00000000ef8b3c58) thrown at [D:\j\worksp~1\openjd~3\jdk8u\hotspot\src\share\vm\interpre
Event: 1.197 Thread 0x0000000018c43800 Exception <a 'java/lang/NoSuchMethodError': java.lang.Object.lambda$comparingInt$7b0bb60$1(Ljava/util/function/ToIntFunction;Ljava/lang/Object;Ljava/lang/Object;)I> (0x00000000efa5a918) thrown at [D:\j\worksp~1\openjd~3\jdk8u\hotspot\src\share\vm\interpre
Event: 1.198 Thread 0x0000000018c43800 Exception <a 'java/lang/NoSuchMethodError': java.lang.Object.lambda$maxBy$1(Ljava/util/Comparator;Ljava/lang/Object;Ljava/lang/Object;)Ljava/lang/Object;> (0x00000000efa65fe8) thrown at [D:\j\worksp~1\openjd~3\jdk8u\hotspot\src\share\vm\interpreter\linkRe
Event: 1.198 Thread 0x0000000018517800 Exception <a 'java/lang/NoSuchMethodError': java.lang.Object.lambda$maxBy$1(Ljava/util/Comparator;Ljava/lang/Object;Ljava/lang/Object;)Ljava/lang/Object;> (0x00000000ef8bf650) thrown at [D:\j\worksp~1\openjd~3\jdk8u\hotspot\src\share\vm\interpreter\linkRe
Event: 1.198 Thread 0x00000000184f7000 Exception <a 'java/lang/NoSuchMethodError': java.lang.Object.lambda$maxBy$1(Ljava/util/Comparator;Ljava/lang/Object;Ljava/lang/Object;)Ljava/lang/Object;> (0x00000000ef9c5590) thrown at [D:\j\worksp~1\openjd~3\jdk8u\hotspot\src\share\vm\interpreter\linkRe
Event: 1.198 Thread 0x00000000184cd000 Exception <a 'java/lang/NoSuchMethodError': java.lang.Object.lambda$maxBy$1(Ljava/util/Comparator;Ljava/lang/Object;Ljava/lang/Object;)Ljava/lang/Object;> (0x00000000ef93d920) thrown at [D:\j\worksp~1\openjd~3\jdk8u\hotspot\src\share\vm\interpreter\linkRe
Event: 2.496 Thread 0x0000000018c43800 Implicit null exception at 0x0000000003a45504 to 0x0000000003a49ce9

Events (10 events):
Event: 5.376 Thread 0x00000000184cd000 DEOPT UNPACKING pc=0x0000000002c375d0 sp=0x0000000019ccd900 mode 0
Event: 5.385 Thread 0x0000000018c43800 DEOPT PACKING pc=0x000000000384c7ad sp=0x0000000019fce350
Event: 5.385 Thread 0x0000000018c43800 DEOPT UNPACKING pc=0x0000000002c375d0 sp=0x0000000019fce4b0 mode 0
Event: 5.398 Thread 0x0000000017539000 flushing nmethod 0x00000000033b81d0
Event: 5.398 Thread 0x0000000017539000 flushing nmethod 0x00000000033c0cd0
Event: 5.398 Thread 0x0000000017539000 flushing nmethod 0x00000000033c3b50
Event: 5.398 Thread 0x0000000017539000 flushing nmethod 0x00000000033c8810
Event: 5.398 Thread 0x0000000017539000 flushing nmethod 0x00000000033ceb10
Event: 5.398 Thread 0x0000000017539000 flushing nmethod 0x00000000033e4490
Event: 5.398 Thread 0x0000000017539000 flushing nmethod 0x000000000340e0d0


Dynamic libraries:
0x00007ff63dbd0000 - 0x00007ff63dc05000 	C:\Program Files\Android\Jdk\microsoft_dist_openjdk_1.8.0.25\bin\java.exe
0x00007ffdc0870000 - 0x00007ffdc0a65000 	C:\WINDOWS\SYSTEM32\ntdll.dll
0x00007ffdbfb60000 - 0x00007ffdbfc1e000 	C:\WINDOWS\System32\KERNEL32.DLL
0x00007ffdbe200000 - 0x00007ffdbe4c9000 	C:\WINDOWS\System32\KERNELBASE.dll
0x00007ffdbe970000 - 0x00007ffdbea1c000 	C:\WINDOWS\System32\ADVAPI32.dll
0x00007ffdbe8d0000 - 0x00007ffdbe96e000 	C:\WINDOWS\System32\msvcrt.dll
0x00007ffdbeb60000 - 0x00007ffdbebfb000 	C:\WINDOWS\System32\sechost.dll
0x00007ffdbf000000 - 0x00007ffdbf12a000 	C:\WINDOWS\System32\RPCRT4.dll
0x00007ffdbf510000 - 0x00007ffdbf6b1000 	C:\WINDOWS\System32\USER32.dll
0x00007ffdbe790000 - 0x00007ffdbe7b2000 	C:\WINDOWS\System32\win32u.dll
0x00007ffdbeb30000 - 0x00007ffdbeb5b000 	C:\WINDOWS\System32\GDI32.dll
0x00007ffdbe680000 - 0x00007ffdbe78b000 	C:\WINDOWS\System32\gdi32full.dll
0x00007ffdbe5b0000 - 0x00007ffdbe64d000 	C:\WINDOWS\System32\msvcp_win.dll
0x00007ffdbe7c0000 - 0x00007ffdbe8c0000 	C:\WINDOWS\System32\ucrtbase.dll
0x00007ffda03e0000 - 0x00007ffda067a000 	C:\WINDOWS\WinSxS\amd64_microsoft.windows.common-controls_6595b64144ccf1df_6.0.19041.1110_none_60b5254171f9507e\COMCTL32.dll
0x00007ffdc0360000 - 0x00007ffdc0390000 	C:\WINDOWS\System32\IMM32.DLL
0x0000000054060000 - 0x0000000054131000 	C:\Program Files\Android\Jdk\microsoft_dist_openjdk_1.8.0.25\jre\bin\msvcr100.dll
0x0000000053810000 - 0x0000000054055000 	C:\Program Files\Android\Jdk\microsoft_dist_openjdk_1.8.0.25\jre\bin\server\jvm.dll
0x00007ffdbe8c0000 - 0x00007ffdbe8c8000 	C:\WINDOWS\System32\PSAPI.DLL
0x00007ffdabbf0000 - 0x00007ffdabbf9000 	C:\WINDOWS\SYSTEM32\WSOCK32.dll
0x00007ffda0e80000 - 0x00007ffda0ea7000 	C:\WINDOWS\SYSTEM32\WINMM.dll
0x00007ffdbf130000 - 0x00007ffdbf19b000 	C:\WINDOWS\System32\WS2_32.dll
0x00007ffdb6b40000 - 0x00007ffdb6b4a000 	C:\WINDOWS\SYSTEM32\VERSION.dll
0x00007ffdb5cb0000 - 0x00007ffdb5cbf000 	C:\Program Files\Android\Jdk\microsoft_dist_openjdk_1.8.0.25\jre\bin\verify.dll
0x00007ffdad0f0000 - 0x00007ffdad119000 	C:\Program Files\Android\Jdk\microsoft_dist_openjdk_1.8.0.25\jre\bin\java.dll
0x00007ffdb5c80000 - 0x00007ffdb5c96000 	C:\Program Files\Android\Jdk\microsoft_dist_openjdk_1.8.0.25\jre\bin\zip.dll
0x00007ffdbfc20000 - 0x00007ffdc035f000 	C:\WINDOWS\System32\SHELL32.dll
0x00007ffdbbf80000 - 0x00007ffdbc710000 	C:\WINDOWS\SYSTEM32\windows.storage.dll
0x00007ffdbf800000 - 0x00007ffdbfb55000 	C:\WINDOWS\System32\combase.dll
0x00007ffdbd910000 - 0x00007ffdbd93c000 	C:\WINDOWS\SYSTEM32\Wldp.dll
0x00007ffdbea20000 - 0x00007ffdbeace000 	C:\WINDOWS\System32\SHCORE.dll
0x00007ffdbefa0000 - 0x00007ffdbeff5000 	C:\WINDOWS\System32\shlwapi.dll
0x00007ffdbded0000 - 0x00007ffdbdeef000 	C:\WINDOWS\SYSTEM32\profapi.dll
0x00007ffd9d500000 - 0x00007ffd9d51a000 	C:\Program Files\Android\jdk\microsoft_dist_openjdk_1.8.0.25\jre\bin\net.dll
0x00007ffdbd670000 - 0x00007ffdbd6da000 	C:\WINDOWS\system32\mswsock.dll
0x00007ffd9d4e0000 - 0x00007ffd9d4f1000 	C:\Program Files\Android\jdk\microsoft_dist_openjdk_1.8.0.25\jre\bin\nio.dll

VM Arguments:
jvm_args: -Xmx1G 
java_command: com.android.tools.r8.D8 --debug --min-api 21 --output obj\Debug\110\android\bin\ --lib D:\Android\android-sdk-xamarin\android-sdk\platforms\android-30\android.jar obj\Debug\110\android\bin\classes.zip C:\Program Files (x86)\Microsoft Visual Studio\2019\Professional\Common7\IDE\ReferenceAssemblies\Microsoft\Framework\MonoAndroid\v11.0\mono.android.jar C:\Program Files (x86)\Microsoft Visual Studio\2019\Professional\MSBuild\Xamarin\Android\java_runtime_fastdev.jar C:\Program Files (x86)\Microsoft\Xamarin\NuGet\xamarin.androidx.annotation\1.1.0.8\buildTransitive\monoandroid90\..\..\jar\androidx.annotation.annotation.jar C:\Users\Administrator\.nuget\packages\xamarin.androidx.collection\1.1.0.6\buildTransitive\monoandroid90\..\..\jar\androidx.collection.collection.jar C:\Users\Administrator\.nuget\packages\xamarin.androidx.lifecycle.common\2.2.0.4\buildTransitive\monoandroid90\..\..\jar\androidx.lifecycle.lifecycle-common.jar C:\Users\Administrator\.nuget\packages\xamarin.androidx.arch.core.common\2.1.0.7\buildTransitive\monoandroid90\..\..\jar\androidx.arch.core.core-common.jar obj\Debug\110\androidx\jl\1558b261-6aa1-4a14-be59-992c43bf8a2a.jar obj\Debug\110\lp\1\jl\formsviewgroup.jar obj\Debug\110\lp\100\jl\classes.jar obj\Debug\110\lp\101\jl\classes.jar obj\Debug\110\lp\102\jl\classes.jar obj\Debug\110\lp\103\jl\classes.jar obj\Debug\110\lp\105\jl\classes.jar obj\Debug\110\lp\106\jl\classes.jar obj\Debug\110\lp\67\jl\classes.jar obj\Debug\110\lp\68\jl\classes.jar obj\Debug\110\lp\69\jl\classes.jar obj\Debug\110\lp\70\jl\classes.jar obj\Debug\110\lp\71\jl\classes.jar obj\Debug\110\lp\72\jl\classes.jar obj\Debug\110\lp\73\jl\classes.jar obj\Debug\110\lp\74\jl\classes.jar obj\Debug\110\lp\75\jl\classes.jar obj\Debug\110\lp\76\jl\classes.jar obj\Debug\110\lp\77\jl\classes.jar obj\Debug\110\lp\78\jl\classes.jar obj\Debug\110\lp\79\jl\classes.jar obj\Debug\110\lp\80\jl\classes.jar obj\Debug\110\lp\81\jl\classes.jar obj\Debug\110\lp\82\jl\classes.jar obj\Debu
java_class_path (initial): C:\Program Files (x86)\Microsoft Visual Studio\2019\Professional\MSBuild\Xamarin\Android\r8.jar
Launcher Type: SUN_STANDARD

Environment Variables:
PATH=C:\Program Files\Android\Jdk\microsoft_dist_openjdk_1.8.0.25\bin;C:\Program Files\Microsoft MPI\Bin\;C:\Oracle\11.2.0\client_1;C:\Program Files (x86)\Eziriz\.NET Reactor;C:\ProgramData\Oracle\Java\javapath;D:\app\Hung\product\11.2.0\client_2\bin;D:\app\Hung\product\11.2.0\client_1;C:\Program Files (x86)\Common Files\Oracle\Java\javapath;C:\WINDOWS\system32;C:\WINDOWS;C:\WINDOWS\System32\Wbem;C:\WINDOWS\System32\WindowsPowerShell\v1.0\;C:\WINDOWS\System32\OpenSSH\;C:\Program Files (x86)\Microsoft SQL Server\140\Tools\Binn\;C:\Program Files\Microsoft SQL Server\140\Tools\Binn\;C:\Program Files (x86)\Microsoft SQL Server\140\DTS\Binn\;C:\Program Files\Microsoft SQL Server\140\DTS\Binn\;C:\Program Files\Microsoft SQL Server\Client SDK\ODBC\130\Tools\Binn\;C:\Program Files\Git\cmd;C:\Program Files\dotnet\;C:\Program Files\Microsoft SQL Server\130\Tools\Binn\;C:\Program Files (x86)\Microsoft SQL Server\Client SDK\ODBC\130\Tools\Binn\;C:\Program Files (x86)\Microsoft SQL Server\140\Tools\Binn\ManagementStudio\;C:\Program Files (x86)\Microsoft SQL Server\90\Tools\binn\;C:\Program Files (x86)\dotnet\;C:\Users\Administrator\AppData\Local\Microsoft\WindowsApps;C:\Users\Administrator\.dotnet\tools;C:\Users\Administrator\AppData\Local\GitHubDesktop\bin
USERNAME=Administrator
OS=Windows_NT
PROCESSOR_IDENTIFIER=Intel64 Family 6 Model 94 Stepping 3, GenuineIntel



---------------  S Y S T E M  ---------------

OS: Windows 10.0 , 64 bit Build 19041 (10.0.19041.1202)

CPU:total 8 (initial active 8) (4 cores per cpu, 2 threads per core) family 6 model 94 stepping 3, cmov, cx8, fxsr, mmx, sse, sse2, sse3, ssse3, sse4.1, sse4.2, popcnt, avx, avx2, aes, clmul, erms, rtm, 3dnowpref, lzcnt, ht, tsc, tscinvbit, bmi1, bmi2, adx

Memory: 4k page, physical 16654136k(2799604k free), swap 16654136k(6652k free)

vm_info: OpenJDK 64-Bit Server VM (25.71-b00) for windows-amd64 JRE (1.8.0-25-microsoft-b00), built on Feb  7 2019 20:09:14 by "builder" with MS VC++ 10.0 (VS2010)

time: Wed Sep 29 14:40:41 2021
timezone: SE Asia Standard Time
elapsed time: 5 seconds (0d 0h 0m 5s)

