#
# There is insufficient memory for the Java Runtime Environment to continue.
# Native memory allocation (malloc) failed to allocate 449696 bytes for Chunk::new
# Possible reasons:
#   The system is out of physical RAM or swap space
#   The process is running with CompressedOops enabled, and the Java Heap may be blocking the growth of the native heap
# Possible solutions:
#   Reduce memory load on the system
#   Increase physical memory or swap space
#   Check if swap backing store is full
#   Decrease Java heap size (-Xmx/-Xms)
#   Decrease number of Java threads
#   Decrease Java thread stack sizes (-Xss)
#   Set larger code cache with -XX:ReservedCodeCacheSize=
#   JVM is running with Unscaled Compressed Oops mode in which the Java heap is
#     placed in the first 4GB address space. The Java Heap base address is the
#     maximum limit for the native heap growth. Please use -XX:HeapBaseMinAddress
#     to set the Java Heap base and to place the Java Heap above 4GB virtual address.
# This output file may be truncated or incomplete.
#
#  Out of Memory Error (allocation.cpp:389), pid=9060, tid=0x0000000000004f78
#
# JRE version: OpenJDK Runtime Environment (8.0) (build 1.8.0-25-microsoft-b00)
# Java VM: OpenJDK 64-Bit Server VM (25.71-b00 mixed mode windows-amd64 compressed oops)
# Failed to write core dump. Minidumps are not enabled by default on client versions of Windows
#

---------------  T H R E A D  ---------------

Current thread (0x0000000017830000):  JavaThread "C2 CompilerThread1" daemon [_thread_in_native, id=20344, stack(0x0000000018200000,0x0000000018300000)]

Stack: [0x0000000018200000,0x0000000018300000]
[error occurred during error reporting (printing stack bounds), id 0xc0000005]

Native frames: (J=compiled Java code, j=interpreted, Vv=VM code, C=native code)


Current CompileTask:
C2:    961 1560 %     4       com.android.tools.r8.z.a.a.f::a @ 2576 (6058 bytes)


---------------  P R O C E S S  ---------------

Java Threads: ( => current thread )
  0x0000000019194800 JavaThread "ForkJoinPool-1-worker-0" daemon [_thread_blocked, id=12860, stack(0x000000001a1d0000,0x000000001a2d0000)]
  0x00000000188a5000 JavaThread "ForkJoinPool-1-worker-3" daemon [_thread_blocked, id=19992, stack(0x000000001a0d0000,0x000000001a1d0000)]
  0x00000000188a4000 JavaThread "ForkJoinPool-1-worker-2" daemon [_thread_blocked, id=6760, stack(0x0000000019fd0000,0x000000001a0d0000)]
  0x00000000188a3800 JavaThread "ForkJoinPool-1-worker-1" daemon [_thread_blocked, id=14120, stack(0x0000000019ed0000,0x0000000019fd0000)]
  0x00000000178cf800 JavaThread "Service Thread" daemon [_thread_blocked, id=20744, stack(0x0000000018500000,0x0000000018600000)]
  0x0000000017838800 JavaThread "C1 CompilerThread3" daemon [_thread_blocked, id=21556, stack(0x0000000018400000,0x0000000018500000)]
  0x0000000017832000 JavaThread "C2 CompilerThread2" daemon [_thread_in_native, id=8952, stack(0x0000000018300000,0x0000000018400000)]
=>0x0000000017830000 JavaThread "C2 CompilerThread1" daemon [_thread_in_native, id=20344, stack(0x0000000018200000,0x0000000018300000)]
  0x000000001782e000 JavaThread "C2 CompilerThread0" daemon [_thread_in_native, id=19504, stack(0x0000000018100000,0x0000000018200000)]
  0x0000000017829000 JavaThread "Attach Listener" daemon [_thread_blocked, id=11792, stack(0x0000000018000000,0x0000000018100000)]
  0x0000000017828800 JavaThread "Signal Dispatcher" daemon [_thread_blocked, id=13452, stack(0x0000000017f00000,0x0000000018000000)]
  0x0000000017820800 JavaThread "Finalizer" daemon [_thread_blocked, id=22140, stack(0x0000000017d00000,0x0000000017e00000)]
  0x0000000015a1b800 JavaThread "Reference Handler" daemon [_thread_blocked, id=17280, stack(0x0000000017c00000,0x0000000017d00000)]
  0x0000000002d03800 JavaThread "main" [_thread_in_Java, id=19044, stack(0x0000000002bd0000,0x0000000002cd0000)]

Other Threads:
  0x0000000015a18000 VMThread [stack: 0x0000000017700000,0x0000000017800000] [id=18636]
  0x00000000178d0800 WatcherThread [stack: 0x0000000018600000,0x0000000018700000] [id=23036]

VM state:not at safepoint (normal execution)

VM Mutex/Monitor currently owned by a thread: None

heap address: 0x00000000c0000000, size: 1024 MB, Compressed Oops mode: 32-bit
Narrow klass base: 0x0000000000000000, Narrow klass shift: 3
Compressed class space size: 1073741824 Address: 0x0000000100000000

Heap:
 PSYoungGen      total 141824K, used 79676K [0x00000000eab00000, 0x00000000fc000000, 0x0000000100000000)
  eden space 131072K, 52% used [0x00000000eab00000,0x00000000eee530d8,0x00000000f2b00000)
  from space 10752K, 99% used [0x00000000f2b00000,0x00000000f357c0a0,0x00000000f3580000)
  to   space 10752K, 0% used [0x00000000fb580000,0x00000000fb580000,0x00000000fc000000)
 ParOldGen       total 175104K, used 52578K [0x00000000c0000000, 0x00000000cab00000, 0x00000000eab00000)
  object space 175104K, 30% used [0x00000000c0000000,0x00000000c3358a48,0x00000000cab00000)
 Metaspace       used 11608K, capacity 12258K, committed 12416K, reserved 1060864K
  class space    used 1411K, capacity 1605K, committed 1664K, reserved 1048576K

Card table byte_map: [0x00000000122c0000,0x00000000124d0000] byte_map_base: 0x0000000011cc0000

Marking Bits: (ParMarkBitMap*) 0x0000000064378f30
 Begin Bits: [0x0000000012e30000, 0x0000000013e30000)
 End Bits:   [0x0000000013e30000, 0x0000000014e30000)

Polling page: 0x00000000013b0000

CodeCache: size=245760Kb used=6218Kb max_used=6236Kb free=239541Kb
 bounds [0x0000000002f00000, 0x0000000003520000, 0x0000000011f00000]
 total_blobs=2134 nmethods=1793 adapters=254
 compilation: enabled

Compilation events (10 events):
Event: 0.959 Thread 0x0000000017838800 1819       3       com.android.tools.r8.graph.W0$$Lambda$213/696591495::get$Lambda (9 bytes)
Event: 0.959 Thread 0x0000000017838800 nmethod 1819 0x0000000003510bd0 code [0x0000000003510d40, 0x0000000003510f90]
Event: 0.959 Thread 0x0000000017838800 1820       3       com.android.tools.r8.graph.W0$$Lambda$213/696591495::<init> (10 bytes)
Event: 0.959 Thread 0x0000000017838800 nmethod 1820 0x0000000003511090 code [0x00000000035111e0, 0x00000000035113b0]
Event: 0.959 Thread 0x0000000017838800 1821       3       com.android.tools.r8.graph.W0$$Lambda$214/1998434604::get$Lambda (9 bytes)
Event: 0.959 Thread 0x0000000017838800 nmethod 1821 0x0000000003511450 code [0x00000000035115c0, 0x0000000003511810]
Event: 0.959 Thread 0x0000000017838800 1818       3       com.android.tools.r8.graph.W0::d (103 bytes)
Event: 0.959 Thread 0x0000000017838800 nmethod 1818 0x0000000003511910 code [0x0000000003511b00, 0x0000000003512398]
Event: 0.959 Thread 0x0000000017838800 1822       3       com.android.tools.r8.graph.W0$$Lambda$214/1998434604::<init> (10 bytes)
Event: 0.959 Thread 0x0000000017838800 nmethod 1822 0x0000000003512910 code [0x0000000003512a60, 0x0000000003512c30]

GC Heap History (6 events):
Event: 0.379 GC heap before
{Heap before GC invocations=1 (full 0):
 PSYoungGen      total 76288K, used 65536K [0x00000000eab00000, 0x00000000f0000000, 0x0000000100000000)
  eden space 65536K, 100% used [0x00000000eab00000,0x00000000eeb00000,0x00000000eeb00000)
  from space 10752K, 0% used [0x00000000ef580000,0x00000000ef580000,0x00000000f0000000)
  to   space 10752K, 0% used [0x00000000eeb00000,0x00000000eeb00000,0x00000000ef580000)
 ParOldGen       total 175104K, used 0K [0x00000000c0000000, 0x00000000cab00000, 0x00000000eab00000)
  object space 175104K, 0% used [0x00000000c0000000,0x00000000c0000000,0x00000000cab00000)
 Metaspace       used 8134K, capacity 8346K, committed 8576K, reserved 1056768K
  class space    used 932K, capacity 1033K, committed 1152K, reserved 1048576K
Event: 0.386 GC heap after
Heap after GC invocations=1 (full 0):
 PSYoungGen      total 76288K, used 10723K [0x00000000eab00000, 0x00000000f4000000, 0x0000000100000000)
  eden space 65536K, 0% used [0x00000000eab00000,0x00000000eab00000,0x00000000eeb00000)
  from space 10752K, 99% used [0x00000000eeb00000,0x00000000ef578cb8,0x00000000ef580000)
  to   space 10752K, 0% used [0x00000000f3580000,0x00000000f3580000,0x00000000f4000000)
 ParOldGen       total 175104K, used 6017K [0x00000000c0000000, 0x00000000cab00000, 0x00000000eab00000)
  object space 175104K, 3% used [0x00000000c0000000,0x00000000c05e0678,0x00000000cab00000)
 Metaspace       used 8134K, capacity 8346K, committed 8576K, reserved 1056768K
  class space    used 932K, capacity 1033K, committed 1152K, reserved 1048576K
}
Event: 0.552 GC heap before
{Heap before GC invocations=2 (full 0):
 PSYoungGen      total 76288K, used 76259K [0x00000000eab00000, 0x00000000f4000000, 0x0000000100000000)
  eden space 65536K, 100% used [0x00000000eab00000,0x00000000eeb00000,0x00000000eeb00000)
  from space 10752K, 99% used [0x00000000eeb00000,0x00000000ef578cb8,0x00000000ef580000)
  to   space 10752K, 0% used [0x00000000f3580000,0x00000000f3580000,0x00000000f4000000)
 ParOldGen       total 175104K, used 6017K [0x00000000c0000000, 0x00000000cab00000, 0x00000000eab00000)
  object space 175104K, 3% used [0x00000000c0000000,0x00000000c05e0678,0x00000000cab00000)
 Metaspace       used 9298K, capacity 9730K, committed 9984K, reserved 1058816K
  class space    used 1076K, capacity 1195K, committed 1280K, reserved 1048576K
Event: 0.567 GC heap after
Heap after GC invocations=2 (full 0):
 PSYoungGen      total 141824K, used 10739K [0x00000000eab00000, 0x00000000f4000000, 0x0000000100000000)
  eden space 131072K, 0% used [0x00000000eab00000,0x00000000eab00000,0x00000000f2b00000)
  from space 10752K, 99% used [0x00000000f3580000,0x00000000f3ffcd28,0x00000000f4000000)
  to   space 10752K, 0% used [0x00000000f2b00000,0x00000000f2b00000,0x00000000f3580000)
 ParOldGen       total 175104K, used 27836K [0x00000000c0000000, 0x00000000cab00000, 0x00000000eab00000)
  object space 175104K, 15% used [0x00000000c0000000,0x00000000c1b2f1d0,0x00000000cab00000)
 Metaspace       used 9298K, capacity 9730K, committed 9984K, reserved 1058816K
  class space    used 1076K, capacity 1195K, committed 1280K, reserved 1048576K
}
Event: 0.780 GC heap before
{Heap before GC invocations=3 (full 0):
 PSYoungGen      total 141824K, used 141811K [0x00000000eab00000, 0x00000000f4000000, 0x0000000100000000)
  eden space 131072K, 100% used [0x00000000eab00000,0x00000000f2b00000,0x00000000f2b00000)
  from space 10752K, 99% used [0x00000000f3580000,0x00000000f3ffcd28,0x00000000f4000000)
  to   space 10752K, 0% used [0x00000000f2b00000,0x00000000f2b00000,0x00000000f3580000)
 ParOldGen       total 175104K, used 27836K [0x00000000c0000000, 0x00000000cab00000, 0x00000000eab00000)
  object space 175104K, 15% used [0x00000000c0000000,0x00000000c1b2f1d0,0x00000000cab00000)
 Metaspace       used 10049K, capacity 10546K, committed 10880K, reserved 1058816K
  class space    used 1174K, capacity 1291K, committed 1408K, reserved 1048576K
Event: 0.810 GC heap after
Heap after GC invocations=3 (full 0):
 PSYoungGen      total 141824K, used 10736K [0x00000000eab00000, 0x00000000fc000000, 0x0000000100000000)
  eden space 131072K, 0% used [0x00000000eab00000,0x00000000eab00000,0x00000000f2b00000)
  from space 10752K, 99% used [0x00000000f2b00000,0x00000000f357c0a0,0x00000000f3580000)
  to   space 10752K, 0% used [0x00000000fb580000,0x00000000fb580000,0x00000000fc000000)
 ParOldGen       total 175104K, used 52578K [0x00000000c0000000, 0x00000000cab00000, 0x00000000eab00000)
  object space 175104K, 30% used [0x00000000c0000000,0x00000000c3358a48,0x00000000cab00000)
 Metaspace       used 10049K, capacity 10546K, committed 10880K, reserved 1058816K
  class space    used 1174K, capacity 1291K, committed 1408K, reserved 1048576K
}

Deoptimization events (10 events):
Event: 0.680 Thread 0x00000000188a4000 Uncommon trap: reason=unstable_if action=reinterpret pc=0x00000000033795c8 method=com.android.tools.r8.z.a.a.f.<init>([BIZ)V @ 362
Event: 0.680 Thread 0x00000000188a3800 Uncommon trap: reason=unstable_if action=reinterpret pc=0x00000000033448c8 method=com.android.tools.r8.z.a.a.f.<init>([BIZ)V @ 362
Event: 0.681 Thread 0x00000000188a3800 Uncommon trap: reason=unstable_if action=reinterpret pc=0x00000000033aa4c8 method=java.util.concurrent.ConcurrentHashMap.computeIfAbsent(Ljava/lang/Object;Ljava/util/function/Function;)Ljava/lang/Object; @ 281
Event: 0.713 Thread 0x00000000188a5000 Uncommon trap: reason=unstable_if action=reinterpret pc=0x000000000334f47c method=com.android.tools.r8.graph.i0.a(C)I @ 7
Event: 0.866 Thread 0x0000000002d03800 Uncommon trap: reason=class_check action=maybe_recompile pc=0x000000000349c828 method=java.util.concurrent.ConcurrentHashMap.computeIfAbsent(Ljava/lang/Object;Ljava/util/function/Function;)Ljava/lang/Object; @ 17
Event: 0.867 Thread 0x0000000002d03800 Uncommon trap: reason=unstable_if action=reinterpret pc=0x00000000033cade0 method=com.android.tools.r8.graph.I0$d.c()V @ 41
Event: 0.868 Thread 0x0000000002d03800 Uncommon trap: reason=class_check action=maybe_recompile pc=0x000000000349c828 method=java.util.concurrent.ConcurrentHashMap.computeIfAbsent(Ljava/lang/Object;Ljava/util/function/Function;)Ljava/lang/Object; @ 17
Event: 0.868 Thread 0x0000000002d03800 Uncommon trap: reason=class_check action=maybe_recompile pc=0x000000000349c828 method=java.util.concurrent.ConcurrentHashMap.computeIfAbsent(Ljava/lang/Object;Ljava/util/function/Function;)Ljava/lang/Object; @ 17
Event: 0.868 Thread 0x0000000002d03800 Uncommon trap: reason=class_check action=maybe_recompile pc=0x000000000349c828 method=java.util.concurrent.ConcurrentHashMap.computeIfAbsent(Ljava/lang/Object;Ljava/util/function/Function;)Ljava/lang/Object; @ 17
Event: 0.884 Thread 0x0000000002d03800 Uncommon trap: reason=unstable_if action=reinterpret pc=0x0000000003435a64 method=java.util.IdentityHashMap.put(Ljava/lang/Object;Ljava/lang/Object;)Ljava/lang/Object; @ 38

Classes redefined (0 events):
No events

Internal exceptions (10 events):
Event: 0.310 Thread 0x0000000002d03800 Exception <a 'java/security/PrivilegedActionException'> (0x00000000ec9afa38) thrown at [D:\j\worksp~1\openjd~3\jdk8u\hotspot\src\share\vm\prims\jvm.cpp, line 1508]
Event: 0.310 Thread 0x0000000002d03800 Exception <a 'java/security/PrivilegedActionException'> (0x00000000ec9b3ce8) thrown at [D:\j\worksp~1\openjd~3\jdk8u\hotspot\src\share\vm\prims\jvm.cpp, line 1508]
Event: 0.310 Thread 0x0000000002d03800 Exception <a 'java/security/PrivilegedActionException'> (0x00000000ec9b3ef8) thrown at [D:\j\worksp~1\openjd~3\jdk8u\hotspot\src\share\vm\prims\jvm.cpp, line 1508]
Event: 0.311 Thread 0x0000000002d03800 Exception <a 'java/security/PrivilegedActionException'> (0x00000000ec9b5638) thrown at [D:\j\worksp~1\openjd~3\jdk8u\hotspot\src\share\vm\prims\jvm.cpp, line 1508]
Event: 0.311 Thread 0x0000000002d03800 Exception <a 'java/security/PrivilegedActionException'> (0x00000000ec9b5848) thrown at [D:\j\worksp~1\openjd~3\jdk8u\hotspot\src\share\vm\prims\jvm.cpp, line 1508]
Event: 0.323 Thread 0x0000000002d03800 Implicit null exception at 0x000000000316977c to 0x000000000316a131
Event: 0.334 Thread 0x0000000002d03800 Implicit null exception at 0x000000000316e13c to 0x000000000316eaf1
Event: 0.343 Thread 0x0000000002d03800 Implicit null exception at 0x0000000003163e25 to 0x0000000003164479
Event: 0.344 Thread 0x0000000002d03800 Implicit null exception at 0x00000000031628f8 to 0x0000000003162dbd
Event: 0.698 Thread 0x0000000002d03800 Exception <a 'java/lang/IncompatibleClassChangeError': Found class java.lang.Object, but interface was expected> (0x00000000ef2cb0a8) thrown at [D:\j\worksp~1\openjd~3\jdk8u\hotspot\src\share\vm\interpreter\linkResolver.cpp, line 653]

Events (10 events):
Event: 0.957 loading class com/android/tools/r8/graph/W
Event: 0.957 loading class com/android/tools/r8/graph/W done
Event: 0.957 loading class com/android/tools/r8/graph/W
Event: 0.958 loading class com/android/tools/r8/graph/W done
Event: 0.958 loading class com/android/tools/r8/graph/W0
Event: 0.958 loading class com/android/tools/r8/graph/W0 done
Event: 0.958 loading class com/android/tools/r8/graph/W
Event: 0.958 loading class com/android/tools/r8/graph/W done
Event: 0.958 loading class com/android/tools/r8/graph/W0
Event: 0.958 loading class com/android/tools/r8/graph/W0 done


Dynamic libraries:
0x00007ff65cb50000 - 0x00007ff65cb85000 	C:\Program Files\Android\Jdk\microsoft_dist_openjdk_1.8.0.25\bin\java.exe
0x00007fffb2a10000 - 0x00007fffb2c05000 	C:\WINDOWS\SYSTEM32\ntdll.dll
0x00007fffb21b0000 - 0x00007fffb226d000 	C:\WINDOWS\System32\KERNEL32.DLL
0x00007fffb0410000 - 0x00007fffb06d9000 	C:\WINDOWS\System32\KERNELBASE.dll
0x00007fffb1530000 - 0x00007fffb15dc000 	C:\WINDOWS\System32\ADVAPI32.dll
0x00007fffb27c0000 - 0x00007fffb285e000 	C:\WINDOWS\System32\msvcrt.dll
0x00007fffb1790000 - 0x00007fffb182b000 	C:\WINDOWS\System32\sechost.dll
0x00007fffb2690000 - 0x00007fffb27ba000 	C:\WINDOWS\System32\RPCRT4.dll
0x00007fffb15f0000 - 0x00007fffb1790000 	C:\WINDOWS\System32\USER32.dll
0x00007fffb0140000 - 0x00007fffb0162000 	C:\WINDOWS\System32\win32u.dll
0x00007fffb29a0000 - 0x00007fffb29ca000 	C:\WINDOWS\System32\GDI32.dll
0x00007fffb0300000 - 0x00007fffb040b000 	C:\WINDOWS\System32\gdi32full.dll
0x00007fffb0840000 - 0x00007fffb08dd000 	C:\WINDOWS\System32\msvcp_win.dll
0x00007fffb0170000 - 0x00007fffb0270000 	C:\WINDOWS\System32\ucrtbase.dll
0x00007fff93010000 - 0x00007fff932aa000 	C:\WINDOWS\WinSxS\amd64_microsoft.windows.common-controls_6595b64144ccf1df_6.0.19041.1110_none_60b5254171f9507e\COMCTL32.dll
0x00007fffb0c80000 - 0x00007fffb0cb0000 	C:\WINDOWS\System32\IMM32.DLL
0x0000000064400000 - 0x00000000644d1000 	C:\Program Files\Android\Jdk\microsoft_dist_openjdk_1.8.0.25\jre\bin\msvcr100.dll
0x0000000063bb0000 - 0x00000000643f5000 	C:\Program Files\Android\Jdk\microsoft_dist_openjdk_1.8.0.25\jre\bin\server\jvm.dll
0x00007fffb2990000 - 0x00007fffb2998000 	C:\WINDOWS\System32\PSAPI.DLL
0x00007fff9db30000 - 0x00007fff9db39000 	C:\WINDOWS\SYSTEM32\WSOCK32.dll
0x00007fff93e00000 - 0x00007fff93e27000 	C:\WINDOWS\SYSTEM32\WINMM.dll
0x00007fffb1ca0000 - 0x00007fffb1d0b000 	C:\WINDOWS\System32\WS2_32.dll
0x00007fffa91d0000 - 0x00007fffa91da000 	C:\WINDOWS\SYSTEM32\VERSION.dll
0x00007fffabd00000 - 0x00007fffabd0f000 	C:\Program Files\Android\Jdk\microsoft_dist_openjdk_1.8.0.25\jre\bin\verify.dll
0x00007fff9f930000 - 0x00007fff9f959000 	C:\Program Files\Android\Jdk\microsoft_dist_openjdk_1.8.0.25\jre\bin\java.dll
0x00007fffabce0000 - 0x00007fffabcf6000 	C:\Program Files\Android\Jdk\microsoft_dist_openjdk_1.8.0.25\jre\bin\zip.dll
0x00007fffb0d40000 - 0x00007fffb147f000 	C:\WINDOWS\System32\SHELL32.dll
0x00007fffae110000 - 0x00007fffae8a0000 	C:\WINDOWS\SYSTEM32\windows.storage.dll
0x00007fffb2330000 - 0x00007fffb2685000 	C:\WINDOWS\System32\combase.dll
0x00007fffafad0000 - 0x00007fffafafc000 	C:\WINDOWS\SYSTEM32\Wldp.dll
0x00007fffb1480000 - 0x00007fffb152e000 	C:\WINDOWS\System32\SHCORE.dll
0x00007fffb2270000 - 0x00007fffb22c5000 	C:\WINDOWS\System32\shlwapi.dll
0x00007fffb0080000 - 0x00007fffb009f000 	C:\WINDOWS\SYSTEM32\profapi.dll
0x00007fff9f910000 - 0x00007fff9f92a000 	C:\Program Files\Android\jdk\microsoft_dist_openjdk_1.8.0.25\jre\bin\net.dll
0x00007fffaf830000 - 0x00007fffaf89a000 	C:\WINDOWS\system32\mswsock.dll
0x00007fff9f860000 - 0x00007fff9f871000 	C:\Program Files\Android\jdk\microsoft_dist_openjdk_1.8.0.25\jre\bin\nio.dll

VM Arguments:
jvm_args: -Xmx1G 
java_command: com.android.tools.r8.D8 --debug --min-api 21 --output obj\Debug\110\android\bin\ --lib D:\Android\android-sdk-xamarin\android-sdk\platforms\android-30\android.jar obj\Debug\110\android\bin\classes.zip C:\Program Files (x86)\Microsoft Visual Studio\2019\Professional\Common7\IDE\ReferenceAssemblies\Microsoft\Framework\MonoAndroid\v11.0\mono.android.jar C:\Program Files (x86)\Microsoft Visual Studio\2019\Professional\MSBuild\Xamarin\Android\java_runtime_fastdev.jar C:\Users\Administrator\.nuget\packages\xamarin.google.guava.listenablefuture\1.0.0.2\buildTransitive\monoandroid50\guava-listenablefuture.jar C:\Program Files (x86)\Microsoft\Xamarin\NuGet\xamarin.androidx.annotation\1.1.0.8\buildTransitive\monoandroid90\..\..\jar\androidx.annotation.annotation.jar C:\Users\Administrator\.nuget\packages\xamarin.androidx.collection\1.1.0.6\buildTransitive\monoandroid90\..\..\jar\androidx.collection.collection.jar C:\Users\Administrator\.nuget\packages\xamarin.androidx.lifecycle.common\2.2.0.4\buildTransitive\monoandroid90\..\..\jar\androidx.lifecycle.lifecycle-common.jar C:\Users\Administrator\.nuget\packages\xamarin.androidx.arch.core.common\2.1.0.7\buildTransitive\monoandroid90\..\..\jar\androidx.arch.core.core-common.jar obj\Debug\110\lp\1\jl\formsviewgroup.jar obj\Debug\110\lp\60\jl\classes.jar obj\Debug\110\lp\61\jl\classes.jar obj\Debug\110\lp\62\jl\classes.jar obj\Debug\110\lp\63\jl\classes.jar obj\Debug\110\lp\64\jl\classes.jar obj\Debug\110\lp\65\jl\classes.jar obj\Debug\110\lp\66\jl\classes.jar obj\Debug\110\lp\67\jl\classes.jar obj\Debug\110\lp\68\jl\classes.jar obj\Debug\110\lp\69\jl\classes.jar obj\Debug\110\lp\70\jl\classes.jar obj\Debug\110\lp\71\jl\classes.jar obj\Debug\110\lp\72\jl\classes.jar obj\Debug\110\lp\73\jl\classes.jar obj\Debug\110\lp\74\jl\classes.jar obj\Debug\110\lp\75\jl\classes.jar obj\Debug\110\lp\76\jl\classes.jar obj\Debug\110\lp\77\jl\classes.jar obj\Debug\110\lp\78\jl\classes.jar obj\Debug\110\lp\79\jl\classes.jar obj\Debug
java_class_path (initial): C:\Program Files (x86)\Microsoft Visual Studio\2019\Professional\MSBuild\Xamarin\Android\r8.jar
Launcher Type: SUN_STANDARD

Environment Variables:
PATH=C:\Program Files\Android\Jdk\microsoft_dist_openjdk_1.8.0.25\bin;C:\Program Files\Microsoft MPI\Bin\;C:\Oracle\11.2.0\client_1;C:\Program Files (x86)\Eziriz\.NET Reactor;C:\ProgramData\Oracle\Java\javapath;D:\app\Hung\product\11.2.0\client_2\bin;D:\app\Hung\product\11.2.0\client_1;C:\Program Files (x86)\Common Files\Oracle\Java\javapath;C:\WINDOWS\system32;C:\WINDOWS;C:\WINDOWS\System32\Wbem;C:\WINDOWS\System32\WindowsPowerShell\v1.0\;C:\WINDOWS\System32\OpenSSH\;C:\Program Files (x86)\Microsoft SQL Server\140\Tools\Binn\;C:\Program Files\Microsoft SQL Server\140\Tools\Binn\;C:\Program Files (x86)\Microsoft SQL Server\140\DTS\Binn\;C:\Program Files\Microsoft SQL Server\140\DTS\Binn\;C:\Program Files\Microsoft SQL Server\Client SDK\ODBC\130\Tools\Binn\;C:\Program Files\Git\cmd;C:\Program Files\dotnet\;C:\Program Files\Microsoft SQL Server\130\Tools\Binn\;C:\Program Files (x86)\Microsoft SQL Server\Client SDK\ODBC\130\Tools\Binn\;C:\Program Files (x86)\Microsoft SQL Server\140\Tools\Binn\ManagementStudio\;C:\Program Files (x86)\Microsoft SQL Server\90\Tools\binn\;C:\Users\Administrator\AppData\Local\Microsoft\WindowsApps;C:\Users\Administrator\.dotnet\tools
USERNAME=Administrator
OS=Windows_NT
PROCESSOR_IDENTIFIER=Intel64 Family 6 Model 94 Stepping 3, GenuineIntel



---------------  S Y S T E M  ---------------

OS: Windows 10.0 , 64 bit Build 19041 (10.0.19041.1151)

CPU:total 8 (initial active 8) (4 cores per cpu, 2 threads per core) family 6 model 94 stepping 3, cmov, cx8, fxsr, mmx, sse, sse2, sse3, ssse3, sse4.1, sse4.2, popcnt, avx, avx2, aes, clmul, erms, rtm, 3dnowpref, lzcnt, ht, tsc, tscinvbit, bmi1, bmi2, adx

Memory: 4k page, physical 16654136k(2550672k free), swap 16654136k(5140k free)

vm_info: OpenJDK 64-Bit Server VM (25.71-b00) for windows-amd64 JRE (1.8.0-25-microsoft-b00), built on Feb  7 2019 20:09:14 by "builder" with MS VC++ 10.0 (VS2010)

time: Wed Aug 25 11:31:35 2021
timezone: SE Asia Standard Time
elapsed time: 0 seconds (0d 0h 0m 0s)

