#
# There is insufficient memory for the Java Runtime Environment to continue.
# Native memory allocation (malloc) failed to allocate 920416 bytes for Chunk::new
# Possible reasons:
#   The system is out of physical RAM or swap space
#   The process is running with CompressedOops enabled, and the Java Heap may be blocking the growth of the native heap
# Possible solutions:
#   Reduce memory load on the system
#   Increase physical memory or swap space
#   Check if swap backing store is full
#   Decrease Java heap size (-Xmx/-Xms)
#   Decrease number of Java threads
#   Decrease Java thread stack sizes (-Xss)
#   Set larger code cache with -XX:ReservedCodeCacheSize=
#   JVM is running with Zero Based Compressed Oops mode in which the Java heap is
#     placed in the first 32GB address space. The Java Heap base address is the
#     maximum limit for the native heap growth. Please use -XX:HeapBaseMinAddress
#     to set the Java Heap base and to place the Java Heap above 32GB virtual address.
# This output file may be truncated or incomplete.
#
#  Out of Memory Error (allocation.cpp:389), pid=29500, tid=0x0000000000000544
#
# JRE version: Java(TM) SE Runtime Environment (8.0_202-b08) (build 1.8.0_202-b08)
# Java VM: Java HotSpot(TM) 64-Bit Server VM (25.202-b08 mixed mode windows-amd64 compressed oops)
# Failed to write core dump. Minidumps are not enabled by default on client versions of Windows
#

---------------  T H R E A D  ---------------

Current thread (0x0000000027b2f800):  JavaThread "C2 CompilerThread1" daemon [_thread_in_native, id=1348, stack(0x0000000028500000,0x0000000028600000)]

Stack: [0x0000000028500000,0x0000000028600000]
[error occurred during error reporting (printing stack bounds), id 0xc0000005]

Native frames: (J=compiled Java code, j=interpreted, Vv=VM code, C=native code)


Current CompileTask:
C2:   2201 1767       4       com.android.tools.build.jetifier.core.TypeRewriter::rewriteType (141 bytes)


---------------  P R O C E S S  ---------------

Java Threads: ( => current thread )
  0x0000000028bd6800 JavaThread "pool-1-thread-10" [_thread_in_native, id=13732, stack(0x0000000029b00000,0x0000000029c00000)]
  0x0000000028bd6000 JavaThread "pool-1-thread-9" [_thread_in_native, id=25592, stack(0x0000000029a00000,0x0000000029b00000)]
  0x0000000028bd5000 JavaThread "pool-1-thread-8" [_thread_in_native, id=27292, stack(0x0000000029900000,0x0000000029a00000)]
  0x0000000028bd0800 JavaThread "pool-1-thread-7" [_thread_blocked, id=11668, stack(0x0000000029800000,0x0000000029900000)]
  0x0000000028bcf800 JavaThread "pool-1-thread-6" [_thread_in_native, id=17436, stack(0x0000000029700000,0x0000000029800000)]
  0x0000000028bcc800 JavaThread "pool-1-thread-5" [_thread_in_Java, id=25924, stack(0x0000000029600000,0x0000000029700000)]
  0x0000000028bcb800 JavaThread "pool-1-thread-4" [_thread_in_native, id=28504, stack(0x0000000029500000,0x0000000029600000)]
  0x0000000028bcb000 JavaThread "pool-1-thread-3" [_thread_in_Java, id=20252, stack(0x0000000029400000,0x0000000029500000)]
  0x0000000028bca000 JavaThread "pool-1-thread-2" [_thread_in_native, id=14024, stack(0x0000000029300000,0x0000000029400000)]
  0x0000000028bc9800 JavaThread "pool-1-thread-1" [_thread_in_native, id=31336, stack(0x0000000029200000,0x0000000029300000)]
  0x0000000027bc9000 JavaThread "Service Thread" daemon [_thread_blocked, id=30276, stack(0x0000000028800000,0x0000000028900000)]
  0x0000000027b3c800 JavaThread "C1 CompilerThread3" daemon [_thread_blocked, id=26492, stack(0x0000000028700000,0x0000000028800000)]
  0x0000000027b37000 JavaThread "C2 CompilerThread2" daemon [_thread_in_native, id=28456, stack(0x0000000028600000,0x0000000028700000)]
=>0x0000000027b2f800 JavaThread "C2 CompilerThread1" daemon [_thread_in_native, id=1348, stack(0x0000000028500000,0x0000000028600000)]
  0x0000000027b2c000 JavaThread "C2 CompilerThread0" daemon [_thread_in_native, id=29056, stack(0x0000000028400000,0x0000000028500000)]
  0x0000000027b2a000 JavaThread "Attach Listener" daemon [_thread_blocked, id=23716, stack(0x0000000028300000,0x0000000028400000)]
  0x0000000027b29000 JavaThread "Signal Dispatcher" daemon [_thread_blocked, id=16444, stack(0x0000000028200000,0x0000000028300000)]
  0x0000000027b21000 JavaThread "Finalizer" daemon [_thread_blocked, id=20456, stack(0x0000000028000000,0x0000000028100000)]
  0x0000000025d1d800 JavaThread "Reference Handler" daemon [_thread_blocked, id=12208, stack(0x0000000027f00000,0x0000000028000000)]
  0x0000000002cb2800 JavaThread "main" [_thread_blocked, id=26420, stack(0x0000000002bb0000,0x0000000002cb0000)]

Other Threads:
  0x0000000025d18800 VMThread [stack: 0x0000000027a00000,0x0000000027b00000] [id=17440]
  0x0000000027ba0000 WatcherThread [stack: 0x0000000028900000,0x0000000028a00000] [id=8616]

VM state:not at safepoint (normal execution)

VM Mutex/Monitor currently owned by a thread: None

heap address: 0x00000005c1e00000, size: 8162 MB, Compressed Oops mode: Zero based, Oop shift amount: 3
Narrow klass base: 0x0000000000000000, Narrow klass shift: 3
Compressed class space size: 1073741824 Address: 0x00000007c0000000

Heap:
 PSYoungGen      total 284672K, used 158325K [0x0000000715f80000, 0x0000000728a80000, 0x00000007c0000000)
  eden space 263168K, 51% used [0x0000000715f80000,0x000000071e522298,0x0000000726080000)
  from space 21504K, 99% used [0x0000000727580000,0x0000000728a7b410,0x0000000728a80000)
  to   space 21504K, 0% used [0x0000000726080000,0x0000000726080000,0x0000000727580000)
 ParOldGen       total 349696K, used 20695K [0x00000005c1e00000, 0x00000005d7380000, 0x0000000715f80000)
  object space 349696K, 5% used [0x00000005c1e00000,0x00000005c3235d70,0x00000005d7380000)
 Metaspace       used 10588K, capacity 10702K, committed 10880K, reserved 1058816K
  class space    used 1008K, capacity 1047K, committed 1152K, reserved 1048576K

Card table byte_map: [0x0000000012170000,0x0000000013170000] byte_map_base: 0x000000000f361000

Marking Bits: (ParMarkBitMap*) 0x0000000077425ce0
 Begin Bits: [0x0000000014420000, 0x000000001c3a8000)
 End Bits:   [0x000000001c3a8000, 0x0000000024330000)

Polling page: 0x00000000011d0000

CodeCache: size=245760Kb used=8270Kb max_used=8270Kb free=237489Kb
 bounds [0x0000000002db0000, 0x00000000035d0000, 0x0000000011db0000]
 total_blobs=2536 nmethods=2189 adapters=259
 compilation: enabled

Compilation events (10 events):
Event: 2.185 Thread 0x0000000027b3c800 2246       2       sun.util.calendar.AbstractCalendar::getCalendarDate (217 bytes)
Event: 2.186 Thread 0x0000000027b3c800 nmethod 2246 0x00000000035c6e10 code [0x00000000035c6fe0, 0x00000000035c75b8]
Event: 2.186 Thread 0x0000000027b3c800 2247       2       java.io.FilterOutputStream::write (9 bytes)
Event: 2.186 Thread 0x0000000027b3c800 nmethod 2247 0x00000000035c79d0 code [0x00000000035c7b40, 0x00000000035c7cc8]
Event: 2.186 Thread 0x0000000027b3c800 2248  s    2       java.util.zip.ZipOutputStream::write (175 bytes)
Event: 2.187 Thread 0x0000000027b3c800 nmethod 2248 0x00000000035c7d90 code [0x00000000035c7f80, 0x00000000035c8698]
Event: 2.187 Thread 0x0000000027b3c800 2249   !   2       java.util.zip.Deflater::setInput (74 bytes)
Event: 2.187 Thread 0x0000000027b3c800 nmethod 2249 0x00000000035c8b50 code [0x00000000035c8ce0, 0x00000000035c9158]
Event: 2.189 Thread 0x0000000027b3c800 2251       2       java.util.zip.ZipOutputStream::writeLOC (431 bytes)
Event: 2.190 Thread 0x0000000027b3c800 nmethod 2251 0x00000000035c96d0 code [0x00000000035c9a20, 0x00000000035ca3a8]

GC Heap History (10 events):
Event: 1.152 GC heap before
{Heap before GC invocations=2 (full 0):
 PSYoungGen      total 153088K, used 138645K [0x0000000715f80000, 0x0000000720a00000, 0x00000007c0000000)
  eden space 131584K, 100% used [0x0000000715f80000,0x000000071e000000,0x000000071e000000)
  from space 21504K, 32% used [0x000000071e000000,0x000000071e6e5708,0x000000071f500000)
  to   space 21504K, 0% used [0x000000071f500000,0x000000071f500000,0x0000000720a00000)
 ParOldGen       total 349696K, used 80K [0x00000005c1e00000, 0x00000005d7380000, 0x0000000715f80000)
  object space 349696K, 0% used [0x00000005c1e00000,0x00000005c1e14010,0x00000005d7380000)
 Metaspace       used 8876K, capacity 9006K, committed 9088K, reserved 1056768K
  class space    used 851K, capacity 887K, committed 896K, reserved 1048576K
Event: 1.164 GC heap after
Heap after GC invocations=2 (full 0):
 PSYoungGen      total 153088K, used 21491K [0x0000000715f80000, 0x0000000728a80000, 0x00000007c0000000)
  eden space 131584K, 0% used [0x0000000715f80000,0x0000000715f80000,0x000000071e000000)
  from space 21504K, 99% used [0x000000071f500000,0x00000007209fce30,0x0000000720a00000)
  to   space 21504K, 0% used [0x000000071e000000,0x000000071e000000,0x000000071f500000)
 ParOldGen       total 349696K, used 3466K [0x00000005c1e00000, 0x00000005d7380000, 0x0000000715f80000)
  object space 349696K, 0% used [0x00000005c1e00000,0x00000005c21628f0,0x00000005d7380000)
 Metaspace       used 8876K, capacity 9006K, committed 9088K, reserved 1056768K
  class space    used 851K, capacity 887K, committed 896K, reserved 1048576K
}
Event: 1.341 GC heap before
{Heap before GC invocations=3 (full 0):
 PSYoungGen      total 153088K, used 153075K [0x0000000715f80000, 0x0000000728a80000, 0x00000007c0000000)
  eden space 131584K, 100% used [0x0000000715f80000,0x000000071e000000,0x000000071e000000)
  from space 21504K, 99% used [0x000000071f500000,0x00000007209fce30,0x0000000720a00000)
  to   space 21504K, 0% used [0x000000071e000000,0x000000071e000000,0x000000071f500000)
 ParOldGen       total 349696K, used 3466K [0x00000005c1e00000, 0x00000005d7380000, 0x0000000715f80000)
  object space 349696K, 0% used [0x00000005c1e00000,0x00000005c21628f0,0x00000005d7380000)
 Metaspace       used 9330K, capacity 9422K, committed 9728K, reserved 1058816K
  class space    used 876K, capacity 919K, committed 1024K, reserved 1048576K
Event: 1.355 GC heap after
Heap after GC invocations=3 (full 0):
 PSYoungGen      total 153088K, used 21473K [0x0000000715f80000, 0x0000000728a80000, 0x00000007c0000000)
  eden space 131584K, 0% used [0x0000000715f80000,0x0000000715f80000,0x000000071e000000)
  from space 21504K, 99% used [0x000000071e000000,0x000000071f4f84c8,0x000000071f500000)
  to   space 21504K, 0% used [0x0000000727580000,0x0000000727580000,0x0000000728a80000)
 ParOldGen       total 349696K, used 6665K [0x00000005c1e00000, 0x00000005d7380000, 0x0000000715f80000)
  object space 349696K, 1% used [0x00000005c1e00000,0x00000005c2482720,0x00000005d7380000)
 Metaspace       used 9330K, capacity 9422K, committed 9728K, reserved 1058816K
  class space    used 876K, capacity 919K, committed 1024K, reserved 1048576K
}
Event: 1.433 GC heap before
{Heap before GC invocations=4 (full 0):
 PSYoungGen      total 153088K, used 153057K [0x0000000715f80000, 0x0000000728a80000, 0x00000007c0000000)
  eden space 131584K, 100% used [0x0000000715f80000,0x000000071e000000,0x000000071e000000)
  from space 21504K, 99% used [0x000000071e000000,0x000000071f4f84c8,0x000000071f500000)
  to   space 21504K, 0% used [0x0000000727580000,0x0000000727580000,0x0000000728a80000)
 ParOldGen       total 349696K, used 6665K [0x00000005c1e00000, 0x00000005d7380000, 0x0000000715f80000)
  object space 349696K, 1% used [0x00000005c1e00000,0x00000005c2482720,0x00000005d7380000)
 Metaspace       used 9364K, capacity 9486K, committed 9728K, reserved 1058816K
  class space    used 876K, capacity 919K, committed 1024K, reserved 1048576K
Event: 1.467 GC heap after
Heap after GC invocations=4 (full 0):
 PSYoungGen      total 284672K, used 21482K [0x0000000715f80000, 0x0000000728a80000, 0x00000007c0000000)
  eden space 263168K, 0% used [0x0000000715f80000,0x0000000715f80000,0x0000000726080000)
  from space 21504K, 99% used [0x0000000727580000,0x0000000728a7a980,0x0000000728a80000)
  to   space 21504K, 0% used [0x0000000726080000,0x0000000726080000,0x0000000727580000)
 ParOldGen       total 349696K, used 8001K [0x00000005c1e00000, 0x00000005d7380000, 0x0000000715f80000)
  object space 349696K, 2% used [0x00000005c1e00000,0x00000005c25d07a0,0x00000005d7380000)
 Metaspace       used 9364K, capacity 9486K, committed 9728K, reserved 1058816K
  class space    used 876K, capacity 919K, committed 1024K, reserved 1048576K
}
Event: 1.708 GC heap before
{Heap before GC invocations=5 (full 0):
 PSYoungGen      total 284672K, used 284650K [0x0000000715f80000, 0x0000000728a80000, 0x00000007c0000000)
  eden space 263168K, 100% used [0x0000000715f80000,0x0000000726080000,0x0000000726080000)
  from space 21504K, 99% used [0x0000000727580000,0x0000000728a7a980,0x0000000728a80000)
  to   space 21504K, 0% used [0x0000000726080000,0x0000000726080000,0x0000000727580000)
 ParOldGen       total 349696K, used 8001K [0x00000005c1e00000, 0x00000005d7380000, 0x0000000715f80000)
  object space 349696K, 2% used [0x00000005c1e00000,0x00000005c25d07a0,0x00000005d7380000)
 Metaspace       used 10490K, capacity 10606K, committed 10752K, reserved 1058816K
  class space    used 1005K, capacity 1015K, committed 1024K, reserved 1048576K
Event: 1.739 GC heap after
Heap after GC invocations=5 (full 0):
 PSYoungGen      total 284672K, used 21498K [0x0000000715f80000, 0x0000000728a80000, 0x00000007c0000000)
  eden space 263168K, 0% used [0x0000000715f80000,0x0000000715f80000,0x0000000726080000)
  from space 21504K, 99% used [0x0000000726080000,0x000000072757e9e0,0x0000000727580000)
  to   space 21504K, 0% used [0x0000000727580000,0x0000000727580000,0x0000000728a80000)
 ParOldGen       total 349696K, used 13982K [0x00000005c1e00000, 0x00000005d7380000, 0x0000000715f80000)
  object space 349696K, 3% used [0x00000005c1e00000,0x00000005c2ba7920,0x00000005d7380000)
 Metaspace       used 10490K, capacity 10606K, committed 10752K, reserved 1058816K
  class space    used 1005K, capacity 1015K, committed 1024K, reserved 1048576K
}
Event: 2.040 GC heap before
{Heap before GC invocations=6 (full 0):
 PSYoungGen      total 284672K, used 284666K [0x0000000715f80000, 0x0000000728a80000, 0x00000007c0000000)
  eden space 263168K, 100% used [0x0000000715f80000,0x0000000726080000,0x0000000726080000)
  from space 21504K, 99% used [0x0000000726080000,0x000000072757e9e0,0x0000000727580000)
  to   space 21504K, 0% used [0x0000000727580000,0x0000000727580000,0x0000000728a80000)
 ParOldGen       total 349696K, used 13982K [0x00000005c1e00000, 0x00000005d7380000, 0x0000000715f80000)
  object space 349696K, 3% used [0x00000005c1e00000,0x00000005c2ba7920,0x00000005d7380000)
 Metaspace       used 10580K, capacity 10702K, committed 10880K, reserved 1058816K
  class space    used 1008K, capacity 1047K, committed 1152K, reserved 1048576K
Event: 2.076 GC heap after
Heap after GC invocations=6 (full 0):
 PSYoungGen      total 284672K, used 21485K [0x0000000715f80000, 0x0000000728a80000, 0x00000007c0000000)
  eden space 263168K, 0% used [0x0000000715f80000,0x0000000715f80000,0x0000000726080000)
  from space 21504K, 99% used [0x0000000727580000,0x0000000728a7b410,0x0000000728a80000)
  to   space 21504K, 0% used [0x0000000726080000,0x0000000726080000,0x0000000727580000)
 ParOldGen       total 349696K, used 20695K [0x00000005c1e00000, 0x00000005d7380000, 0x0000000715f80000)
  object space 349696K, 5% used [0x00000005c1e00000,0x00000005c3235d70,0x00000005d7380000)
 Metaspace       used 10580K, capacity 10702K, committed 10880K, reserved 1058816K
  class space    used 1008K, capacity 1047K, committed 1152K, reserved 1048576K
}

Deoptimization events (10 events):
Event: 1.634 Thread 0x0000000028bcf800 Uncommon trap: reason=unstable_if action=reinterpret pc=0x000000000315f070 method=java.util.Hashtable.get(Ljava/lang/Object;)Ljava/lang/Object; @ 36
Event: 1.634 Thread 0x0000000028bcf800 Uncommon trap: reason=unstable_if action=reinterpret pc=0x000000000320efa0 method=com.sun.org.apache.xerces.internal.impl.XMLEntityScanner.scanLiteral(ILcom/sun/org/apache/xerces/internal/xni/XMLString;Z)I @ 660
Event: 1.697 Thread 0x0000000028bcf800 Uncommon trap: reason=unstable_if action=reinterpret pc=0x0000000003222614 method=com.sun.org.apache.xerces.internal.impl.XMLEntityScanner.skipChar(ILcom/sun/org/apache/xerces/internal/impl/XMLScanner$NameType;)Z @ 53
Event: 1.699 Thread 0x0000000028bcf800 Uncommon trap: reason=unstable_if action=reinterpret pc=0x000000000317c29c method=com.sun.org.apache.xerces.internal.impl.XMLEntityScanner.load(IZZ)Z @ 50
Event: 1.699 Thread 0x0000000028bcf800 Uncommon trap: reason=unstable_if action=reinterpret pc=0x0000000003185324 method=com.sun.org.apache.xerces.internal.impl.XMLEntityManager$RewindableInputStream.read([BII)I @ 39
Event: 1.751 Thread 0x0000000028bca000 Uncommon trap: reason=unstable_if action=reinterpret pc=0x00000000035390d8 method=com.android.tools.build.jetifier.processor.transform.bytecode.CoreRemapperImpl.rewriteType(Lcom/android/tools/build/jetifier/core/type/JavaType;)Lcom/android/tools/build/jet
Event: 1.779 Thread 0x0000000028bcb800 Uncommon trap: reason=unstable_if action=reinterpret pc=0x000000000338e50c method=org.objectweb.asm.Type.getType([CI)Lorg/objectweb/asm/Type; @ 165
Event: 1.793 Thread 0x0000000028bcb800 Uncommon trap: reason=unstable_if action=reinterpret pc=0x000000000336c9a4 method=org.objectweb.asm.ClassReader.readUTF(II[C)Ljava/lang/String; @ 77
Event: 1.793 Thread 0x0000000028bcb800 Uncommon trap: reason=unstable_if action=reinterpret pc=0x0000000003361804 method=org.objectweb.asm.ByteVector.putUTF8(Ljava/lang/String;)Lorg/objectweb/asm/ByteVector; @ 98
Event: 1.814 Thread 0x0000000028bcf800 Uncommon trap: reason=unstable_if action=reinterpret pc=0x0000000003580c88 method=com.android.tools.build.jetifier.processor.transform.bytecode.CoreRemapperImpl.rewriteType(Lcom/android/tools/build/jetifier/core/type/JavaType;)Lcom/android/tools/build/jet

Classes redefined (0 events):
No events

Internal exceptions (10 events):
Event: 1.794 Thread 0x0000000028bc9800 Exception <a 'sun/nio/fs/WindowsException'> (0x0000000718bda9d8) thrown at [C:\re\workspace\8-2-build-windows-amd64-cygwin\jdk8u202\12323\hotspot\src\share\vm\prims\jni.cpp, line 710]
Event: 1.803 Thread 0x0000000028bd5000 Exception <a 'sun/nio/fs/WindowsException'> (0x0000000718062108) thrown at [C:\re\workspace\8-2-build-windows-amd64-cygwin\jdk8u202\12323\hotspot\src\share\vm\prims\jni.cpp, line 710]
Event: 1.806 Thread 0x0000000028bca000 Exception <a 'sun/nio/fs/WindowsException'> (0x000000071c2d7168) thrown at [C:\re\workspace\8-2-build-windows-amd64-cygwin\jdk8u202\12323\hotspot\src\share\vm\prims\jni.cpp, line 710]
Event: 1.806 Thread 0x0000000028bca000 Exception <a 'sun/nio/fs/WindowsException'> (0x000000071c2d7930) thrown at [C:\re\workspace\8-2-build-windows-amd64-cygwin\jdk8u202\12323\hotspot\src\share\vm\prims\jni.cpp, line 710]
Event: 1.929 Thread 0x0000000028bc9800 Exception <a 'sun/nio/fs/WindowsException'> (0x0000000718bdb1a0) thrown at [C:\re\workspace\8-2-build-windows-amd64-cygwin\jdk8u202\12323\hotspot\src\share\vm\prims\jni.cpp, line 710]
Event: 1.958 Thread 0x0000000028bd5000 Exception <a 'sun/nio/fs/WindowsException'> (0x00000007180628d0) thrown at [C:\re\workspace\8-2-build-windows-amd64-cygwin\jdk8u202\12323\hotspot\src\share\vm\prims\jni.cpp, line 710]
Event: 2.079 Thread 0x0000000028bcb800 Exception <a 'sun/nio/fs/WindowsException'> (0x0000000716771420) thrown at [C:\re\workspace\8-2-build-windows-amd64-cygwin\jdk8u202\12323\hotspot\src\share\vm\prims\jni.cpp, line 710]
Event: 2.167 Thread 0x0000000028bcb800 Exception <a 'sun/nio/fs/WindowsException'> (0x0000000716771be8) thrown at [C:\re\workspace\8-2-build-windows-amd64-cygwin\jdk8u202\12323\hotspot\src\share\vm\prims\jni.cpp, line 710]
Event: 2.180 Thread 0x0000000028bcf800 Exception <a 'sun/nio/fs/WindowsException'> (0x000000071d2dbec8) thrown at [C:\re\workspace\8-2-build-windows-amd64-cygwin\jdk8u202\12323\hotspot\src\share\vm\prims\jni.cpp, line 710]
Event: 2.180 Thread 0x0000000028bcf800 Exception <a 'sun/nio/fs/WindowsException'> (0x000000071d2dc660) thrown at [C:\re\workspace\8-2-build-windows-amd64-cygwin\jdk8u202\12323\hotspot\src\share\vm\prims\jni.cpp, line 710]

Events (10 events):
Event: 2.089 Thread 0x0000000028bcb000 DEOPT PACKING pc=0x00000000034955b2 sp=0x00000000294fed00
Event: 2.089 Thread 0x0000000028bcb000 DEOPT UNPACKING pc=0x0000000002df7890 sp=0x00000000294fea28 mode 0
Event: 2.098 Thread 0x0000000028bcc800 DEOPT PACKING pc=0x0000000003266d95 sp=0x00000000296fe4d0
Event: 2.098 Thread 0x0000000028bcc800 DEOPT UNPACKING pc=0x0000000002df7890 sp=0x00000000296fe220 mode 0
Event: 2.106 Thread 0x0000000028bd6000 DEOPT PACKING pc=0x0000000003215cfc sp=0x0000000029aff180
Event: 2.106 Thread 0x0000000028bd6000 DEOPT UNPACKING pc=0x0000000002df7890 sp=0x0000000029afeee8 mode 0
Event: 2.126 Thread 0x0000000028bd6000 DEOPT PACKING pc=0x0000000003266d95 sp=0x0000000029afea00
Event: 2.126 Thread 0x0000000028bd6000 DEOPT UNPACKING pc=0x0000000002df7890 sp=0x0000000029afe750 mode 0
Event: 2.180 Thread 0x0000000028bcc800 DEOPT PACKING pc=0x0000000003266d95 sp=0x00000000296fe4d0
Event: 2.180 Thread 0x0000000028bcc800 DEOPT UNPACKING pc=0x0000000002df7890 sp=0x00000000296fe220 mode 0


Dynamic libraries:
0x00007ff6be8e0000 - 0x00007ff6be917000 	C:\Program Files\Java\jdk1.8.0_202\bin\java.exe
0x00007ffb171b0000 - 0x00007ffb173a5000 	C:\WINDOWS\SYSTEM32\ntdll.dll
0x00007ffb15ed0000 - 0x00007ffb15f8e000 	C:\WINDOWS\System32\KERNEL32.DLL
0x00007ffb149b0000 - 0x00007ffb14c78000 	C:\WINDOWS\System32\KERNELBASE.dll
0x00007ffb170b0000 - 0x00007ffb1715c000 	C:\WINDOWS\System32\ADVAPI32.dll
0x00007ffb157a0000 - 0x00007ffb1583e000 	C:\WINDOWS\System32\msvcrt.dll
0x00007ffb16440000 - 0x00007ffb164db000 	C:\WINDOWS\System32\sechost.dll
0x00007ffb15ad0000 - 0x00007ffb15bfa000 	C:\WINDOWS\System32\RPCRT4.dll
0x00007ffb164e0000 - 0x00007ffb16681000 	C:\WINDOWS\System32\USER32.dll
0x00007ffb14980000 - 0x00007ffb149a2000 	C:\WINDOWS\System32\win32u.dll
0x00007ffb15aa0000 - 0x00007ffb15acb000 	C:\WINDOWS\System32\GDI32.dll
0x00007ffb14e00000 - 0x00007ffb14f0b000 	C:\WINDOWS\System32\gdi32full.dll
0x00007ffb14d10000 - 0x00007ffb14dad000 	C:\WINDOWS\System32\msvcp_win.dll
0x00007ffb15100000 - 0x00007ffb15200000 	C:\WINDOWS\System32\ucrtbase.dll
0x00007ffaff9a0000 - 0x00007ffaffc3a000 	C:\WINDOWS\WinSxS\amd64_microsoft.windows.common-controls_6595b64144ccf1df_6.0.19041.1110_none_60b5254171f9507e\COMCTL32.dll
0x00007ffb15a70000 - 0x00007ffb15aa0000 	C:\WINDOWS\System32\IMM32.DLL
0x0000000077f20000 - 0x0000000077ff2000 	C:\Program Files\Java\jdk1.8.0_202\jre\bin\msvcr100.dll
0x0000000076c00000 - 0x00000000774a5000 	C:\Program Files\Java\jdk1.8.0_202\jre\bin\server\jvm.dll
0x00007ffb163a0000 - 0x00007ffb163a8000 	C:\WINDOWS\System32\PSAPI.DLL
0x00007ffb0e950000 - 0x00007ffb0e95a000 	C:\WINDOWS\SYSTEM32\VERSION.dll
0x00007ffb05fd0000 - 0x00007ffb05ff7000 	C:\WINDOWS\SYSTEM32\WINMM.dll
0x00007ffb0b230000 - 0x00007ffb0b239000 	C:\WINDOWS\SYSTEM32\WSOCK32.dll
0x00007ffb17040000 - 0x00007ffb170ab000 	C:\WINDOWS\System32\WS2_32.dll
0x00007ffb10690000 - 0x00007ffb1069f000 	C:\Program Files\Java\jdk1.8.0_202\jre\bin\verify.dll
0x00007ffb0d800000 - 0x00007ffb0d829000 	C:\Program Files\Java\jdk1.8.0_202\jre\bin\java.dll
0x00007ffb0f370000 - 0x00007ffb0f386000 	C:\Program Files\Java\jdk1.8.0_202\jre\bin\zip.dll
0x00007ffb16900000 - 0x00007ffb1703f000 	C:\WINDOWS\System32\SHELL32.dll
0x00007ffb12890000 - 0x00007ffb13020000 	C:\WINDOWS\SYSTEM32\windows.storage.dll
0x00007ffb15f90000 - 0x00007ffb162e5000 	C:\WINDOWS\System32\combase.dll
0x00007ffb14250000 - 0x00007ffb1427e000 	C:\WINDOWS\SYSTEM32\Wldp.dll
0x00007ffb162f0000 - 0x00007ffb1639d000 	C:\WINDOWS\System32\SHCORE.dll
0x00007ffb159f0000 - 0x00007ffb15a45000 	C:\WINDOWS\System32\shlwapi.dll
0x00007ffb14810000 - 0x00007ffb1482f000 	C:\WINDOWS\SYSTEM32\profapi.dll
0x00007ffb0dcc0000 - 0x00007ffb0dcda000 	C:\Program Files\Java\jdk1.8.0_202\jre\bin\net.dll
0x00007ffb09af0000 - 0x00007ffb09cdb000 	C:\WINDOWS\SYSTEM32\urlmon.dll
0x00007ffb09730000 - 0x00007ffb099e0000 	C:\WINDOWS\SYSTEM32\iertutil.dll
0x00007ffb09aa0000 - 0x00007ffb09ac8000 	C:\WINDOWS\SYSTEM32\srvcli.dll
0x00007ffb13db0000 - 0x00007ffb13dbc000 	C:\WINDOWS\SYSTEM32\netutils.dll
0x00007ffb13fb0000 - 0x00007ffb1401a000 	C:\WINDOWS\system32\mswsock.dll
0x00007ffb0d9b0000 - 0x00007ffb0d9c2000 	C:\Program Files\Java\jdk1.8.0_202\jre\bin\nio.dll

VM Arguments:
java_command: com.xamarin.androidx.jetifierWrapper.Main -intermediate obj\Debug\110\androidx\_AndroidXJetifyEmbeddedFiles.jetify -parallel
java_class_path (initial): C:\Users\Administrator\.nuget\packages\xamarin.androidx.migration\1.0.6\buildTransitive\monoandroid90\Tools/JetifierWrapper/jetifierWrapper-1.0.jar
Launcher Type: SUN_STANDARD

Environment Variables:
PATH=C:\Program Files\Java\jdk1.8.0_202\bin;C:\Program Files\Microsoft MPI\Bin\;C:\Oracle\11.2.0\client_1;C:\Program Files (x86)\Eziriz\.NET Reactor;C:\ProgramData\Oracle\Java\javapath;D:\app\Hung\product\11.2.0\client_2\bin;D:\app\Hung\product\11.2.0\client_1;C:\Program Files (x86)\Common Files\Oracle\Java\javapath;C:\WINDOWS\system32;C:\WINDOWS;C:\WINDOWS\System32\Wbem;C:\WINDOWS\System32\WindowsPowerShell\v1.0\;C:\WINDOWS\System32\OpenSSH\;C:\Program Files (x86)\Microsoft SQL Server\140\Tools\Binn\;C:\Program Files\Microsoft SQL Server\140\Tools\Binn\;C:\Program Files (x86)\Microsoft SQL Server\140\DTS\Binn\;C:\Program Files\Microsoft SQL Server\140\DTS\Binn\;C:\Program Files\Microsoft SQL Server\Client SDK\ODBC\130\Tools\Binn\;C:\Program Files\Git\cmd;C:\Program Files\dotnet\;C:\Program Files\Microsoft SQL Server\130\Tools\Binn\;C:\Program Files (x86)\Microsoft SQL Server\Client SDK\ODBC\130\Tools\Binn\;C:\Program Files (x86)\Microsoft SQL Server\140\Tools\Binn\ManagementStudio\;C:\Program Files (x86)\Microsoft SQL Server\90\Tools\binn\;C:\Program Files (x86)\dotnet\;C:\Users\Administrator\AppData\Local\Microsoft\WindowsApps;C:\Users\Administrator\.dotnet\tools;C:\Users\Administrator\AppData\Local\GitHubDesktop\bin
USERNAME=Administrator
OS=Windows_NT
PROCESSOR_IDENTIFIER=Intel64 Family 6 Model 94 Stepping 3, GenuineIntel



---------------  S Y S T E M  ---------------

OS: Windows 10.0 , 64 bit Build 19041 (10.0.19041.1348)

CPU:total 8 (initial active 8) (4 cores per cpu, 2 threads per core) family 6 model 94 stepping 3, cmov, cx8, fxsr, mmx, sse, sse2, sse3, ssse3, sse4.1, sse4.2, popcnt, avx, avx2, aes, clmul, erms, rtm, 3dnowpref, lzcnt, ht, tsc, tscinvbit, bmi1, bmi2, adx

Memory: 4k page, physical 33431352k(2057540k free), swap 33431352k(5540k free)

vm_info: Java HotSpot(TM) 64-Bit Server VM (25.202-b08) for windows-amd64 JRE (1.8.0_202-b08), built on Dec 15 2018 19:54:30 by "java_re" with MS VC++ 10.0 (VS2010)

time: Sat Dec 04 14:40:16 2021
timezone: SE Asia Standard Time
elapsed time: 2 seconds (0d 0h 0m 2s)

