#
# There is insufficient memory for the Java Runtime Environment to continue.
# Native memory allocation (malloc) failed to allocate 980176 bytes for Chunk::new
# Possible reasons:
#   The system is out of physical RAM or swap space
#   The process is running with CompressedOops enabled, and the Java Heap may be blocking the growth of the native heap
# Possible solutions:
#   Reduce memory load on the system
#   Increase physical memory or swap space
#   Check if swap backing store is full
#   Decrease Java heap size (-Xmx/-Xms)
#   Decrease number of Java threads
#   Decrease Java thread stack sizes (-Xss)
#   Set larger code cache with -XX:ReservedCodeCacheSize=
#   JVM is running with Zero Based Compressed Oops mode in which the Java heap is
#     placed in the first 32GB address space. The Java Heap base address is the
#     maximum limit for the native heap growth. Please use -XX:HeapBaseMinAddress
#     to set the Java Heap base and to place the Java Heap above 32GB virtual address.
# This output file may be truncated or incomplete.
#
#  Out of Memory Error (allocation.cpp:389), pid=11028, tid=0x000000000000049c
#
# JRE version: Java(TM) SE Runtime Environment (8.0_202-b08) (build 1.8.0_202-b08)
# Java VM: Java HotSpot(TM) 64-Bit Server VM (25.202-b08 mixed mode windows-amd64 compressed oops)
# Failed to write core dump. Minidumps are not enabled by default on client versions of Windows
#

---------------  T H R E A D  ---------------

Current thread (0x000000001e0f3800):  JavaThread "C2 CompilerThread2" daemon [_thread_in_native, id=1180, stack(0x000000001ebc0000,0x000000001ecc0000)]

Stack: [0x000000001ebc0000,0x000000001ecc0000]
[error occurred during error reporting (printing stack bounds), id 0xc0000005]

Native frames: (J=compiled Java code, j=interpreted, Vv=VM code, C=native code)


Current CompileTask:
C2:   1834 1793       4       com.android.tools.build.jetifier.core.TypeRewriter::rewriteType (141 bytes)


---------------  P R O C E S S  ---------------

Java Threads: ( => current thread )
  0x000000001f228000 JavaThread "pool-1-thread-10" [_thread_in_Java, id=13144, stack(0x00000000201c0000,0x00000000202c0000)]
  0x000000001f227800 JavaThread "pool-1-thread-9" [_thread_in_native, id=1704, stack(0x00000000200c0000,0x00000000201c0000)]
  0x000000001f224800 JavaThread "pool-1-thread-8" [_thread_in_Java, id=9800, stack(0x000000001fec0000,0x000000001ffc0000)]
  0x000000001f21a800 JavaThread "pool-1-thread-7" [_thread_in_native, id=14428, stack(0x000000001fdc0000,0x000000001fec0000)]
  0x000000001f210800 JavaThread "pool-1-thread-6" [_thread_in_native, id=15164, stack(0x000000001fcc0000,0x000000001fdc0000)]
  0x000000001f20f800 JavaThread "pool-1-thread-5" [_thread_in_Java, id=14780, stack(0x000000001fbc0000,0x000000001fcc0000)]
  0x000000001f20e800 JavaThread "pool-1-thread-4" [_thread_in_native, id=16356, stack(0x000000001fac0000,0x000000001fbc0000)]
  0x000000001f20e000 JavaThread "pool-1-thread-3" [_thread_in_native, id=16216, stack(0x000000001f9c0000,0x000000001fac0000)]
  0x000000001f20b000 JavaThread "pool-1-thread-2" [_thread_in_native, id=6676, stack(0x000000001f8c0000,0x000000001f9c0000)]
  0x000000001f20a800 JavaThread "pool-1-thread-1" [_thread_in_native, id=12940, stack(0x000000001f7c0000,0x000000001f8c0000)]
  0x000000001e183800 JavaThread "Service Thread" daemon [_thread_blocked, id=13440, stack(0x000000001edc0000,0x000000001eec0000)]
  0x000000001e0f9800 JavaThread "C1 CompilerThread3" daemon [_thread_blocked, id=10020, stack(0x000000001ecc0000,0x000000001edc0000)]
=>0x000000001e0f3800 JavaThread "C2 CompilerThread2" daemon [_thread_in_native, id=1180, stack(0x000000001ebc0000,0x000000001ecc0000)]
  0x000000001e0f0800 JavaThread "C2 CompilerThread1" daemon [_thread_in_native, id=15616, stack(0x000000001eac0000,0x000000001ebc0000)]
  0x000000001e0ed000 JavaThread "C2 CompilerThread0" daemon [_thread_in_native, id=8400, stack(0x000000001e9c0000,0x000000001eac0000)]
  0x000000001e0eb800 JavaThread "Attach Listener" daemon [_thread_blocked, id=13500, stack(0x000000001e8c0000,0x000000001e9c0000)]
  0x000000001c2fe800 JavaThread "Signal Dispatcher" daemon [_thread_blocked, id=15160, stack(0x000000001e7c0000,0x000000001e8c0000)]
  0x00000000028de000 JavaThread "Finalizer" daemon [_thread_blocked, id=10796, stack(0x000000001e5c0000,0x000000001e6c0000)]
  0x000000001e0e0800 JavaThread "Reference Handler" daemon [_thread_blocked, id=13460, stack(0x000000001e4c0000,0x000000001e5c0000)]
  0x00000000027e2800 JavaThread "main" [_thread_blocked, id=13640, stack(0x00000000026e0000,0x00000000027e0000)]

Other Threads:
  0x000000001c2e9000 VMThread [stack: 0x000000001dfc0000,0x000000001e0c0000] [id=5328]
  0x000000001e1b6800 WatcherThread [stack: 0x000000001eec0000,0x000000001efc0000] [id=7828]

VM state:not at safepoint (normal execution)

VM Mutex/Monitor currently owned by a thread: None

heap address: 0x00000006c1e00000, size: 4066 MB, Compressed Oops mode: Zero based, Oop shift amount: 3
Narrow klass base: 0x0000000000000000, Narrow klass shift: 3
Compressed class space size: 1073741824 Address: 0x00000007c0000000

Heap:
 PSYoungGen      total 288768K, used 156652K [0x000000076b500000, 0x000000077ed00000, 0x00000007c0000000)
  eden space 260096K, 49% used [0x000000076b500000,0x00000007733f2468,0x000000077b300000)
  from space 28672K, 92% used [0x000000077b300000,0x000000077cd08e70,0x000000077cf00000)
  to   space 26624K, 0% used [0x000000077cf00000,0x000000077cf00000,0x000000077e900000)
 ParOldGen       total 175104K, used 25990K [0x00000006c1e00000, 0x00000006cc900000, 0x000000076b500000)
  object space 175104K, 14% used [0x00000006c1e00000,0x00000006c3761ad0,0x00000006cc900000)
 Metaspace       used 10512K, capacity 10614K, committed 10880K, reserved 1058816K
  class space    used 1006K, capacity 1043K, committed 1152K, reserved 1048576K

Card table byte_map: [0x0000000011ca0000,0x00000000124a0000] byte_map_base: 0x000000000e691000

Marking Bits: (ParMarkBitMap*) 0x00000000703c5ce0
 Begin Bits: [0x00000000131f0000, 0x0000000017178000)
 End Bits:   [0x0000000017178000, 0x000000001b100000)

Polling page: 0x0000000000de0000

CodeCache: size=245760Kb used=7582Kb max_used=7582Kb free=238177Kb
 bounds [0x00000000028e0000, 0x0000000003050000, 0x00000000118e0000]
 total_blobs=2410 nmethods=2063 adapters=259
 compilation: enabled

Compilation events (10 events):
Event: 1.824 Thread 0x000000001e0f9800 2112       2       com.android.tools.build.jetifier.processor.Processor$runSignatureDetectionFor$2$1::invoke (12 bytes)
Event: 1.824 Thread 0x000000001e0f9800 nmethod 2112 0x0000000003049c90 code [0x0000000003049e00, 0x0000000003049ff8]
Event: 1.825 Thread 0x000000001e0f9800 2113       2       com.android.tools.build.jetifier.processor.Processor$runSignatureDetectionFor$2$1::invoke (11 bytes)
Event: 1.825 Thread 0x000000001e0f9800 nmethod 2113 0x000000000304a110 code [0x000000000304a280, 0x000000000304a438]
Event: 1.825 Thread 0x000000001e0f9800 2114       2       com.android.tools.build.jetifier.processor.SignatureDetectionKt::isSignatureFile (123 bytes)
Event: 1.829 Thread 0x000000001e0f9800 nmethod 2114 0x000000000304a510 code [0x000000000304a740, 0x000000000304ad18]
Event: 1.829 Thread 0x000000001e0f9800 2115       2       kotlin.collections.CollectionsKt__CollectionsKt::listOf (22 bytes)
Event: 1.830 Thread 0x000000001e0f9800 nmethod 2115 0x000000000304b350 code [0x000000000304b4e0, 0x000000000304b818]
Event: 1.830 Thread 0x000000001e0f9800 2116       2       com.android.tools.build.jetifier.processor.transform.proguard.patterns.PatternHelper::build$default (15 bytes)
Event: 1.830 Thread 0x000000001e0f9800 nmethod 2116 0x000000000304ba90 code [0x000000000304bc00, 0x000000000304bd68]

GC Heap History (10 events):
Event: 0.917 GC heap before
{Heap before GC invocations=3 (full 0):
 PSYoungGen      total 76288K, used 72574K [0x000000076b500000, 0x0000000774a00000, 0x00000007c0000000)
  eden space 65536K, 100% used [0x000000076b500000,0x000000076f500000,0x000000076f500000)
  from space 10752K, 65% used [0x000000076ff80000,0x000000077065faf8,0x0000000770a00000)
  to   space 10752K, 0% used [0x000000076f500000,0x000000076f500000,0x000000076ff80000)
 ParOldGen       total 175104K, used 88K [0x00000006c1e00000, 0x00000006cc900000, 0x000000076b500000)
  object space 175104K, 0% used [0x00000006c1e00000,0x00000006c1e16010,0x00000006cc900000)
 Metaspace       used 8524K, capacity 8630K, committed 8832K, reserved 1056768K
  class space    used 828K, capacity 851K, committed 896K, reserved 1048576K
Event: 0.924 GC heap after
Heap after GC invocations=3 (full 0):
 PSYoungGen      total 76288K, used 10726K [0x000000076b500000, 0x0000000774a00000, 0x00000007c0000000)
  eden space 65536K, 0% used [0x000000076b500000,0x000000076b500000,0x000000076f500000)
  from space 10752K, 99% used [0x000000076f500000,0x000000076ff79ac0,0x000000076ff80000)
  to   space 10752K, 0% used [0x0000000773f80000,0x0000000773f80000,0x0000000774a00000)
 ParOldGen       total 175104K, used 5430K [0x00000006c1e00000, 0x00000006cc900000, 0x000000076b500000)
  object space 175104K, 3% used [0x00000006c1e00000,0x00000006c234d8b0,0x00000006cc900000)
 Metaspace       used 8524K, capacity 8630K, committed 8832K, reserved 1056768K
  class space    used 828K, capacity 851K, committed 896K, reserved 1048576K
}
Event: 1.080 GC heap before
{Heap before GC invocations=4 (full 0):
 PSYoungGen      total 76288K, used 76262K [0x000000076b500000, 0x0000000774a00000, 0x00000007c0000000)
  eden space 65536K, 100% used [0x000000076b500000,0x000000076f500000,0x000000076f500000)
  from space 10752K, 99% used [0x000000076f500000,0x000000076ff79ac0,0x000000076ff80000)
  to   space 10752K, 0% used [0x0000000773f80000,0x0000000773f80000,0x0000000774a00000)
 ParOldGen       total 175104K, used 5430K [0x00000006c1e00000, 0x00000006cc900000, 0x000000076b500000)
  object space 175104K, 3% used [0x00000006c1e00000,0x00000006c234d8b0,0x00000006cc900000)
 Metaspace       used 9127K, capacity 9174K, committed 9344K, reserved 1058816K
  class space    used 871K, capacity 883K, committed 896K, reserved 1048576K
Event: 1.098 GC heap after
Heap after GC invocations=4 (full 0):
 PSYoungGen      total 141824K, used 10740K [0x000000076b500000, 0x0000000774a00000, 0x00000007c0000000)
  eden space 131072K, 0% used [0x000000076b500000,0x000000076b500000,0x0000000773500000)
  from space 10752K, 99% used [0x0000000773f80000,0x00000007749fd150,0x0000000774a00000)
  to   space 10752K, 0% used [0x0000000773500000,0x0000000773500000,0x0000000773f80000)
 ParOldGen       total 175104K, used 15308K [0x00000006c1e00000, 0x00000006cc900000, 0x000000076b500000)
  object space 175104K, 8% used [0x00000006c1e00000,0x00000006c2cf31e0,0x00000006cc900000)
 Metaspace       used 9127K, capacity 9174K, committed 9344K, reserved 1058816K
  class space    used 871K, capacity 883K, committed 896K, reserved 1048576K
}
Event: 1.284 GC heap before
{Heap before GC invocations=5 (full 0):
 PSYoungGen      total 141824K, used 141812K [0x000000076b500000, 0x0000000774a00000, 0x00000007c0000000)
  eden space 131072K, 100% used [0x000000076b500000,0x0000000773500000,0x0000000773500000)
  from space 10752K, 99% used [0x0000000773f80000,0x00000007749fd150,0x0000000774a00000)
  to   space 10752K, 0% used [0x0000000773500000,0x0000000773500000,0x0000000773f80000)
 ParOldGen       total 175104K, used 15308K [0x00000006c1e00000, 0x00000006cc900000, 0x000000076b500000)
  object space 175104K, 8% used [0x00000006c1e00000,0x00000006c2cf31e0,0x00000006cc900000)
 Metaspace       used 9302K, capacity 9366K, committed 9600K, reserved 1058816K
  class space    used 873K, capacity 883K, committed 896K, reserved 1048576K
Event: 1.299 GC heap after
Heap after GC invocations=5 (full 0):
 PSYoungGen      total 141824K, used 10734K [0x000000076b500000, 0x000000077e900000, 0x00000007c0000000)
  eden space 131072K, 0% used [0x000000076b500000,0x000000076b500000,0x0000000773500000)
  from space 10752K, 99% used [0x0000000773500000,0x0000000773f7b9f0,0x0000000773f80000)
  to   space 26624K, 0% used [0x000000077cf00000,0x000000077cf00000,0x000000077e900000)
 ParOldGen       total 175104K, used 24154K [0x00000006c1e00000, 0x00000006cc900000, 0x000000076b500000)
  object space 175104K, 13% used [0x00000006c1e00000,0x00000006c3596ab0,0x00000006cc900000)
 Metaspace       used 9302K, capacity 9366K, committed 9600K, reserved 1058816K
  class space    used 873K, capacity 883K, committed 896K, reserved 1048576K
}
Event: 1.385 GC heap before
{Heap before GC invocations=6 (full 0):
 PSYoungGen      total 141824K, used 141806K [0x000000076b500000, 0x000000077e900000, 0x00000007c0000000)
  eden space 131072K, 100% used [0x000000076b500000,0x0000000773500000,0x0000000773500000)
  from space 10752K, 99% used [0x0000000773500000,0x0000000773f7b9f0,0x0000000773f80000)
  to   space 26624K, 0% used [0x000000077cf00000,0x000000077cf00000,0x000000077e900000)
 ParOldGen       total 175104K, used 24154K [0x00000006c1e00000, 0x00000006cc900000, 0x000000076b500000)
  object space 175104K, 13% used [0x00000006c1e00000,0x00000006c3596ab0,0x00000006cc900000)
 Metaspace       used 9344K, capacity 9398K, committed 9728K, reserved 1058816K
  class space    used 875K, capacity 915K, committed 1024K, reserved 1048576K
Event: 1.401 GC heap after
Heap after GC invocations=6 (full 0):
 PSYoungGen      total 286720K, used 20760K [0x000000076b500000, 0x000000077ed00000, 0x00000007c0000000)
  eden space 260096K, 0% used [0x000000076b500000,0x000000076b500000,0x000000077b300000)
  from space 26624K, 77% used [0x000000077cf00000,0x000000077e346388,0x000000077e900000)
  to   space 28672K, 0% used [0x000000077b300000,0x000000077b300000,0x000000077cf00000)
 ParOldGen       total 175104K, used 24162K [0x00000006c1e00000, 0x00000006cc900000, 0x000000076b500000)
  object space 175104K, 13% used [0x00000006c1e00000,0x00000006c3598ab0,0x00000006cc900000)
 Metaspace       used 9344K, capacity 9398K, committed 9728K, reserved 1058816K
  class space    used 875K, capacity 915K, committed 1024K, reserved 1048576K
}
Event: 1.649 GC heap before
{Heap before GC invocations=7 (full 0):
 PSYoungGen      total 286720K, used 280725K [0x000000076b500000, 0x000000077ed00000, 0x00000007c0000000)
  eden space 260096K, 99% used [0x000000076b500000,0x000000077b2df3f8,0x000000077b300000)
  from space 26624K, 77% used [0x000000077cf00000,0x000000077e346388,0x000000077e900000)
  to   space 28672K, 0% used [0x000000077b300000,0x000000077b300000,0x000000077cf00000)
 ParOldGen       total 175104K, used 24162K [0x00000006c1e00000, 0x00000006cc900000, 0x000000076b500000)
  object space 175104K, 13% used [0x00000006c1e00000,0x00000006c3598ab0,0x00000006cc900000)
 Metaspace       used 10310K, capacity 10390K, committed 10496K, reserved 1058816K
  class space    used 984K, capacity 1011K, committed 1024K, reserved 1048576K
Event: 1.674 GC heap after
Heap after GC invocations=7 (full 0):
 PSYoungGen      total 288768K, used 26659K [0x000000076b500000, 0x000000077ed00000, 0x00000007c0000000)
  eden space 260096K, 0% used [0x000000076b500000,0x000000076b500000,0x000000077b300000)
  from space 28672K, 92% used [0x000000077b300000,0x000000077cd08e70,0x000000077cf00000)
  to   space 26624K, 0% used [0x000000077cf00000,0x000000077cf00000,0x000000077e900000)
 ParOldGen       total 175104K, used 25990K [0x00000006c1e00000, 0x00000006cc900000, 0x000000076b500000)
  object space 175104K, 14% used [0x00000006c1e00000,0x00000006c3761ad0,0x00000006cc900000)
 Metaspace       used 10310K, capacity 10390K, committed 10496K, reserved 1058816K
  class space    used 984K, capacity 1011K, committed 1024K, reserved 1048576K
}

Deoptimization events (10 events):
Event: 1.695 Thread 0x000000001f228000 Uncommon trap: reason=unstable_if action=reinterpret pc=0x0000000002e656a4 method=org.objectweb.asm.ClassReader.readUTF(II[C)Ljava/lang/String; @ 77
Event: 1.695 Thread 0x000000001f228000 Uncommon trap: reason=unstable_if action=reinterpret pc=0x0000000002e5a9c0 method=org.objectweb.asm.ByteVector.putUTF8(Ljava/lang/String;)Lorg/objectweb/asm/ByteVector; @ 98
Event: 1.706 Thread 0x000000001f21a800 Uncommon trap: reason=unstable_if action=reinterpret pc=0x0000000002cf7584 method=com.sun.org.apache.xerces.internal.utils.XMLSecurityManager.getIndex(Ljava/lang/String;)I @ 28
Event: 1.706 Thread 0x000000001f21a800 Uncommon trap: reason=unstable_if action=reinterpret pc=0x0000000002d0e04c method=com.sun.org.apache.xerces.internal.impl.XMLEntityScanner.load(IZZ)Z @ 50
Event: 1.706 Thread 0x000000001f21a800 Uncommon trap: reason=unstable_if action=reinterpret pc=0x0000000002c8055c method=com.sun.org.apache.xerces.internal.impl.XMLEntityManager$RewindableInputStream.read([BII)I @ 39
Event: 1.707 Thread 0x000000001f21a800 Uncommon trap: reason=unstable_if action=reinterpret pc=0x0000000002d21748 method=com.sun.org.apache.xerces.internal.util.XMLStringBuffer.append([CII)V @ 11
Event: 1.743 Thread 0x000000001f21a800 Uncommon trap: reason=unstable_if action=reinterpret pc=0x0000000002c4b6e4 method=java.util.Hashtable.get(Ljava/lang/Object;)Ljava/lang/Object; @ 36
Event: 1.744 Thread 0x000000001f21a800 Uncommon trap: reason=unstable_if action=reinterpret pc=0x0000000002d142cc method=com.sun.org.apache.xerces.internal.impl.XMLEntityScanner.scanLiteral(ILcom/sun/org/apache/xerces/internal/xni/XMLString;Z)I @ 660
Event: 1.752 Thread 0x000000001f21a800 Uncommon trap: reason=unstable_if action=reinterpret pc=0x0000000002d20b14 method=com.sun.org.apache.xerces.internal.impl.XMLEntityScanner.skipChar(ILcom/sun/org/apache/xerces/internal/impl/XMLScanner$NameType;)Z @ 53
Event: 1.759 Thread 0x000000001f21a800 Uncommon trap: reason=unstable_if action=reinterpret pc=0x0000000002c7891c method=com.sun.org.apache.xerces.internal.impl.XMLEntityScanner.load(IZZ)Z @ 50

Classes redefined (0 events):
No events

Internal exceptions (10 events):
Event: 1.529 Thread 0x000000001f20a800 Exception <a 'sun/nio/fs/WindowsException'> (0x00000007740b5048) thrown at [C:\re\workspace\8-2-build-windows-amd64-cygwin\jdk8u202\12323\hotspot\src\share\vm\prims\jni.cpp, line 710]
Event: 1.529 Thread 0x000000001f20a800 Exception <a 'sun/nio/fs/WindowsException'> (0x00000007740b5810) thrown at [C:\re\workspace\8-2-build-windows-amd64-cygwin\jdk8u202\12323\hotspot\src\share\vm\prims\jni.cpp, line 710]
Event: 1.588 Thread 0x000000001f210800 Exception <a 'sun/nio/fs/WindowsException'> (0x00000007781b5ff0) thrown at [C:\re\workspace\8-2-build-windows-amd64-cygwin\jdk8u202\12323\hotspot\src\share\vm\prims\jni.cpp, line 710]
Event: 1.589 Thread 0x000000001f210800 Exception <a 'sun/nio/fs/WindowsException'> (0x00000007781b67b8) thrown at [C:\re\workspace\8-2-build-windows-amd64-cygwin\jdk8u202\12323\hotspot\src\share\vm\prims\jni.cpp, line 710]
Event: 1.682 Thread 0x000000001f224800 Exception <a 'sun/nio/fs/WindowsException'> (0x000000076bff4208) thrown at [C:\re\workspace\8-2-build-windows-amd64-cygwin\jdk8u202\12323\hotspot\src\share\vm\prims\jni.cpp, line 710]
Event: 1.682 Thread 0x000000001f224800 Exception <a 'sun/nio/fs/WindowsException'> (0x000000076bff49d0) thrown at [C:\re\workspace\8-2-build-windows-amd64-cygwin\jdk8u202\12323\hotspot\src\share\vm\prims\jni.cpp, line 710]
Event: 1.742 Thread 0x000000001f228000 Exception <a 'sun/nio/fs/WindowsException'> (0x000000076df1deb8) thrown at [C:\re\workspace\8-2-build-windows-amd64-cygwin\jdk8u202\12323\hotspot\src\share\vm\prims\jni.cpp, line 710]
Event: 1.811 Thread 0x000000001f228000 Exception <a 'sun/nio/fs/WindowsException'> (0x000000076df1e680) thrown at [C:\re\workspace\8-2-build-windows-amd64-cygwin\jdk8u202\12323\hotspot\src\share\vm\prims\jni.cpp, line 710]
Event: 1.826 Thread 0x000000001f20e000 Exception <a 'sun/nio/fs/WindowsException'> (0x0000000772a2fd48) thrown at [C:\re\workspace\8-2-build-windows-amd64-cygwin\jdk8u202\12323\hotspot\src\share\vm\prims\jni.cpp, line 710]
Event: 1.826 Thread 0x000000001f20e000 Exception <a 'sun/nio/fs/WindowsException'> (0x0000000772a30510) thrown at [C:\re\workspace\8-2-build-windows-amd64-cygwin\jdk8u202\12323\hotspot\src\share\vm\prims\jni.cpp, line 710]

Events (10 events):
Event: 1.760 loading class org/jdom2/ContentList$FilterList
Event: 1.760 loading class org/jdom2/ContentList$FilterList done
Event: 1.761 loading class org/jdom2/ContentList$FilterListIterator
Event: 1.761 loading class org/jdom2/ContentList$FilterListIterator done
Event: 1.762 loading class org/jdom2/ContentList$CLIterator
Event: 1.762 loading class org/jdom2/ContentList$CLIterator done
Event: 1.774 Thread 0x000000001f20a800 DEOPT PACKING pc=0x0000000002d50c15 sp=0x000000001f8beb50
Event: 1.774 Thread 0x000000001f20a800 DEOPT UNPACKING pc=0x0000000002927890 sp=0x000000001f8be8a0 mode 0
Event: 1.820 Thread 0x000000001f20e000 DEOPT PACKING pc=0x0000000002d50c15 sp=0x000000001fabecc0
Event: 1.820 Thread 0x000000001f20e000 DEOPT UNPACKING pc=0x0000000002927890 sp=0x000000001fabea10 mode 0


Dynamic libraries:
0x00007ff6db400000 - 0x00007ff6db437000 	C:\Program Files\Java\jdk1.8.0_202\bin\java.exe
0x00007ffb12a10000 - 0x00007ffb12c05000 	C:\WINDOWS\SYSTEM32\ntdll.dll
0x00007ffb12830000 - 0x00007ffb128ee000 	C:\WINDOWS\System32\KERNEL32.DLL
0x00007ffb10790000 - 0x00007ffb10a59000 	C:\WINDOWS\System32\KERNELBASE.dll
0x00007ffb122c0000 - 0x00007ffb1236c000 	C:\WINDOWS\System32\ADVAPI32.dll
0x00007ffb125e0000 - 0x00007ffb1267e000 	C:\WINDOWS\System32\msvcrt.dll
0x00007ffb114d0000 - 0x00007ffb1156b000 	C:\WINDOWS\System32\sechost.dll
0x00007ffb11b30000 - 0x00007ffb11c5a000 	C:\WINDOWS\System32\RPCRT4.dll
0x00007ffb10a70000 - 0x00007ffb10c11000 	C:\WINDOWS\System32\USER32.dll
0x00007ffb101d0000 - 0x00007ffb101f2000 	C:\WINDOWS\System32\win32u.dll
0x00007ffb11360000 - 0x00007ffb1138b000 	C:\WINDOWS\System32\GDI32.dll
0x00007ffb105a0000 - 0x00007ffb106ab000 	C:\WINDOWS\System32\gdi32full.dll
0x00007ffb10130000 - 0x00007ffb101cd000 	C:\WINDOWS\System32\msvcp_win.dll
0x00007ffb10360000 - 0x00007ffb10460000 	C:\WINDOWS\System32\ucrtbase.dll
0x00007ffaf2460000 - 0x00007ffaf26fa000 	C:\WINDOWS\WinSxS\amd64_microsoft.windows.common-controls_6595b64144ccf1df_6.0.19041.1110_none_60b5254171f9507e\COMCTL32.dll
0x00007ffb12500000 - 0x00007ffb12530000 	C:\WINDOWS\System32\IMM32.DLL
0x0000000070e60000 - 0x0000000070f32000 	C:\Program Files\Java\jdk1.8.0_202\jre\bin\msvcr100.dll
0x000000006fba0000 - 0x0000000070445000 	C:\Program Files\Java\jdk1.8.0_202\jre\bin\server\jvm.dll
0x00007ffb129c0000 - 0x00007ffb129c8000 	C:\WINDOWS\System32\PSAPI.DLL
0x00007ffb09070000 - 0x00007ffb0907a000 	C:\WINDOWS\SYSTEM32\VERSION.dll
0x00007ffaf2ed0000 - 0x00007ffaf2ef7000 	C:\WINDOWS\SYSTEM32\WINMM.dll
0x00007ffafdbf0000 - 0x00007ffafdbf9000 	C:\WINDOWS\SYSTEM32\WSOCK32.dll
0x00007ffb12490000 - 0x00007ffb124fb000 	C:\WINDOWS\System32\WS2_32.dll
0x00007ffb0bcc0000 - 0x00007ffb0bccf000 	C:\Program Files\Java\jdk1.8.0_202\jre\bin\verify.dll
0x00007ffaf7dd0000 - 0x00007ffaf7df9000 	C:\Program Files\Java\jdk1.8.0_202\jre\bin\java.dll
0x00007ffb0ba10000 - 0x00007ffb0ba26000 	C:\Program Files\Java\jdk1.8.0_202\jre\bin\zip.dll
0x00007ffb10c20000 - 0x00007ffb1135f000 	C:\WINDOWS\System32\SHELL32.dll
0x00007ffb0e0f0000 - 0x00007ffb0e880000 	C:\WINDOWS\SYSTEM32\windows.storage.dll
0x00007ffb11ed0000 - 0x00007ffb12225000 	C:\WINDOWS\System32\combase.dll
0x00007ffb0fab0000 - 0x00007ffb0fadc000 	C:\WINDOWS\SYSTEM32\Wldp.dll
0x00007ffb11cd0000 - 0x00007ffb11d7d000 	C:\WINDOWS\System32\SHCORE.dll
0x00007ffb11c60000 - 0x00007ffb11cb5000 	C:\WINDOWS\System32\shlwapi.dll
0x00007ffb10070000 - 0x00007ffb1008f000 	C:\WINDOWS\SYSTEM32\profapi.dll
0x00007ffaff5e0000 - 0x00007ffaff5fa000 	C:\Program Files\Java\jdk1.8.0_202\jre\bin\net.dll
0x00007ffb00c60000 - 0x00007ffb00e4b000 	C:\WINDOWS\SYSTEM32\urlmon.dll
0x00007ffb03e40000 - 0x00007ffb040f0000 	C:\WINDOWS\SYSTEM32\iertutil.dll
0x00007ffb00c30000 - 0x00007ffb00c58000 	C:\WINDOWS\SYSTEM32\srvcli.dll
0x00007ffb0f610000 - 0x00007ffb0f61c000 	C:\WINDOWS\SYSTEM32\netutils.dll
0x00007ffb0f810000 - 0x00007ffb0f87a000 	C:\WINDOWS\system32\mswsock.dll
0x00007ffaff5b0000 - 0x00007ffaff5c2000 	C:\Program Files\Java\jdk1.8.0_202\jre\bin\nio.dll

VM Arguments:
java_command: com.xamarin.androidx.jetifierWrapper.Main -intermediate obj\Debug\110\androidx\_AndroidXJetifyEmbeddedFiles.jetify -parallel
java_class_path (initial): C:\Users\Administrator\.nuget\packages\xamarin.androidx.migration\1.0.6\buildTransitive\monoandroid90\Tools/JetifierWrapper/jetifierWrapper-1.0.jar
Launcher Type: SUN_STANDARD

Environment Variables:
PATH=C:\Program Files\Java\jdk1.8.0_202\bin;C:\Program Files\Microsoft MPI\Bin\;C:\Oracle\11.2.0\client_1;C:\Program Files (x86)\Eziriz\.NET Reactor;C:\ProgramData\Oracle\Java\javapath;D:\app\Hung\product\11.2.0\client_2\bin;D:\app\Hung\product\11.2.0\client_1;C:\Program Files (x86)\Common Files\Oracle\Java\javapath;C:\WINDOWS\system32;C:\WINDOWS;C:\WINDOWS\System32\Wbem;C:\WINDOWS\System32\WindowsPowerShell\v1.0\;C:\WINDOWS\System32\OpenSSH\;C:\Program Files (x86)\Microsoft SQL Server\140\Tools\Binn\;C:\Program Files\Microsoft SQL Server\140\Tools\Binn\;C:\Program Files (x86)\Microsoft SQL Server\140\DTS\Binn\;C:\Program Files\Microsoft SQL Server\140\DTS\Binn\;C:\Program Files\Microsoft SQL Server\Client SDK\ODBC\130\Tools\Binn\;C:\Program Files\Git\cmd;C:\Program Files\dotnet\;C:\Program Files\Microsoft SQL Server\130\Tools\Binn\;C:\Program Files (x86)\Microsoft SQL Server\Client SDK\ODBC\130\Tools\Binn\;C:\Program Files (x86)\Microsoft SQL Server\140\Tools\Binn\ManagementStudio\;C:\Program Files (x86)\Microsoft SQL Server\90\Tools\binn\;C:\Program Files (x86)\dotnet\;C:\Users\Administrator\AppData\Local\Microsoft\WindowsApps;C:\Users\Administrator\.dotnet\tools;C:\Users\Administrator\AppData\Local\GitHubDesktop\bin
USERNAME=Administrator
OS=Windows_NT
PROCESSOR_IDENTIFIER=Intel64 Family 6 Model 94 Stepping 3, GenuineIntel



---------------  S Y S T E M  ---------------

OS: Windows 10.0 , 64 bit Build 19041 (10.0.19041.1202)

CPU:total 8 (initial active 8) (4 cores per cpu, 2 threads per core) family 6 model 94 stepping 3, cmov, cx8, fxsr, mmx, sse, sse2, sse3, ssse3, sse4.1, sse4.2, popcnt, avx, avx2, aes, clmul, erms, rtm, 3dnowpref, lzcnt, ht, tsc, tscinvbit, bmi1, bmi2, adx

Memory: 4k page, physical 16654136k(906540k free), swap 16654136k(5332k free)

vm_info: Java HotSpot(TM) 64-Bit Server VM (25.202-b08) for windows-amd64 JRE (1.8.0_202-b08), built on Dec 15 2018 19:54:30 by "java_re" with MS VC++ 10.0 (VS2010)

time: Sun Oct 24 17:21:27 2021
timezone: SE Asia Standard Time
elapsed time: 1 seconds (0d 0h 0m 1s)

