#
# There is insufficient memory for the Java Runtime Environment to continue.
# Native memory allocation (malloc) failed to allocate 1423216 bytes for Chunk::new
# Possible reasons:
#   The system is out of physical RAM or swap space
#   The process is running with CompressedOops enabled, and the Java Heap may be blocking the growth of the native heap
# Possible solutions:
#   Reduce memory load on the system
#   Increase physical memory or swap space
#   Check if swap backing store is full
#   Decrease Java heap size (-Xmx/-Xms)
#   Decrease number of Java threads
#   Decrease Java thread stack sizes (-Xss)
#   Set larger code cache with -XX:ReservedCodeCacheSize=
#   JVM is running with Zero Based Compressed Oops mode in which the Java heap is
#     placed in the first 32GB address space. The Java Heap base address is the
#     maximum limit for the native heap growth. Please use -XX:HeapBaseMinAddress
#     to set the Java Heap base and to place the Java Heap above 32GB virtual address.
# This output file may be truncated or incomplete.
#
#  Out of Memory Error (allocation.cpp:389), pid=1160, tid=0x0000000000003f90
#
# JRE version: Java(TM) SE Runtime Environment (8.0_202-b08) (build 1.8.0_202-b08)
# Java VM: Java HotSpot(TM) 64-Bit Server VM (25.202-b08 mixed mode windows-amd64 compressed oops)
# Failed to write core dump. Minidumps are not enabled by default on client versions of Windows
#

---------------  T H R E A D  ---------------

Current thread (0x000000001eaee800):  JavaThread "C2 CompilerThread1" daemon [_thread_in_native, id=16272, stack(0x000000001f4c0000,0x000000001f5c0000)]

Stack: [0x000000001f4c0000,0x000000001f5c0000]
[error occurred during error reporting (printing stack bounds), id 0xc0000005]

Native frames: (J=compiled Java code, j=interpreted, Vv=VM code, C=native code)


Current CompileTask:
C2:   1485 1851       4       org.objectweb.asm.commons.Remapper::mapType (121 bytes)


---------------  P R O C E S S  ---------------

Java Threads: ( => current thread )
  0x000000001fc1e800 JavaThread "pool-1-thread-10" [_thread_in_native, id=14460, stack(0x0000000020bc0000,0x0000000020cc0000)]
  0x000000001fc1c800 JavaThread "pool-1-thread-9" [_thread_blocked, id=5272, stack(0x0000000020ac0000,0x0000000020bc0000)]
  0x000000001fc0a800 JavaThread "pool-1-thread-8" [_thread_blocked, id=14356, stack(0x00000000208c0000,0x00000000209c0000)]
  0x000000001fc0a000 JavaThread "pool-1-thread-7" [_thread_in_native, id=2140, stack(0x00000000207c0000,0x00000000208c0000)]
  0x000000001fc09000 JavaThread "pool-1-thread-6" [_thread_blocked, id=6496, stack(0x00000000206c0000,0x00000000207c0000)]
  0x000000001fc06000 JavaThread "pool-1-thread-5" [_thread_blocked, id=13832, stack(0x00000000205c0000,0x00000000206c0000)]
  0x000000001fbff800 JavaThread "pool-1-thread-4" [_thread_blocked, id=444, stack(0x00000000204c0000,0x00000000205c0000)]
  0x000000001fbfd000 JavaThread "pool-1-thread-3" [_thread_in_native, id=12976, stack(0x00000000203c0000,0x00000000204c0000)]
  0x000000001fbfb800 JavaThread "pool-1-thread-2" [_thread_in_native, id=3544, stack(0x00000000202c0000,0x00000000203c0000)]
  0x000000001fbfb000 JavaThread "pool-1-thread-1" [_thread_blocked, id=3108, stack(0x00000000201c0000,0x00000000202c0000)]
  0x000000001eb81800 JavaThread "Service Thread" daemon [_thread_blocked, id=10720, stack(0x000000001f7c0000,0x000000001f8c0000)]
  0x000000001eafe000 JavaThread "C1 CompilerThread3" daemon [_thread_blocked, id=12888, stack(0x000000001f6c0000,0x000000001f7c0000)]
  0x000000001eaf1800 JavaThread "C2 CompilerThread2" daemon [_thread_in_native, id=14564, stack(0x000000001f5c0000,0x000000001f6c0000)]
=>0x000000001eaee800 JavaThread "C2 CompilerThread1" daemon [_thread_in_native, id=16272, stack(0x000000001f4c0000,0x000000001f5c0000)]
  0x000000001eaeb000 JavaThread "C2 CompilerThread0" daemon [_thread_in_native, id=15644, stack(0x000000001f3c0000,0x000000001f4c0000)]
  0x000000001eae9800 JavaThread "Attach Listener" daemon [_thread_blocked, id=8700, stack(0x000000001f2c0000,0x000000001f3c0000)]
  0x000000001ccde000 JavaThread "Signal Dispatcher" daemon [_thread_blocked, id=2360, stack(0x000000001f1c0000,0x000000001f2c0000)]
  0x000000001eae1800 JavaThread "Finalizer" daemon [_thread_blocked, id=3896, stack(0x000000001efc0000,0x000000001f0c0000)]
  0x000000001eae0800 JavaThread "Reference Handler" daemon [_thread_blocked, id=7456, stack(0x000000001eec0000,0x000000001efc0000)]
  0x00000000030f2800 JavaThread "main" [_thread_blocked, id=14576, stack(0x0000000002f60000,0x0000000003060000)]

Other Threads:
  0x000000001ccc9000 VMThread [stack: 0x000000001e9c0000,0x000000001eac0000] [id=10320]
  0x000000001ebac000 WatcherThread [stack: 0x000000001f8c0000,0x000000001f9c0000] [id=11112]

VM state:at safepoint (normal execution)

VM Mutex/Monitor currently owned by a thread:  ([mutex/lock_event])
[0x00000000032be5e0] Threads_lock - owner thread: 0x000000001ccc9000
[0x00000000032bdde0] Heap_lock - owner thread: 0x000000001fc1c800

heap address: 0x00000006c1e00000, size: 4066 MB, Compressed Oops mode: Zero based, Oop shift amount: 3
Narrow klass base: 0x0000000000000000, Narrow klass shift: 3
Compressed class space size: 1073741824 Address: 0x00000007c0000000

Heap:
 PSYoungGen      total 141824K, used 141794K [0x000000076b500000, 0x0000000774a00000, 0x00000007c0000000)
  eden space 131072K, 100% used [0x000000076b500000,0x0000000773500000,0x0000000773500000)
  from space 10752K, 99% used [0x0000000773500000,0x0000000773f78a40,0x0000000773f80000)
  to   space 10752K, 99% used [0x0000000773f80000,0x00000007749fb260,0x0000000774a00000)
 ParOldGen       total 175104K, used 56671K [0x00000006c1e00000, 0x00000006cc900000, 0x000000076b500000)
  object space 175104K, 32% used [0x00000006c1e00000,0x00000006c5557c18,0x00000006cc900000)
 Metaspace       used 10479K, capacity 10614K, committed 10880K, reserved 1058816K
  class space    used 1006K, capacity 1043K, committed 1152K, reserved 1048576K

Card table byte_map: [0x0000000012680000,0x0000000012e80000] byte_map_base: 0x000000000f071000

Marking Bits: (ParMarkBitMap*) 0x00000000703c5ce0
 Begin Bits: [0x0000000013bd0000, 0x0000000017b58000)
 End Bits:   [0x0000000017b58000, 0x000000001bae0000)

Polling page: 0x0000000001760000

CodeCache: size=245760Kb used=7490Kb max_used=7490Kb free=238269Kb
 bounds [0x00000000032c0000, 0x0000000003a20000, 0x00000000122c0000]
 total_blobs=2412 nmethods=2065 adapters=259
 compilation: enabled

Compilation events (10 events):
Event: 1.430 Thread 0x000000001eafe000 2109       2       sun.util.calendar.CalendarDate::setNormalized (6 bytes)
Event: 1.430 Thread 0x000000001eafe000 nmethod 2109 0x0000000003a14c50 code [0x0000000003a14da0, 0x0000000003a14ef0]
Event: 1.430 Thread 0x000000001eafe000 2110       2       java.nio.file.attribute.FileTime::to (117 bytes)
Event: 1.431 Thread 0x000000001eafe000 nmethod 2110 0x0000000003a14f50 code [0x0000000003a15100, 0x0000000003a154b8]
Event: 1.431 Thread 0x000000001eafe000 2111       2       java.time.Instant::getEpochSecond (5 bytes)
Event: 1.431 Thread 0x000000001eafe000 nmethod 2111 0x0000000003a156d0 code [0x0000000003a15820, 0x0000000003a15970]
Event: 1.463 Thread 0x000000001eafe000 2115       2       org.objectweb.asm.commons.SignatureRemapper::visitFormalTypeParameter (9 bytes)
Event: 1.463 Thread 0x000000001eafe000 nmethod 2115 0x0000000003a159d0 code [0x0000000003a15b40, 0x0000000003a15cc8]
Event: 1.463 Thread 0x000000001eafe000 2116       2       org.objectweb.asm.signature.SignatureWriter::visitFormalTypeParameter (42 bytes)
Event: 1.463 Thread 0x000000001eafe000 nmethod 2116 0x0000000003a15d50 code [0x0000000003a15f00, 0x0000000003a164c8]

GC Heap History (10 events):
Event: 0.768 GC heap after
Heap after GC invocations=3 (full 0):
 PSYoungGen      total 76288K, used 10726K [0x000000076b500000, 0x0000000774a00000, 0x00000007c0000000)
  eden space 65536K, 0% used [0x000000076b500000,0x000000076b500000,0x000000076f500000)
  from space 10752K, 99% used [0x000000076f500000,0x000000076ff79970,0x000000076ff80000)
  to   space 10752K, 0% used [0x0000000773f80000,0x0000000773f80000,0x0000000774a00000)
 ParOldGen       total 175104K, used 7242K [0x00000006c1e00000, 0x00000006cc900000, 0x000000076b500000)
  object space 175104K, 4% used [0x00000006c1e00000,0x00000006c2512930,0x00000006cc900000)
 Metaspace       used 8517K, capacity 8630K, committed 8832K, reserved 1056768K
  class space    used 828K, capacity 851K, committed 896K, reserved 1048576K
}
Event: 0.929 GC heap before
{Heap before GC invocations=4 (full 0):
 PSYoungGen      total 76288K, used 76171K [0x000000076b500000, 0x0000000774a00000, 0x00000007c0000000)
  eden space 65536K, 99% used [0x000000076b500000,0x000000076f4e9348,0x000000076f500000)
  from space 10752K, 99% used [0x000000076f500000,0x000000076ff79970,0x000000076ff80000)
  to   space 10752K, 0% used [0x0000000773f80000,0x0000000773f80000,0x0000000774a00000)
 ParOldGen       total 175104K, used 7242K [0x00000006c1e00000, 0x00000006cc900000, 0x000000076b500000)
  object space 175104K, 4% used [0x00000006c1e00000,0x00000006c2512930,0x00000006cc900000)
 Metaspace       used 9107K, capacity 9174K, committed 9344K, reserved 1058816K
  class space    used 870K, capacity 883K, committed 896K, reserved 1048576K
Event: 0.941 GC heap after
Heap after GC invocations=4 (full 0):
 PSYoungGen      total 141824K, used 10725K [0x000000076b500000, 0x0000000774a00000, 0x00000007c0000000)
  eden space 131072K, 0% used [0x000000076b500000,0x000000076b500000,0x0000000773500000)
  from space 10752K, 99% used [0x0000000773f80000,0x00000007749f9550,0x0000000774a00000)
  to   space 10752K, 0% used [0x0000000773500000,0x0000000773500000,0x0000000773f80000)
 ParOldGen       total 175104K, used 17418K [0x00000006c1e00000, 0x00000006cc900000, 0x000000076b500000)
  object space 175104K, 9% used [0x00000006c1e00000,0x00000006c2f02ad0,0x00000006cc900000)
 Metaspace       used 9107K, capacity 9174K, committed 9344K, reserved 1058816K
  class space    used 870K, capacity 883K, committed 896K, reserved 1048576K
}
Event: 1.096 GC heap before
{Heap before GC invocations=5 (full 0):
 PSYoungGen      total 141824K, used 141797K [0x000000076b500000, 0x0000000774a00000, 0x00000007c0000000)
  eden space 131072K, 100% used [0x000000076b500000,0x0000000773500000,0x0000000773500000)
  from space 10752K, 99% used [0x0000000773f80000,0x00000007749f9550,0x0000000774a00000)
  to   space 10752K, 0% used [0x0000000773500000,0x0000000773500000,0x0000000773f80000)
 ParOldGen       total 175104K, used 17418K [0x00000006c1e00000, 0x00000006cc900000, 0x000000076b500000)
  object space 175104K, 9% used [0x00000006c1e00000,0x00000006c2f02ad0,0x00000006cc900000)
 Metaspace       used 9292K, capacity 9366K, committed 9600K, reserved 1058816K
  class space    used 872K, capacity 883K, committed 896K, reserved 1048576K
Event: 1.108 GC heap after
Heap after GC invocations=5 (full 0):
 PSYoungGen      total 141824K, used 10732K [0x000000076b500000, 0x0000000774a00000, 0x00000007c0000000)
  eden space 131072K, 0% used [0x000000076b500000,0x000000076b500000,0x0000000773500000)
  from space 10752K, 99% used [0x0000000773500000,0x0000000773f7b0d8,0x0000000773f80000)
  to   space 10752K, 0% used [0x0000000773f80000,0x0000000773f80000,0x0000000774a00000)
 ParOldGen       total 175104K, used 26497K [0x00000006c1e00000, 0x00000006cc900000, 0x000000076b500000)
  object space 175104K, 15% used [0x00000006c1e00000,0x00000006c37e0600,0x00000006cc900000)
 Metaspace       used 9292K, capacity 9366K, committed 9600K, reserved 1058816K
  class space    used 872K, capacity 883K, committed 896K, reserved 1048576K
}
Event: 1.199 GC heap before
{Heap before GC invocations=6 (full 0):
 PSYoungGen      total 141824K, used 141804K [0x000000076b500000, 0x0000000774a00000, 0x00000007c0000000)
  eden space 131072K, 100% used [0x000000076b500000,0x0000000773500000,0x0000000773500000)
  from space 10752K, 99% used [0x0000000773500000,0x0000000773f7b0d8,0x0000000773f80000)
  to   space 10752K, 0% used [0x0000000773f80000,0x0000000773f80000,0x0000000774a00000)
 ParOldGen       total 175104K, used 26497K [0x00000006c1e00000, 0x00000006cc900000, 0x000000076b500000)
  object space 175104K, 15% used [0x00000006c1e00000,0x00000006c37e0600,0x00000006cc900000)
 Metaspace       used 9541K, capacity 9590K, committed 9728K, reserved 1058816K
  class space    used 895K, capacity 915K, committed 1024K, reserved 1048576K
Event: 1.215 GC heap after
Heap after GC invocations=6 (full 0):
 PSYoungGen      total 141824K, used 10749K [0x000000076b500000, 0x0000000774a00000, 0x00000007c0000000)
  eden space 131072K, 0% used [0x000000076b500000,0x000000076b500000,0x0000000773500000)
  from space 10752K, 99% used [0x0000000773f80000,0x00000007749ff520,0x0000000774a00000)
  to   space 10752K, 0% used [0x0000000773500000,0x0000000773500000,0x0000000773f80000)
 ParOldGen       total 175104K, used 33429K [0x00000006c1e00000, 0x00000006cc900000, 0x000000076b500000)
  object space 175104K, 19% used [0x00000006c1e00000,0x00000006c3ea54c8,0x00000006cc900000)
 Metaspace       used 9541K, capacity 9590K, committed 9728K, reserved 1058816K
  class space    used 895K, capacity 915K, committed 1024K, reserved 1048576K
}
Event: 1.318 GC heap before
{Heap before GC invocations=7 (full 0):
 PSYoungGen      total 141824K, used 141821K [0x000000076b500000, 0x0000000774a00000, 0x00000007c0000000)
  eden space 131072K, 100% used [0x000000076b500000,0x0000000773500000,0x0000000773500000)
  from space 10752K, 99% used [0x0000000773f80000,0x00000007749ff520,0x0000000774a00000)
  to   space 10752K, 0% used [0x0000000773500000,0x0000000773500000,0x0000000773f80000)
 ParOldGen       total 175104K, used 33429K [0x00000006c1e00000, 0x00000006cc900000, 0x000000076b500000)
  object space 175104K, 19% used [0x00000006c1e00000,0x00000006c3ea54c8,0x00000006cc900000)
 Metaspace       used 10373K, capacity 10518K, committed 10752K, reserved 1058816K
  class space    used 996K, capacity 1011K, committed 1024K, reserved 1048576K
Event: 1.338 GC heap after
Heap after GC invocations=7 (full 0):
 PSYoungGen      total 141824K, used 10722K [0x000000076b500000, 0x0000000774a00000, 0x00000007c0000000)
  eden space 131072K, 0% used [0x000000076b500000,0x000000076b500000,0x0000000773500000)
  from space 10752K, 99% used [0x0000000773500000,0x0000000773f78a40,0x0000000773f80000)
  to   space 10752K, 0% used [0x0000000773f80000,0x0000000773f80000,0x0000000774a00000)
 ParOldGen       total 175104K, used 46755K [0x00000006c1e00000, 0x00000006cc900000, 0x000000076b500000)
  object space 175104K, 26% used [0x00000006c1e00000,0x00000006c4ba8f40,0x00000006cc900000)
 Metaspace       used 10373K, capacity 10518K, committed 10752K, reserved 1058816K
  class space    used 996K, capacity 1011K, committed 1024K, reserved 1048576K
}
Event: 1.466 GC heap before
{Heap before GC invocations=8 (full 0):
 PSYoungGen      total 141824K, used 141794K [0x000000076b500000, 0x0000000774a00000, 0x00000007c0000000)
  eden space 131072K, 100% used [0x000000076b500000,0x0000000773500000,0x0000000773500000)
  from space 10752K, 99% used [0x0000000773500000,0x0000000773f78a40,0x0000000773f80000)
  to   space 10752K, 0% used [0x0000000773f80000,0x0000000773f80000,0x0000000774a00000)
 ParOldGen       total 175104K, used 46755K [0x00000006c1e00000, 0x00000006cc900000, 0x000000076b500000)
  object space 175104K, 26% used [0x00000006c1e00000,0x00000006c4ba8f40,0x00000006cc900000)
 Metaspace       used 10479K, capacity 10614K, committed 10880K, reserved 1058816K
  class space    used 1006K, capacity 1043K, committed 1152K, reserved 1048576K

Deoptimization events (10 events):
Event: 1.288 Thread 0x000000001fc1e800 Uncommon trap: reason=unstable_if action=reinterpret pc=0x000000000371988c method=com.sun.org.apache.xerces.internal.impl.XMLEntityScanner.load(IZZ)Z @ 50
Event: 1.288 Thread 0x000000001fc1e800 Uncommon trap: reason=unstable_if action=reinterpret pc=0x0000000003674e5c method=com.sun.org.apache.xerces.internal.impl.XMLEntityManager$RewindableInputStream.read([BII)I @ 39
Event: 1.289 Thread 0x000000001fc1e800 Uncommon trap: reason=unstable_if action=reinterpret pc=0x0000000003735a08 method=com.sun.org.apache.xerces.internal.util.XMLStringBuffer.append([CII)V @ 11
Event: 1.295 Thread 0x000000001fc1e800 Uncommon trap: reason=unstable_if action=reinterpret pc=0x0000000003635c30 method=java.util.Hashtable.get(Ljava/lang/Object;)Ljava/lang/Object; @ 36
Event: 1.295 Thread 0x000000001fc1e800 Uncommon trap: reason=unstable_if action=reinterpret pc=0x00000000037284cc method=com.sun.org.apache.xerces.internal.impl.XMLEntityScanner.scanLiteral(ILcom/sun/org/apache/xerces/internal/xni/XMLString;Z)I @ 660
Event: 1.353 Thread 0x000000001fc1e800 Uncommon trap: reason=unstable_if action=reinterpret pc=0x0000000003736514 method=com.sun.org.apache.xerces.internal.impl.XMLEntityScanner.skipChar(ILcom/sun/org/apache/xerces/internal/impl/XMLScanner$NameType;)Z @ 53
Event: 1.358 Thread 0x000000001fc1e800 Uncommon trap: reason=unstable_if action=reinterpret pc=0x00000000036afa5c method=com.sun.org.apache.xerces.internal.impl.XMLEntityScanner.load(IZZ)Z @ 50
Event: 1.358 Thread 0x000000001fc1e800 Uncommon trap: reason=unstable_if action=reinterpret pc=0x00000000036769e4 method=com.sun.org.apache.xerces.internal.impl.XMLEntityManager$RewindableInputStream.read([BII)I @ 39
Event: 1.361 Thread 0x000000001fc0a800 Uncommon trap: reason=unstable_if action=reinterpret pc=0x00000000038904f8 method=org.objectweb.asm.ClassReader.readUTF(II[C)Ljava/lang/String; @ 77
Event: 1.361 Thread 0x000000001fc0a800 Uncommon trap: reason=unstable_if action=reinterpret pc=0x00000000038b8b00 method=org.objectweb.asm.ByteVector.putUTF8(Ljava/lang/String;)Lorg/objectweb/asm/ByteVector; @ 98

Classes redefined (0 events):
No events

Internal exceptions (10 events):
Event: 1.193 Thread 0x000000001fbfb800 Exception <a 'sun/nio/fs/WindowsException'> (0x0000000772ad3e00) thrown at [C:\re\workspace\8-2-build-windows-amd64-cygwin\jdk8u202\12323\hotspot\src\share\vm\prims\jni.cpp, line 710]
Event: 1.193 Thread 0x000000001fbfb800 Exception <a 'sun/nio/fs/WindowsException'> (0x0000000772ad45c8) thrown at [C:\re\workspace\8-2-build-windows-amd64-cygwin\jdk8u202\12323\hotspot\src\share\vm\prims\jni.cpp, line 710]
Event: 1.215 Thread 0x000000001fc06000 Exception <a 'sun/nio/fs/WindowsException'> (0x000000076b60dcf0) thrown at [C:\re\workspace\8-2-build-windows-amd64-cygwin\jdk8u202\12323\hotspot\src\share\vm\prims\jni.cpp, line 710]
Event: 1.215 Thread 0x000000001fc06000 Exception <a 'sun/nio/fs/WindowsException'> (0x000000076b60e4b8) thrown at [C:\re\workspace\8-2-build-windows-amd64-cygwin\jdk8u202\12323\hotspot\src\share\vm\prims\jni.cpp, line 710]
Event: 1.287 Thread 0x000000001fbfd000 Exception <a 'sun/nio/fs/WindowsException'> (0x000000077244d078) thrown at [C:\re\workspace\8-2-build-windows-amd64-cygwin\jdk8u202\12323\hotspot\src\share\vm\prims\jni.cpp, line 710]
Event: 1.288 Thread 0x000000001fbfd000 Exception <a 'sun/nio/fs/WindowsException'> (0x000000077244d840) thrown at [C:\re\workspace\8-2-build-windows-amd64-cygwin\jdk8u202\12323\hotspot\src\share\vm\prims\jni.cpp, line 710]
Event: 1.387 Thread 0x000000001fbfb800 Exception <a 'sun/nio/fs/WindowsException'> (0x0000000770076598) thrown at [C:\re\workspace\8-2-build-windows-amd64-cygwin\jdk8u202\12323\hotspot\src\share\vm\prims\jni.cpp, line 710]
Event: 1.389 Thread 0x000000001fbfb800 Exception <a 'sun/nio/fs/WindowsException'> (0x0000000770076d60) thrown at [C:\re\workspace\8-2-build-windows-amd64-cygwin\jdk8u202\12323\hotspot\src\share\vm\prims\jni.cpp, line 710]
Event: 1.428 Thread 0x000000001fc09000 Exception <a 'sun/nio/fs/WindowsException'> (0x0000000771bb5fc0) thrown at [C:\re\workspace\8-2-build-windows-amd64-cygwin\jdk8u202\12323\hotspot\src\share\vm\prims\jni.cpp, line 710]
Event: 1.428 Thread 0x000000001fc09000 Exception <a 'sun/nio/fs/WindowsException'> (0x0000000771bb6788) thrown at [C:\re\workspace\8-2-build-windows-amd64-cygwin\jdk8u202\12323\hotspot\src\share\vm\prims\jni.cpp, line 710]

Events (10 events):
Event: 1.361 Thread 0x000000001fc0a800 DEOPT PACKING pc=0x00000000038904f8 sp=0x00000000209be3e0
Event: 1.361 Thread 0x000000001fc0a800 DEOPT UNPACKING pc=0x000000000330583b sp=0x00000000209be2f8 mode 2
Event: 1.361 Thread 0x000000001fc0a800 Uncommon trap: trap_request=0xffffff65 fr.pc=0x00000000038b8b00
Event: 1.361 Thread 0x000000001fc0a800 DEOPT PACKING pc=0x00000000038b8b00 sp=0x00000000209be190
Event: 1.361 Thread 0x000000001fc0a800 DEOPT UNPACKING pc=0x000000000330583b sp=0x00000000209be0f0 mode 2
Event: 1.361 loading class org/jdom2/ContentList$CLIterator
Event: 1.361 loading class org/jdom2/ContentList$CLIterator done
Event: 1.409 Thread 0x000000001fbfb000 DEOPT PACKING pc=0x000000000376f095 sp=0x00000000202be5e0
Event: 1.409 Thread 0x000000001fbfb000 DEOPT UNPACKING pc=0x0000000003307890 sp=0x00000000202be330 mode 0
Event: 1.465 Executing VM operation: ParallelGCFailedAllocation


Dynamic libraries:
0x00007ff6db400000 - 0x00007ff6db437000 	C:\Program Files\Java\jdk1.8.0_202\bin\java.exe
0x00007ffb12a10000 - 0x00007ffb12c05000 	C:\WINDOWS\SYSTEM32\ntdll.dll
0x00007ffb12830000 - 0x00007ffb128ee000 	C:\WINDOWS\System32\KERNEL32.DLL
0x00007ffb10790000 - 0x00007ffb10a59000 	C:\WINDOWS\System32\KERNELBASE.dll
0x00007ffb122c0000 - 0x00007ffb1236c000 	C:\WINDOWS\System32\ADVAPI32.dll
0x00007ffb125e0000 - 0x00007ffb1267e000 	C:\WINDOWS\System32\msvcrt.dll
0x00007ffb114d0000 - 0x00007ffb1156b000 	C:\WINDOWS\System32\sechost.dll
0x00007ffb11b30000 - 0x00007ffb11c5a000 	C:\WINDOWS\System32\RPCRT4.dll
0x00007ffb10a70000 - 0x00007ffb10c11000 	C:\WINDOWS\System32\USER32.dll
0x00007ffb101d0000 - 0x00007ffb101f2000 	C:\WINDOWS\System32\win32u.dll
0x00007ffb11360000 - 0x00007ffb1138b000 	C:\WINDOWS\System32\GDI32.dll
0x00007ffb105a0000 - 0x00007ffb106ab000 	C:\WINDOWS\System32\gdi32full.dll
0x00007ffb10130000 - 0x00007ffb101cd000 	C:\WINDOWS\System32\msvcp_win.dll
0x00007ffb10360000 - 0x00007ffb10460000 	C:\WINDOWS\System32\ucrtbase.dll
0x00007ffaf2460000 - 0x00007ffaf26fa000 	C:\WINDOWS\WinSxS\amd64_microsoft.windows.common-controls_6595b64144ccf1df_6.0.19041.1110_none_60b5254171f9507e\COMCTL32.dll
0x00007ffb12500000 - 0x00007ffb12530000 	C:\WINDOWS\System32\IMM32.DLL
0x0000000070e60000 - 0x0000000070f32000 	C:\Program Files\Java\jdk1.8.0_202\jre\bin\msvcr100.dll
0x000000006fba0000 - 0x0000000070445000 	C:\Program Files\Java\jdk1.8.0_202\jre\bin\server\jvm.dll
0x00007ffb129c0000 - 0x00007ffb129c8000 	C:\WINDOWS\System32\PSAPI.DLL
0x00007ffaf2ed0000 - 0x00007ffaf2ef7000 	C:\WINDOWS\SYSTEM32\WINMM.dll
0x00007ffb09070000 - 0x00007ffb0907a000 	C:\WINDOWS\SYSTEM32\VERSION.dll
0x00007ffafdbf0000 - 0x00007ffafdbf9000 	C:\WINDOWS\SYSTEM32\WSOCK32.dll
0x00007ffb12490000 - 0x00007ffb124fb000 	C:\WINDOWS\System32\WS2_32.dll
0x00007ffaff5c0000 - 0x00007ffaff5cf000 	C:\Program Files\Java\jdk1.8.0_202\jre\bin\verify.dll
0x00007ffafa7d0000 - 0x00007ffafa7f9000 	C:\Program Files\Java\jdk1.8.0_202\jre\bin\java.dll
0x00007ffaff490000 - 0x00007ffaff4a6000 	C:\Program Files\Java\jdk1.8.0_202\jre\bin\zip.dll
0x00007ffb10c20000 - 0x00007ffb1135f000 	C:\WINDOWS\System32\SHELL32.dll
0x00007ffb0e0f0000 - 0x00007ffb0e880000 	C:\WINDOWS\SYSTEM32\windows.storage.dll
0x00007ffb11ed0000 - 0x00007ffb12225000 	C:\WINDOWS\System32\combase.dll
0x00007ffb0fab0000 - 0x00007ffb0fadc000 	C:\WINDOWS\SYSTEM32\Wldp.dll
0x00007ffb11cd0000 - 0x00007ffb11d7d000 	C:\WINDOWS\System32\SHCORE.dll
0x00007ffb11c60000 - 0x00007ffb11cb5000 	C:\WINDOWS\System32\shlwapi.dll
0x00007ffb10070000 - 0x00007ffb1008f000 	C:\WINDOWS\SYSTEM32\profapi.dll
0x00007ffafa7b0000 - 0x00007ffafa7ca000 	C:\Program Files\Java\jdk1.8.0_202\jre\bin\net.dll
0x00007ffb00c60000 - 0x00007ffb00e4b000 	C:\WINDOWS\SYSTEM32\urlmon.dll
0x00007ffb00c30000 - 0x00007ffb00c58000 	C:\WINDOWS\SYSTEM32\srvcli.dll
0x00007ffb03e40000 - 0x00007ffb040f0000 	C:\WINDOWS\SYSTEM32\iertutil.dll
0x00007ffb0f610000 - 0x00007ffb0f61c000 	C:\WINDOWS\SYSTEM32\netutils.dll
0x00007ffb0f810000 - 0x00007ffb0f87a000 	C:\WINDOWS\system32\mswsock.dll
0x00007ffafa730000 - 0x00007ffafa742000 	C:\Program Files\Java\jdk1.8.0_202\jre\bin\nio.dll

VM Arguments:
java_command: com.xamarin.androidx.jetifierWrapper.Main -intermediate obj\Debug\110\androidx\_AndroidXJetifyEmbeddedFiles.jetify -parallel
java_class_path (initial): C:\Users\Administrator\.nuget\packages\xamarin.androidx.migration\1.0.6\buildTransitive\monoandroid90\Tools/JetifierWrapper/jetifierWrapper-1.0.jar
Launcher Type: SUN_STANDARD

Environment Variables:
PATH=C:\Program Files\Java\jdk1.8.0_202\bin;C:\Program Files\Microsoft MPI\Bin\;C:\Oracle\11.2.0\client_1;C:\Program Files (x86)\Eziriz\.NET Reactor;C:\ProgramData\Oracle\Java\javapath;D:\app\Hung\product\11.2.0\client_2\bin;D:\app\Hung\product\11.2.0\client_1;C:\Program Files (x86)\Common Files\Oracle\Java\javapath;C:\WINDOWS\system32;C:\WINDOWS;C:\WINDOWS\System32\Wbem;C:\WINDOWS\System32\WindowsPowerShell\v1.0\;C:\WINDOWS\System32\OpenSSH\;C:\Program Files (x86)\Microsoft SQL Server\140\Tools\Binn\;C:\Program Files\Microsoft SQL Server\140\Tools\Binn\;C:\Program Files (x86)\Microsoft SQL Server\140\DTS\Binn\;C:\Program Files\Microsoft SQL Server\140\DTS\Binn\;C:\Program Files\Microsoft SQL Server\Client SDK\ODBC\130\Tools\Binn\;C:\Program Files\Git\cmd;C:\Program Files\dotnet\;C:\Program Files\Microsoft SQL Server\130\Tools\Binn\;C:\Program Files (x86)\Microsoft SQL Server\Client SDK\ODBC\130\Tools\Binn\;C:\Program Files (x86)\Microsoft SQL Server\140\Tools\Binn\ManagementStudio\;C:\Program Files (x86)\Microsoft SQL Server\90\Tools\binn\;C:\Program Files (x86)\dotnet\;C:\Users\Administrator\AppData\Local\Microsoft\WindowsApps;C:\Users\Administrator\.dotnet\tools;C:\Users\Administrator\AppData\Local\GitHubDesktop\bin
USERNAME=Administrator
OS=Windows_NT
PROCESSOR_IDENTIFIER=Intel64 Family 6 Model 94 Stepping 3, GenuineIntel



---------------  S Y S T E M  ---------------

OS: Windows 10.0 , 64 bit Build 19041 (10.0.19041.1202)

CPU:total 8 (initial active 8) (4 cores per cpu, 2 threads per core) family 6 model 94 stepping 3, cmov, cx8, fxsr, mmx, sse, sse2, sse3, ssse3, sse4.1, sse4.2, popcnt, avx, avx2, aes, clmul, erms, rtm, 3dnowpref, lzcnt, ht, tsc, tscinvbit, bmi1, bmi2, adx

Memory: 4k page, physical 16654136k(853836k free), swap 16654136k(5612k free)

vm_info: Java HotSpot(TM) 64-Bit Server VM (25.202-b08) for windows-amd64 JRE (1.8.0_202-b08), built on Dec 15 2018 19:54:30 by "java_re" with MS VC++ 10.0 (VS2010)

time: Sun Oct 24 17:22:21 2021
timezone: SE Asia Standard Time
elapsed time: 1 seconds (0d 0h 0m 1s)

