#
# There is insufficient memory for the Java Runtime Environment to continue.
# Native memory allocation (malloc) failed to allocate 32744 bytes for ChunkPool::allocate
# Possible reasons:
#   The system is out of physical RAM or swap space
#   The process is running with CompressedOops enabled, and the Java Heap may be blocking the growth of the native heap
# Possible solutions:
#   Reduce memory load on the system
#   Increase physical memory or swap space
#   Check if swap backing store is full
#   Decrease Java heap size (-Xmx/-Xms)
#   Decrease number of Java threads
#   Decrease Java thread stack sizes (-Xss)
#   Set larger code cache with -XX:ReservedCodeCacheSize=
#   JVM is running with Zero Based Compressed Oops mode in which the Java heap is
#     placed in the first 32GB address space. The Java Heap base address is the
#     maximum limit for the native heap growth. Please use -XX:HeapBaseMinAddress
#     to set the Java Heap base and to place the Java Heap above 32GB virtual address.
# This output file may be truncated or incomplete.
#
#  Out of Memory Error (allocation.cpp:272), pid=22196, tid=0x0000000000002c58
#
# JRE version: OpenJDK Runtime Environment (8.0) (build 1.8.0-25-microsoft-b00)
# Java VM: OpenJDK 64-Bit Server VM (25.71-b00 mixed mode windows-amd64 compressed oops)
# Failed to write core dump. Minidumps are not enabled by default on client versions of Windows
#

---------------  T H R E A D  ---------------

Current thread (0x000000001dc9e800):  JavaThread "C2 CompilerThread1" daemon [_thread_in_native, id=11352, stack(0x000000001e670000,0x000000001e770000)]

Stack: [0x000000001e670000,0x000000001e770000]
[error occurred during error reporting (printing stack bounds), id 0xc0000005]

Native frames: (J=compiled Java code, j=interpreted, Vv=VM code, C=native code)


Current CompileTask:
C2:   1688 1741 %     4       org.objectweb.asm.ClassReader::readCode @ 1446 (3575 bytes)


---------------  P R O C E S S  ---------------

Java Threads: ( => current thread )
  0x000000001dcc0000 JavaThread "Service Thread" daemon [_thread_blocked, id=5804, stack(0x000000001e970000,0x000000001ea70000)]
  0x000000001dca7000 JavaThread "C1 CompilerThread3" daemon [_thread_blocked, id=21808, stack(0x000000001e870000,0x000000001e970000)]
  0x000000001dca1000 JavaThread "C2 CompilerThread2" daemon [_thread_blocked, id=23792, stack(0x000000001e770000,0x000000001e870000)]
=>0x000000001dc9e800 JavaThread "C2 CompilerThread1" daemon [_thread_in_native, id=11352, stack(0x000000001e670000,0x000000001e770000)]
  0x000000001dc98800 JavaThread "C2 CompilerThread0" daemon [_thread_blocked, id=17008, stack(0x000000001e570000,0x000000001e670000)]
  0x000000001dc97800 JavaThread "Attach Listener" daemon [_thread_blocked, id=16864, stack(0x000000001e470000,0x000000001e570000)]
  0x000000001dc96800 JavaThread "Signal Dispatcher" daemon [_thread_blocked, id=16860, stack(0x000000001e370000,0x000000001e470000)]
  0x000000001be91000 JavaThread "Finalizer" daemon [_thread_blocked, id=13172, stack(0x000000001e170000,0x000000001e270000)]
  0x000000001dc90800 JavaThread "Reference Handler" daemon [_thread_blocked, id=6648, stack(0x000000001e070000,0x000000001e170000)]

Other Threads:
  0x000000001be87800 VMThread [stack: 0x000000001db70000,0x000000001dc70000] [id=22304]

VM state:at safepoint (normal execution)

VM Mutex/Monitor currently owned by a thread:  ([mutex/lock_event])
[0x000000000217de10] Threads_lock - owner thread: 0x000000001be87800
[0x000000000217df10] Heap_lock - owner thread: 0x0000000020694800

heap address: 0x00000006c1e00000, size: 4066 MB, Compressed Oops mode: Zero based, Oop shift amount: 3
Narrow klass base: 0x0000000000000000, Narrow klass shift: 3
Compressed class space size: 1073741824 Address: 0x00000007c0000000

Heap:
 PSYoungGen      total 286208K, used 222498K [0x000000076b500000, 0x000000077e900000, 0x00000007c0000000)
  eden space 259584K, 75% used [0x000000076b500000,0x000000077744b068,0x000000077b280000)
  from space 26624K, 99% used [0x000000077b280000,0x000000077cc7daa8,0x000000077cc80000)
  to   space 24064K, 0% used [0x000000077cc80000,0x000000077cc80000,0x000000077e400000)
 ParOldGen       total 175104K, used 27926K [0x00000006c1e00000, 0x00000006cc900000, 0x000000076b500000)
  object space 175104K, 15% used [0x00000006c1e00000,0x00000006c3945900,0x00000006cc900000)
 Metaspace       used 9689K, capacity 9782K, committed 9984K, reserved 1058816K
  class space    used 879K, capacity 915K, committed 1024K, reserved 1048576K

Card table byte_map: [0x0000000011840000,0x0000000012040000] byte_map_base: 0x000000000e231000

Marking Bits: (ParMarkBitMap*) 0x00000000682c8f30
 Begin Bits: [0x0000000012d90000, 0x0000000016d18000)
 End Bits:   [0x0000000016d18000, 0x000000001aca0000)

Polling page: 0x0000000002190000

CodeCache: size=245760Kb used=7402Kb max_used=7402Kb free=238357Kb
 bounds [0x0000000002480000, 0x0000000002bd0000, 0x0000000011480000]
 total_blobs=2353 nmethods=2008 adapters=258
 compilation: enabled

Compilation events (10 events):
Event: 1.583 Thread 0x000000001dca7000 2079       2       org.objectweb.asm.Item::set (29 bytes)
Event: 1.583 Thread 0x000000001dca7000 nmethod 2079 0x0000000002bbee50 code [0x0000000002bbefa0, 0x0000000002bbf130]
Event: 1.583 Thread 0x000000001dca7000 2080       2       org.objectweb.asm.ClassWriter::newDouble (74 bytes)
Event: 1.584 Thread 0x000000001dca7000 nmethod 2080 0x0000000002bbf1d0 code [0x0000000002bbf380, 0x0000000002bbf6a8]
Event: 1.598 Thread 0x000000001dca7000 2081       2       sun.misc.FDBigInteger::mult (64 bytes)
Event: 1.598 Thread 0x000000001dca7000 nmethod 2081 0x0000000002bbfc90 code [0x0000000002bbfe00, 0x0000000002bc0030]
Event: 1.598 Thread 0x000000001dca7000 2082       2       sun.misc.FDBigInteger::<init> (30 bytes)
Event: 1.598 Thread 0x000000001dca7000 nmethod 2082 0x0000000002bc0310 code [0x0000000002bc0480, 0x0000000002bc0628]
Event: 1.598 Thread 0x000000001dca7000 2083       2       sun.misc.FDBigInteger::trimLeadingZeros (57 bytes)
Event: 1.598 Thread 0x000000001dca7000 nmethod 2083 0x0000000002bc0710 code [0x0000000002bc0880, 0x0000000002bc0ab0]

GC Heap History (10 events):
Event: 0.708 GC heap before
{Heap before GC invocations=3 (full 0):
 PSYoungGen      total 76288K, used 71894K [0x000000076b500000, 0x0000000774a00000, 0x00000007c0000000)
  eden space 65536K, 100% used [0x000000076b500000,0x000000076f500000,0x000000076f500000)
  from space 10752K, 59% used [0x000000076ff80000,0x00000007705b5b20,0x0000000770a00000)
  to   space 10752K, 0% used [0x000000076f500000,0x000000076f500000,0x000000076ff80000)
 ParOldGen       total 175104K, used 2283K [0x00000006c1e00000, 0x00000006cc900000, 0x000000076b500000)
  object space 175104K, 1% used [0x00000006c1e00000,0x00000006c203adc0,0x00000006cc900000)
 Metaspace       used 8619K, capacity 8694K, committed 8832K, reserved 1056768K
  class space    used 809K, capacity 851K, committed 896K, reserved 1048576K
Event: 0.741 GC heap after
Heap after GC invocations=3 (full 0):
 PSYoungGen      total 76288K, used 10731K [0x000000076b500000, 0x0000000774a00000, 0x00000007c0000000)
  eden space 65536K, 0% used [0x000000076b500000,0x000000076b500000,0x000000076f500000)
  from space 10752K, 99% used [0x000000076f500000,0x000000076ff7ac18,0x000000076ff80000)
  to   space 10752K, 0% used [0x0000000773f80000,0x0000000773f80000,0x0000000774a00000)
 ParOldGen       total 175104K, used 11103K [0x00000006c1e00000, 0x00000006cc900000, 0x000000076b500000)
  object space 175104K, 6% used [0x00000006c1e00000,0x00000006c28d7db8,0x00000006cc900000)
 Metaspace       used 8619K, capacity 8694K, committed 8832K, reserved 1056768K
  class space    used 809K, capacity 851K, committed 896K, reserved 1048576K
}
Event: 0.839 GC heap before
{Heap before GC invocations=4 (full 0):
 PSYoungGen      total 76288K, used 76267K [0x000000076b500000, 0x0000000774a00000, 0x00000007c0000000)
  eden space 65536K, 100% used [0x000000076b500000,0x000000076f500000,0x000000076f500000)
  from space 10752K, 99% used [0x000000076f500000,0x000000076ff7ac18,0x000000076ff80000)
  to   space 10752K, 0% used [0x0000000773f80000,0x0000000773f80000,0x0000000774a00000)
 ParOldGen       total 175104K, used 11667K [0x00000006c1e00000, 0x00000006cc900000, 0x000000076b500000)
  object space 175104K, 6% used [0x00000006c1e00000,0x00000006c2964f88,0x00000006cc900000)
 Metaspace       used 9152K, capacity 9302K, committed 9344K, reserved 1058816K
  class space    used 842K, capacity 883K, committed 896K, reserved 1048576K
Event: 0.850 GC heap after
Heap after GC invocations=4 (full 0):
 PSYoungGen      total 141824K, used 10732K [0x000000076b500000, 0x0000000774a00000, 0x00000007c0000000)
  eden space 131072K, 0% used [0x000000076b500000,0x000000076b500000,0x0000000773500000)
  from space 10752K, 99% used [0x0000000773f80000,0x00000007749fb308,0x0000000774a00000)
  to   space 10752K, 0% used [0x0000000773500000,0x0000000773500000,0x0000000773f80000)
 ParOldGen       total 175104K, used 16653K [0x00000006c1e00000, 0x00000006cc900000, 0x000000076b500000)
  object space 175104K, 9% used [0x00000006c1e00000,0x00000006c2e435d0,0x00000006cc900000)
 Metaspace       used 9152K, capacity 9302K, committed 9344K, reserved 1058816K
  class space    used 842K, capacity 883K, committed 896K, reserved 1048576K
}
Event: 1.015 GC heap before
{Heap before GC invocations=5 (full 0):
 PSYoungGen      total 141824K, used 141804K [0x000000076b500000, 0x0000000774a00000, 0x00000007c0000000)
  eden space 131072K, 100% used [0x000000076b500000,0x0000000773500000,0x0000000773500000)
  from space 10752K, 99% used [0x0000000773f80000,0x00000007749fb308,0x0000000774a00000)
  to   space 10752K, 0% used [0x0000000773500000,0x0000000773500000,0x0000000773f80000)
 ParOldGen       total 175104K, used 16653K [0x00000006c1e00000, 0x00000006cc900000, 0x000000076b500000)
  object space 175104K, 9% used [0x00000006c1e00000,0x00000006c2e435d0,0x00000006cc900000)
 Metaspace       used 9276K, capacity 9366K, committed 9600K, reserved 1058816K
  class space    used 843K, capacity 883K, committed 896K, reserved 1048576K
Event: 1.031 GC heap after
Heap after GC invocations=5 (full 0):
 PSYoungGen      total 141824K, used 10737K [0x000000076b500000, 0x000000077e400000, 0x00000007c0000000)
  eden space 131072K, 0% used [0x000000076b500000,0x000000076b500000,0x0000000773500000)
  from space 10752K, 99% used [0x0000000773500000,0x0000000773f7c430,0x0000000773f80000)
  to   space 24064K, 0% used [0x000000077cc80000,0x000000077cc80000,0x000000077e400000)
 ParOldGen       total 175104K, used 24308K [0x00000006c1e00000, 0x00000006cc900000, 0x000000076b500000)
  object space 175104K, 13% used [0x00000006c1e00000,0x00000006c35bd168,0x00000006cc900000)
 Metaspace       used 9276K, capacity 9366K, committed 9600K, reserved 1058816K
  class space    used 843K, capacity 883K, committed 896K, reserved 1048576K
}
Event: 1.150 GC heap before
{Heap before GC invocations=6 (full 0):
 PSYoungGen      total 141824K, used 141809K [0x000000076b500000, 0x000000077e400000, 0x00000007c0000000)
  eden space 131072K, 100% used [0x000000076b500000,0x0000000773500000,0x0000000773500000)
  from space 10752K, 99% used [0x0000000773500000,0x0000000773f7c430,0x0000000773f80000)
  to   space 24064K, 0% used [0x000000077cc80000,0x000000077cc80000,0x000000077e400000)
 ParOldGen       total 175104K, used 24308K [0x00000006c1e00000, 0x00000006cc900000, 0x000000076b500000)
  object space 175104K, 13% used [0x00000006c1e00000,0x00000006c35bd168,0x00000006cc900000)
 Metaspace       used 9291K, capacity 9366K, committed 9600K, reserved 1058816K
  class space    used 844K, capacity 883K, committed 896K, reserved 1048576K
Event: 1.166 GC heap after
Heap after GC invocations=6 (full 0):
 PSYoungGen      total 283648K, used 21005K [0x000000076b500000, 0x000000077e900000, 0x00000007c0000000)
  eden space 259584K, 0% used [0x000000076b500000,0x000000076b500000,0x000000077b280000)
  from space 24064K, 87% used [0x000000077cc80000,0x000000077e1035e8,0x000000077e400000)
  to   space 26624K, 0% used [0x000000077b280000,0x000000077b280000,0x000000077cc80000)
 ParOldGen       total 175104K, used 24316K [0x00000006c1e00000, 0x00000006cc900000, 0x000000076b500000)
  object space 175104K, 13% used [0x00000006c1e00000,0x00000006c35bf168,0x00000006cc900000)
 Metaspace       used 9291K, capacity 9366K, committed 9600K, reserved 1058816K
  class space    used 844K, capacity 883K, committed 896K, reserved 1048576K
}
Event: 1.382 GC heap before
{Heap before GC invocations=7 (full 0):
 PSYoungGen      total 283648K, used 280589K [0x000000076b500000, 0x000000077e900000, 0x00000007c0000000)
  eden space 259584K, 100% used [0x000000076b500000,0x000000077b280000,0x000000077b280000)
  from space 24064K, 87% used [0x000000077cc80000,0x000000077e1035e8,0x000000077e400000)
  to   space 26624K, 0% used [0x000000077b280000,0x000000077b280000,0x000000077cc80000)
 ParOldGen       total 175104K, used 24316K [0x00000006c1e00000, 0x00000006cc900000, 0x000000076b500000)
  object space 175104K, 13% used [0x00000006c1e00000,0x00000006c35bf168,0x00000006cc900000)
 Metaspace       used 9317K, capacity 9430K, committed 9600K, reserved 1058816K
  class space    used 844K, capacity 883K, committed 896K, reserved 1048576K
Event: 1.397 GC heap after
Heap after GC invocations=7 (full 0):
 PSYoungGen      total 286208K, used 26614K [0x000000076b500000, 0x000000077e900000, 0x00000007c0000000)
  eden space 259584K, 0% used [0x000000076b500000,0x000000076b500000,0x000000077b280000)
  from space 26624K, 99% used [0x000000077b280000,0x000000077cc7daa8,0x000000077cc80000)
  to   space 24064K, 0% used [0x000000077cc80000,0x000000077cc80000,0x000000077e400000)
 ParOldGen       total 175104K, used 27926K [0x00000006c1e00000, 0x00000006cc900000, 0x000000076b500000)
  object space 175104K, 15% used [0x00000006c1e00000,0x00000006c3945900,0x00000006cc900000)
 Metaspace       used 9317K, capacity 9430K, committed 9600K, reserved 1058816K
  class space    used 844K, capacity 883K, committed 896K, reserved 1048576K
}

Deoptimization events (10 events):
Event: 1.400 Thread 0x000000001ee51000 Uncommon trap: reason=unstable_if action=reinterpret pc=0x0000000002900a88 method=com.sun.org.apache.xerces.internal.impl.XMLEntityScanner.skipSpaces()Z @ 303
Event: 1.430 Thread 0x000000001ee49000 Uncommon trap: reason=unstable_if action=reinterpret pc=0x000000000293e234 method=java.util.regex.Pattern.newSlice([IIZ)Ljava/util/regex/Pattern$Node; @ 10
Event: 1.432 Thread 0x000000001ee49000 Uncommon trap: reason=unstable_if action=reinterpret pc=0x00000000029a7620 method=java.util.regex.Pattern.bitsOrSingle(Ljava/util/regex/Pattern$BitClass;I)Ljava/util/regex/Pattern$CharProperty; @ 12
Event: 1.432 Thread 0x000000001ee49000 Uncommon trap: reason=unstable_if action=reinterpret pc=0x000000000295af94 method=java.util.regex.Pattern$BitClass.add(II)Ljava/util/regex/Pattern$BitClass; @ 28
Event: 1.432 Thread 0x000000001ee49000 Uncommon trap: reason=unstable_if action=reinterpret pc=0x000000000295ca88 method=java.util.regex.Pattern.bitsOrSingle(Ljava/util/regex/Pattern$BitClass;I)Ljava/util/regex/Pattern$CharProperty; @ 12
Event: 1.432 Thread 0x000000001ee49000 Uncommon trap: reason=unstable_if action=reinterpret pc=0x0000000002931318 method=java.util.regex.Pattern.newSlice([IIZ)Ljava/util/regex/Pattern$Node; @ 10
Event: 1.432 Thread 0x000000001ee49000 Uncommon trap: reason=unstable_if action=reinterpret pc=0x00000000026a9350 method=java.util.regex.Pattern.has(I)Z @ 6
Event: 1.432 Thread 0x000000001ee49000 Uncommon trap: reason=unstable_if action=reinterpret pc=0x0000000002957620 method=java.util.regex.Pattern.bitsOrSingle(Ljava/util/regex/Pattern$BitClass;I)Ljava/util/regex/Pattern$CharProperty; @ 12
Event: 1.433 Thread 0x000000001ee49000 Uncommon trap: reason=unstable_if action=reinterpret pc=0x00000000027f8358 method=java.util.HashMap.isEmpty()Z @ 4
Event: 1.443 Thread 0x000000001ee49000 Uncommon trap: reason=unstable_if action=reinterpret pc=0x00000000027945dc method=java.util.Hashtable.get(Ljava/lang/Object;)Ljava/lang/Object; @ 36

Classes redefined (0 events):
No events

Internal exceptions (10 events):
Event: 0.110 Thread 0x000000000217e800 Exception <a 'java/lang/ArrayIndexOutOfBoundsException': 40> (0x000000076bc64600) thrown at [D:\j\worksp~1\openjd~3\jdk8u\hotspot\src\share\vm\interpreter\interpreterRuntime.cpp, line 368]
Event: 0.143 Thread 0x000000000217e800 Exception <a 'java/lang/ArrayIndexOutOfBoundsException'> (0x000000076c0dd158) thrown at [D:\j\worksp~1\openjd~3\jdk8u\hotspot\src\share\vm\runtime\sharedRuntime.cpp, line 605]
Event: 0.145 Thread 0x000000000217e800 Exception <a 'java/lang/ArrayIndexOutOfBoundsException'> (0x000000076c0f86a8) thrown at [D:\j\worksp~1\openjd~3\jdk8u\hotspot\src\share\vm\runtime\sharedRuntime.cpp, line 605]
Event: 0.150 Thread 0x000000000217e800 Exception <a 'java/lang/ArrayIndexOutOfBoundsException'> (0x000000076c14a0a8) thrown at [D:\j\worksp~1\openjd~3\jdk8u\hotspot\src\share\vm\runtime\sharedRuntime.cpp, line 605]
Event: 0.152 Thread 0x000000000217e800 Exception <a 'java/lang/ArrayIndexOutOfBoundsException'> (0x000000076c15f810) thrown at [D:\j\worksp~1\openjd~3\jdk8u\hotspot\src\share\vm\runtime\sharedRuntime.cpp, line 605]
Event: 0.764 Thread 0x000000001ee68000 Implicit null exception at 0x000000000288b780 to 0x000000000288b801
Event: 0.792 Thread 0x000000001ee5b800 Implicit null exception at 0x000000000288b3b4 to 0x000000000288b429
Event: 0.797 Thread 0x000000001ee4d000 Implicit null exception at 0x00000000029cccec to 0x00000000029cce1d
Event: 1.436 Thread 0x000000001ee49000 Exception <a 'sun/nio/fs/WindowsException'> (0x000000076e7ee8a8) thrown at [D:\j\worksp~1\openjd~3\jdk8u\hotspot\src\share\vm\prims\jni.cpp, line 710]
Event: 1.438 Thread 0x000000001ee49000 Exception <a 'sun/nio/fs/WindowsException'> (0x000000076e7ef438) thrown at [D:\j\worksp~1\openjd~3\jdk8u\hotspot\src\share\vm\prims\jni.cpp, line 710]

Events (10 events):
Event: 1.597 loading class sun/misc/FloatingDecimal$PreparedASCIIToBinaryBuffer done
Event: 1.597 loading class sun/misc/FDBigInteger
Event: 1.597 loading class sun/misc/FDBigInteger done
Event: 1.598 Thread 0x000000000217e800 Thread exited: 0x000000000217e800
Event: 1.598 Thread 0x0000000020694800 Thread added: 0x0000000020694800
Event: 1.598 loading class java/lang/Shutdown
Event: 1.598 loading class java/lang/Shutdown done
Event: 1.598 loading class java/lang/Shutdown$Lock
Event: 1.598 loading class java/lang/Shutdown$Lock done
Event: 1.598 Thread 0x0000000020694800 Thread exited: 0x0000000020694800


Dynamic libraries:
0x00007ff67c3d0000 - 0x00007ff67c405000 	C:\Program Files\Android\Jdk\microsoft_dist_openjdk_1.8.0.25\bin\java.exe
0x00007ffb4be90000 - 0x00007ffb4c085000 	C:\WINDOWS\SYSTEM32\ntdll.dll
0x00007ffb4a260000 - 0x00007ffb4a31d000 	C:\WINDOWS\System32\KERNEL32.DLL
0x00007ffb49690000 - 0x00007ffb49959000 	C:\WINDOWS\System32\KERNELBASE.dll
0x00007ffb4bd30000 - 0x00007ffb4bddc000 	C:\WINDOWS\System32\ADVAPI32.dll
0x00007ffb4bb00000 - 0x00007ffb4bb9e000 	C:\WINDOWS\System32\msvcrt.dll
0x00007ffb4a140000 - 0x00007ffb4a1db000 	C:\WINDOWS\System32\sechost.dll
0x00007ffb49ef0000 - 0x00007ffb4a01a000 	C:\WINDOWS\System32\RPCRT4.dll
0x00007ffb4b3b0000 - 0x00007ffb4b550000 	C:\WINDOWS\System32\USER32.dll
0x00007ffb49a10000 - 0x00007ffb49a32000 	C:\WINDOWS\System32\win32u.dll
0x00007ffb4a100000 - 0x00007ffb4a12a000 	C:\WINDOWS\System32\GDI32.dll
0x00007ffb49ce0000 - 0x00007ffb49deb000 	C:\WINDOWS\System32\gdi32full.dll
0x00007ffb495f0000 - 0x00007ffb4968d000 	C:\WINDOWS\System32\msvcp_win.dll
0x00007ffb49df0000 - 0x00007ffb49ef0000 	C:\WINDOWS\System32\ucrtbase.dll
0x00007ffb2bf50000 - 0x00007ffb2c1ea000 	C:\WINDOWS\WinSxS\amd64_microsoft.windows.common-controls_6595b64144ccf1df_6.0.19041.1110_none_60b5254171f9507e\COMCTL32.dll
0x00007ffb4ad40000 - 0x00007ffb4ad70000 	C:\WINDOWS\System32\IMM32.DLL
0x0000000068350000 - 0x0000000068421000 	C:\Program Files\Android\Jdk\microsoft_dist_openjdk_1.8.0.25\jre\bin\msvcr100.dll
0x0000000067b00000 - 0x0000000068345000 	C:\Program Files\Android\Jdk\microsoft_dist_openjdk_1.8.0.25\jre\bin\server\jvm.dll
0x00007ffb4bde0000 - 0x00007ffb4bde8000 	C:\WINDOWS\System32\PSAPI.DLL
0x00007ffb36c90000 - 0x00007ffb36c99000 	C:\WINDOWS\SYSTEM32\WSOCK32.dll
0x00007ffb438f0000 - 0x00007ffb438fa000 	C:\WINDOWS\SYSTEM32\VERSION.dll
0x00007ffb2c840000 - 0x00007ffb2c867000 	C:\WINDOWS\SYSTEM32\WINMM.dll
0x00007ffb4bcc0000 - 0x00007ffb4bd2b000 	C:\WINDOWS\System32\WS2_32.dll
0x00007ffb38b10000 - 0x00007ffb38b1f000 	C:\Program Files\Android\Jdk\microsoft_dist_openjdk_1.8.0.25\jre\bin\verify.dll
0x00007ffb13230000 - 0x00007ffb13259000 	C:\Program Files\Android\Jdk\microsoft_dist_openjdk_1.8.0.25\jre\bin\java.dll
0x00007ffb0e480000 - 0x00007ffb0e496000 	C:\Program Files\Android\Jdk\microsoft_dist_openjdk_1.8.0.25\jre\bin\zip.dll
0x00007ffb4a600000 - 0x00007ffb4ad3f000 	C:\WINDOWS\System32\SHELL32.dll
0x00007ffb475c0000 - 0x00007ffb47d50000 	C:\WINDOWS\SYSTEM32\windows.storage.dll
0x00007ffb4b050000 - 0x00007ffb4b3a5000 	C:\WINDOWS\System32\combase.dll
0x00007ffb48fb0000 - 0x00007ffb48fdc000 	C:\WINDOWS\SYSTEM32\Wldp.dll
0x00007ffb4ae20000 - 0x00007ffb4aece000 	C:\WINDOWS\System32\SHCORE.dll
0x00007ffb4bdf0000 - 0x00007ffb4be45000 	C:\WINDOWS\System32\shlwapi.dll
0x00007ffb49500000 - 0x00007ffb4951f000 	C:\WINDOWS\SYSTEM32\profapi.dll
0x00007ffb0e460000 - 0x00007ffb0e47a000 	C:\Program Files\Android\jdk\microsoft_dist_openjdk_1.8.0.25\jre\bin\net.dll
0x00007ffb48cb0000 - 0x00007ffb48d1a000 	C:\WINDOWS\system32\mswsock.dll
0x00007ffb0e440000 - 0x00007ffb0e451000 	C:\Program Files\Android\jdk\microsoft_dist_openjdk_1.8.0.25\jre\bin\nio.dll

VM Arguments:
java_command: com.xamarin.androidx.jetifierWrapper.Main -intermediate obj\Debug\110\androidx\_AndroidXJetifyEmbeddedFiles.jetify -parallel
java_class_path (initial): C:\Users\Administrator\.nuget\packages\xamarin.androidx.migration\1.0.8\buildTransitive\monoandroid90\Tools/JetifierWrapper/jetifierWrapper-1.0.jar
Launcher Type: SUN_STANDARD

Environment Variables:
PATH=C:\Program Files\Android\Jdk\microsoft_dist_openjdk_1.8.0.25\bin;C:\Program Files\Microsoft MPI\Bin\;C:\Oracle\11.2.0\client_1;C:\Program Files (x86)\Eziriz\.NET Reactor;C:\ProgramData\Oracle\Java\javapath;D:\app\Hung\product\11.2.0\client_2\bin;D:\app\Hung\product\11.2.0\client_1;C:\Program Files (x86)\Common Files\Oracle\Java\javapath;C:\WINDOWS\system32;C:\WINDOWS;C:\WINDOWS\System32\Wbem;C:\WINDOWS\System32\WindowsPowerShell\v1.0\;C:\WINDOWS\System32\OpenSSH\;C:\Program Files (x86)\Microsoft SQL Server\140\Tools\Binn\;C:\Program Files\Microsoft SQL Server\140\Tools\Binn\;C:\Program Files (x86)\Microsoft SQL Server\140\DTS\Binn\;C:\Program Files\Microsoft SQL Server\140\DTS\Binn\;C:\Program Files\Microsoft SQL Server\Client SDK\ODBC\130\Tools\Binn\;C:\Program Files\Git\cmd;C:\Program Files\dotnet\;C:\Program Files\Microsoft SQL Server\130\Tools\Binn\;C:\Program Files (x86)\Microsoft SQL Server\Client SDK\ODBC\130\Tools\Binn\;C:\Program Files (x86)\Microsoft SQL Server\140\Tools\Binn\ManagementStudio\;C:\Program Files (x86)\Microsoft SQL Server\90\Tools\binn\;C:\Users\Administrator\AppData\Local\Microsoft\WindowsApps;C:\Users\Administrator\.dotnet\tools;C:\Users\Administrator\AppData\Local\GitHubDesktop\bin
USERNAME=Administrator
OS=Windows_NT
PROCESSOR_IDENTIFIER=Intel64 Family 6 Model 94 Stepping 3, GenuineIntel



---------------  S Y S T E M  ---------------

OS: Windows 10.0 , 64 bit Build 19041 (10.0.19041.1151)

CPU:total 8 (initial active 8) (4 cores per cpu, 2 threads per core) family 6 model 94 stepping 3, cmov, cx8, fxsr, mmx, sse, sse2, sse3, ssse3, sse4.1, sse4.2, popcnt, avx, avx2, aes, clmul, erms, rtm, 3dnowpref, lzcnt, ht, tsc, tscinvbit, bmi1, bmi2, adx

Memory: 4k page, physical 16654136k(3404868k free), swap 16654136k(4104k free)

vm_info: OpenJDK 64-Bit Server VM (25.71-b00) for windows-amd64 JRE (1.8.0-25-microsoft-b00), built on Feb  7 2019 20:09:14 by "builder" with MS VC++ 10.0 (VS2010)

time: Thu Sep 16 16:43:50 2021
timezone: SE Asia Standard Time
elapsed time: 1 seconds (0d 0h 0m 1s)

