#
# There is insufficient memory for the Java Runtime Environment to continue.
# Native memory allocation (mmap) failed to map 352256 bytes for object start array expansion
# Possible reasons:
#   The system is out of physical RAM or swap space
#   The process is running with CompressedOops enabled, and the Java Heap may be blocking the growth of the native heap
# Possible solutions:
#   Reduce memory load on the system
#   Increase physical memory or swap space
#   Check if swap backing store is full
#   Decrease Java heap size (-Xmx/-Xms)
#   Decrease number of Java threads
#   Decrease Java thread stack sizes (-Xss)
#   Set larger code cache with -XX:ReservedCodeCacheSize=
# This output file may be truncated or incomplete.
#
#  Out of Memory Error (objectStartArray.cpp:102), pid=24424, tid=0x0000000000003278
#
# JRE version:  (8.0) (build )
# Java VM: OpenJDK 64-Bit Server VM (25.71-b00 mixed mode windows-amd64 compressed oops)
# Failed to write core dump. Minidumps are not enabled by default on client versions of Windows
#

---------------  T H R E A D  ---------------

Current thread (0x000000000324e800):  JavaThread "Unknown thread" [_thread_in_vm, id=12920, stack(0x0000000003090000,0x0000000003190000)]

Stack: [0x0000000003090000,0x0000000003190000]
[error occurred during error reporting (printing stack bounds), id 0xc0000005]

Native frames: (J=compiled Java code, j=interpreted, Vv=VM code, C=native code)


---------------  P R O C E S S  ---------------

Java Threads: ( => current thread )

Other Threads:

=>0x000000000324e800 (exited) JavaThread "Unknown thread" [_thread_in_vm, id=12920, stack(0x0000000003090000,0x0000000003190000)]

VM state:not at safepoint (not fully initialized)

VM Mutex/Monitor currently owned by a thread: None

heap address: 0x00000006c1e00000, size: 4066 MB, Compressed Oops mode: Non-zero based:0x00000006c1dff000, Oop shift amount: 3
Narrow klass base: 0x0000000000000000, Narrow klass shift: 0

GC Heap History (0 events):
No events

Deoptimization events (0 events):
No events

Classes redefined (0 events):
No events

Internal exceptions (0 events):
No events

Events (0 events):
No events


Dynamic libraries:
0x00007ff6a4c40000 - 0x00007ff6a4c75000 	C:\Program Files\Android\Jdk\microsoft_dist_openjdk_1.8.0.25\bin\java.exe
0x00007ff97e9f0000 - 0x00007ff97ebe5000 	C:\WINDOWS\SYSTEM32\ntdll.dll
0x00007ff97e000000 - 0x00007ff97e0bd000 	C:\WINDOWS\System32\KERNEL32.DLL
0x00007ff97c270000 - 0x00007ff97c539000 	C:\WINDOWS\System32\KERNELBASE.dll
0x00007ff97ce00000 - 0x00007ff97ceac000 	C:\WINDOWS\System32\ADVAPI32.dll
0x00007ff97cfd0000 - 0x00007ff97d06e000 	C:\WINDOWS\System32\msvcrt.dll
0x00007ff97df30000 - 0x00007ff97dfcb000 	C:\WINDOWS\System32\sechost.dll
0x00007ff97e880000 - 0x00007ff97e9aa000 	C:\WINDOWS\System32\RPCRT4.dll
0x00007ff97cc60000 - 0x00007ff97ce00000 	C:\WINDOWS\System32\USER32.dll
0x00007ff97c850000 - 0x00007ff97c872000 	C:\WINDOWS\System32\win32u.dll
0x00007ff97dfd0000 - 0x00007ff97dffa000 	C:\WINDOWS\System32\GDI32.dll
0x00007ff97c6a0000 - 0x00007ff97c7ab000 	C:\WINDOWS\System32\gdi32full.dll
0x00007ff97c7b0000 - 0x00007ff97c84d000 	C:\WINDOWS\System32\msvcp_win.dll
0x00007ff97c120000 - 0x00007ff97c220000 	C:\WINDOWS\System32\ucrtbase.dll
0x00007ff95e850000 - 0x00007ff95eaea000 	C:\WINDOWS\WinSxS\amd64_microsoft.windows.common-controls_6595b64144ccf1df_6.0.19041.1110_none_60b5254171f9507e\COMCTL32.dll
0x00007ff97e840000 - 0x00007ff97e870000 	C:\WINDOWS\System32\IMM32.DLL
0x0000000052a40000 - 0x0000000052b11000 	C:\Program Files\Android\Jdk\microsoft_dist_openjdk_1.8.0.25\jre\bin\msvcr100.dll
0x0000000051ab0000 - 0x00000000522f5000 	C:\Program Files\Android\Jdk\microsoft_dist_openjdk_1.8.0.25\jre\bin\server\jvm.dll
0x00007ff97e240000 - 0x00007ff97e248000 	C:\WINDOWS\System32\PSAPI.DLL
0x00007ff95ff50000 - 0x00007ff95ff77000 	C:\WINDOWS\SYSTEM32\WINMM.dll
0x00007ff96a3d0000 - 0x00007ff96a3d9000 	C:\WINDOWS\SYSTEM32\WSOCK32.dll
0x00007ff975230000 - 0x00007ff97523a000 	C:\WINDOWS\SYSTEM32\VERSION.dll
0x00007ff97e120000 - 0x00007ff97e18b000 	C:\WINDOWS\System32\WS2_32.dll
0x00007ff977d40000 - 0x00007ff977d4f000 	C:\Program Files\Android\Jdk\microsoft_dist_openjdk_1.8.0.25\jre\bin\verify.dll
0x00007ff977910000 - 0x00007ff977939000 	C:\Program Files\Android\Jdk\microsoft_dist_openjdk_1.8.0.25\jre\bin\java.dll
0x00007ff976910000 - 0x00007ff976926000 	C:\Program Files\Android\Jdk\microsoft_dist_openjdk_1.8.0.25\jre\bin\zip.dll

VM Arguments:
java_command: com.xamarin.androidx.jetifierWrapper.Main -intermediate obj\Debug\110\androidx\_AndroidXJetifyEmbeddedFiles.jetify -parallel
java_class_path (initial): C:\Users\Administrator\.nuget\packages\xamarin.androidx.migration\1.0.8\buildTransitive\monoandroid90\Tools/JetifierWrapper/jetifierWrapper-1.0.jar
Launcher Type: SUN_STANDARD

Environment Variables:
PATH=C:\Program Files\Android\Jdk\microsoft_dist_openjdk_1.8.0.25\bin;C:\Program Files\Microsoft MPI\Bin\;C:\Oracle\11.2.0\client_1;C:\Program Files (x86)\Eziriz\.NET Reactor;C:\ProgramData\Oracle\Java\javapath;D:\app\Hung\product\11.2.0\client_2\bin;D:\app\Hung\product\11.2.0\client_1;C:\Program Files (x86)\Common Files\Oracle\Java\javapath;C:\WINDOWS\system32;C:\WINDOWS;C:\WINDOWS\System32\Wbem;C:\WINDOWS\System32\WindowsPowerShell\v1.0\;C:\WINDOWS\System32\OpenSSH\;C:\Program Files (x86)\Microsoft SQL Server\140\Tools\Binn\;C:\Program Files\Microsoft SQL Server\140\Tools\Binn\;C:\Program Files (x86)\Microsoft SQL Server\140\DTS\Binn\;C:\Program Files\Microsoft SQL Server\140\DTS\Binn\;C:\Program Files\Microsoft SQL Server\Client SDK\ODBC\130\Tools\Binn\;C:\Program Files\Git\cmd;C:\Program Files\dotnet\;C:\Program Files\Microsoft SQL Server\130\Tools\Binn\;C:\Program Files (x86)\Microsoft SQL Server\Client SDK\ODBC\130\Tools\Binn\;C:\Program Files (x86)\Microsoft SQL Server\140\Tools\Binn\ManagementStudio\;C:\Program Files (x86)\Microsoft SQL Server\90\Tools\binn\;C:\Users\Administrator\AppData\Local\Microsoft\WindowsApps;C:\Users\Administrator\.dotnet\tools;C:\Users\Administrator\AppData\Local\GitHubDesktop\bin
USERNAME=Administrator
OS=Windows_NT
PROCESSOR_IDENTIFIER=Intel64 Family 6 Model 94 Stepping 3, GenuineIntel



---------------  S Y S T E M  ---------------

OS: Windows 10.0 , 64 bit Build 19041 (10.0.19041.1151)

CPU:total 8 (initial active 8) (4 cores per cpu, 2 threads per core) family 6 model 94 stepping 3, cmov, cx8, fxsr, mmx, sse, sse2, sse3, ssse3, sse4.1, sse4.2, popcnt, avx, avx2, aes, clmul, erms, rtm, 3dnowpref, lzcnt, ht, tsc, tscinvbit, bmi1, bmi2, adx

Memory: 4k page, physical 16654136k(3915168k free), swap 16654136k(5304k free)

vm_info: OpenJDK 64-Bit Server VM (25.71-b00) for windows-amd64 JRE (1.8.0-25-microsoft-b00), built on Feb  7 2019 20:09:14 by "builder" with MS VC++ 10.0 (VS2010)

time: Mon Sep 13 16:32:56 2021
timezone: SE Asia Standard Time
elapsed time: 0 seconds (0d 0h 0m 0s)

