#
# There is insufficient memory for the Java Runtime Environment to continue.
# Native memory allocation (malloc) failed to allocate 1063936 bytes for Chunk::new
# Possible reasons:
#   The system is out of physical RAM or swap space
#   The process is running with CompressedOops enabled, and the Java Heap may be blocking the growth of the native heap
# Possible solutions:
#   Reduce memory load on the system
#   Increase physical memory or swap space
#   Check if swap backing store is full
#   Decrease Java heap size (-Xmx/-Xms)
#   Decrease number of Java threads
#   Decrease Java thread stack sizes (-Xss)
#   Set larger code cache with -XX:ReservedCodeCacheSize=
#   JVM is running with Unscaled Compressed Oops mode in which the Java heap is
#     placed in the first 4GB address space. The Java Heap base address is the
#     maximum limit for the native heap growth. Please use -XX:HeapBaseMinAddress
#     to set the Java Heap base and to place the Java Heap above 4GB virtual address.
# This output file may be truncated or incomplete.
#
#  Out of Memory Error (allocation.cpp:389), pid=2976, tid=0x0000000000005b30
#
# JRE version: OpenJDK Runtime Environment (8.0) (build 1.8.0-25-microsoft-b00)
# Java VM: OpenJDK 64-Bit Server VM (25.71-b00 mixed mode windows-amd64 compressed oops)
# Failed to write core dump. Minidumps are not enabled by default on client versions of Windows
#

---------------  T H R E A D  ---------------

Current thread (0x0000000017cdc800):  JavaThread "C2 CompilerThread1" daemon [_thread_in_native, id=23344, stack(0x00000000186b0000,0x00000000187b0000)]

Stack: [0x00000000186b0000,0x00000000187b0000]
[error occurred during error reporting (printing stack bounds), id 0xc0000005]

Native frames: (J=compiled Java code, j=interpreted, Vv=VM code, C=native code)


Current CompileTask:
C2:   1901 3438       4       com.android.tools.r8.ir.conversion.o::a (1153 bytes)


---------------  P R O C E S S  ---------------

Java Threads: ( => current thread )
  0x0000000018e9b000 JavaThread "ForkJoinPool-1-worker-0" daemon [_thread_in_Java, id=11580, stack(0x00000000196b0000,0x00000000197b0000)]
  0x0000000018e9a800 JavaThread "ForkJoinPool-1-worker-3" daemon [_thread_in_Java, id=20548, stack(0x00000000195b0000,0x00000000196b0000)]
  0x0000000018ea1000 JavaThread "ForkJoinPool-1-worker-2" daemon [_thread_in_Java, id=20580, stack(0x00000000194b0000,0x00000000195b0000)]
  0x0000000018ea0800 JavaThread "ForkJoinPool-1-worker-1" daemon [_thread_in_Java, id=16736, stack(0x00000000193b0000,0x00000000194b0000)]
  0x0000000017d70800 JavaThread "Service Thread" daemon [_thread_blocked, id=4772, stack(0x00000000189b0000,0x0000000018ab0000)]
  0x0000000017cea800 JavaThread "C1 CompilerThread3" daemon [_thread_in_native, id=4252, stack(0x00000000188b0000,0x00000000189b0000)]
  0x0000000017ce3000 JavaThread "C2 CompilerThread2" daemon [_thread_in_native, id=21600, stack(0x00000000187b0000,0x00000000188b0000)]
=>0x0000000017cdc800 JavaThread "C2 CompilerThread1" daemon [_thread_in_native, id=23344, stack(0x00000000186b0000,0x00000000187b0000)]
  0x0000000017cdb000 JavaThread "C2 CompilerThread0" daemon [_thread_in_native, id=15092, stack(0x00000000185b0000,0x00000000186b0000)]
  0x0000000017cd9800 JavaThread "Attach Listener" daemon [_thread_blocked, id=12708, stack(0x00000000184b0000,0x00000000185b0000)]
  0x0000000017cd9000 JavaThread "Signal Dispatcher" daemon [_thread_blocked, id=18228, stack(0x00000000183b0000,0x00000000184b0000)]
  0x0000000017cd0800 JavaThread "Finalizer" daemon [_thread_blocked, id=10116, stack(0x00000000181b0000,0x00000000182b0000)]
  0x0000000015edc000 JavaThread "Reference Handler" daemon [_thread_blocked, id=19564, stack(0x00000000180b0000,0x00000000181b0000)]
  0x00000000032c3800 JavaThread "main" [_thread_blocked, id=18936, stack(0x00000000031c0000,0x00000000032c0000)]

Other Threads:
  0x0000000015ed8800 VMThread [stack: 0x0000000017bb0000,0x0000000017cb0000] [id=19548]
  0x0000000017d71000 WatcherThread [stack: 0x0000000018ab0000,0x0000000018bb0000] [id=9012]

VM state:not at safepoint (normal execution)

VM Mutex/Monitor currently owned by a thread: None

heap address: 0x00000000c0000000, size: 1024 MB, Compressed Oops mode: 32-bit
Narrow klass base: 0x0000000000000000, Narrow klass shift: 3
Compressed class space size: 1073741824 Address: 0x0000000100000000

Heap:
 PSYoungGen      total 272896K, used 234202K [0x00000000eab00000, 0x00000000fc000000, 0x0000000100000000)
  eden space 262144K, 85% used [0x00000000eab00000,0x00000000f8538b80,0x00000000fab00000)
  from space 10752K, 99% used [0x00000000fb580000,0x00000000fbffe040,0x00000000fc000000)
  to   space 10752K, 0% used [0x00000000fab00000,0x00000000fab00000,0x00000000fb580000)
 ParOldGen       total 175104K, used 67389K [0x00000000c0000000, 0x00000000cab00000, 0x00000000eab00000)
  object space 175104K, 38% used [0x00000000c0000000,0x00000000c41cf5b8,0x00000000cab00000)
 Metaspace       used 16037K, capacity 17330K, committed 17664K, reserved 1064960K
  class space    used 2123K, capacity 2447K, committed 2560K, reserved 1048576K

Card table byte_map: [0x0000000012780000,0x0000000012990000] byte_map_base: 0x0000000012180000

Marking Bits: (ParMarkBitMap*) 0x000000006cbe8f30
 Begin Bits: [0x00000000132f0000, 0x00000000142f0000)
 End Bits:   [0x00000000142f0000, 0x00000000152f0000)

Polling page: 0x00000000018b0000

CodeCache: size=245760Kb used=11857Kb max_used=11857Kb free=233902Kb
 bounds [0x00000000033c0000, 0x0000000003f60000, 0x00000000123c0000]
 total_blobs=3841 nmethods=3487 adapters=266
 compilation: enabled

Compilation events (10 events):
Event: 1.842 Thread 0x0000000017ce3000 nmethod 3633 0x0000000003ee09d0 code [0x0000000003ee0b20, 0x0000000003ee0be8]
Event: 1.842 Thread 0x0000000017ce3000 3654       4       java.util.LinkedList::unlink (91 bytes)
Event: 1.842 Thread 0x0000000017ce3000 nmethod 3654 0x0000000003e93e50 code [0x0000000003e93f80, 0x0000000003e94058]
Event: 1.842 Thread 0x0000000017ce3000 3672       4       com.android.tools.r8.ir.optimize.g::doHash (64 bytes)
Event: 1.845 Thread 0x0000000017cea800 nmethod 3652% 0x0000000003ee5010 code [0x0000000003ee6fe0, 0x0000000003efd398]
Event: 1.845 Thread 0x0000000017cea800 3667 %     3       com.android.tools.r8.ir.regalloc.a::a @ 202 (1761 bytes)
Event: 1.859 Thread 0x0000000017cea800 nmethod 3667% 0x0000000003f0b190 code [0x0000000003f0c660, 0x0000000003f1b648]
Event: 1.859 Thread 0x0000000017cea800 3687 %     3       com.android.tools.r8.z.a.a.f::a @ 3326 (3630 bytes)
Event: 1.890 Thread 0x0000000017cea800 nmethod 3687% 0x0000000003f27790 code [0x0000000003f292c0, 0x0000000003f402e8]
Event: 1.890 Thread 0x0000000017cea800 3692       3       com.android.tools.r8.ir.regalloc.a::a (3992 bytes)

GC Heap History (8 events):
Event: 0.422 GC heap before
{Heap before GC invocations=1 (full 0):
 PSYoungGen      total 76288K, used 65536K [0x00000000eab00000, 0x00000000f0000000, 0x0000000100000000)
  eden space 65536K, 100% used [0x00000000eab00000,0x00000000eeb00000,0x00000000eeb00000)
  from space 10752K, 0% used [0x00000000ef580000,0x00000000ef580000,0x00000000f0000000)
  to   space 10752K, 0% used [0x00000000eeb00000,0x00000000eeb00000,0x00000000ef580000)
 ParOldGen       total 175104K, used 0K [0x00000000c0000000, 0x00000000cab00000, 0x00000000eab00000)
  object space 175104K, 0% used [0x00000000c0000000,0x00000000c0000000,0x00000000cab00000)
 Metaspace       used 8125K, capacity 8346K, committed 8576K, reserved 1056768K
  class space    used 932K, capacity 1033K, committed 1152K, reserved 1048576K
Event: 0.429 GC heap after
Heap after GC invocations=1 (full 0):
 PSYoungGen      total 76288K, used 10726K [0x00000000eab00000, 0x00000000f4000000, 0x0000000100000000)
  eden space 65536K, 0% used [0x00000000eab00000,0x00000000eab00000,0x00000000eeb00000)
  from space 10752K, 99% used [0x00000000eeb00000,0x00000000ef5799f8,0x00000000ef580000)
  to   space 10752K, 0% used [0x00000000f3580000,0x00000000f3580000,0x00000000f4000000)
 ParOldGen       total 175104K, used 5684K [0x00000000c0000000, 0x00000000cab00000, 0x00000000eab00000)
  object space 175104K, 3% used [0x00000000c0000000,0x00000000c058d038,0x00000000cab00000)
 Metaspace       used 8125K, capacity 8346K, committed 8576K, reserved 1056768K
  class space    used 932K, capacity 1033K, committed 1152K, reserved 1048576K
}
Event: 0.595 GC heap before
{Heap before GC invocations=2 (full 0):
 PSYoungGen      total 76288K, used 76262K [0x00000000eab00000, 0x00000000f4000000, 0x0000000100000000)
  eden space 65536K, 100% used [0x00000000eab00000,0x00000000eeb00000,0x00000000eeb00000)
  from space 10752K, 99% used [0x00000000eeb00000,0x00000000ef5799f8,0x00000000ef580000)
  to   space 10752K, 0% used [0x00000000f3580000,0x00000000f3580000,0x00000000f4000000)
 ParOldGen       total 175104K, used 5684K [0x00000000c0000000, 0x00000000cab00000, 0x00000000eab00000)
  object space 175104K, 3% used [0x00000000c0000000,0x00000000c058d038,0x00000000cab00000)
 Metaspace       used 9293K, capacity 9744K, committed 9984K, reserved 1058816K
  class space    used 1078K, capacity 1198K, committed 1280K, reserved 1048576K
Event: 0.612 GC heap after
Heap after GC invocations=2 (full 0):
 PSYoungGen      total 141824K, used 10748K [0x00000000eab00000, 0x00000000f4000000, 0x0000000100000000)
  eden space 131072K, 0% used [0x00000000eab00000,0x00000000eab00000,0x00000000f2b00000)
  from space 10752K, 99% used [0x00000000f3580000,0x00000000f3fff3b8,0x00000000f4000000)
  to   space 10752K, 0% used [0x00000000f2b00000,0x00000000f2b00000,0x00000000f3580000)
 ParOldGen       total 175104K, used 27761K [0x00000000c0000000, 0x00000000cab00000, 0x00000000eab00000)
  object space 175104K, 15% used [0x00000000c0000000,0x00000000c1b1c6e0,0x00000000cab00000)
 Metaspace       used 9293K, capacity 9744K, committed 9984K, reserved 1058816K
  class space    used 1078K, capacity 1198K, committed 1280K, reserved 1048576K
}
Event: 0.834 GC heap before
{Heap before GC invocations=3 (full 0):
 PSYoungGen      total 141824K, used 141820K [0x00000000eab00000, 0x00000000f4000000, 0x0000000100000000)
  eden space 131072K, 100% used [0x00000000eab00000,0x00000000f2b00000,0x00000000f2b00000)
  from space 10752K, 99% used [0x00000000f3580000,0x00000000f3fff3b8,0x00000000f4000000)
  to   space 10752K, 0% used [0x00000000f2b00000,0x00000000f2b00000,0x00000000f3580000)
 ParOldGen       total 175104K, used 27761K [0x00000000c0000000, 0x00000000cab00000, 0x00000000eab00000)
  object space 175104K, 15% used [0x00000000c0000000,0x00000000c1b1c6e0,0x00000000cab00000)
 Metaspace       used 10073K, capacity 10628K, committed 10880K, reserved 1058816K
  class space    used 1175K, capacity 1294K, committed 1408K, reserved 1048576K
Event: 0.864 GC heap after
Heap after GC invocations=3 (full 0):
 PSYoungGen      total 141824K, used 10744K [0x00000000eab00000, 0x00000000fc000000, 0x0000000100000000)
  eden space 131072K, 0% used [0x00000000eab00000,0x00000000eab00000,0x00000000f2b00000)
  from space 10752K, 99% used [0x00000000f2b00000,0x00000000f357e318,0x00000000f3580000)
  to   space 10752K, 0% used [0x00000000fb580000,0x00000000fb580000,0x00000000fc000000)
 ParOldGen       total 175104K, used 52556K [0x00000000c0000000, 0x00000000cab00000, 0x00000000eab00000)
  object space 175104K, 30% used [0x00000000c0000000,0x00000000c33530d0,0x00000000cab00000)
 Metaspace       used 10073K, capacity 10628K, committed 10880K, reserved 1058816K
  class space    used 1175K, capacity 1294K, committed 1408K, reserved 1048576K
}
Event: 1.350 GC heap before
{Heap before GC invocations=4 (full 0):
 PSYoungGen      total 141824K, used 141816K [0x00000000eab00000, 0x00000000fc000000, 0x0000000100000000)
  eden space 131072K, 100% used [0x00000000eab00000,0x00000000f2b00000,0x00000000f2b00000)
  from space 10752K, 99% used [0x00000000f2b00000,0x00000000f357e318,0x00000000f3580000)
  to   space 10752K, 0% used [0x00000000fb580000,0x00000000fb580000,0x00000000fc000000)
 ParOldGen       total 175104K, used 52556K [0x00000000c0000000, 0x00000000cab00000, 0x00000000eab00000)
  object space 175104K, 30% used [0x00000000c0000000,0x00000000c33530d0,0x00000000cab00000)
 Metaspace       used 15418K, capacity 16748K, committed 17024K, reserved 1064960K
  class space    used 2083K, capacity 2410K, committed 2432K, reserved 1048576K
Event: 1.384 GC heap after
Heap after GC invocations=4 (full 0):
 PSYoungGen      total 272896K, used 10744K [0x00000000eab00000, 0x00000000fc000000, 0x0000000100000000)
  eden space 262144K, 0% used [0x00000000eab00000,0x00000000eab00000,0x00000000fab00000)
  from space 10752K, 99% used [0x00000000fb580000,0x00000000fbffe040,0x00000000fc000000)
  to   space 10752K, 0% used [0x00000000fab00000,0x00000000fab00000,0x00000000fb580000)
 ParOldGen       total 175104K, used 67389K [0x00000000c0000000, 0x00000000cab00000, 0x00000000eab00000)
  object space 175104K, 38% used [0x00000000c0000000,0x00000000c41cf5b8,0x00000000cab00000)
 Metaspace       used 15418K, capacity 16748K, committed 17024K, reserved 1064960K
  class space    used 2083K, capacity 2410K, committed 2432K, reserved 1048576K
}

Deoptimization events (10 events):
Event: 1.446 Thread 0x0000000018e9b000 Uncommon trap: reason=unstable_if action=reinterpret pc=0x000000000396b834 method=com.android.tools.r8.graph.I0$b.a(ILjava/lang/String;Ljava/lang/String;Ljava/lang/String;Ljava/lang/Object;)Lcom/android/tools/r8/z/a/a/n; @ 20
Event: 1.485 Thread 0x0000000018e9a800 Uncommon trap: reason=bimorphic action=maybe_recompile pc=0x00000000038f6700 method=java.util.Arrays.equals([Ljava/lang/Object;[Ljava/lang/Object;)Z @ 62
Event: 1.485 Thread 0x0000000018e9a800 Uncommon trap: reason=bimorphic action=maybe_recompile pc=0x00000000038f6700 method=java.util.Arrays.equals([Ljava/lang/Object;[Ljava/lang/Object;)Z @ 62
Event: 1.485 Thread 0x0000000018e9a800 Uncommon trap: reason=bimorphic action=maybe_recompile pc=0x00000000038f6700 method=java.util.Arrays.equals([Ljava/lang/Object;[Ljava/lang/Object;)Z @ 62
Event: 1.485 Thread 0x0000000018e9a800 Uncommon trap: reason=bimorphic action=maybe_recompile pc=0x00000000038f6700 method=java.util.Arrays.equals([Ljava/lang/Object;[Ljava/lang/Object;)Z @ 62
Event: 1.513 Thread 0x0000000018ea0800 Uncommon trap: reason=class_check action=maybe_recompile pc=0x0000000003ccabd0 method=com.android.tools.r8.z.a.a.f.a(Lcom/android/tools/r8/z/a/a/h;[Lcom/android/tools/r8/z/a/a/d;I)V @ 663
Event: 1.516 Thread 0x0000000018e9b000 Uncommon trap: reason=class_check action=maybe_recompile pc=0x0000000003ccabd0 method=com.android.tools.r8.z.a.a.f.a(Lcom/android/tools/r8/z/a/a/h;[Lcom/android/tools/r8/z/a/a/d;I)V @ 663
Event: 1.516 Thread 0x0000000018e9a800 Uncommon trap: reason=unstable_if action=reinterpret pc=0x0000000003cc9318 method=com.android.tools.r8.graph.I0$b.a(ILjava/lang/String;Ljava/lang/String;Ljava/lang/String;Ljava/lang/Object;)Lcom/android/tools/r8/z/a/a/n; @ 10
Event: 1.516 Thread 0x0000000018ea0800 Uncommon trap: reason=unstable_if action=reinterpret pc=0x0000000003ccd308 method=com.android.tools.r8.z.a.a.f.a(Lcom/android/tools/r8/z/a/a/h;[Lcom/android/tools/r8/z/a/a/d;I)V @ 3080
Event: 1.575 Thread 0x0000000018e9a800 Uncommon trap: reason=unstable_if action=reinterpret pc=0x0000000003caa460 method=com.android.tools.r8.ir.regalloc.b.g(I)Lcom/android/tools/r8/ir/regalloc/b; @ 48

Classes redefined (0 events):
No events

Internal exceptions (10 events):
Event: 1.074 Thread 0x0000000018e9b000 Exception <a 'java/lang/NoSuchMethodError': java.lang.Object.b(Lcom/android/tools/r8/graph/p1$b;)Lcom/android/tools/r8/graph/p1$b;> (0x00000000ef678128) thrown at [D:\j\worksp~1\openjd~3\jdk8u\hotspot\src\share\vm\interpreter\linkResolver.cpp, line 620]
Event: 1.096 Thread 0x0000000018e9b000 Exception <a 'java/lang/NoSuchMethodError': java.lang.Object.lambda$comparingInt$7b0bb60$1(Ljava/util/function/ToIntFunction;Ljava/lang/Object;Ljava/lang/Object;)I> (0x00000000ef9b5ec8) thrown at [D:\j\worksp~1\openjd~3\jdk8u\hotspot\src\share\vm\interpre
Event: 1.096 Thread 0x0000000018ea0800 Exception <a 'java/lang/NoSuchMethodError': java.lang.Object.lambda$comparingInt$7b0bb60$1(Ljava/util/function/ToIntFunction;Ljava/lang/Object;Ljava/lang/Object;)I> (0x00000000ef854d28) thrown at [D:\j\worksp~1\openjd~3\jdk8u\hotspot\src\share\vm\interpre
Event: 1.096 Thread 0x0000000018ea1000 Exception <a 'java/lang/NoSuchMethodError': java.lang.Object.lambda$comparingInt$7b0bb60$1(Ljava/util/function/ToIntFunction;Ljava/lang/Object;Ljava/lang/Object;)I> (0x00000000ef947550) thrown at [D:\j\worksp~1\openjd~3\jdk8u\hotspot\src\share\vm\interpre
Event: 1.096 Thread 0x0000000018e9a800 Exception <a 'java/lang/NoSuchMethodError': java.lang.Object.lambda$comparingInt$7b0bb60$1(Ljava/util/function/ToIntFunction;Ljava/lang/Object;Ljava/lang/Object;)I> (0x00000000efa3ec58) thrown at [D:\j\worksp~1\openjd~3\jdk8u\hotspot\src\share\vm\interpre
Event: 1.097 Thread 0x0000000018ea0800 Exception <a 'java/lang/NoSuchMethodError': java.lang.Object.lambda$maxBy$1(Ljava/util/Comparator;Ljava/lang/Object;Ljava/lang/Object;)Ljava/lang/Object;> (0x00000000ef8606e0) thrown at [D:\j\worksp~1\openjd~3\jdk8u\hotspot\src\share\vm\interpreter\linkRe
Event: 1.097 Thread 0x0000000018ea1000 Exception <a 'java/lang/NoSuchMethodError': java.lang.Object.lambda$maxBy$1(Ljava/util/Comparator;Ljava/lang/Object;Ljava/lang/Object;)Ljava/lang/Object;> (0x00000000ef9534f8) thrown at [D:\j\worksp~1\openjd~3\jdk8u\hotspot\src\share\vm\interpreter\linkRe
Event: 1.097 Thread 0x0000000018e9b000 Exception <a 'java/lang/NoSuchMethodError': java.lang.Object.lambda$maxBy$1(Ljava/util/Comparator;Ljava/lang/Object;Ljava/lang/Object;)Ljava/lang/Object;> (0x00000000ef9c14d8) thrown at [D:\j\worksp~1\openjd~3\jdk8u\hotspot\src\share\vm\interpreter\linkRe
Event: 1.097 Thread 0x0000000018e9a800 Exception <a 'java/lang/NoSuchMethodError': java.lang.Object.lambda$maxBy$1(Ljava/util/Comparator;Ljava/lang/Object;Ljava/lang/Object;)Ljava/lang/Object;> (0x00000000efa4a820) thrown at [D:\j\worksp~1\openjd~3\jdk8u\hotspot\src\share\vm\interpreter\linkRe
Event: 1.516 Thread 0x0000000018ea0800 Implicit null exception at 0x0000000003cc1d78 to 0x0000000003ccd2d1

Events (10 events):
Event: 1.812 Thread 0x0000000018ea0800 DEOPT PACKING pc=0x0000000003ddab48 sp=0x00000000194ae710
Event: 1.812 Thread 0x0000000018ea0800 DEOPT UNPACKING pc=0x00000000034075d0 sp=0x00000000194ae738 mode 0
Event: 1.818 Thread 0x0000000018e9a800 DEOPT PACKING pc=0x0000000003c45842 sp=0x00000000196ae5b0
Event: 1.818 Thread 0x0000000018e9a800 DEOPT UNPACKING pc=0x00000000034075d0 sp=0x00000000196ae388 mode 0
Event: 1.829 Thread 0x0000000018e9a800 DEOPT PACKING pc=0x0000000003c48b6a sp=0x00000000196ae1f0
Event: 1.829 Thread 0x0000000018e9a800 DEOPT UNPACKING pc=0x00000000034075d0 sp=0x00000000196adfc0 mode 0
Event: 1.860 Thread 0x0000000018e9a800 DEOPT PACKING pc=0x0000000003ea6267 sp=0x00000000196adf90
Event: 1.860 Thread 0x0000000018ea0800 DEOPT PACKING pc=0x0000000003cbb5da sp=0x00000000194ae1d0
Event: 1.860 Thread 0x0000000018e9a800 DEOPT UNPACKING pc=0x00000000034075d0 sp=0x00000000196adfd8 mode 0
Event: 1.860 Thread 0x0000000018ea0800 DEOPT UNPACKING pc=0x00000000034075d0 sp=0x00000000194ae010 mode 0


Dynamic libraries:
0x00007ff782b90000 - 0x00007ff782bc5000 	C:\Program Files\Android\Jdk\microsoft_dist_openjdk_1.8.0.25\bin\java.exe
0x00007ffc940d0000 - 0x00007ffc942c5000 	C:\WINDOWS\SYSTEM32\ntdll.dll
0x00007ffc92120000 - 0x00007ffc921de000 	C:\WINDOWS\System32\KERNEL32.DLL
0x00007ffc91a40000 - 0x00007ffc91d09000 	C:\WINDOWS\System32\KERNELBASE.dll
0x00007ffc93330000 - 0x00007ffc933dc000 	C:\WINDOWS\System32\ADVAPI32.dll
0x00007ffc93e40000 - 0x00007ffc93ede000 	C:\WINDOWS\System32\msvcrt.dll
0x00007ffc936d0000 - 0x00007ffc9376b000 	C:\WINDOWS\System32\sechost.dll
0x00007ffc93c20000 - 0x00007ffc93d4a000 	C:\WINDOWS\System32\RPCRT4.dll
0x00007ffc92200000 - 0x00007ffc923a1000 	C:\WINDOWS\System32\USER32.dll
0x00007ffc91d10000 - 0x00007ffc91d32000 	C:\WINDOWS\System32\win32u.dll
0x00007ffc92b50000 - 0x00007ffc92b7b000 	C:\WINDOWS\System32\GDI32.dll
0x00007ffc91d40000 - 0x00007ffc91e4b000 	C:\WINDOWS\System32\gdi32full.dll
0x00007ffc91e50000 - 0x00007ffc91eed000 	C:\WINDOWS\System32\msvcp_win.dll
0x00007ffc91ef0000 - 0x00007ffc91ff0000 	C:\WINDOWS\System32\ucrtbase.dll
0x00007ffc73be0000 - 0x00007ffc73e7a000 	C:\WINDOWS\WinSxS\amd64_microsoft.windows.common-controls_6595b64144ccf1df_6.0.19041.1110_none_60b5254171f9507e\COMCTL32.dll
0x00007ffc934c0000 - 0x00007ffc934f0000 	C:\WINDOWS\System32\IMM32.DLL
0x000000006cc70000 - 0x000000006cd41000 	C:\Program Files\Android\Jdk\microsoft_dist_openjdk_1.8.0.25\jre\bin\msvcr100.dll
0x000000006c420000 - 0x000000006cc65000 	C:\Program Files\Android\Jdk\microsoft_dist_openjdk_1.8.0.25\jre\bin\server\jvm.dll
0x00007ffc93b40000 - 0x00007ffc93b48000 	C:\WINDOWS\System32\PSAPI.DLL
0x00007ffc8a3d0000 - 0x00007ffc8a3da000 	C:\WINDOWS\SYSTEM32\VERSION.dll
0x00007ffc750d0000 - 0x00007ffc750f7000 	C:\WINDOWS\SYSTEM32\WINMM.dll
0x00007ffc7ee70000 - 0x00007ffc7ee79000 	C:\WINDOWS\SYSTEM32\WSOCK32.dll
0x00007ffc93770000 - 0x00007ffc937db000 	C:\WINDOWS\System32\WS2_32.dll
0x00007ffc8d300000 - 0x00007ffc8d30f000 	C:\Program Files\Android\Jdk\microsoft_dist_openjdk_1.8.0.25\jre\bin\verify.dll
0x00007ffc66df0000 - 0x00007ffc66e19000 	C:\Program Files\Android\Jdk\microsoft_dist_openjdk_1.8.0.25\jre\bin\java.dll
0x00007ffc8d220000 - 0x00007ffc8d236000 	C:\Program Files\Android\Jdk\microsoft_dist_openjdk_1.8.0.25\jre\bin\zip.dll
0x00007ffc923b0000 - 0x00007ffc92aef000 	C:\WINDOWS\System32\SHELL32.dll
0x00007ffc8f7e0000 - 0x00007ffc8ff70000 	C:\WINDOWS\SYSTEM32\windows.storage.dll
0x00007ffc937e0000 - 0x00007ffc93b35000 	C:\WINDOWS\System32\combase.dll
0x00007ffc911d0000 - 0x00007ffc911fc000 	C:\WINDOWS\SYSTEM32\Wldp.dll
0x00007ffc934f0000 - 0x00007ffc9359e000 	C:\WINDOWS\System32\SHCORE.dll
0x00007ffc92af0000 - 0x00007ffc92b45000 	C:\WINDOWS\System32\shlwapi.dll
0x00007ffc91730000 - 0x00007ffc9174f000 	C:\WINDOWS\SYSTEM32\profapi.dll
0x00007ffc80d90000 - 0x00007ffc80daa000 	C:\Program Files\Android\jdk\microsoft_dist_openjdk_1.8.0.25\jre\bin\net.dll
0x00007ffc90ed0000 - 0x00007ffc90f3a000 	C:\WINDOWS\system32\mswsock.dll
0x00007ffc80ce0000 - 0x00007ffc80cf1000 	C:\Program Files\Android\jdk\microsoft_dist_openjdk_1.8.0.25\jre\bin\nio.dll

VM Arguments:
jvm_args: -Xmx1G 
java_command: com.android.tools.r8.D8 --debug --min-api 21 --output obj\Debug\110\android\bin\ --lib D:\Android\android-sdk-xamarin\android-sdk\platforms\android-30\android.jar obj\Debug\110\android\bin\classes.zip C:\Program Files (x86)\Microsoft Visual Studio\2019\Professional\Common7\IDE\ReferenceAssemblies\Microsoft\Framework\MonoAndroid\v11.0\mono.android.jar C:\Program Files (x86)\Microsoft Visual Studio\2019\Professional\MSBuild\Xamarin\Android\java_runtime_fastdev.jar C:\Program Files (x86)\Microsoft\Xamarin\NuGet\xamarin.androidx.annotation\1.1.0.8\buildTransitive\monoandroid90\..\..\jar\androidx.annotation.annotation.jar C:\Users\Administrator\.nuget\packages\xamarin.androidx.collection\1.1.0.6\buildTransitive\monoandroid90\..\..\jar\androidx.collection.collection.jar C:\Users\Administrator\.nuget\packages\xamarin.androidx.lifecycle.common\2.2.0.4\buildTransitive\monoandroid90\..\..\jar\androidx.lifecycle.lifecycle-common.jar C:\Users\Administrator\.nuget\packages\xamarin.androidx.arch.core.common\2.1.0.7\buildTransitive\monoandroid90\..\..\jar\androidx.arch.core.core-common.jar obj\Debug\110\androidx\jl\066190f3-095a-4ffa-838c-cb6ca46eacad.jar obj\Debug\110\lp\1\jl\formsviewgroup.jar obj\Debug\110\lp\100\jl\classes.jar obj\Debug\110\lp\101\jl\classes.jar obj\Debug\110\lp\102\jl\classes.jar obj\Debug\110\lp\104\jl\classes.jar obj\Debug\110\lp\105\jl\classes.jar obj\Debug\110\lp\66\jl\classes.jar obj\Debug\110\lp\67\jl\classes.jar obj\Debug\110\lp\68\jl\classes.jar obj\Debug\110\lp\69\jl\classes.jar obj\Debug\110\lp\70\jl\classes.jar obj\Debug\110\lp\71\jl\classes.jar obj\Debug\110\lp\72\jl\classes.jar obj\Debug\110\lp\73\jl\classes.jar obj\Debug\110\lp\74\jl\classes.jar obj\Debug\110\lp\75\jl\classes.jar obj\Debug\110\lp\76\jl\classes.jar obj\Debug\110\lp\77\jl\classes.jar obj\Debug\110\lp\78\jl\classes.jar obj\Debug\110\lp\79\jl\classes.jar obj\Debug\110\lp\80\jl\classes.jar obj\Debug\110\lp\81\jl\classes.jar obj\Debug\110\lp\82\jl\classes.jar obj\Debug
java_class_path (initial): C:\Program Files (x86)\Microsoft Visual Studio\2019\Professional\MSBuild\Xamarin\Android\r8.jar
Launcher Type: SUN_STANDARD

Environment Variables:
PATH=C:\Program Files\Android\Jdk\microsoft_dist_openjdk_1.8.0.25\bin;C:\Program Files\Microsoft MPI\Bin\;C:\Oracle\11.2.0\client_1;C:\Program Files (x86)\Eziriz\.NET Reactor;C:\ProgramData\Oracle\Java\javapath;D:\app\Hung\product\11.2.0\client_2\bin;D:\app\Hung\product\11.2.0\client_1;C:\Program Files (x86)\Common Files\Oracle\Java\javapath;C:\WINDOWS\system32;C:\WINDOWS;C:\WINDOWS\System32\Wbem;C:\WINDOWS\System32\WindowsPowerShell\v1.0\;C:\WINDOWS\System32\OpenSSH\;C:\Program Files (x86)\Microsoft SQL Server\140\Tools\Binn\;C:\Program Files\Microsoft SQL Server\140\Tools\Binn\;C:\Program Files (x86)\Microsoft SQL Server\140\DTS\Binn\;C:\Program Files\Microsoft SQL Server\140\DTS\Binn\;C:\Program Files\Microsoft SQL Server\Client SDK\ODBC\130\Tools\Binn\;C:\Program Files\Git\cmd;C:\Program Files\dotnet\;C:\Program Files\Microsoft SQL Server\130\Tools\Binn\;C:\Program Files (x86)\Microsoft SQL Server\Client SDK\ODBC\130\Tools\Binn\;C:\Program Files (x86)\Microsoft SQL Server\140\Tools\Binn\ManagementStudio\;C:\Program Files (x86)\Microsoft SQL Server\90\Tools\binn\;C:\Program Files (x86)\dotnet\;C:\Users\Administrator\AppData\Local\Microsoft\WindowsApps;C:\Users\Administrator\.dotnet\tools;C:\Users\Administrator\AppData\Local\GitHubDesktop\bin
USERNAME=Administrator
OS=Windows_NT
PROCESSOR_IDENTIFIER=Intel64 Family 6 Model 94 Stepping 3, GenuineIntel



---------------  S Y S T E M  ---------------

OS: Windows 10.0 , 64 bit Build 19041 (10.0.19041.1202)

CPU:total 8 (initial active 8) (4 cores per cpu, 2 threads per core) family 6 model 94 stepping 3, cmov, cx8, fxsr, mmx, sse, sse2, sse3, ssse3, sse4.1, sse4.2, popcnt, avx, avx2, aes, clmul, erms, rtm, 3dnowpref, lzcnt, ht, tsc, tscinvbit, bmi1, bmi2, adx

Memory: 4k page, physical 16654136k(2983400k free), swap 16654136k(5748k free)

vm_info: OpenJDK 64-Bit Server VM (25.71-b00) for windows-amd64 JRE (1.8.0-25-microsoft-b00), built on Feb  7 2019 20:09:14 by "builder" with MS VC++ 10.0 (VS2010)

time: Thu Sep 23 11:31:23 2021
timezone: SE Asia Standard Time
elapsed time: 1 seconds (0d 0h 0m 1s)

