#
# There is insufficient memory for the Java Runtime Environment to continue.
# Native memory allocation (malloc) failed to allocate 32744 bytes for ChunkPool::allocate
# Possible reasons:
#   The system is out of physical RAM or swap space
#   The process is running with CompressedOops enabled, and the Java Heap may be blocking the growth of the native heap
# Possible solutions:
#   Reduce memory load on the system
#   Increase physical memory or swap space
#   Check if swap backing store is full
#   Decrease Java heap size (-Xmx/-Xms)
#   Decrease number of Java threads
#   Decrease Java thread stack sizes (-Xss)
#   Set larger code cache with -XX:ReservedCodeCacheSize=
#   JVM is running with Zero Based Compressed Oops mode in which the Java heap is
#     placed in the first 32GB address space. The Java Heap base address is the
#     maximum limit for the native heap growth. Please use -XX:HeapBaseMinAddress
#     to set the Java Heap base and to place the Java Heap above 32GB virtual address.
# This output file may be truncated or incomplete.
#
#  Out of Memory Error (allocation.cpp:272), pid=20440, tid=0x00000000000022a0
#
# JRE version: OpenJDK Runtime Environment (8.0) (build 1.8.0-25-microsoft-b00)
# Java VM: OpenJDK 64-Bit Server VM (25.71-b00 mixed mode windows-amd64 compressed oops)
# Failed to write core dump. Minidumps are not enabled by default on client versions of Windows
#

---------------  T H R E A D  ---------------

Current thread (0x000000001dea4000):  JavaThread "C2 CompilerThread2" daemon [_thread_in_native, id=8864, stack(0x000000001e970000,0x000000001ea70000)]

Stack: [0x000000001e970000,0x000000001ea70000]
[error occurred during error reporting (printing stack bounds), id 0xc0000005]

Native frames: (J=compiled Java code, j=interpreted, Vv=VM code, C=native code)


Current CompileTask:
C2:   1661 1864       4       org.objectweb.asm.commons.Remapper::mapType (121 bytes)


---------------  P R O C E S S  ---------------

Java Threads: ( => current thread )
  0x000000001ef7f000 JavaThread "pool-1-thread-10" [_thread_in_Java, id=21256, stack(0x000000001ff70000,0x0000000020070000)]
  0x000000001ef7e000 JavaThread "pool-1-thread-9" [_thread_in_Java, id=19856, stack(0x000000001fe70000,0x000000001ff70000)]
  0x000000001ef77000 JavaThread "pool-1-thread-8" [_thread_blocked, id=17552, stack(0x000000001fc70000,0x000000001fd70000)]
  0x000000001ef76800 JavaThread "pool-1-thread-7" [_thread_blocked, id=27604, stack(0x000000001fb70000,0x000000001fc70000)]
  0x000000001ef75800 JavaThread "pool-1-thread-6" [_thread_in_Java, id=13620, stack(0x000000001fa70000,0x000000001fb70000)]
  0x000000001ef73000 JavaThread "pool-1-thread-5" [_thread_in_Java, id=10788, stack(0x000000001f970000,0x000000001fa70000)]
  0x000000001ef72000 JavaThread "pool-1-thread-4" [_thread_blocked, id=24644, stack(0x000000001f870000,0x000000001f970000)]
  0x000000001ef62800 JavaThread "pool-1-thread-3" [_thread_in_Java, id=2092, stack(0x000000001f770000,0x000000001f870000)]
  0x000000001ef5e800 JavaThread "pool-1-thread-2" [_thread_blocked, id=22452, stack(0x000000001f670000,0x000000001f770000)]
  0x000000001ef5d800 JavaThread "pool-1-thread-1" [_thread_in_Java, id=11236, stack(0x000000001f570000,0x000000001f670000)]
  0x000000001dec4000 JavaThread "Service Thread" daemon [_thread_blocked, id=17456, stack(0x000000001eb70000,0x000000001ec70000)]
  0x000000001deac000 JavaThread "C1 CompilerThread3" daemon [_thread_blocked, id=17848, stack(0x000000001ea70000,0x000000001eb70000)]
=>0x000000001dea4000 JavaThread "C2 CompilerThread2" daemon [_thread_in_native, id=8864, stack(0x000000001e970000,0x000000001ea70000)]
  0x000000001de9f800 JavaThread "C2 CompilerThread1" daemon [_thread_in_native, id=7960, stack(0x000000001e870000,0x000000001e970000)]
  0x000000001de9d800 JavaThread "C2 CompilerThread0" daemon [_thread_in_native, id=10732, stack(0x000000001e770000,0x000000001e870000)]
  0x000000001de9c800 JavaThread "Attach Listener" daemon [_thread_blocked, id=24272, stack(0x000000001e670000,0x000000001e770000)]
  0x000000001de9b000 JavaThread "Signal Dispatcher" daemon [_thread_blocked, id=14516, stack(0x000000001e570000,0x000000001e670000)]
  0x000000001de90800 JavaThread "Finalizer" daemon [_thread_blocked, id=21232, stack(0x000000001e370000,0x000000001e470000)]
  0x0000000002689000 JavaThread "Reference Handler" daemon [_thread_blocked, id=17808, stack(0x000000001e270000,0x000000001e370000)]
  0x000000000238e800 JavaThread "main" [_thread_blocked, id=3212, stack(0x0000000002490000,0x0000000002590000)]

Other Threads:
  0x000000001c098000 VMThread [stack: 0x000000001dd70000,0x000000001de70000] [id=18328]
  0x000000001dec5000 WatcherThread [stack: 0x000000001ec70000,0x000000001ed70000] [id=10168]

VM state:not at safepoint (normal execution)

VM Mutex/Monitor currently owned by a thread: None

heap address: 0x00000006c1e00000, size: 4066 MB, Compressed Oops mode: Zero based, Oop shift amount: 3
Narrow klass base: 0x0000000000000000, Narrow klass shift: 3
Compressed class space size: 1073741824 Address: 0x00000007c0000000

Heap:
 PSYoungGen      total 297984K, used 95505K [0x000000076b500000, 0x000000078fb00000, 0x00000007c0000000)
  eden space 259584K, 25% used [0x000000076b500000,0x000000076f52a060,0x000000077b280000)
  from space 38400K, 77% used [0x000000078d580000,0x000000078f29a3b0,0x000000078fb00000)
  to   space 30720K, 0% used [0x000000077b280000,0x000000077b280000,0x000000077d080000)
 ParOldGen       total 175104K, used 44692K [0x00000006c1e00000, 0x00000006cc900000, 0x000000076b500000)
  object space 175104K, 25% used [0x00000006c1e00000,0x00000006c49a53d0,0x00000006cc900000)
 Metaspace       used 10201K, capacity 10306K, committed 10496K, reserved 1058816K
  class space    used 945K, capacity 981K, committed 1024K, reserved 1048576K

Card table byte_map: [0x0000000011a50000,0x0000000012250000] byte_map_base: 0x000000000e441000

Marking Bits: (ParMarkBitMap*) 0x0000000051fe8f30
 Begin Bits: [0x0000000012fa0000, 0x0000000016f28000)
 End Bits:   [0x0000000016f28000, 0x000000001aeb0000)

Polling page: 0x0000000000b00000

CodeCache: size=245760Kb used=7576Kb max_used=7576Kb free=238183Kb
 bounds [0x0000000002690000, 0x0000000002e00000, 0x0000000011690000]
 total_blobs=2397 nmethods=2058 adapters=252
 compilation: enabled

Compilation events (10 events):
Event: 1.628 Thread 0x000000001deac000 2129       2       com.sun.org.apache.xerces.internal.utils.SecuritySupport$4::run (8 bytes)
Event: 1.628 Thread 0x000000001deac000 nmethod 2129 0x0000000002dfaa90 code [0x0000000002dfac20, 0x0000000002dfae28]
Event: 1.630 Thread 0x000000001deac000 2130       2       java.io.File::hashCode (8 bytes)
Event: 1.630 Thread 0x000000001deac000 nmethod 2130 0x0000000002dfaf50 code [0x0000000002dfb0c0, 0x0000000002dfb278]
Event: 1.644 Thread 0x000000001deac000 2134       2       org.objectweb.asm.Item::set (25 bytes)
Event: 1.644 Thread 0x000000001deac000 nmethod 2134 0x0000000002dfb390 code [0x0000000002dfb4e0, 0x0000000002dfb650]
Event: 1.645 Thread 0x000000001deac000 2135       2       org.objectweb.asm.ByteVector::putLong (145 bytes)
Event: 1.645 Thread 0x000000001deac000 nmethod 2135 0x0000000002dfb6d0 code [0x0000000002dfb840, 0x0000000002dfbb28]
Event: 1.647 Thread 0x000000001deac000 2136       2       java.lang.Long::valueOf (36 bytes)
Event: 1.648 Thread 0x000000001deac000 nmethod 2136 0x0000000002dfbd90 code [0x0000000002dfbf00, 0x0000000002dfc0f0]

GC Heap History (10 events):
Event: 1.008 GC heap before
{Heap before GC invocations=4 (full 0):
 PSYoungGen      total 76288K, used 76280K [0x000000076b500000, 0x0000000774a00000, 0x00000007c0000000)
  eden space 65536K, 100% used [0x000000076b500000,0x000000076f500000,0x000000076f500000)
  from space 10752K, 99% used [0x000000076f500000,0x000000076ff7e350,0x000000076ff80000)
  to   space 10752K, 0% used [0x0000000773f80000,0x0000000773f80000,0x0000000774a00000)
 ParOldGen       total 175104K, used 5103K [0x00000006c1e00000, 0x00000006cc900000, 0x000000076b500000)
  object space 175104K, 2% used [0x00000006c1e00000,0x00000006c22fbce0,0x00000006cc900000)
 Metaspace       used 8950K, capacity 9058K, committed 9088K, reserved 1056768K
  class space    used 830K, capacity 885K, committed 896K, reserved 1048576K
Event: 1.025 GC heap after
Heap after GC invocations=4 (full 0):
 PSYoungGen      total 141824K, used 10740K [0x000000076b500000, 0x0000000774a00000, 0x00000007c0000000)
  eden space 131072K, 0% used [0x000000076b500000,0x000000076b500000,0x0000000773500000)
  from space 10752K, 99% used [0x0000000773f80000,0x00000007749fd0a8,0x0000000774a00000)
  to   space 10752K, 0% used [0x0000000773500000,0x0000000773500000,0x0000000773f80000)
 ParOldGen       total 175104K, used 19104K [0x00000006c1e00000, 0x00000006cc900000, 0x000000076b500000)
  object space 175104K, 10% used [0x00000006c1e00000,0x00000006c30a8020,0x00000006cc900000)
 Metaspace       used 8950K, capacity 9058K, committed 9088K, reserved 1056768K
  class space    used 830K, capacity 885K, committed 896K, reserved 1048576K
}
Event: 1.171 GC heap before
{Heap before GC invocations=5 (full 0):
 PSYoungGen      total 141824K, used 141812K [0x000000076b500000, 0x0000000774a00000, 0x00000007c0000000)
  eden space 131072K, 100% used [0x000000076b500000,0x0000000773500000,0x0000000773500000)
  from space 10752K, 99% used [0x0000000773f80000,0x00000007749fd0a8,0x0000000774a00000)
  to   space 10752K, 0% used [0x0000000773500000,0x0000000773500000,0x0000000773f80000)
 ParOldGen       total 175104K, used 23539K [0x00000006c1e00000, 0x00000006cc900000, 0x000000076b500000)
  object space 175104K, 13% used [0x00000006c1e00000,0x00000006c34fcef8,0x00000006cc900000)
 Metaspace       used 9287K, capacity 9378K, committed 9600K, reserved 1058816K
  class space    used 844K, capacity 885K, committed 896K, reserved 1048576K
Event: 1.185 GC heap after
Heap after GC invocations=5 (full 0):
 PSYoungGen      total 141824K, used 10736K [0x000000076b500000, 0x000000077ec00000, 0x00000007c0000000)
  eden space 131072K, 0% used [0x000000076b500000,0x000000076b500000,0x0000000773500000)
  from space 10752K, 99% used [0x0000000773500000,0x0000000773f7c2c0,0x0000000773f80000)
  to   space 28160K, 0% used [0x000000077d080000,0x000000077d080000,0x000000077ec00000)
 ParOldGen       total 175104K, used 32765K [0x00000006c1e00000, 0x00000006cc900000, 0x000000076b500000)
  object space 175104K, 18% used [0x00000006c1e00000,0x00000006c3dff4d8,0x00000006cc900000)
 Metaspace       used 9287K, capacity 9378K, committed 9600K, reserved 1058816K
  class space    used 844K, capacity 885K, committed 896K, reserved 1048576K
}
Event: 1.250 GC heap before
{Heap before GC invocations=6 (full 0):
 PSYoungGen      total 141824K, used 141808K [0x000000076b500000, 0x000000077ec00000, 0x00000007c0000000)
  eden space 131072K, 100% used [0x000000076b500000,0x0000000773500000,0x0000000773500000)
  from space 10752K, 99% used [0x0000000773500000,0x0000000773f7c2c0,0x0000000773f80000)
  to   space 28160K, 0% used [0x000000077d080000,0x000000077d080000,0x000000077ec00000)
 ParOldGen       total 175104K, used 34449K [0x00000006c1e00000, 0x00000006cc900000, 0x000000076b500000)
  object space 175104K, 19% used [0x00000006c1e00000,0x00000006c3fa4420,0x00000006cc900000)
 Metaspace       used 9330K, capacity 9442K, committed 9600K, reserved 1058816K
  class space    used 845K, capacity 885K, committed 896K, reserved 1048576K
Event: 1.263 GC heap after
Heap after GC invocations=6 (full 0):
 PSYoungGen      total 287744K, used 22779K [0x000000076b500000, 0x000000077f100000, 0x00000007c0000000)
  eden space 259584K, 0% used [0x000000076b500000,0x000000076b500000,0x000000077b280000)
  from space 28160K, 80% used [0x000000077d080000,0x000000077e6bed58,0x000000077ec00000)
  to   space 30720K, 0% used [0x000000077b280000,0x000000077b280000,0x000000077d080000)
 ParOldGen       total 175104K, used 34449K [0x00000006c1e00000, 0x00000006cc900000, 0x000000076b500000)
  object space 175104K, 19% used [0x00000006c1e00000,0x00000006c3fa4420,0x00000006cc900000)
 Metaspace       used 9330K, capacity 9442K, committed 9600K, reserved 1058816K
  class space    used 845K, capacity 885K, committed 896K, reserved 1048576K
}
Event: 1.435 GC heap before
{Heap before GC invocations=7 (full 0):
 PSYoungGen      total 287744K, used 282363K [0x000000076b500000, 0x000000077f100000, 0x00000007c0000000)
  eden space 259584K, 100% used [0x000000076b500000,0x000000077b280000,0x000000077b280000)
  from space 28160K, 80% used [0x000000077d080000,0x000000077e6bed58,0x000000077ec00000)
  to   space 30720K, 0% used [0x000000077b280000,0x000000077b280000,0x000000077d080000)
 ParOldGen       total 175104K, used 34451K [0x00000006c1e00000, 0x00000006cc900000, 0x000000076b500000)
  object space 175104K, 19% used [0x00000006c1e00000,0x00000006c3fa4cf0,0x00000006cc900000)
 Metaspace       used 10145K, capacity 10306K, committed 10496K, reserved 1058816K
  class space    used 940K, capacity 981K, committed 1024K, reserved 1048576K
Event: 1.467 GC heap after
Heap after GC invocations=7 (full 0):
 PSYoungGen      total 290304K, used 30712K [0x000000076b500000, 0x000000078fb00000, 0x00000007c0000000)
  eden space 259584K, 0% used [0x000000076b500000,0x000000076b500000,0x000000077b280000)
  from space 30720K, 99% used [0x000000077b280000,0x000000077d07e028,0x000000077d080000)
  to   space 38400K, 0% used [0x000000078d580000,0x000000078d580000,0x000000078fb00000)
 ParOldGen       total 175104K, used 38517K [0x00000006c1e00000, 0x00000006cc900000, 0x000000076b500000)
  object space 175104K, 21% used [0x00000006c1e00000,0x00000006c439d558,0x00000006cc900000)
 Metaspace       used 10145K, capacity 10306K, committed 10496K, reserved 1058816K
  class space    used 940K, capacity 981K, committed 1024K, reserved 1048576K
}
Event: 1.598 GC heap before
{Heap before GC invocations=8 (full 0):
 PSYoungGen      total 290304K, used 290296K [0x000000076b500000, 0x000000078fb00000, 0x00000007c0000000)
  eden space 259584K, 100% used [0x000000076b500000,0x000000077b280000,0x000000077b280000)
  from space 30720K, 99% used [0x000000077b280000,0x000000077d07e028,0x000000077d080000)
  to   space 38400K, 0% used [0x000000078d580000,0x000000078d580000,0x000000078fb00000)
 ParOldGen       total 175104K, used 38517K [0x00000006c1e00000, 0x00000006cc900000, 0x000000076b500000)
  object space 175104K, 21% used [0x00000006c1e00000,0x00000006c439d558,0x00000006cc900000)
 Metaspace       used 10199K, capacity 10306K, committed 10496K, reserved 1058816K
  class space    used 945K, capacity 981K, committed 1024K, reserved 1048576K
Event: 1.626 GC heap after
Heap after GC invocations=8 (full 0):
 PSYoungGen      total 297984K, used 29800K [0x000000076b500000, 0x000000078fb00000, 0x00000007c0000000)
  eden space 259584K, 0% used [0x000000076b500000,0x000000076b500000,0x000000077b280000)
  from space 38400K, 77% used [0x000000078d580000,0x000000078f29a3b0,0x000000078fb00000)
  to   space 30720K, 0% used [0x000000077b280000,0x000000077b280000,0x000000077d080000)
 ParOldGen       total 175104K, used 44692K [0x00000006c1e00000, 0x00000006cc900000, 0x000000076b500000)
  object space 175104K, 25% used [0x00000006c1e00000,0x00000006c49a53d0,0x00000006cc900000)
 Metaspace       used 10199K, capacity 10306K, committed 10496K, reserved 1058816K
  class space    used 945K, capacity 981K, committed 1024K, reserved 1048576K
}

Deoptimization events (10 events):
Event: 1.374 Thread 0x000000001ef77000 Uncommon trap: reason=unstable_if action=reinterpret pc=0x0000000002c54e40 method=org.objectweb.asm.ByteVector.putUTF8(Ljava/lang/String;)Lorg/objectweb/asm/ByteVector; @ 98
Event: 1.389 Thread 0x000000001ef75800 Uncommon trap: reason=unstable_if action=reinterpret pc=0x0000000002ab9f44 method=com.sun.org.apache.xerces.internal.utils.XMLSecurityManager.getIndex(Ljava/lang/String;)I @ 28
Event: 1.389 Thread 0x000000001ef75800 Uncommon trap: reason=unstable_if action=reinterpret pc=0x0000000002b1dd24 method=com.sun.org.apache.xerces.internal.impl.XMLEntityScanner.skipString(Ljava/lang/String;)Z @ 104
Event: 1.390 Thread 0x000000001ef75800 Uncommon trap: reason=unstable_if action=reinterpret pc=0x0000000002ad5fcc method=com.sun.org.apache.xerces.internal.impl.XMLEntityScanner.load(IZZ)Z @ 50
Event: 1.390 Thread 0x000000001ef75800 Uncommon trap: reason=unstable_if action=reinterpret pc=0x0000000002a3e81c method=com.sun.org.apache.xerces.internal.impl.XMLEntityManager$RewindableInputStream.read([BII)I @ 39
Event: 1.390 Thread 0x000000001ef75800 Uncommon trap: reason=unstable_if action=reinterpret pc=0x0000000002af0c48 method=com.sun.org.apache.xerces.internal.util.XMLStringBuffer.append([CII)V @ 11
Event: 1.397 Thread 0x000000001ef75800 Uncommon trap: reason=unstable_if action=reinterpret pc=0x0000000002a00964 method=java.util.Hashtable.get(Ljava/lang/Object;)Ljava/lang/Object; @ 36
Event: 1.398 Thread 0x000000001ef75800 Uncommon trap: reason=unstable_if action=reinterpret pc=0x0000000002ad2a5c method=com.sun.org.apache.xerces.internal.impl.XMLEntityScanner.scanLiteral(ILcom/sun/org/apache/xerces/internal/xni/XMLString;Z)I @ 660
Event: 1.486 Thread 0x000000001ef75800 Uncommon trap: reason=unstable_if action=reinterpret pc=0x0000000002aec5dc method=com.sun.org.apache.xerces.internal.impl.XMLEntityScanner.skipChar(ILcom/sun/org/apache/xerces/internal/impl/XMLScanner$NameType;)Z @ 53
Event: 1.494 Thread 0x000000001ef75800 Uncommon trap: reason=unstable_if action=reinterpret pc=0x0000000002a3b268 method=com.sun.org.apache.xerces.internal.impl.XMLEntityScanner.load(IZZ)Z @ 50

Classes redefined (0 events):
No events

Internal exceptions (10 events):
Event: 0.133 Thread 0x000000000238e800 Exception <a 'java/lang/ArrayIndexOutOfBoundsException': 18> (0x000000076be71820) thrown at [D:\j\worksp~1\openjd~3\jdk8u\hotspot\src\share\vm\interpreter\interpreterRuntime.cpp, line 368]
Event: 0.133 Thread 0x000000000238e800 Exception <a 'java/lang/ArrayIndexOutOfBoundsException': 55> (0x000000076be72590) thrown at [D:\j\worksp~1\openjd~3\jdk8u\hotspot\src\share\vm\interpreter\interpreterRuntime.cpp, line 368]
Event: 0.133 Thread 0x000000000238e800 Exception <a 'java/lang/ArrayIndexOutOfBoundsException': 40> (0x000000076be73400) thrown at [D:\j\worksp~1\openjd~3\jdk8u\hotspot\src\share\vm\interpreter\interpreterRuntime.cpp, line 368]
Event: 0.172 Thread 0x000000000238e800 Exception <a 'java/lang/ArrayIndexOutOfBoundsException'> (0x000000076c2ebd18) thrown at [D:\j\worksp~1\openjd~3\jdk8u\hotspot\src\share\vm\runtime\sharedRuntime.cpp, line 605]
Event: 0.174 Thread 0x000000000238e800 Exception <a 'java/lang/ArrayIndexOutOfBoundsException'> (0x000000076c307268) thrown at [D:\j\worksp~1\openjd~3\jdk8u\hotspot\src\share\vm\runtime\sharedRuntime.cpp, line 605]
Event: 0.180 Thread 0x000000000238e800 Exception <a 'java/lang/ArrayIndexOutOfBoundsException'> (0x000000076c358c68) thrown at [D:\j\worksp~1\openjd~3\jdk8u\hotspot\src\share\vm\runtime\sharedRuntime.cpp, line 605]
Event: 0.181 Thread 0x000000000238e800 Exception <a 'java/lang/ArrayIndexOutOfBoundsException'> (0x000000076c36e3d0) thrown at [D:\j\worksp~1\openjd~3\jdk8u\hotspot\src\share\vm\runtime\sharedRuntime.cpp, line 605]
Event: 1.043 Thread 0x000000001ef75800 Implicit null exception at 0x0000000002a9ee00 to 0x0000000002a9ee81
Event: 1.054 Thread 0x000000001ef7f000 Implicit null exception at 0x0000000002a9d974 to 0x0000000002a9d9e9
Event: 1.128 Thread 0x000000001ef7f000 Implicit null exception at 0x0000000002c22c6c to 0x0000000002c22d9d

Events (10 events):
Event: 1.596 Thread 0x000000001ef5e800 DEOPT PACKING pc=0x0000000002bb8f95 sp=0x000000001f76ec90
Event: 1.596 Thread 0x000000001ef5e800 DEOPT UNPACKING pc=0x00000000026d75d0 sp=0x000000001f76e9e0 mode 0
Event: 1.598 Executing VM operation: ParallelGCFailedAllocation
Event: 1.626 Executing VM operation: ParallelGCFailedAllocation done
Event: 1.632 Thread 0x000000001ef73000 DEOPT PACKING pc=0x0000000002bc7464 sp=0x000000001fa6e2d0
Event: 1.632 Thread 0x000000001ef73000 DEOPT UNPACKING pc=0x00000000026d75d0 sp=0x000000001fa6e188 mode 0
Event: 1.639 Thread 0x000000001ef7f000 DEOPT PACKING pc=0x0000000002bb8f95 sp=0x000000002006eb10
Event: 1.639 Thread 0x000000001ef7f000 DEOPT UNPACKING pc=0x00000000026d75d0 sp=0x000000002006e860 mode 0
Event: 1.655 Thread 0x000000001ef7e000 DEOPT PACKING pc=0x0000000002bb8f95 sp=0x000000001ff6e970
Event: 1.655 Thread 0x000000001ef7e000 DEOPT UNPACKING pc=0x00000000026d75d0 sp=0x000000001ff6e6c0 mode 0


Dynamic libraries:
0x00007ff7806d0000 - 0x00007ff780705000 	C:\Program Files\Android\Jdk\microsoft_dist_openjdk_1.8.0.25\bin\java.exe
0x00007ffb70ff0000 - 0x00007ffb711e5000 	C:\WINDOWS\SYSTEM32\ntdll.dll
0x00007ffb6fcc0000 - 0x00007ffb6fd7e000 	C:\WINDOWS\System32\KERNEL32.DLL
0x00007ffb6e9f0000 - 0x00007ffb6ecb9000 	C:\WINDOWS\System32\KERNELBASE.dll
0x00007ffb70760000 - 0x00007ffb7080c000 	C:\WINDOWS\System32\ADVAPI32.dll
0x00007ffb70d60000 - 0x00007ffb70dfe000 	C:\WINDOWS\System32\msvcrt.dll
0x00007ffb70810000 - 0x00007ffb708ab000 	C:\WINDOWS\System32\sechost.dll
0x00007ffb6f0e0000 - 0x00007ffb6f20a000 	C:\WINDOWS\System32\RPCRT4.dll
0x00007ffb70e00000 - 0x00007ffb70fa1000 	C:\WINDOWS\System32\USER32.dll
0x00007ffb6e770000 - 0x00007ffb6e792000 	C:\WINDOWS\System32\win32u.dll
0x00007ffb6f970000 - 0x00007ffb6f99b000 	C:\WINDOWS\System32\GDI32.dll
0x00007ffb6eee0000 - 0x00007ffb6efeb000 	C:\WINDOWS\System32\gdi32full.dll
0x00007ffb6e7a0000 - 0x00007ffb6e83d000 	C:\WINDOWS\System32\msvcp_win.dll
0x00007ffb6e8f0000 - 0x00007ffb6e9f0000 	C:\WINDOWS\System32\ucrtbase.dll
0x00007ffb50f30000 - 0x00007ffb511ca000 	C:\WINDOWS\WinSxS\amd64_microsoft.windows.common-controls_6595b64144ccf1df_6.0.19041.1110_none_60b5254171f9507e\COMCTL32.dll
0x00007ffb708b0000 - 0x00007ffb708e0000 	C:\WINDOWS\System32\IMM32.DLL
0x0000000052070000 - 0x0000000052141000 	C:\Program Files\Android\Jdk\microsoft_dist_openjdk_1.8.0.25\jre\bin\msvcr100.dll
0x0000000051820000 - 0x0000000052065000 	C:\Program Files\Android\Jdk\microsoft_dist_openjdk_1.8.0.25\jre\bin\server\jvm.dll
0x00007ffb6f0d0000 - 0x00007ffb6f0d8000 	C:\WINDOWS\System32\PSAPI.DLL
0x00007ffb5c5c0000 - 0x00007ffb5c5c9000 	C:\WINDOWS\SYSTEM32\WSOCK32.dll
0x00007ffb5a6a0000 - 0x00007ffb5a6c7000 	C:\WINDOWS\SYSTEM32\WINMM.dll
0x00007ffb67990000 - 0x00007ffb6799a000 	C:\WINDOWS\SYSTEM32\VERSION.dll
0x00007ffb70a00000 - 0x00007ffb70a6b000 	C:\WINDOWS\System32\WS2_32.dll
0x00007ffb6ada0000 - 0x00007ffb6adaf000 	C:\Program Files\Android\Jdk\microsoft_dist_openjdk_1.8.0.25\jre\bin\verify.dll
0x00007ffb47c80000 - 0x00007ffb47ca9000 	C:\Program Files\Android\Jdk\microsoft_dist_openjdk_1.8.0.25\jre\bin\java.dll
0x00007ffb6ace0000 - 0x00007ffb6acf6000 	C:\Program Files\Android\Jdk\microsoft_dist_openjdk_1.8.0.25\jre\bin\zip.dll
0x00007ffb6f230000 - 0x00007ffb6f96f000 	C:\WINDOWS\System32\SHELL32.dll
0x00007ffb6c700000 - 0x00007ffb6ce90000 	C:\WINDOWS\SYSTEM32\windows.storage.dll
0x00007ffb6fd80000 - 0x00007ffb700d5000 	C:\WINDOWS\System32\combase.dll
0x00007ffb6e0f0000 - 0x00007ffb6e11c000 	C:\WINDOWS\SYSTEM32\Wldp.dll
0x00007ffb6fb30000 - 0x00007ffb6fbde000 	C:\WINDOWS\System32\SHCORE.dll
0x00007ffb700e0000 - 0x00007ffb70135000 	C:\WINDOWS\System32\shlwapi.dll
0x00007ffb6e650000 - 0x00007ffb6e66f000 	C:\WINDOWS\SYSTEM32\profapi.dll
0x00007ffb5e180000 - 0x00007ffb5e19a000 	C:\Program Files\Android\jdk\microsoft_dist_openjdk_1.8.0.25\jre\bin\net.dll
0x00007ffb6de50000 - 0x00007ffb6deba000 	C:\WINDOWS\system32\mswsock.dll
0x00007ffb5e110000 - 0x00007ffb5e121000 	C:\Program Files\Android\jdk\microsoft_dist_openjdk_1.8.0.25\jre\bin\nio.dll

VM Arguments:
java_command: com.xamarin.androidx.jetifierWrapper.Main -intermediate obj\Debug\110\androidx\_AndroidXJetifyEmbeddedFiles.jetify -parallel
java_class_path (initial): C:\Users\Administrator\.nuget\packages\xamarin.androidx.migration\1.0.6\buildTransitive\monoandroid90\Tools/JetifierWrapper/jetifierWrapper-1.0.jar
Launcher Type: SUN_STANDARD

Environment Variables:
PATH=C:\Program Files\Android\Jdk\microsoft_dist_openjdk_1.8.0.25\bin;C:\Program Files\Microsoft MPI\Bin\;C:\Oracle\11.2.0\client_1;C:\Program Files (x86)\Eziriz\.NET Reactor;C:\ProgramData\Oracle\Java\javapath;D:\app\Hung\product\11.2.0\client_2\bin;D:\app\Hung\product\11.2.0\client_1;C:\Program Files (x86)\Common Files\Oracle\Java\javapath;C:\WINDOWS\system32;C:\WINDOWS;C:\WINDOWS\System32\Wbem;C:\WINDOWS\System32\WindowsPowerShell\v1.0\;C:\WINDOWS\System32\OpenSSH\;C:\Program Files (x86)\Microsoft SQL Server\140\Tools\Binn\;C:\Program Files\Microsoft SQL Server\140\Tools\Binn\;C:\Program Files (x86)\Microsoft SQL Server\140\DTS\Binn\;C:\Program Files\Microsoft SQL Server\140\DTS\Binn\;C:\Program Files\Microsoft SQL Server\Client SDK\ODBC\130\Tools\Binn\;C:\Program Files\Git\cmd;C:\Program Files\dotnet\;C:\Program Files\Microsoft SQL Server\130\Tools\Binn\;C:\Program Files (x86)\Microsoft SQL Server\Client SDK\ODBC\130\Tools\Binn\;C:\Program Files (x86)\Microsoft SQL Server\140\Tools\Binn\ManagementStudio\;C:\Program Files (x86)\Microsoft SQL Server\90\Tools\binn\;C:\Program Files (x86)\dotnet\;C:\Users\Administrator\AppData\Local\Microsoft\WindowsApps;C:\Users\Administrator\.dotnet\tools;C:\Users\Administrator\AppData\Local\GitHubDesktop\bin
USERNAME=Administrator
OS=Windows_NT
PROCESSOR_IDENTIFIER=Intel64 Family 6 Model 94 Stepping 3, GenuineIntel



---------------  S Y S T E M  ---------------

OS: Windows 10.0 , 64 bit Build 19041 (10.0.19041.1202)

CPU:total 8 (initial active 8) (4 cores per cpu, 2 threads per core) family 6 model 94 stepping 3, cmov, cx8, fxsr, mmx, sse, sse2, sse3, ssse3, sse4.1, sse4.2, popcnt, avx, avx2, aes, clmul, erms, rtm, 3dnowpref, lzcnt, ht, tsc, tscinvbit, bmi1, bmi2, adx

Memory: 4k page, physical 16654136k(2330608k free), swap 16654136k(5512k free)

vm_info: OpenJDK 64-Bit Server VM (25.71-b00) for windows-amd64 JRE (1.8.0-25-microsoft-b00), built on Feb  7 2019 20:09:14 by "builder" with MS VC++ 10.0 (VS2010)

time: Fri Oct 15 15:08:30 2021
timezone: SE Asia Standard Time
elapsed time: 1 seconds (0d 0h 0m 1s)

