#
# There is insufficient memory for the Java Runtime Environment to continue.
# Native memory allocation (malloc) failed to allocate 1048576 bytes for AllocateHeap
# Possible reasons:
#   The system is out of physical RAM or swap space
#   The process is running with CompressedOops enabled, and the Java Heap may be blocking the growth of the native heap
# Possible solutions:
#   Reduce memory load on the system
#   Increase physical memory or swap space
#   Check if swap backing store is full
#   Decrease Java heap size (-Xmx/-Xms)
#   Decrease number of Java threads
#   Decrease Java thread stack sizes (-Xss)
#   Set larger code cache with -XX:ReservedCodeCacheSize=
#   JVM is running with Zero Based Compressed Oops mode in which the Java heap is
#     placed in the first 32GB address space. The Java Heap base address is the
#     maximum limit for the native heap growth. Please use -XX:HeapBaseMinAddress
#     to set the Java Heap base and to place the Java Heap above 32GB virtual address.
# This output file may be truncated or incomplete.
#
#  Out of Memory Error (memory/allocation.inline.hpp:61), pid=8584, tid=0x00000000000012cc
#
# JRE version:  (8.0_202-b08) (build )
# Java VM: Java HotSpot(TM) 64-Bit Server VM (25.202-b08 mixed mode windows-amd64 compressed oops)
# Failed to write core dump. Minidumps are not enabled by default on client versions of Windows
#

---------------  T H R E A D  ---------------

Current thread (0x00000000028f2800):  JavaThread "Unknown thread" [_thread_in_vm, id=4812, stack(0x00000000027f0000,0x00000000028f0000)]

Stack: [0x00000000027f0000,0x00000000028f0000]
[error occurred during error reporting (printing stack bounds), id 0xc0000005]

Native frames: (J=compiled Java code, j=interpreted, Vv=VM code, C=native code)


---------------  P R O C E S S  ---------------

Java Threads: ( => current thread )

Other Threads:

=>0x00000000028f2800 (exited) JavaThread "Unknown thread" [_thread_in_vm, id=4812, stack(0x00000000027f0000,0x00000000028f0000)]

VM state:not at safepoint (normal execution)

VM Mutex/Monitor currently owned by a thread: None

heap address: 0x00000006c1e00000, size: 4066 MB, Compressed Oops mode: Zero based, Oop shift amount: 3
Narrow klass base: 0x0000000000000000, Narrow klass shift: 3
Compressed class space size: 1073741824 Address: 0x00000007c0000000

Heap:
 PSYoungGen      total 76288K, used 1310K [0x000000076b500000, 0x0000000770a00000, 0x00000007c0000000)
  eden space 65536K, 2% used [0x000000076b500000,0x000000076b647af0,0x000000076f500000)
  from space 10752K, 0% used [0x000000076ff80000,0x000000076ff80000,0x0000000770a00000)
  to   space 10752K, 0% used [0x000000076f500000,0x000000076f500000,0x000000076ff80000)
 ParOldGen       total 175104K, used 0K [0x00000006c1e00000, 0x00000006cc900000, 0x000000076b500000)
  object space 175104K, 0% used [0x00000006c1e00000,0x00000006c1e00000,0x00000006cc900000)
 Metaspace       used 775K, capacity 4480K, committed 4480K, reserved 1056768K
  class space    used 76K, capacity 384K, committed 384K, reserved 1048576K

Card table byte_map: [0x0000000011db0000,0x00000000125b0000] byte_map_base: 0x000000000e7a1000

Marking Bits: (ParMarkBitMap*) 0x00000000703c5ce0
 Begin Bits: [0x0000000013300000, 0x0000000017288000)
 End Bits:   [0x0000000017288000, 0x000000001b210000)

Polling page: 0x0000000000e50000

CodeCache: size=245760Kb used=328Kb max_used=328Kb free=245431Kb
 bounds [0x00000000029f0000, 0x0000000002c60000, 0x00000000119f0000]
 total_blobs=58 nmethods=0 adapters=38
 compilation: enabled

Compilation events (0 events):
No events

GC Heap History (0 events):
No events

Deoptimization events (0 events):
No events

Classes redefined (0 events):
No events

Internal exceptions (0 events):
No events

Events (10 events):
Event: 0.016 loading class java/lang/Short
Event: 0.016 loading class java/lang/Short done
Event: 0.016 loading class java/lang/Integer
Event: 0.017 loading class java/lang/Integer done
Event: 0.017 loading class java/lang/Long
Event: 0.017 loading class java/lang/Long done
Event: 0.017 loading class java/lang/NullPointerException
Event: 0.017 loading class java/lang/NullPointerException done
Event: 0.017 loading class java/lang/ArithmeticException
Event: 0.017 loading class java/lang/ArithmeticException done


Dynamic libraries:
0x00007ff6db400000 - 0x00007ff6db437000 	C:\Program Files\Java\jdk1.8.0_202\bin\java.exe
0x00007ffb12a10000 - 0x00007ffb12c05000 	C:\WINDOWS\SYSTEM32\ntdll.dll
0x00007ffb12830000 - 0x00007ffb128ee000 	C:\WINDOWS\System32\KERNEL32.DLL
0x00007ffb10790000 - 0x00007ffb10a59000 	C:\WINDOWS\System32\KERNELBASE.dll
0x00007ffb122c0000 - 0x00007ffb1236c000 	C:\WINDOWS\System32\ADVAPI32.dll
0x00007ffb125e0000 - 0x00007ffb1267e000 	C:\WINDOWS\System32\msvcrt.dll
0x00007ffb114d0000 - 0x00007ffb1156b000 	C:\WINDOWS\System32\sechost.dll
0x00007ffb11b30000 - 0x00007ffb11c5a000 	C:\WINDOWS\System32\RPCRT4.dll
0x00007ffb10a70000 - 0x00007ffb10c11000 	C:\WINDOWS\System32\USER32.dll
0x00007ffb101d0000 - 0x00007ffb101f2000 	C:\WINDOWS\System32\win32u.dll
0x00007ffb11360000 - 0x00007ffb1138b000 	C:\WINDOWS\System32\GDI32.dll
0x00007ffb105a0000 - 0x00007ffb106ab000 	C:\WINDOWS\System32\gdi32full.dll
0x00007ffb10130000 - 0x00007ffb101cd000 	C:\WINDOWS\System32\msvcp_win.dll
0x00007ffb10360000 - 0x00007ffb10460000 	C:\WINDOWS\System32\ucrtbase.dll
0x00007ffaf2460000 - 0x00007ffaf26fa000 	C:\WINDOWS\WinSxS\amd64_microsoft.windows.common-controls_6595b64144ccf1df_6.0.19041.1110_none_60b5254171f9507e\COMCTL32.dll
0x00007ffb12500000 - 0x00007ffb12530000 	C:\WINDOWS\System32\IMM32.DLL
0x0000000070e60000 - 0x0000000070f32000 	C:\Program Files\Java\jdk1.8.0_202\jre\bin\msvcr100.dll
0x000000006fba0000 - 0x0000000070445000 	C:\Program Files\Java\jdk1.8.0_202\jre\bin\server\jvm.dll
0x00007ffb129c0000 - 0x00007ffb129c8000 	C:\WINDOWS\System32\PSAPI.DLL
0x00007ffafdbf0000 - 0x00007ffafdbf9000 	C:\WINDOWS\SYSTEM32\WSOCK32.dll
0x00007ffaf2ed0000 - 0x00007ffaf2ef7000 	C:\WINDOWS\SYSTEM32\WINMM.dll
0x00007ffb09070000 - 0x00007ffb0907a000 	C:\WINDOWS\SYSTEM32\VERSION.dll
0x00007ffb12490000 - 0x00007ffb124fb000 	C:\WINDOWS\System32\WS2_32.dll
0x00007ffb0bcc0000 - 0x00007ffb0bccf000 	C:\Program Files\Java\jdk1.8.0_202\jre\bin\verify.dll
0x00007ffaff4f0000 - 0x00007ffaff519000 	C:\Program Files\Java\jdk1.8.0_202\jre\bin\java.dll
0x00007ffb0ba10000 - 0x00007ffb0ba26000 	C:\Program Files\Java\jdk1.8.0_202\jre\bin\zip.dll

VM Arguments:
java_command: com.xamarin.manifestmerger.Main obj\Debug\110\android\manifestmerger.rsp
java_class_path (initial): C:\Program Files (x86)\Microsoft Visual Studio\2019\Professional\MSBuild\Xamarin\Android\manifestmerger.jar
Launcher Type: SUN_STANDARD

Environment Variables:
PATH=C:\Program Files\Java\jdk1.8.0_202\bin;C:\Program Files\Microsoft MPI\Bin\;C:\Oracle\11.2.0\client_1;C:\Program Files (x86)\Eziriz\.NET Reactor;C:\ProgramData\Oracle\Java\javapath;D:\app\Hung\product\11.2.0\client_2\bin;D:\app\Hung\product\11.2.0\client_1;C:\Program Files (x86)\Common Files\Oracle\Java\javapath;C:\WINDOWS\system32;C:\WINDOWS;C:\WINDOWS\System32\Wbem;C:\WINDOWS\System32\WindowsPowerShell\v1.0\;C:\WINDOWS\System32\OpenSSH\;C:\Program Files (x86)\Microsoft SQL Server\140\Tools\Binn\;C:\Program Files\Microsoft SQL Server\140\Tools\Binn\;C:\Program Files (x86)\Microsoft SQL Server\140\DTS\Binn\;C:\Program Files\Microsoft SQL Server\140\DTS\Binn\;C:\Program Files\Microsoft SQL Server\Client SDK\ODBC\130\Tools\Binn\;C:\Program Files\Git\cmd;C:\Program Files\dotnet\;C:\Program Files\Microsoft SQL Server\130\Tools\Binn\;C:\Program Files (x86)\Microsoft SQL Server\Client SDK\ODBC\130\Tools\Binn\;C:\Program Files (x86)\Microsoft SQL Server\140\Tools\Binn\ManagementStudio\;C:\Program Files (x86)\Microsoft SQL Server\90\Tools\binn\;C:\Program Files (x86)\dotnet\;C:\Users\Administrator\AppData\Local\Microsoft\WindowsApps;C:\Users\Administrator\.dotnet\tools;C:\Users\Administrator\AppData\Local\GitHubDesktop\bin
USERNAME=Administrator
OS=Windows_NT
PROCESSOR_IDENTIFIER=Intel64 Family 6 Model 94 Stepping 3, GenuineIntel



---------------  S Y S T E M  ---------------

OS: Windows 10.0 , 64 bit Build 19041 (10.0.19041.1202)

CPU:total 8 (initial active 8) (4 cores per cpu, 2 threads per core) family 6 model 94 stepping 3, cmov, cx8, fxsr, mmx, sse, sse2, sse3, ssse3, sse4.1, sse4.2, popcnt, avx, avx2, aes, clmul, erms, rtm, 3dnowpref, lzcnt, ht, tsc, tscinvbit, bmi1, bmi2, adx

Memory: 4k page, physical 16654136k(972532k free), swap 16654136k(6112k free)

vm_info: Java HotSpot(TM) 64-Bit Server VM (25.202-b08) for windows-amd64 JRE (1.8.0_202-b08), built on Dec 15 2018 19:54:30 by "java_re" with MS VC++ 10.0 (VS2010)

time: Sun Oct 24 17:21:49 2021
timezone: SE Asia Standard Time
elapsed time: 0 seconds (0d 0h 0m 0s)

