#
# There is insufficient memory for the Java Runtime Environment to continue.
# Native memory allocation (malloc) failed to allocate 466176 bytes for Chunk::new
# Possible reasons:
#   The system is out of physical RAM or swap space
#   The process is running with CompressedOops enabled, and the Java Heap may be blocking the growth of the native heap
# Possible solutions:
#   Reduce memory load on the system
#   Increase physical memory or swap space
#   Check if swap backing store is full
#   Decrease Java heap size (-Xmx/-Xms)
#   Decrease number of Java threads
#   Decrease Java thread stack sizes (-Xss)
#   Set larger code cache with -XX:ReservedCodeCacheSize=
#   JVM is running with Unscaled Compressed Oops mode in which the Java heap is
#     placed in the first 4GB address space. The Java Heap base address is the
#     maximum limit for the native heap growth. Please use -XX:HeapBaseMinAddress
#     to set the Java Heap base and to place the Java Heap above 4GB virtual address.
# This output file may be truncated or incomplete.
#
#  Out of Memory Error (allocation.cpp:389), pid=3272, tid=0x0000000000004f78
#
# JRE version: OpenJDK Runtime Environment (8.0) (build 1.8.0-25-microsoft-b00)
# Java VM: OpenJDK 64-Bit Server VM (25.71-b00 mixed mode windows-amd64 compressed oops)
# Failed to write core dump. Minidumps are not enabled by default on client versions of Windows
#

---------------  T H R E A D  ---------------

Current thread (0x0000000017684800):  JavaThread "C2 CompilerThread2" daemon [_thread_in_native, id=20344, stack(0x0000000018150000,0x0000000018250000)]

Stack: [0x0000000018150000,0x0000000018250000]
[error occurred during error reporting (printing stack bounds), id 0xc0000005]

Native frames: (J=compiled Java code, j=interpreted, Vv=VM code, C=native code)


Current CompileTask:
C2:    765 1374       4       com.android.tools.r8.graph.I0$d::<init> (189 bytes)


---------------  P R O C E S S  ---------------

Java Threads: ( => current thread )
  0x0000000018d3c000 JavaThread "ForkJoinPool-1-worker-0" daemon [_thread_blocked, id=6796, stack(0x0000000019050000,0x0000000019150000)]
  0x0000000018aee800 JavaThread "ForkJoinPool-1-worker-3" daemon [_thread_blocked, id=22700, stack(0x0000000018f50000,0x0000000019050000)]
  0x0000000018aed800 JavaThread "ForkJoinPool-1-worker-2" daemon [_thread_blocked, id=14292, stack(0x0000000018e50000,0x0000000018f50000)]
  0x0000000018aed000 JavaThread "ForkJoinPool-1-worker-1" daemon [_thread_blocked, id=15908, stack(0x0000000018d50000,0x0000000018e50000)]
  0x0000000017713000 JavaThread "Service Thread" daemon [_thread_blocked, id=13100, stack(0x0000000018350000,0x0000000018450000)]
  0x000000001768d800 JavaThread "C1 CompilerThread3" daemon [_thread_blocked, id=5372, stack(0x0000000018250000,0x0000000018350000)]
=>0x0000000017684800 JavaThread "C2 CompilerThread2" daemon [_thread_in_native, id=20344, stack(0x0000000018150000,0x0000000018250000)]
  0x000000001767c800 JavaThread "C2 CompilerThread1" daemon [_thread_in_native, id=2228, stack(0x0000000018050000,0x0000000018150000)]
  0x000000001767a800 JavaThread "C2 CompilerThread0" daemon [_thread_in_native, id=22696, stack(0x0000000017f50000,0x0000000018050000)]
  0x0000000017679000 JavaThread "Attach Listener" daemon [_thread_blocked, id=4176, stack(0x0000000017e50000,0x0000000017f50000)]
  0x0000000017678800 JavaThread "Signal Dispatcher" daemon [_thread_blocked, id=21492, stack(0x0000000017d50000,0x0000000017e50000)]
  0x0000000017670800 JavaThread "Finalizer" daemon [_thread_blocked, id=23540, stack(0x0000000017b50000,0x0000000017c50000)]
  0x000000001587c000 JavaThread "Reference Handler" daemon [_thread_blocked, id=7096, stack(0x0000000017a50000,0x0000000017b50000)]
  0x0000000002c63800 JavaThread "main" [_thread_in_Java, id=19256, stack(0x0000000002af0000,0x0000000002bf0000)]

Other Threads:
  0x0000000015878000 VMThread [stack: 0x0000000017550000,0x0000000017650000] [id=2584]
  0x0000000017714000 WatcherThread [stack: 0x0000000018450000,0x0000000018550000] [id=16420]

VM state:not at safepoint (normal execution)

VM Mutex/Monitor currently owned by a thread: None

heap address: 0x00000000c0000000, size: 1024 MB, Compressed Oops mode: 32-bit
Narrow klass base: 0x0000000000000000, Narrow klass shift: 3
Compressed class space size: 1073741824 Address: 0x0000000100000000

Heap:
 PSYoungGen      total 141824K, used 85114K [0x00000000eab00000, 0x00000000f4000000, 0x0000000100000000)
  eden space 131072K, 56% used [0x00000000eab00000,0x00000000ef3a54f8,0x00000000f2b00000)
  from space 10752K, 99% used [0x00000000f3580000,0x00000000f3ff9508,0x00000000f4000000)
  to   space 10752K, 0% used [0x00000000f2b00000,0x00000000f2b00000,0x00000000f3580000)
 ParOldGen       total 175104K, used 28023K [0x00000000c0000000, 0x00000000cab00000, 0x00000000eab00000)
  object space 175104K, 16% used [0x00000000c0000000,0x00000000c1b5de90,0x00000000cab00000)
 Metaspace       used 9556K, capacity 10028K, committed 10240K, reserved 1058816K
  class space    used 1108K, capacity 1236K, committed 1280K, reserved 1048576K

Card table byte_map: [0x0000000012120000,0x0000000012330000] byte_map_base: 0x0000000011b20000

Marking Bits: (ParMarkBitMap*) 0x0000000064378f30
 Begin Bits: [0x0000000012c90000, 0x0000000013c90000)
 End Bits:   [0x0000000013c90000, 0x0000000014c90000)

Polling page: 0x0000000001330000

CodeCache: size=245760Kb used=4778Kb max_used=4778Kb free=240981Kb
 bounds [0x0000000002d60000, 0x0000000003210000, 0x0000000011d60000]
 total_blobs=1725 nmethods=1391 adapters=248
 compilation: enabled

Compilation events (10 events):
Event: 0.759 Thread 0x000000001768d800 1418       2       java.lang.invoke.MethodType$ConcurrentWeakInternSet$WeakEntry::<init> (15 bytes)
Event: 0.759 Thread 0x000000001768d800 nmethod 1418 0x00000000031efad0 code [0x00000000031efc40, 0x00000000031efe28]
Event: 0.759 Thread 0x000000001768d800 1419       2       com.android.tools.r8.utils.R0$$Lambda$82/1803361784::get$Lambda (9 bytes)
Event: 0.759 Thread 0x000000001768d800 nmethod 1419 0x000000000320b390 code [0x000000000320b4e0, 0x000000000320b670]
Event: 0.759 Thread 0x000000001768d800 1421   !   2       java.util.concurrent.ConcurrentHashMap::merge (526 bytes)
Event: 0.761 Thread 0x000000001768d800 nmethod 1421 0x000000000320b710 code [0x000000000320b980, 0x000000000320c988]
Event: 0.761 Thread 0x000000001768d800 1420       2       com.android.tools.r8.utils.R0$$Lambda$82/1803361784::<init> (10 bytes)
Event: 0.761 Thread 0x000000001768d800 nmethod 1420 0x000000000320da50 code [0x000000000320dba0, 0x000000000320dd10]
Event: 0.762 Thread 0x000000001768d800 1422       2       java.util.concurrent.ConcurrentHashMap::sumCount (48 bytes)
Event: 0.762 Thread 0x000000001768d800 nmethod 1422 0x000000000320dd90 code [0x000000000320df00, 0x000000000320e0f0]

GC Heap History (4 events):
Event: 0.411 GC heap before
{Heap before GC invocations=1 (full 0):
 PSYoungGen      total 76288K, used 65536K [0x00000000eab00000, 0x00000000f0000000, 0x0000000100000000)
  eden space 65536K, 100% used [0x00000000eab00000,0x00000000eeb00000,0x00000000eeb00000)
  from space 10752K, 0% used [0x00000000ef580000,0x00000000ef580000,0x00000000f0000000)
  to   space 10752K, 0% used [0x00000000eeb00000,0x00000000eeb00000,0x00000000ef580000)
 ParOldGen       total 175104K, used 0K [0x00000000c0000000, 0x00000000cab00000, 0x00000000eab00000)
  object space 175104K, 0% used [0x00000000c0000000,0x00000000c0000000,0x00000000cab00000)
 Metaspace       used 8132K, capacity 8346K, committed 8576K, reserved 1056768K
  class space    used 932K, capacity 1033K, committed 1152K, reserved 1048576K
Event: 0.419 GC heap after
Heap after GC invocations=1 (full 0):
 PSYoungGen      total 76288K, used 10735K [0x00000000eab00000, 0x00000000f4000000, 0x0000000100000000)
  eden space 65536K, 0% used [0x00000000eab00000,0x00000000eab00000,0x00000000eeb00000)
  from space 10752K, 99% used [0x00000000eeb00000,0x00000000ef57bf80,0x00000000ef580000)
  to   space 10752K, 0% used [0x00000000f3580000,0x00000000f3580000,0x00000000f4000000)
 ParOldGen       total 175104K, used 5907K [0x00000000c0000000, 0x00000000cab00000, 0x00000000eab00000)
  object space 175104K, 3% used [0x00000000c0000000,0x00000000c05c4ef0,0x00000000cab00000)
 Metaspace       used 8132K, capacity 8346K, committed 8576K, reserved 1056768K
  class space    used 932K, capacity 1033K, committed 1152K, reserved 1048576K
}
Event: 0.599 GC heap before
{Heap before GC invocations=2 (full 0):
 PSYoungGen      total 76288K, used 76271K [0x00000000eab00000, 0x00000000f4000000, 0x0000000100000000)
  eden space 65536K, 100% used [0x00000000eab00000,0x00000000eeb00000,0x00000000eeb00000)
  from space 10752K, 99% used [0x00000000eeb00000,0x00000000ef57bf80,0x00000000ef580000)
  to   space 10752K, 0% used [0x00000000f3580000,0x00000000f3580000,0x00000000f4000000)
 ParOldGen       total 175104K, used 5907K [0x00000000c0000000, 0x00000000cab00000, 0x00000000eab00000)
  object space 175104K, 3% used [0x00000000c0000000,0x00000000c05c4ef0,0x00000000cab00000)
 Metaspace       used 9299K, capacity 9736K, committed 9984K, reserved 1058816K
  class space    used 1076K, capacity 1194K, committed 1280K, reserved 1048576K
Event: 0.617 GC heap after
Heap after GC invocations=2 (full 0):
 PSYoungGen      total 141824K, used 10725K [0x00000000eab00000, 0x00000000f4000000, 0x0000000100000000)
  eden space 131072K, 0% used [0x00000000eab00000,0x00000000eab00000,0x00000000f2b00000)
  from space 10752K, 99% used [0x00000000f3580000,0x00000000f3ff9508,0x00000000f4000000)
  to   space 10752K, 0% used [0x00000000f2b00000,0x00000000f2b00000,0x00000000f3580000)
 ParOldGen       total 175104K, used 28023K [0x00000000c0000000, 0x00000000cab00000, 0x00000000eab00000)
  object space 175104K, 16% used [0x00000000c0000000,0x00000000c1b5de90,0x00000000cab00000)
 Metaspace       used 9299K, capacity 9736K, committed 9984K, reserved 1058816K
  class space    used 1076K, capacity 1194K, committed 1280K, reserved 1048576K
}

Deoptimization events (10 events):
Event: 0.641 Thread 0x0000000018d3c000 Uncommon trap: reason=unstable_if action=reinterpret pc=0x00000000030c686c method=com.android.tools.r8.graph.i0.a(C)I @ 7
Event: 0.641 Thread 0x0000000018d3c000 Uncommon trap: reason=unstable_if action=reinterpret pc=0x0000000003020084 method=com.android.tools.r8.graph.i0.a(C[BI)I @ 7
Event: 0.644 Thread 0x0000000018aed800 Uncommon trap: reason=unstable_if action=reinterpret pc=0x00000000030c7140 method=com.android.tools.r8.utils.Y.d(I)Z @ 45
Event: 0.647 Thread 0x0000000018aee800 Uncommon trap: reason=unstable_if action=reinterpret pc=0x00000000030c3068 method=com.android.tools.r8.z.a.a.f.a(II[C)Ljava/lang/String; @ 32
Event: 0.651 Thread 0x0000000018aed000 Uncommon trap: reason=unstable_if action=reinterpret pc=0x0000000003149ed8 method=com.android.tools.r8.z.a.a.f.a(II[C)Ljava/lang/String; @ 32
Event: 0.655 Thread 0x0000000018aed800 Uncommon trap: reason=unstable_if action=reinterpret pc=0x00000000031b4ebc method=java.lang.Integer.valueOf(I)Ljava/lang/Integer; @ 3
Event: 0.682 Thread 0x0000000018aed800 Uncommon trap: reason=unstable_if action=reinterpret pc=0x00000000031dc014 method=java.util.concurrent.ConcurrentHashMap.putVal(Ljava/lang/Object;Ljava/lang/Object;Z)Ljava/lang/Object; @ 195
Event: 0.687 Thread 0x0000000018aed000 Uncommon trap: reason=unstable_if action=reinterpret pc=0x00000000031e8644 method=com.android.tools.r8.graph.I0$c.a()V @ 300
Event: 0.750 Thread 0x0000000018aed000 Uncommon trap: reason=unstable_if action=reinterpret pc=0x00000000031de048 method=com.android.tools.r8.z.a.a.f.<init>([BIZ)V @ 362
Event: 0.752 Thread 0x0000000018aed800 Uncommon trap: reason=unstable_if action=reinterpret pc=0x00000000031f3cb0 method=java.util.concurrent.ConcurrentHashMap.computeIfAbsent(Ljava/lang/Object;Ljava/util/function/Function;)Ljava/lang/Object; @ 281

Classes redefined (0 events):
No events

Internal exceptions (10 events):
Event: 0.340 Thread 0x0000000002c63800 Exception <a 'java/security/PrivilegedActionException'> (0x00000000ec9af708) thrown at [D:\j\worksp~1\openjd~3\jdk8u\hotspot\src\share\vm\prims\jvm.cpp, line 1508]
Event: 0.340 Thread 0x0000000002c63800 Exception <a 'java/security/PrivilegedActionException'> (0x00000000ec9af918) thrown at [D:\j\worksp~1\openjd~3\jdk8u\hotspot\src\share\vm\prims\jvm.cpp, line 1508]
Event: 0.341 Thread 0x0000000002c63800 Exception <a 'java/security/PrivilegedActionException'> (0x00000000ec9b3bc8) thrown at [D:\j\worksp~1\openjd~3\jdk8u\hotspot\src\share\vm\prims\jvm.cpp, line 1508]
Event: 0.341 Thread 0x0000000002c63800 Exception <a 'java/security/PrivilegedActionException'> (0x00000000ec9b3dd8) thrown at [D:\j\worksp~1\openjd~3\jdk8u\hotspot\src\share\vm\prims\jvm.cpp, line 1508]
Event: 0.341 Thread 0x0000000002c63800 Exception <a 'java/security/PrivilegedActionException'> (0x00000000ec9b5518) thrown at [D:\j\worksp~1\openjd~3\jdk8u\hotspot\src\share\vm\prims\jvm.cpp, line 1508]
Event: 0.341 Thread 0x0000000002c63800 Exception <a 'java/security/PrivilegedActionException'> (0x00000000ec9b5728) thrown at [D:\j\worksp~1\openjd~3\jdk8u\hotspot\src\share\vm\prims\jvm.cpp, line 1508]
Event: 0.352 Thread 0x0000000002c63800 Implicit null exception at 0x0000000002fc6394 to 0x0000000002fc6d51
Event: 0.363 Thread 0x0000000002c63800 Implicit null exception at 0x0000000002fc4214 to 0x0000000002fc4bd1
Event: 0.373 Thread 0x0000000002c63800 Implicit null exception at 0x0000000002fbd4e5 to 0x0000000002fbdb39
Event: 0.374 Thread 0x0000000002c63800 Implicit null exception at 0x0000000002fbbfb8 to 0x0000000002fbc47d

Events (10 events):
Event: 0.764 loading class com/android/tools/r8/graph/x0
Event: 0.764 loading class com/android/tools/r8/graph/x0 done
Event: 0.764 loading class com/android/tools/r8/graph/x0$a
Event: 0.764 loading class com/android/tools/r8/graph/x0$a done
Event: 0.764 loading class com/android/tools/r8/graph/x0$b
Event: 0.764 loading class com/android/tools/r8/graph/x0$b done
Event: 0.764 loading class com/android/tools/r8/graph/x0$c
Event: 0.764 loading class com/android/tools/r8/graph/x0$c done
Event: 0.764 loading class com/android/tools/r8/utils/w
Event: 0.764 loading class com/android/tools/r8/utils/w done


Dynamic libraries:
0x00007ff65cb50000 - 0x00007ff65cb85000 	C:\Program Files\Android\Jdk\microsoft_dist_openjdk_1.8.0.25\bin\java.exe
0x00007fffb2a10000 - 0x00007fffb2c05000 	C:\WINDOWS\SYSTEM32\ntdll.dll
0x00007fffb21b0000 - 0x00007fffb226d000 	C:\WINDOWS\System32\KERNEL32.DLL
0x00007fffb0410000 - 0x00007fffb06d9000 	C:\WINDOWS\System32\KERNELBASE.dll
0x00007fffb1530000 - 0x00007fffb15dc000 	C:\WINDOWS\System32\ADVAPI32.dll
0x00007fffb27c0000 - 0x00007fffb285e000 	C:\WINDOWS\System32\msvcrt.dll
0x00007fffb1790000 - 0x00007fffb182b000 	C:\WINDOWS\System32\sechost.dll
0x00007fffb2690000 - 0x00007fffb27ba000 	C:\WINDOWS\System32\RPCRT4.dll
0x00007fffb15f0000 - 0x00007fffb1790000 	C:\WINDOWS\System32\USER32.dll
0x00007fffb0140000 - 0x00007fffb0162000 	C:\WINDOWS\System32\win32u.dll
0x00007fffb29a0000 - 0x00007fffb29ca000 	C:\WINDOWS\System32\GDI32.dll
0x00007fffb0300000 - 0x00007fffb040b000 	C:\WINDOWS\System32\gdi32full.dll
0x00007fffb0840000 - 0x00007fffb08dd000 	C:\WINDOWS\System32\msvcp_win.dll
0x00007fffb0170000 - 0x00007fffb0270000 	C:\WINDOWS\System32\ucrtbase.dll
0x00007fff93010000 - 0x00007fff932aa000 	C:\WINDOWS\WinSxS\amd64_microsoft.windows.common-controls_6595b64144ccf1df_6.0.19041.1110_none_60b5254171f9507e\COMCTL32.dll
0x00007fffb0c80000 - 0x00007fffb0cb0000 	C:\WINDOWS\System32\IMM32.DLL
0x0000000064400000 - 0x00000000644d1000 	C:\Program Files\Android\Jdk\microsoft_dist_openjdk_1.8.0.25\jre\bin\msvcr100.dll
0x0000000063bb0000 - 0x00000000643f5000 	C:\Program Files\Android\Jdk\microsoft_dist_openjdk_1.8.0.25\jre\bin\server\jvm.dll
0x00007fffb2990000 - 0x00007fffb2998000 	C:\WINDOWS\System32\PSAPI.DLL
0x00007fff9db30000 - 0x00007fff9db39000 	C:\WINDOWS\SYSTEM32\WSOCK32.dll
0x00007fff93e00000 - 0x00007fff93e27000 	C:\WINDOWS\SYSTEM32\WINMM.dll
0x00007fffa91d0000 - 0x00007fffa91da000 	C:\WINDOWS\SYSTEM32\VERSION.dll
0x00007fffb1ca0000 - 0x00007fffb1d0b000 	C:\WINDOWS\System32\WS2_32.dll
0x00007fffabd00000 - 0x00007fffabd0f000 	C:\Program Files\Android\Jdk\microsoft_dist_openjdk_1.8.0.25\jre\bin\verify.dll
0x00007fff82d30000 - 0x00007fff82d59000 	C:\Program Files\Android\Jdk\microsoft_dist_openjdk_1.8.0.25\jre\bin\java.dll
0x00007fffabce0000 - 0x00007fffabcf6000 	C:\Program Files\Android\Jdk\microsoft_dist_openjdk_1.8.0.25\jre\bin\zip.dll
0x00007fffb0d40000 - 0x00007fffb147f000 	C:\WINDOWS\System32\SHELL32.dll
0x00007fffae110000 - 0x00007fffae8a0000 	C:\WINDOWS\SYSTEM32\windows.storage.dll
0x00007fffb2330000 - 0x00007fffb2685000 	C:\WINDOWS\System32\combase.dll
0x00007fffafad0000 - 0x00007fffafafc000 	C:\WINDOWS\SYSTEM32\Wldp.dll
0x00007fffb1480000 - 0x00007fffb152e000 	C:\WINDOWS\System32\SHCORE.dll
0x00007fffb2270000 - 0x00007fffb22c5000 	C:\WINDOWS\System32\shlwapi.dll
0x00007fffb0080000 - 0x00007fffb009f000 	C:\WINDOWS\SYSTEM32\profapi.dll
0x00007fff9f860000 - 0x00007fff9f87a000 	C:\Program Files\Android\jdk\microsoft_dist_openjdk_1.8.0.25\jre\bin\net.dll
0x00007fffaf830000 - 0x00007fffaf89a000 	C:\WINDOWS\system32\mswsock.dll
0x00007fff9cb40000 - 0x00007fff9cb51000 	C:\Program Files\Android\jdk\microsoft_dist_openjdk_1.8.0.25\jre\bin\nio.dll

VM Arguments:
jvm_args: -Xmx1G 
java_command: com.android.tools.r8.D8 --debug --min-api 21 --output obj\Debug\110\android\bin\ --lib D:\Android\android-sdk-xamarin\android-sdk\platforms\android-30\android.jar obj\Debug\110\android\bin\classes.zip C:\Program Files (x86)\Microsoft Visual Studio\2019\Professional\Common7\IDE\ReferenceAssemblies\Microsoft\Framework\MonoAndroid\v11.0\mono.android.jar C:\Program Files (x86)\Microsoft Visual Studio\2019\Professional\MSBuild\Xamarin\Android\java_runtime_fastdev.jar C:\Users\Administrator\.nuget\packages\xamarin.google.guava.listenablefuture\1.0.0.2\buildTransitive\monoandroid50\guava-listenablefuture.jar C:\Program Files (x86)\Microsoft\Xamarin\NuGet\xamarin.androidx.annotation\1.1.0.8\buildTransitive\monoandroid90\..\..\jar\androidx.annotation.annotation.jar C:\Users\Administrator\.nuget\packages\xamarin.androidx.collection\1.1.0.6\buildTransitive\monoandroid90\..\..\jar\androidx.collection.collection.jar C:\Users\Administrator\.nuget\packages\xamarin.androidx.lifecycle.common\2.2.0.4\buildTransitive\monoandroid90\..\..\jar\androidx.lifecycle.lifecycle-common.jar C:\Users\Administrator\.nuget\packages\xamarin.androidx.arch.core.common\2.1.0.7\buildTransitive\monoandroid90\..\..\jar\androidx.arch.core.core-common.jar obj\Debug\110\lp\1\jl\formsviewgroup.jar obj\Debug\110\lp\60\jl\classes.jar obj\Debug\110\lp\61\jl\classes.jar obj\Debug\110\lp\62\jl\classes.jar obj\Debug\110\lp\63\jl\classes.jar obj\Debug\110\lp\64\jl\classes.jar obj\Debug\110\lp\65\jl\classes.jar obj\Debug\110\lp\66\jl\classes.jar obj\Debug\110\lp\67\jl\classes.jar obj\Debug\110\lp\68\jl\classes.jar obj\Debug\110\lp\69\jl\classes.jar obj\Debug\110\lp\70\jl\classes.jar obj\Debug\110\lp\71\jl\classes.jar obj\Debug\110\lp\72\jl\classes.jar obj\Debug\110\lp\73\jl\classes.jar obj\Debug\110\lp\74\jl\classes.jar obj\Debug\110\lp\75\jl\classes.jar obj\Debug\110\lp\76\jl\classes.jar obj\Debug\110\lp\77\jl\classes.jar obj\Debug\110\lp\78\jl\classes.jar obj\Debug\110\lp\79\jl\classes.jar obj\Debug
java_class_path (initial): C:\Program Files (x86)\Microsoft Visual Studio\2019\Professional\MSBuild\Xamarin\Android\r8.jar
Launcher Type: SUN_STANDARD

Environment Variables:
PATH=C:\Program Files\Android\Jdk\microsoft_dist_openjdk_1.8.0.25\bin;C:\Program Files\Microsoft MPI\Bin\;C:\Oracle\11.2.0\client_1;C:\Program Files (x86)\Eziriz\.NET Reactor;C:\ProgramData\Oracle\Java\javapath;D:\app\Hung\product\11.2.0\client_2\bin;D:\app\Hung\product\11.2.0\client_1;C:\Program Files (x86)\Common Files\Oracle\Java\javapath;C:\WINDOWS\system32;C:\WINDOWS;C:\WINDOWS\System32\Wbem;C:\WINDOWS\System32\WindowsPowerShell\v1.0\;C:\WINDOWS\System32\OpenSSH\;C:\Program Files (x86)\Microsoft SQL Server\140\Tools\Binn\;C:\Program Files\Microsoft SQL Server\140\Tools\Binn\;C:\Program Files (x86)\Microsoft SQL Server\140\DTS\Binn\;C:\Program Files\Microsoft SQL Server\140\DTS\Binn\;C:\Program Files\Microsoft SQL Server\Client SDK\ODBC\130\Tools\Binn\;C:\Program Files\Git\cmd;C:\Program Files\dotnet\;C:\Program Files\Microsoft SQL Server\130\Tools\Binn\;C:\Program Files (x86)\Microsoft SQL Server\Client SDK\ODBC\130\Tools\Binn\;C:\Program Files (x86)\Microsoft SQL Server\140\Tools\Binn\ManagementStudio\;C:\Program Files (x86)\Microsoft SQL Server\90\Tools\binn\;C:\Users\Administrator\AppData\Local\Microsoft\WindowsApps;C:\Users\Administrator\.dotnet\tools
USERNAME=Administrator
OS=Windows_NT
PROCESSOR_IDENTIFIER=Intel64 Family 6 Model 94 Stepping 3, GenuineIntel



---------------  S Y S T E M  ---------------

OS: Windows 10.0 , 64 bit Build 19041 (10.0.19041.1151)

CPU:total 8 (initial active 8) (4 cores per cpu, 2 threads per core) family 6 model 94 stepping 3, cmov, cx8, fxsr, mmx, sse, sse2, sse3, ssse3, sse4.1, sse4.2, popcnt, avx, avx2, aes, clmul, erms, rtm, 3dnowpref, lzcnt, ht, tsc, tscinvbit, bmi1, bmi2, adx

Memory: 4k page, physical 16654136k(2446652k free), swap 16654136k(5128k free)

vm_info: OpenJDK 64-Bit Server VM (25.71-b00) for windows-amd64 JRE (1.8.0-25-microsoft-b00), built on Feb  7 2019 20:09:14 by "builder" with MS VC++ 10.0 (VS2010)

time: Wed Aug 25 11:30:32 2021
timezone: SE Asia Standard Time
elapsed time: 0 seconds (0d 0h 0m 0s)

