#
# There is insufficient memory for the Java Runtime Environment to continue.
# Native memory allocation (malloc) failed to allocate 1240192 bytes for Chunk::new
# Possible reasons:
#   The system is out of physical RAM or swap space
#   The process is running with CompressedOops enabled, and the Java Heap may be blocking the growth of the native heap
# Possible solutions:
#   Reduce memory load on the system
#   Increase physical memory or swap space
#   Check if swap backing store is full
#   Decrease Java heap size (-Xmx/-Xms)
#   Decrease number of Java threads
#   Decrease Java thread stack sizes (-Xss)
#   Set larger code cache with -XX:ReservedCodeCacheSize=
#   JVM is running with Unscaled Compressed Oops mode in which the Java heap is
#     placed in the first 4GB address space. The Java Heap base address is the
#     maximum limit for the native heap growth. Please use -XX:HeapBaseMinAddress
#     to set the Java Heap base and to place the Java Heap above 4GB virtual address.
# This output file may be truncated or incomplete.
#
#  Out of Memory Error (allocation.cpp:389), pid=16404, tid=0x0000000000001dc8
#
# JRE version: OpenJDK Runtime Environment (8.0) (build 1.8.0-25-microsoft-b00)
# Java VM: OpenJDK 64-Bit Server VM (25.71-b00 mixed mode windows-amd64 compressed oops)
# Failed to write core dump. Minidumps are not enabled by default on client versions of Windows
#

---------------  T H R E A D  ---------------

Current thread (0x00000000176e0800):  JavaThread "C2 CompilerThread2" daemon [_thread_in_native, id=7624, stack(0x00000000181c0000,0x00000000182c0000)]

Stack: [0x00000000181c0000,0x00000000182c0000]
[error occurred during error reporting (printing stack bounds), id 0xc0000005]

Native frames: (J=compiled Java code, j=interpreted, Vv=VM code, C=native code)


Current CompileTask:
C2:   1146 1561 %     4       com.android.tools.r8.z.a.a.f::a @ 66 (6058 bytes)


---------------  P R O C E S S  ---------------

Java Threads: ( => current thread )
  0x0000000018ab4800 JavaThread "ForkJoinPool-1-worker-0" daemon [_thread_in_Java, id=16324, stack(0x00000000190c0000,0x00000000191c0000)]
  0x0000000018ab9800 JavaThread "ForkJoinPool-1-worker-3" daemon [_thread_in_vm, id=3884, stack(0x0000000018fc0000,0x00000000190c0000)]
  0x0000000018ab9000 JavaThread "ForkJoinPool-1-worker-2" daemon [_thread_in_Java, id=16044, stack(0x0000000018ec0000,0x0000000018fc0000)]
  0x0000000018ab8000 JavaThread "ForkJoinPool-1-worker-1" daemon [_thread_in_vm, id=14236, stack(0x0000000018dc0000,0x0000000018ec0000)]
  0x0000000017708800 JavaThread "Service Thread" daemon [_thread_blocked, id=2248, stack(0x00000000183c0000,0x00000000184c0000)]
  0x00000000176f3000 JavaThread "C1 CompilerThread3" daemon [_thread_in_native, id=7896, stack(0x00000000182c0000,0x00000000183c0000)]
=>0x00000000176e0800 JavaThread "C2 CompilerThread2" daemon [_thread_in_native, id=7624, stack(0x00000000181c0000,0x00000000182c0000)]
  0x00000000176dc800 JavaThread "C2 CompilerThread1" daemon [_thread_in_native, id=19508, stack(0x00000000180c0000,0x00000000181c0000)]
  0x00000000176da800 JavaThread "C2 CompilerThread0" daemon [_thread_in_native, id=26804, stack(0x0000000017fc0000,0x00000000180c0000)]
  0x00000000176d9000 JavaThread "Attach Listener" daemon [_thread_blocked, id=22804, stack(0x0000000017ec0000,0x0000000017fc0000)]
  0x00000000176d8000 JavaThread "Signal Dispatcher" daemon [_thread_blocked, id=20392, stack(0x0000000017dc0000,0x0000000017ec0000)]
  0x00000000176d0800 JavaThread "Finalizer" daemon [_thread_blocked, id=9632, stack(0x0000000017bb0000,0x0000000017cb0000)]
  0x00000000158cc000 JavaThread "Reference Handler" daemon [_thread_blocked, id=20852, stack(0x0000000017ab0000,0x0000000017bb0000)]
  0x0000000002c83800 JavaThread "main" [_thread_blocked, id=14568, stack(0x0000000002b60000,0x0000000002c60000)]

Other Threads:
  0x00000000158c8000 VMThread [stack: 0x00000000175b0000,0x00000000176b0000] [id=15936]
  0x0000000017709800 WatcherThread [stack: 0x00000000184c0000,0x00000000185c0000] [id=19080]

VM state:not at safepoint (normal execution)

VM Mutex/Monitor currently owned by a thread: None

heap address: 0x00000000c0000000, size: 1024 MB, Compressed Oops mode: 32-bit
Narrow klass base: 0x0000000000000000, Narrow klass shift: 3
Compressed class space size: 1073741824 Address: 0x0000000100000000

Heap:
 PSYoungGen      total 141824K, used 105017K [0x00000000eab00000, 0x00000000fc000000, 0x0000000100000000)
  eden space 131072K, 71% used [0x00000000eab00000,0x00000000f0714490,0x00000000f2b00000)
  from space 10752K, 99% used [0x00000000f2b00000,0x00000000f357a230,0x00000000f3580000)
  to   space 10752K, 0% used [0x00000000fb580000,0x00000000fb580000,0x00000000fc000000)
 ParOldGen       total 175104K, used 52590K [0x00000000c0000000, 0x00000000cab00000, 0x00000000eab00000)
  object space 175104K, 30% used [0x00000000c0000000,0x00000000c335bb40,0x00000000cab00000)
 Metaspace       used 15020K, capacity 16256K, committed 16384K, reserved 1062912K
  class space    used 2001K, capacity 2270K, committed 2304K, reserved 1048576K

Card table byte_map: [0x0000000012150000,0x0000000012360000] byte_map_base: 0x0000000011b50000

Marking Bits: (ParMarkBitMap*) 0x0000000052278f30
 Begin Bits: [0x0000000012cc0000, 0x0000000013cc0000)
 End Bits:   [0x0000000013cc0000, 0x0000000014cc0000)

Polling page: 0x0000000002c60000

CodeCache: size=245760Kb used=7221Kb max_used=7221Kb free=238538Kb
 bounds [0x0000000002d90000, 0x00000000034b0000, 0x0000000011d90000]
 total_blobs=2714 nmethods=2361 adapters=265
 compilation: enabled

Compilation events (10 events):
Event: 1.143 Thread 0x00000000176f3000 nmethod 2412 0x0000000003498690 code [0x0000000003498800, 0x0000000003498ad0]
Event: 1.143 Thread 0x00000000176f3000 2415       3       com.android.tools.r8.s.b.q1::a (97 bytes)
Event: 1.144 Thread 0x00000000176f3000 nmethod 2415 0x0000000003498bd0 code [0x0000000003498f00, 0x000000000349aab8]
Event: 1.144 Thread 0x00000000176f3000 2428       1       com.android.tools.r8.s.b.B::y (2 bytes)
Event: 1.144 Thread 0x00000000176f3000 nmethod 2428 0x000000000349ba90 code [0x000000000349bbe0, 0x000000000349bcf0]
Event: 1.144 Thread 0x00000000176f3000 2417       3       com.android.tools.r8.s.b.t0::S (2 bytes)
Event: 1.145 Thread 0x00000000176f3000 nmethod 2417 0x000000000349bd50 code [0x000000000349bea0, 0x000000000349bff0]
Event: 1.145 Thread 0x00000000176f3000 2424       3       java.util.IdentityHashMap$IdentityHashMapIterator::nextIndex (72 bytes)
Event: 1.145 Thread 0x00000000176f3000 nmethod 2424 0x000000000349c090 code [0x000000000349c220, 0x000000000349c688]
Event: 1.145 Thread 0x00000000176f3000 2418       3       com.android.tools.r8.s.b.o::a (130 bytes)

GC Heap History (6 events):
Event: 0.393 GC heap before
{Heap before GC invocations=1 (full 0):
 PSYoungGen      total 76288K, used 65536K [0x00000000eab00000, 0x00000000f0000000, 0x0000000100000000)
  eden space 65536K, 100% used [0x00000000eab00000,0x00000000eeb00000,0x00000000eeb00000)
  from space 10752K, 0% used [0x00000000ef580000,0x00000000ef580000,0x00000000f0000000)
  to   space 10752K, 0% used [0x00000000eeb00000,0x00000000eeb00000,0x00000000ef580000)
 ParOldGen       total 175104K, used 0K [0x00000000c0000000, 0x00000000cab00000, 0x00000000eab00000)
  object space 175104K, 0% used [0x00000000c0000000,0x00000000c0000000,0x00000000cab00000)
 Metaspace       used 8148K, capacity 8410K, committed 8576K, reserved 1056768K
  class space    used 932K, capacity 1033K, committed 1152K, reserved 1048576K
Event: 0.402 GC heap after
Heap after GC invocations=1 (full 0):
 PSYoungGen      total 76288K, used 10748K [0x00000000eab00000, 0x00000000f4000000, 0x0000000100000000)
  eden space 65536K, 0% used [0x00000000eab00000,0x00000000eab00000,0x00000000eeb00000)
  from space 10752K, 99% used [0x00000000eeb00000,0x00000000ef57f158,0x00000000ef580000)
  to   space 10752K, 0% used [0x00000000f3580000,0x00000000f3580000,0x00000000f4000000)
 ParOldGen       total 175104K, used 6251K [0x00000000c0000000, 0x00000000cab00000, 0x00000000eab00000)
  object space 175104K, 3% used [0x00000000c0000000,0x00000000c061af98,0x00000000cab00000)
 Metaspace       used 8148K, capacity 8410K, committed 8576K, reserved 1056768K
  class space    used 932K, capacity 1033K, committed 1152K, reserved 1048576K
}
Event: 0.565 GC heap before
{Heap before GC invocations=2 (full 0):
 PSYoungGen      total 76288K, used 76284K [0x00000000eab00000, 0x00000000f4000000, 0x0000000100000000)
  eden space 65536K, 100% used [0x00000000eab00000,0x00000000eeb00000,0x00000000eeb00000)
  from space 10752K, 99% used [0x00000000eeb00000,0x00000000ef57f158,0x00000000ef580000)
  to   space 10752K, 0% used [0x00000000f3580000,0x00000000f3580000,0x00000000f4000000)
 ParOldGen       total 175104K, used 6251K [0x00000000c0000000, 0x00000000cab00000, 0x00000000eab00000)
  object space 175104K, 3% used [0x00000000c0000000,0x00000000c061af98,0x00000000cab00000)
 Metaspace       used 9306K, capacity 9750K, committed 9984K, reserved 1058816K
  class space    used 1078K, capacity 1199K, committed 1280K, reserved 1048576K
Event: 0.580 GC heap after
Heap after GC invocations=2 (full 0):
 PSYoungGen      total 141824K, used 10734K [0x00000000eab00000, 0x00000000f4000000, 0x0000000100000000)
  eden space 131072K, 0% used [0x00000000eab00000,0x00000000eab00000,0x00000000f2b00000)
  from space 10752K, 99% used [0x00000000f3580000,0x00000000f3ffb958,0x00000000f4000000)
  to   space 10752K, 0% used [0x00000000f2b00000,0x00000000f2b00000,0x00000000f3580000)
 ParOldGen       total 175104K, used 28478K [0x00000000c0000000, 0x00000000cab00000, 0x00000000eab00000)
  object space 175104K, 16% used [0x00000000c0000000,0x00000000c1bcfbe0,0x00000000cab00000)
 Metaspace       used 9306K, capacity 9750K, committed 9984K, reserved 1058816K
  class space    used 1078K, capacity 1199K, committed 1280K, reserved 1048576K
}
Event: 0.803 GC heap before
{Heap before GC invocations=3 (full 0):
 PSYoungGen      total 141824K, used 141806K [0x00000000eab00000, 0x00000000f4000000, 0x0000000100000000)
  eden space 131072K, 100% used [0x00000000eab00000,0x00000000f2b00000,0x00000000f2b00000)
  from space 10752K, 99% used [0x00000000f3580000,0x00000000f3ffb958,0x00000000f4000000)
  to   space 10752K, 0% used [0x00000000f2b00000,0x00000000f2b00000,0x00000000f3580000)
 ParOldGen       total 175104K, used 28478K [0x00000000c0000000, 0x00000000cab00000, 0x00000000eab00000)
  object space 175104K, 16% used [0x00000000c0000000,0x00000000c1bcfbe0,0x00000000cab00000)
 Metaspace       used 10084K, capacity 10634K, committed 10880K, reserved 1058816K
  class space    used 1176K, capacity 1295K, committed 1408K, reserved 1048576K
Event: 0.834 GC heap after
Heap after GC invocations=3 (full 0):
 PSYoungGen      total 141824K, used 10728K [0x00000000eab00000, 0x00000000fc000000, 0x0000000100000000)
  eden space 131072K, 0% used [0x00000000eab00000,0x00000000eab00000,0x00000000f2b00000)
  from space 10752K, 99% used [0x00000000f2b00000,0x00000000f357a230,0x00000000f3580000)
  to   space 10752K, 0% used [0x00000000fb580000,0x00000000fb580000,0x00000000fc000000)
 ParOldGen       total 175104K, used 52590K [0x00000000c0000000, 0x00000000cab00000, 0x00000000eab00000)
  object space 175104K, 30% used [0x00000000c0000000,0x00000000c335bb40,0x00000000cab00000)
 Metaspace       used 10084K, capacity 10634K, committed 10880K, reserved 1058816K
  class space    used 1176K, capacity 1295K, committed 1408K, reserved 1048576K
}

Deoptimization events (10 events):
Event: 1.020 Thread 0x0000000018ab4800 Uncommon trap: reason=bimorphic action=maybe_recompile pc=0x0000000002fbcb78 method=java.util.HashMap.getNode(ILjava/lang/Object;)Ljava/util/HashMap$Node; @ 126
Event: 1.020 Thread 0x0000000018ab9800 Uncommon trap: reason=bimorphic action=maybe_recompile pc=0x0000000002fbcb78 method=java.util.HashMap.getNode(ILjava/lang/Object;)Ljava/util/HashMap$Node; @ 126
Event: 1.026 Thread 0x0000000018ab4800 Uncommon trap: reason=speculate_class_check action=maybe_recompile pc=0x00000000030f88cc method=java.util.HashMap.putVal(ILjava/lang/Object;Ljava/lang/Object;ZZ)Ljava/lang/Object; @ 56
Event: 1.026 Thread 0x0000000018ab9000 Uncommon trap: reason=speculate_class_check action=maybe_recompile pc=0x00000000030f88cc method=java.util.HashMap.putVal(ILjava/lang/Object;Ljava/lang/Object;ZZ)Ljava/lang/Object; @ 56
Event: 1.077 Thread 0x0000000018ab9800 Uncommon trap: reason=bimorphic action=maybe_recompile pc=0x00000000031d588c method=com.android.tools.r8.q.a.a.a.v.hash(Ljava/lang/Object;)I @ 8
Event: 1.077 Thread 0x0000000018ab9800 Uncommon trap: reason=bimorphic action=maybe_recompile pc=0x00000000031d588c method=com.android.tools.r8.q.a.a.a.v.hash(Ljava/lang/Object;)I @ 8
Event: 1.078 Thread 0x0000000018ab8000 Uncommon trap: reason=unstable_if action=reinterpret pc=0x00000000030f9604 method=com.android.tools.r8.graph.i0.a([C)I @ 29
Event: 1.082 Thread 0x0000000018ab8000 Uncommon trap: reason=bimorphic action=maybe_recompile pc=0x00000000031d588c method=com.android.tools.r8.q.a.a.a.v.hash(Ljava/lang/Object;)I @ 8
Event: 1.082 Thread 0x0000000018ab8000 Uncommon trap: reason=bimorphic action=maybe_recompile pc=0x00000000031d588c method=com.android.tools.r8.q.a.a.a.v.hash(Ljava/lang/Object;)I @ 8
Event: 1.129 Thread 0x0000000018ab9800 Uncommon trap: reason=unstable_if action=reinterpret pc=0x00000000034565f8 method=java.util.HashMap.putVal(ILjava/lang/Object;Ljava/lang/Object;ZZ)Ljava/lang/Object; @ 162

Classes redefined (0 events):
No events

Internal exceptions (10 events):
Event: 0.985 Thread 0x0000000018ab9800 Implicit null exception at 0x0000000003219cef to 0x0000000003219d8d
Event: 1.018 Thread 0x0000000018ab4800 Exception <a 'java/lang/NoSuchMethodError': java.lang.Object.b(Lcom/android/tools/r8/graph/p1$b;)Lcom/android/tools/r8/graph/p1$b;> (0x00000000ef431300) thrown at [D:\j\worksp~1\openjd~3\jdk8u\hotspot\src\share\vm\interpreter\linkResolver.cpp, line 620]
Event: 1.040 Thread 0x0000000018ab9800 Exception <a 'java/lang/NoSuchMethodError': java.lang.Object.lambda$comparingInt$7b0bb60$1(Ljava/util/function/ToIntFunction;Ljava/lang/Object;Ljava/lang/Object;)I> (0x00000000ef668b90) thrown at [D:\j\worksp~1\openjd~3\jdk8u\hotspot\src\share\vm\interpre
Event: 1.040 Thread 0x0000000018ab8000 Exception <a 'java/lang/NoSuchMethodError': java.lang.Object.lambda$comparingInt$7b0bb60$1(Ljava/util/function/ToIntFunction;Ljava/lang/Object;Ljava/lang/Object;)I> (0x00000000ef6f97d8) thrown at [D:\j\worksp~1\openjd~3\jdk8u\hotspot\src\share\vm\interpre
Event: 1.040 Thread 0x0000000018ab9000 Exception <a 'java/lang/NoSuchMethodError': java.lang.Object.lambda$comparingInt$7b0bb60$1(Ljava/util/function/ToIntFunction;Ljava/lang/Object;Ljava/lang/Object;)I> (0x00000000ef829b30) thrown at [D:\j\worksp~1\openjd~3\jdk8u\hotspot\src\share\vm\interpre
Event: 1.040 Thread 0x0000000018ab4800 Exception <a 'java/lang/NoSuchMethodError': java.lang.Object.lambda$comparingInt$7b0bb60$1(Ljava/util/function/ToIntFunction;Ljava/lang/Object;Ljava/lang/Object;)I> (0x00000000ef7a0198) thrown at [D:\j\worksp~1\openjd~3\jdk8u\hotspot\src\share\vm\interpre
Event: 1.041 Thread 0x0000000018ab8000 Exception <a 'java/lang/NoSuchMethodError': java.lang.Object.lambda$maxBy$1(Ljava/util/Comparator;Ljava/lang/Object;Ljava/lang/Object;)Ljava/lang/Object;> (0x00000000ef705938) thrown at [D:\j\worksp~1\openjd~3\jdk8u\hotspot\src\share\vm\interpreter\linkRe
Event: 1.041 Thread 0x0000000018ab9000 Exception <a 'java/lang/NoSuchMethodError': java.lang.Object.lambda$maxBy$1(Ljava/util/Comparator;Ljava/lang/Object;Ljava/lang/Object;)Ljava/lang/Object;> (0x00000000ef8354b0) thrown at [D:\j\worksp~1\openjd~3\jdk8u\hotspot\src\share\vm\interpreter\linkRe
Event: 1.041 Thread 0x0000000018ab9800 Exception <a 'java/lang/NoSuchMethodError': java.lang.Object.lambda$maxBy$1(Ljava/util/Comparator;Ljava/lang/Object;Ljava/lang/Object;)Ljava/lang/Object;> (0x00000000ef674760) thrown at [D:\j\worksp~1\openjd~3\jdk8u\hotspot\src\share\vm\interpreter\linkRe
Event: 1.041 Thread 0x0000000018ab4800 Exception <a 'java/lang/NoSuchMethodError': java.lang.Object.lambda$maxBy$1(Ljava/util/Comparator;Ljava/lang/Object;Ljava/lang/Object;)Ljava/lang/Object;> (0x00000000ef7abf48) thrown at [D:\j\worksp~1\openjd~3\jdk8u\hotspot\src\share\vm\interpreter\linkRe

Events (10 events):
Event: 1.141 loading class com/android/tools/r8/ir/optimize/l$f
Event: 1.141 loading class com/android/tools/r8/ir/optimize/l$f done
Event: 1.141 loading class com/android/tools/r8/utils/l0
Event: 1.141 loading class com/android/tools/r8/utils/l0 done
Event: 1.141 loading class com/android/tools/r8/code/R2
Event: 1.141 loading class com/android/tools/r8/code/R2 done
Event: 1.141 loading class com/android/tools/r8/code/X2
Event: 1.141 loading class com/android/tools/r8/code/X2 done
Event: 1.141 loading class com/android/tools/r8/code/Y2
Event: 1.141 loading class com/android/tools/r8/code/Y2 done


Dynamic libraries:
0x00007ff6a4c40000 - 0x00007ff6a4c75000 	C:\Program Files\Android\Jdk\microsoft_dist_openjdk_1.8.0.25\bin\java.exe
0x00007ff97e9f0000 - 0x00007ff97ebe5000 	C:\WINDOWS\SYSTEM32\ntdll.dll
0x00007ff97e000000 - 0x00007ff97e0bd000 	C:\WINDOWS\System32\KERNEL32.DLL
0x00007ff97c270000 - 0x00007ff97c539000 	C:\WINDOWS\System32\KERNELBASE.dll
0x00007ff97ce00000 - 0x00007ff97ceac000 	C:\WINDOWS\System32\ADVAPI32.dll
0x00007ff97cfd0000 - 0x00007ff97d06e000 	C:\WINDOWS\System32\msvcrt.dll
0x00007ff97df30000 - 0x00007ff97dfcb000 	C:\WINDOWS\System32\sechost.dll
0x00007ff97e880000 - 0x00007ff97e9aa000 	C:\WINDOWS\System32\RPCRT4.dll
0x00007ff97cc60000 - 0x00007ff97ce00000 	C:\WINDOWS\System32\USER32.dll
0x00007ff97c850000 - 0x00007ff97c872000 	C:\WINDOWS\System32\win32u.dll
0x00007ff97dfd0000 - 0x00007ff97dffa000 	C:\WINDOWS\System32\GDI32.dll
0x00007ff97c6a0000 - 0x00007ff97c7ab000 	C:\WINDOWS\System32\gdi32full.dll
0x00007ff97c7b0000 - 0x00007ff97c84d000 	C:\WINDOWS\System32\msvcp_win.dll
0x00007ff97c120000 - 0x00007ff97c220000 	C:\WINDOWS\System32\ucrtbase.dll
0x00007ff95e850000 - 0x00007ff95eaea000 	C:\WINDOWS\WinSxS\amd64_microsoft.windows.common-controls_6595b64144ccf1df_6.0.19041.1110_none_60b5254171f9507e\COMCTL32.dll
0x00007ff97e840000 - 0x00007ff97e870000 	C:\WINDOWS\System32\IMM32.DLL
0x0000000052a40000 - 0x0000000052b11000 	C:\Program Files\Android\Jdk\microsoft_dist_openjdk_1.8.0.25\jre\bin\msvcr100.dll
0x0000000051ab0000 - 0x00000000522f5000 	C:\Program Files\Android\Jdk\microsoft_dist_openjdk_1.8.0.25\jre\bin\server\jvm.dll
0x00007ff97e240000 - 0x00007ff97e248000 	C:\WINDOWS\System32\PSAPI.DLL
0x00007ff96a3d0000 - 0x00007ff96a3d9000 	C:\WINDOWS\SYSTEM32\WSOCK32.dll
0x00007ff95ff50000 - 0x00007ff95ff77000 	C:\WINDOWS\SYSTEM32\WINMM.dll
0x00007ff975230000 - 0x00007ff97523a000 	C:\WINDOWS\SYSTEM32\VERSION.dll
0x00007ff97e120000 - 0x00007ff97e18b000 	C:\WINDOWS\System32\WS2_32.dll
0x00007ff977d50000 - 0x00007ff977d5f000 	C:\Program Files\Android\Jdk\microsoft_dist_openjdk_1.8.0.25\jre\bin\verify.dll
0x00007ff965b20000 - 0x00007ff965b49000 	C:\Program Files\Android\Jdk\microsoft_dist_openjdk_1.8.0.25\jre\bin\java.dll
0x00007ff968d50000 - 0x00007ff968d66000 	C:\Program Files\Android\Jdk\microsoft_dist_openjdk_1.8.0.25\jre\bin\zip.dll
0x00007ff97d6c0000 - 0x00007ff97ddff000 	C:\WINDOWS\System32\SHELL32.dll
0x00007ff97a120000 - 0x00007ff97a8b0000 	C:\WINDOWS\SYSTEM32\windows.storage.dll
0x00007ff97e250000 - 0x00007ff97e5a5000 	C:\WINDOWS\System32\combase.dll
0x00007ff97bab0000 - 0x00007ff97badc000 	C:\WINDOWS\SYSTEM32\Wldp.dll
0x00007ff97e190000 - 0x00007ff97e23e000 	C:\WINDOWS\System32\SHCORE.dll
0x00007ff97d130000 - 0x00007ff97d185000 	C:\WINDOWS\System32\shlwapi.dll
0x00007ff97c060000 - 0x00007ff97c07f000 	C:\WINDOWS\SYSTEM32\profapi.dll
0x00007ff968c70000 - 0x00007ff968c8a000 	C:\Program Files\Android\jdk\microsoft_dist_openjdk_1.8.0.25\jre\bin\net.dll
0x00007ff97b810000 - 0x00007ff97b87a000 	C:\WINDOWS\system32\mswsock.dll
0x00007ff966900000 - 0x00007ff966911000 	C:\Program Files\Android\jdk\microsoft_dist_openjdk_1.8.0.25\jre\bin\nio.dll

VM Arguments:
jvm_args: -Xmx1G 
java_command: com.android.tools.r8.D8 --debug --min-api 21 --output obj\Debug\110\android\bin\ --lib D:\Android\android-sdk-xamarin\android-sdk\platforms\android-30\android.jar obj\Debug\110\android\bin\classes.zip C:\Program Files (x86)\Microsoft Visual Studio\2019\Professional\Common7\IDE\ReferenceAssemblies\Microsoft\Framework\MonoAndroid\v11.0\mono.android.jar C:\Program Files (x86)\Microsoft Visual Studio\2019\Professional\MSBuild\Xamarin\Android\java_runtime_fastdev.jar C:\Program Files (x86)\Microsoft\Xamarin\NuGet\xamarin.androidx.annotation\1.1.0.8\buildTransitive\monoandroid90\..\..\jar\androidx.annotation.annotation.jar C:\Users\Administrator\.nuget\packages\xamarin.androidx.collection\1.1.0.6\buildTransitive\monoandroid90\..\..\jar\androidx.collection.collection.jar C:\Users\Administrator\.nuget\packages\xamarin.androidx.lifecycle.common\2.2.0.4\buildTransitive\monoandroid90\..\..\jar\androidx.lifecycle.lifecycle-common.jar C:\Users\Administrator\.nuget\packages\xamarin.androidx.arch.core.common\2.1.0.7\buildTransitive\monoandroid90\..\..\jar\androidx.arch.core.core-common.jar obj\Debug\110\androidx\jl\ec34332c-590b-49e1-9e7a-b4a80c3231a1.jar obj\Debug\110\lp\1\jl\formsviewgroup.jar obj\Debug\110\lp\101\jl\classes.jar obj\Debug\110\lp\102\jl\classes.jar obj\Debug\110\lp\63\jl\classes.jar obj\Debug\110\lp\64\jl\classes.jar obj\Debug\110\lp\65\jl\classes.jar obj\Debug\110\lp\66\jl\classes.jar obj\Debug\110\lp\67\jl\classes.jar obj\Debug\110\lp\68\jl\classes.jar obj\Debug\110\lp\69\jl\classes.jar obj\Debug\110\lp\70\jl\classes.jar obj\Debug\110\lp\71\jl\classes.jar obj\Debug\110\lp\72\jl\classes.jar obj\Debug\110\lp\73\jl\classes.jar obj\Debug\110\lp\74\jl\classes.jar obj\Debug\110\lp\75\jl\classes.jar obj\Debug\110\lp\76\jl\classes.jar obj\Debug\110\lp\77\jl\classes.jar obj\Debug\110\lp\78\jl\classes.jar obj\Debug\110\lp\79\jl\classes.jar obj\Debug\110\lp\80\jl\classes.jar obj\Debug\110\lp\81\jl\classes.jar obj\Debug\110\lp\82\jl\classes.jar obj\Debug\11
java_class_path (initial): C:\Program Files (x86)\Microsoft Visual Studio\2019\Professional\MSBuild\Xamarin\Android\r8.jar
Launcher Type: SUN_STANDARD

Environment Variables:
PATH=C:\Program Files\Android\Jdk\microsoft_dist_openjdk_1.8.0.25\bin;C:\Program Files\Microsoft MPI\Bin\;C:\Oracle\11.2.0\client_1;C:\Program Files (x86)\Eziriz\.NET Reactor;C:\ProgramData\Oracle\Java\javapath;D:\app\Hung\product\11.2.0\client_2\bin;D:\app\Hung\product\11.2.0\client_1;C:\Program Files (x86)\Common Files\Oracle\Java\javapath;C:\WINDOWS\system32;C:\WINDOWS;C:\WINDOWS\System32\Wbem;C:\WINDOWS\System32\WindowsPowerShell\v1.0\;C:\WINDOWS\System32\OpenSSH\;C:\Program Files (x86)\Microsoft SQL Server\140\Tools\Binn\;C:\Program Files\Microsoft SQL Server\140\Tools\Binn\;C:\Program Files (x86)\Microsoft SQL Server\140\DTS\Binn\;C:\Program Files\Microsoft SQL Server\140\DTS\Binn\;C:\Program Files\Microsoft SQL Server\Client SDK\ODBC\130\Tools\Binn\;C:\Program Files\Git\cmd;C:\Program Files\dotnet\;C:\Program Files\Microsoft SQL Server\130\Tools\Binn\;C:\Program Files (x86)\Microsoft SQL Server\Client SDK\ODBC\130\Tools\Binn\;C:\Program Files (x86)\Microsoft SQL Server\140\Tools\Binn\ManagementStudio\;C:\Program Files (x86)\Microsoft SQL Server\90\Tools\binn\;C:\Users\Administrator\AppData\Local\Microsoft\WindowsApps;C:\Users\Administrator\.dotnet\tools;C:\Users\Administrator\AppData\Local\GitHubDesktop\bin
USERNAME=Administrator
OS=Windows_NT
PROCESSOR_IDENTIFIER=Intel64 Family 6 Model 94 Stepping 3, GenuineIntel



---------------  S Y S T E M  ---------------

OS: Windows 10.0 , 64 bit Build 19041 (10.0.19041.1151)

CPU:total 8 (initial active 8) (4 cores per cpu, 2 threads per core) family 6 model 94 stepping 3, cmov, cx8, fxsr, mmx, sse, sse2, sse3, ssse3, sse4.1, sse4.2, popcnt, avx, avx2, aes, clmul, erms, rtm, 3dnowpref, lzcnt, ht, tsc, tscinvbit, bmi1, bmi2, adx

Memory: 4k page, physical 16654136k(3337580k free), swap 16654136k(8120k free)

vm_info: OpenJDK 64-Bit Server VM (25.71-b00) for windows-amd64 JRE (1.8.0-25-microsoft-b00), built on Feb  7 2019 20:09:14 by "builder" with MS VC++ 10.0 (VS2010)

time: Mon Sep 13 16:36:24 2021
timezone: SE Asia Standard Time
elapsed time: 1 seconds (0d 0h 0m 1s)

