#
# There is insufficient memory for the Java Runtime Environment to continue.
# Native memory allocation (malloc) failed to allocate 2432176 bytes for Chunk::new
# Possible reasons:
#   The system is out of physical RAM or swap space
#   The process is running with CompressedOops enabled, and the Java Heap may be blocking the growth of the native heap
# Possible solutions:
#   Reduce memory load on the system
#   Increase physical memory or swap space
#   Check if swap backing store is full
#   Decrease Java heap size (-Xmx/-Xms)
#   Decrease number of Java threads
#   Decrease Java thread stack sizes (-Xss)
#   Set larger code cache with -XX:ReservedCodeCacheSize=
#   JVM is running with Unscaled Compressed Oops mode in which the Java heap is
#     placed in the first 4GB address space. The Java Heap base address is the
#     maximum limit for the native heap growth. Please use -XX:HeapBaseMinAddress
#     to set the Java Heap base and to place the Java Heap above 4GB virtual address.
# This output file may be truncated or incomplete.
#
#  Out of Memory Error (allocation.cpp:389), pid=21832, tid=0x0000000000004fb0
#
# JRE version: Java(TM) SE Runtime Environment (8.0_202-b08) (build 1.8.0_202-b08)
# Java VM: Java HotSpot(TM) 64-Bit Server VM (25.202-b08 mixed mode windows-amd64 compressed oops)
# Failed to write core dump. Minidumps are not enabled by default on client versions of Windows
#

---------------  T H R E A D  ---------------

Current thread (0x0000000017276800):  JavaThread "C2 CompilerThread0" daemon [_thread_in_native, id=20400, stack(0x0000000017b40000,0x0000000017c40000)]

Stack: [0x0000000017b40000,0x0000000017c40000]
[error occurred during error reporting (printing stack bounds), id 0xc0000005]

Native frames: (J=compiled Java code, j=interpreted, Vv=VM code, C=native code)


Current CompileTask:
C2:   3764 5184       4       com.android.tools.r8.ir.optimize.r::a (466 bytes)


---------------  P R O C E S S  ---------------

Java Threads: ( => current thread )
  0x000000001859f800 JavaThread "ForkJoinPool-1-worker-0" daemon [_thread_in_Java, id=19172, stack(0x0000000019c10000,0x0000000019d10000)]
  0x000000001859e000 JavaThread "ForkJoinPool-1-worker-3" daemon [_thread_in_Java, id=23384, stack(0x0000000019b10000,0x0000000019c10000)]
  0x000000001859d800 JavaThread "ForkJoinPool-1-worker-2" daemon [_thread_in_Java, id=8324, stack(0x0000000019a10000,0x0000000019b10000)]
  0x00000000185a4800 JavaThread "ForkJoinPool-1-worker-1" daemon [_thread_in_Java, id=3536, stack(0x0000000019910000,0x0000000019a10000)]
  0x00000000172ff800 JavaThread "Service Thread" daemon [_thread_blocked, id=16272, stack(0x0000000017f40000,0x0000000018040000)]
  0x0000000017283800 JavaThread "C1 CompilerThread3" daemon [_thread_blocked, id=17140, stack(0x0000000017e40000,0x0000000017f40000)]
  0x000000001727d800 JavaThread "C2 CompilerThread2" daemon [_thread_in_native, id=3864, stack(0x0000000017d40000,0x0000000017e40000)]
  0x000000001727d000 JavaThread "C2 CompilerThread1" daemon [_thread_in_native, id=17664, stack(0x0000000017c40000,0x0000000017d40000)]
=>0x0000000017276800 JavaThread "C2 CompilerThread0" daemon [_thread_in_native, id=20400, stack(0x0000000017b40000,0x0000000017c40000)]
  0x0000000017274000 JavaThread "Attach Listener" daemon [_thread_blocked, id=11380, stack(0x0000000017a40000,0x0000000017b40000)]
  0x0000000017273000 JavaThread "Signal Dispatcher" daemon [_thread_blocked, id=6488, stack(0x0000000017940000,0x0000000017a40000)]
  0x0000000017261000 JavaThread "Finalizer" daemon [_thread_blocked, id=8064, stack(0x0000000017740000,0x0000000017840000)]
  0x0000000017260800 JavaThread "Reference Handler" daemon [_thread_blocked, id=21656, stack(0x0000000017640000,0x0000000017740000)]
  0x0000000002853800 JavaThread "main" [_thread_blocked, id=24544, stack(0x00000000026d0000,0x00000000027d0000)]

Other Threads:
  0x0000000015469000 VMThread [stack: 0x0000000017140000,0x0000000017240000] [id=9232]
  0x0000000017329000 WatcherThread [stack: 0x0000000018040000,0x0000000018140000] [id=2240]

VM state:not at safepoint (normal execution)

VM Mutex/Monitor currently owned by a thread: None

heap address: 0x00000000c0000000, size: 1024 MB, Compressed Oops mode: 32-bit
Narrow klass base: 0x0000000000000000, Narrow klass shift: 3
Compressed class space size: 1073741824 Address: 0x0000000100000000

Heap:
 PSYoungGen      total 304128K, used 131636K [0x00000000eab00000, 0x00000000fff80000, 0x0000000100000000)
  eden space 259584K, 46% used [0x00000000eab00000,0x00000000f213c218,0x00000000fa880000)
  from space 44544K, 23% used [0x00000000fd400000,0x00000000fde50ee0,0x00000000fff80000)
  to   space 44544K, 0% used [0x00000000fa880000,0x00000000fa880000,0x00000000fd400000)
 ParOldGen       total 175104K, used 92637K [0x00000000c0000000, 0x00000000cab00000, 0x00000000eab00000)
  object space 175104K, 52% used [0x00000000c0000000,0x00000000c5a775c8,0x00000000cab00000)
 Metaspace       used 17604K, capacity 19020K, committed 19200K, reserved 1067008K
  class space    used 2239K, capacity 2558K, committed 2560K, reserved 1048576K

Card table byte_map: [0x0000000011d10000,0x0000000011f20000] byte_map_base: 0x0000000011710000

Marking Bits: (ParMarkBitMap*) 0x000000005a605ce0
 Begin Bits: [0x0000000012880000, 0x0000000013880000)
 End Bits:   [0x0000000013880000, 0x0000000014880000)

Polling page: 0x0000000000960000

CodeCache: size=245760Kb used=16276Kb max_used=17301Kb free=229483Kb
 bounds [0x0000000002950000, 0x0000000003a50000, 0x0000000011950000]
 total_blobs=4989 nmethods=4633 adapters=266
 compilation: enabled

Compilation events (10 events):
Event: 3.749 Thread 0x0000000017283800 5381       3       com.android.tools.r8.ir.optimize.l::b (158 bytes)
Event: 3.750 Thread 0x0000000017283800 nmethod 5381 0x0000000002af2150 code [0x0000000002af25e0, 0x0000000002af5048]
Event: 3.750 Thread 0x0000000017283800 5382 %     3       com.android.tools.r8.ir.conversion.H::<init> @ 18 (46 bytes)
Event: 3.751 Thread 0x0000000017283800 nmethod 5382% 0x0000000002ea2110 code [0x0000000002ea22a0, 0x0000000002ea26b8]
Event: 3.751 Thread 0x0000000017283800 5383 %     3       com.android.tools.r8.ir.conversion.H::a @ 16 (56 bytes)
Event: 3.751 Thread 0x0000000017283800 nmethod 5383% 0x0000000002b3f9d0 code [0x0000000002b3fb80, 0x0000000002b401b8]
Event: 3.751 Thread 0x0000000017283800 5384       1       com.android.tools.r8.s.b.K0::g2 (2 bytes)
Event: 3.751 Thread 0x0000000017283800 nmethod 5384 0x0000000002c79010 code [0x0000000002c79160, 0x0000000002c79270]
Event: 3.758 Thread 0x0000000017283800 5385       3       com.android.tools.r8.q.a.a.b.X::a (44 bytes)
Event: 3.759 Thread 0x0000000017283800 nmethod 5385 0x0000000002dc6990 code [0x0000000002dc6ba0, 0x0000000002dc76d8]

GC Heap History (10 events):
Event: 1.455 GC heap before
{Heap before GC invocations=4 (full 0):
 PSYoungGen      total 141824K, used 141800K [0x00000000eab00000, 0x00000000fc000000, 0x0000000100000000)
  eden space 131072K, 100% used [0x00000000eab00000,0x00000000f2b00000,0x00000000f2b00000)
  from space 10752K, 99% used [0x00000000f2b00000,0x00000000f357a100,0x00000000f3580000)
  to   space 10752K, 0% used [0x00000000fb580000,0x00000000fb580000,0x00000000fc000000)
 ParOldGen       total 175104K, used 56945K [0x00000000c0000000, 0x00000000cab00000, 0x00000000eab00000)
  object space 175104K, 32% used [0x00000000c0000000,0x00000000c379c5e0,0x00000000cab00000)
 Metaspace       used 14233K, capacity 15386K, committed 15616K, reserved 1062912K
  class space    used 1933K, capacity 2207K, committed 2304K, reserved 1048576K
Event: 1.493 GC heap after
Heap after GC invocations=4 (full 0):
 PSYoungGen      total 272896K, used 10744K [0x00000000eab00000, 0x00000000fc000000, 0x0000000100000000)
  eden space 262144K, 0% used [0x00000000eab00000,0x00000000eab00000,0x00000000fab00000)
  from space 10752K, 99% used [0x00000000fb580000,0x00000000fbffe080,0x00000000fc000000)
  to   space 10752K, 0% used [0x00000000fab00000,0x00000000fab00000,0x00000000fb580000)
 ParOldGen       total 175104K, used 76360K [0x00000000c0000000, 0x00000000cab00000, 0x00000000eab00000)
  object space 175104K, 43% used [0x00000000c0000000,0x00000000c4a92058,0x00000000cab00000)
 Metaspace       used 14233K, capacity 15386K, committed 15616K, reserved 1062912K
  class space    used 1933K, capacity 2207K, committed 2304K, reserved 1048576K
}
Event: 2.337 GC heap before
{Heap before GC invocations=5 (full 0):
 PSYoungGen      total 272896K, used 272888K [0x00000000eab00000, 0x00000000fc000000, 0x0000000100000000)
  eden space 262144K, 100% used [0x00000000eab00000,0x00000000fab00000,0x00000000fab00000)
  from space 10752K, 99% used [0x00000000fb580000,0x00000000fbffe080,0x00000000fc000000)
  to   space 10752K, 0% used [0x00000000fab00000,0x00000000fab00000,0x00000000fb580000)
 ParOldGen       total 175104K, used 76360K [0x00000000c0000000, 0x00000000cab00000, 0x00000000eab00000)
  object space 175104K, 43% used [0x00000000c0000000,0x00000000c4a92058,0x00000000cab00000)
 Metaspace       used 16415K, capacity 17672K, committed 17920K, reserved 1064960K
  class space    used 2174K, capacity 2444K, committed 2560K, reserved 1048576K
Event: 2.367 GC heap after
Heap after GC invocations=5 (full 0):
 PSYoungGen      total 272896K, used 10728K [0x00000000eab00000, 0x0000000100000000, 0x0000000100000000)
  eden space 262144K, 0% used [0x00000000eab00000,0x00000000eab00000,0x00000000fab00000)
  from space 10752K, 99% used [0x00000000fab00000,0x00000000fb57a080,0x00000000fb580000)
  to   space 44544K, 0% used [0x00000000fd480000,0x00000000fd480000,0x0000000100000000)
 ParOldGen       total 175104K, used 82999K [0x00000000c0000000, 0x00000000cab00000, 0x00000000eab00000)
  object space 175104K, 47% used [0x00000000c0000000,0x00000000c510de90,0x00000000cab00000)
 Metaspace       used 16415K, capacity 17672K, committed 17920K, reserved 1064960K
  class space    used 2174K, capacity 2444K, committed 2560K, reserved 1048576K
}
Event: 2.793 GC heap before
{Heap before GC invocations=6 (full 0):
 PSYoungGen      total 272896K, used 272872K [0x00000000eab00000, 0x0000000100000000, 0x0000000100000000)
  eden space 262144K, 100% used [0x00000000eab00000,0x00000000fab00000,0x00000000fab00000)
  from space 10752K, 99% used [0x00000000fab00000,0x00000000fb57a080,0x00000000fb580000)
  to   space 44544K, 0% used [0x00000000fd480000,0x00000000fd480000,0x0000000100000000)
 ParOldGen       total 175104K, used 82999K [0x00000000c0000000, 0x00000000cab00000, 0x00000000eab00000)
  object space 175104K, 47% used [0x00000000c0000000,0x00000000c510de90,0x00000000cab00000)
 Metaspace       used 17085K, capacity 18436K, committed 18688K, reserved 1064960K
  class space    used 2189K, capacity 2482K, committed 2560K, reserved 1048576K
Event: 2.816 GC heap after
Heap after GC invocations=6 (full 0):
 PSYoungGen      total 303616K, used 14696K [0x00000000eab00000, 0x0000000100000000, 0x0000000100000000)
  eden space 259072K, 0% used [0x00000000eab00000,0x00000000eab00000,0x00000000fa800000)
  from space 44544K, 32% used [0x00000000fd480000,0x00000000fe2da090,0x0000000100000000)
  to   space 45056K, 0% used [0x00000000fa800000,0x00000000fa800000,0x00000000fd400000)
 ParOldGen       total 175104K, used 83007K [0x00000000c0000000, 0x00000000cab00000, 0x00000000eab00000)
  object space 175104K, 47% used [0x00000000c0000000,0x00000000c510fe90,0x00000000cab00000)
 Metaspace       used 17085K, capacity 18436K, committed 18688K, reserved 1064960K
  class space    used 2189K, capacity 2482K, committed 2560K, reserved 1048576K
}
Event: 3.192 GC heap before
{Heap before GC invocations=7 (full 0):
 PSYoungGen      total 303616K, used 273768K [0x00000000eab00000, 0x0000000100000000, 0x0000000100000000)
  eden space 259072K, 100% used [0x00000000eab00000,0x00000000fa800000,0x00000000fa800000)
  from space 44544K, 32% used [0x00000000fd480000,0x00000000fe2da090,0x0000000100000000)
  to   space 45056K, 0% used [0x00000000fa800000,0x00000000fa800000,0x00000000fd400000)
 ParOldGen       total 175104K, used 83007K [0x00000000c0000000, 0x00000000cab00000, 0x00000000eab00000)
  object space 175104K, 47% used [0x00000000c0000000,0x00000000c510fe90,0x00000000cab00000)
 Metaspace       used 17225K, capacity 18524K, committed 18688K, reserved 1064960K
  class space    used 2195K, capacity 2482K, committed 2560K, reserved 1048576K
Event: 3.224 GC heap after
Heap after GC invocations=7 (full 0):
 PSYoungGen      total 304128K, used 15040K [0x00000000eab00000, 0x00000000fff80000, 0x0000000100000000)
  eden space 259072K, 0% used [0x00000000eab00000,0x00000000eab00000,0x00000000fa800000)
  from space 45056K, 33% used [0x00000000fa800000,0x00000000fb6b0060,0x00000000fd400000)
  to   space 44544K, 0% used [0x00000000fd400000,0x00000000fd400000,0x00000000fff80000)
 ParOldGen       total 175104K, used 85362K [0x00000000c0000000, 0x00000000cab00000, 0x00000000eab00000)
  object space 175104K, 48% used [0x00000000c0000000,0x00000000c535c858,0x00000000cab00000)
 Metaspace       used 17225K, capacity 18524K, committed 18688K, reserved 1064960K
  class space    used 2195K, capacity 2482K, committed 2560K, reserved 1048576K
}
Event: 3.577 GC heap before
{Heap before GC invocations=8 (full 0):
 PSYoungGen      total 304128K, used 274112K [0x00000000eab00000, 0x00000000fff80000, 0x0000000100000000)
  eden space 259072K, 100% used [0x00000000eab00000,0x00000000fa800000,0x00000000fa800000)
  from space 45056K, 33% used [0x00000000fa800000,0x00000000fb6b0060,0x00000000fd400000)
  to   space 44544K, 0% used [0x00000000fd400000,0x00000000fd400000,0x00000000fff80000)
 ParOldGen       total 175104K, used 85362K [0x00000000c0000000, 0x00000000cab00000, 0x00000000eab00000)
  object space 175104K, 48% used [0x00000000c0000000,0x00000000c535c858,0x00000000cab00000)
 Metaspace       used 17591K, capacity 19020K, committed 19200K, reserved 1067008K
  class space    used 2239K, capacity 2558K, committed 2560K, reserved 1048576K
Event: 3.609 GC heap after
Heap after GC invocations=8 (full 0):
 PSYoungGen      total 304128K, used 10563K [0x00000000eab00000, 0x00000000fff80000, 0x0000000100000000)
  eden space 259584K, 0% used [0x00000000eab00000,0x00000000eab00000,0x00000000fa880000)
  from space 44544K, 23% used [0x00000000fd400000,0x00000000fde50ee0,0x00000000fff80000)
  to   space 44544K, 0% used [0x00000000fa880000,0x00000000fa880000,0x00000000fd400000)
 ParOldGen       total 175104K, used 92637K [0x00000000c0000000, 0x00000000cab00000, 0x00000000eab00000)
  object space 175104K, 52% used [0x00000000c0000000,0x00000000c5a775c8,0x00000000cab00000)
 Metaspace       used 17591K, capacity 19020K, committed 19200K, reserved 1067008K
  class space    used 2239K, capacity 2558K, committed 2560K, reserved 1048576K
}

Deoptimization events (10 events):
Event: 2.730 Thread 0x000000001859e000 Uncommon trap: reason=bimorphic action=maybe_recompile pc=0x000000000385ff80 method=com.android.tools.r8.q.a.a.b.u0.a(Ljava/util/Collection;)Lcom/android/tools/r8/q/a/a/b/u0; @ 47
Event: 2.731 Thread 0x000000001859e000 Uncommon trap: reason=bimorphic action=maybe_recompile pc=0x000000000385ff80 method=com.android.tools.r8.q.a.a.b.u0.a(Ljava/util/Collection;)Lcom/android/tools/r8/q/a/a/b/u0; @ 47
Event: 2.756 Thread 0x00000000185a4800 Uncommon trap: reason=unstable_if action=reinterpret pc=0x00000000032cf7cc method=com.android.tools.r8.s.b.W0.equals(Ljava/lang/Object;)Z @ 60
Event: 3.015 Thread 0x000000001859e000 Uncommon trap: reason=unstable_if action=reinterpret pc=0x00000000038cca34 method=com.android.tools.r8.ir.optimize.K.a(Lcom/android/tools/r8/s/b/k0;)Z @ 171
Event: 3.452 Thread 0x000000001859e000 Uncommon trap: reason=null_check action=make_not_entrant pc=0x0000000003a439e8 method=com.android.tools.r8.graph.s.equals(Ljava/lang/Object;)Z @ 8
Event: 3.557 Thread 0x00000000185a4800 Uncommon trap: reason=bimorphic action=maybe_recompile pc=0x0000000002d2bff4 method=com.android.tools.r8.s.b.t1.a(Lcom/android/tools/r8/s/a/p/u;)Lcom/android/tools/r8/s/b/t1; @ 19
Event: 3.557 Thread 0x00000000185a4800 Uncommon trap: reason=bimorphic action=maybe_recompile pc=0x0000000002d2bff4 method=com.android.tools.r8.s.b.t1.a(Lcom/android/tools/r8/s/a/p/u;)Lcom/android/tools/r8/s/b/t1; @ 19
Event: 3.568 Thread 0x000000001859f800 Uncommon trap: reason=class_check action=maybe_recompile pc=0x00000000031ba68c method=java.util.Collections$SetFromMap.add(Ljava/lang/Object;)Z @ 8
Event: 3.636 Thread 0x000000001859e000 Uncommon trap: reason=bimorphic action=maybe_recompile pc=0x0000000002d2bff4 method=com.android.tools.r8.s.b.t1.a(Lcom/android/tools/r8/s/a/p/u;)Lcom/android/tools/r8/s/b/t1; @ 19
Event: 3.637 Thread 0x000000001859e000 Uncommon trap: reason=bimorphic action=maybe_recompile pc=0x0000000002d2bff4 method=com.android.tools.r8.s.b.t1.a(Lcom/android/tools/r8/s/a/p/u;)Lcom/android/tools/r8/s/b/t1; @ 19

Classes redefined (0 events):
No events

Internal exceptions (10 events):
Event: 1.400 Thread 0x000000001859f800 Exception <a 'java/lang/NoSuchMethodError': java.lang.Object.lambda$comparingInt$7b0bb60$1(Ljava/util/function/ToIntFunction;Ljava/lang/Object;Ljava/lang/Object;)I> (0x00000000f27583e8) thrown at [C:\re\workspace\8-2-build-windows-amd64-cygwin\jdk8u202\12
Event: 1.400 Thread 0x000000001859e000 Exception <a 'java/lang/NoSuchMethodError': java.lang.Object.lambda$comparingInt$7b0bb60$1(Ljava/util/function/ToIntFunction;Ljava/lang/Object;Ljava/lang/Object;)I> (0x00000000f258f278) thrown at [C:\re\workspace\8-2-build-windows-amd64-cygwin\jdk8u202\12
Event: 1.400 Thread 0x00000000185a4800 Exception <a 'java/lang/NoSuchMethodError': java.lang.Object.lambda$comparingInt$7b0bb60$1(Ljava/util/function/ToIntFunction;Ljava/lang/Object;Ljava/lang/Object;)I> (0x00000000f26b4800) thrown at [C:\re\workspace\8-2-build-windows-amd64-cygwin\jdk8u202\12
Event: 1.400 Thread 0x000000001859d800 Exception <a 'java/lang/NoSuchMethodError': java.lang.Object.lambda$comparingInt$7b0bb60$1(Ljava/util/function/ToIntFunction;Ljava/lang/Object;Ljava/lang/Object;)I> (0x00000000f266b288) thrown at [C:\re\workspace\8-2-build-windows-amd64-cygwin\jdk8u202\12
Event: 1.401 Thread 0x000000001859f800 Exception <a 'java/lang/NoSuchMethodError': java.lang.Object.lambda$maxBy$1(Ljava/util/Comparator;Ljava/lang/Object;Ljava/lang/Object;)Ljava/lang/Object;> (0x00000000f2763720) thrown at [C:\re\workspace\8-2-build-windows-amd64-cygwin\jdk8u202\12323\hotspo
Event: 1.401 Thread 0x00000000185a4800 Exception <a 'java/lang/NoSuchMethodError': java.lang.Object.lambda$maxBy$1(Ljava/util/Comparator;Ljava/lang/Object;Ljava/lang/Object;)Ljava/lang/Object;> (0x00000000f26bf488) thrown at [C:\re\workspace\8-2-build-windows-amd64-cygwin\jdk8u202\12323\hotspo
Event: 1.401 Thread 0x000000001859d800 Exception <a 'java/lang/NoSuchMethodError': java.lang.Object.lambda$maxBy$1(Ljava/util/Comparator;Ljava/lang/Object;Ljava/lang/Object;)Ljava/lang/Object;> (0x00000000f26766a8) thrown at [C:\re\workspace\8-2-build-windows-amd64-cygwin\jdk8u202\12323\hotspo
Event: 1.401 Thread 0x000000001859e000 Exception <a 'java/lang/NoSuchMethodError': java.lang.Object.lambda$maxBy$1(Ljava/util/Comparator;Ljava/lang/Object;Ljava/lang/Object;)Ljava/lang/Object;> (0x00000000f259af48) thrown at [C:\re\workspace\8-2-build-windows-amd64-cygwin\jdk8u202\12323\hotspo
Event: 1.992 Thread 0x000000001859f800 Implicit null exception at 0x0000000002f64824 to 0x0000000002f65451
Event: 3.452 Thread 0x000000001859e000 Implicit null exception at 0x0000000003a3f52b to 0x0000000003a439b5

Events (10 events):
Event: 3.637 Thread 0x000000001859e000 DEOPT PACKING pc=0x0000000002d2bff4 sp=0x0000000019c0de50
Event: 3.637 Thread 0x000000001859e000 DEOPT UNPACKING pc=0x000000000299583b sp=0x0000000019c0dd90 mode 2
Event: 3.690 Thread 0x000000001859d800 DEOPT PACKING pc=0x0000000003348bee sp=0x0000000019b0de70
Event: 3.690 Thread 0x000000001859d800 DEOPT UNPACKING pc=0x0000000002997890 sp=0x0000000019b0dbd8 mode 0
Event: 3.697 Thread 0x000000001859f800 DEOPT PACKING pc=0x0000000003571980 sp=0x0000000019d0df90
Event: 3.697 Thread 0x000000001859f800 DEOPT UNPACKING pc=0x0000000002997890 sp=0x0000000019d0df48 mode 0
Event: 3.757 Thread 0x000000001859e000 DEOPT PACKING pc=0x00000000039f7c35 sp=0x0000000019c0dc90
Event: 3.758 Thread 0x000000001859e000 DEOPT UNPACKING pc=0x0000000002997890 sp=0x0000000019c0db00 mode 0
Event: 3.759 Thread 0x000000001859d800 DEOPT PACKING pc=0x00000000031b3ea1 sp=0x0000000019b0df40
Event: 3.759 Thread 0x000000001859d800 DEOPT UNPACKING pc=0x0000000002997890 sp=0x0000000019b0dbe8 mode 0


Dynamic libraries:
0x00007ff758da0000 - 0x00007ff758dd7000 	C:\Program Files\Java\jdk1.8.0_202\bin\java.exe
0x00007ff987670000 - 0x00007ff987865000 	C:\WINDOWS\SYSTEM32\ntdll.dll
0x00007ff987460000 - 0x00007ff98751e000 	C:\WINDOWS\System32\KERNEL32.DLL
0x00007ff9851c0000 - 0x00007ff985489000 	C:\WINDOWS\System32\KERNELBASE.dll
0x00007ff985890000 - 0x00007ff98593c000 	C:\WINDOWS\System32\ADVAPI32.dll
0x00007ff9864e0000 - 0x00007ff98657e000 	C:\WINDOWS\System32\msvcrt.dll
0x00007ff987590000 - 0x00007ff98762b000 	C:\WINDOWS\System32\sechost.dll
0x00007ff985d20000 - 0x00007ff985e4a000 	C:\WINDOWS\System32\RPCRT4.dll
0x00007ff986580000 - 0x00007ff986721000 	C:\WINDOWS\System32\USER32.dll
0x00007ff984d90000 - 0x00007ff984db2000 	C:\WINDOWS\System32\win32u.dll
0x00007ff985aa0000 - 0x00007ff985acb000 	C:\WINDOWS\System32\GDI32.dll
0x00007ff984e50000 - 0x00007ff984f5b000 	C:\WINDOWS\System32\gdi32full.dll
0x00007ff9854c0000 - 0x00007ff98555d000 	C:\WINDOWS\System32\msvcp_win.dll
0x00007ff984fb0000 - 0x00007ff9850b0000 	C:\WINDOWS\System32\ucrtbase.dll
0x00007ff96e6c0000 - 0x00007ff96e95a000 	C:\WINDOWS\WinSxS\amd64_microsoft.windows.common-controls_6595b64144ccf1df_6.0.19041.1110_none_60b5254171f9507e\COMCTL32.dll
0x00007ff986380000 - 0x00007ff9863b0000 	C:\WINDOWS\System32\IMM32.DLL
0x000000005a690000 - 0x000000005a762000 	C:\Program Files\Java\jdk1.8.0_202\jre\bin\msvcr100.dll
0x0000000059de0000 - 0x000000005a685000 	C:\Program Files\Java\jdk1.8.0_202\jre\bin\server\jvm.dll
0x00007ff985c80000 - 0x00007ff985c88000 	C:\WINDOWS\System32\PSAPI.DLL
0x00007ff972d70000 - 0x00007ff972d79000 	C:\WINDOWS\SYSTEM32\WSOCK32.dll
0x00007ff97de10000 - 0x00007ff97de1a000 	C:\WINDOWS\SYSTEM32\VERSION.dll
0x00007ff987520000 - 0x00007ff98758b000 	C:\WINDOWS\System32\WS2_32.dll
0x00007ff96fe80000 - 0x00007ff96fea7000 	C:\WINDOWS\SYSTEM32\WINMM.dll
0x00007ff9804c0000 - 0x00007ff9804cf000 	C:\Program Files\Java\jdk1.8.0_202\jre\bin\verify.dll
0x00007ff97d0b0000 - 0x00007ff97d0d9000 	C:\Program Files\Java\jdk1.8.0_202\jre\bin\java.dll
0x00007ff97d090000 - 0x00007ff97d0a6000 	C:\Program Files\Java\jdk1.8.0_202\jre\bin\zip.dll
0x00007ff986c10000 - 0x00007ff98734f000 	C:\WINDOWS\System32\SHELL32.dll
0x00007ff982d80000 - 0x00007ff983510000 	C:\WINDOWS\SYSTEM32\windows.storage.dll
0x00007ff985f70000 - 0x00007ff9862c5000 	C:\WINDOWS\System32\combase.dll
0x00007ff984770000 - 0x00007ff98479c000 	C:\WINDOWS\SYSTEM32\Wldp.dll
0x00007ff987350000 - 0x00007ff9873fd000 	C:\WINDOWS\System32\SHCORE.dll
0x00007ff987400000 - 0x00007ff987455000 	C:\WINDOWS\System32\shlwapi.dll
0x00007ff984cd0000 - 0x00007ff984cef000 	C:\WINDOWS\SYSTEM32\profapi.dll
0x00007ff97cf90000 - 0x00007ff97cfaa000 	C:\Program Files\Java\jdk1.8.0_202\jre\bin\net.dll
0x00007ff97af10000 - 0x00007ff97b0fb000 	C:\WINDOWS\SYSTEM32\urlmon.dll
0x00007ff984270000 - 0x00007ff98427c000 	C:\WINDOWS\SYSTEM32\netutils.dll
0x00007ff97a780000 - 0x00007ff97a7a8000 	C:\WINDOWS\SYSTEM32\srvcli.dll
0x00007ff97b3b0000 - 0x00007ff97b660000 	C:\WINDOWS\SYSTEM32\iertutil.dll
0x00007ff9844d0000 - 0x00007ff98453a000 	C:\WINDOWS\system32\mswsock.dll
0x00007ff974a10000 - 0x00007ff974a22000 	C:\Program Files\Java\jdk1.8.0_202\jre\bin\nio.dll

VM Arguments:
jvm_args: -Xmx1G 
java_command: com.android.tools.r8.D8 --debug --min-api 21 --output obj\Debug\110\android\bin\ --lib D:\Android\android-sdk-xamarin\android-sdk\platforms\android-30\android.jar obj\Debug\110\android\bin\classes.zip C:\Program Files (x86)\Microsoft Visual Studio\2019\Professional\Common7\IDE\ReferenceAssemblies\Microsoft\Framework\MonoAndroid\v11.0\mono.android.jar C:\Program Files (x86)\Microsoft Visual Studio\2019\Professional\MSBuild\Xamarin\Android\java_runtime_fastdev.jar C:\Program Files (x86)\Microsoft\Xamarin\NuGet\xamarin.androidx.annotation\1.1.0.8\buildTransitive\monoandroid90\..\..\jar\androidx.annotation.annotation.jar C:\Users\Administrator\.nuget\packages\xamarin.androidx.collection\1.1.0.6\buildTransitive\monoandroid90\..\..\jar\androidx.collection.collection.jar C:\Users\Administrator\.nuget\packages\xamarin.androidx.lifecycle.common\2.2.0.4\buildTransitive\monoandroid90\..\..\jar\androidx.lifecycle.lifecycle-common.jar C:\Users\Administrator\.nuget\packages\xamarin.androidx.arch.core.common\2.1.0.7\buildTransitive\monoandroid90\..\..\jar\androidx.arch.core.core-common.jar obj\Debug\110\androidx\jl\c3b50cc0-f9d7-4e65-ade5-5c2b078ec63f.jar obj\Debug\110\lp\1\jl\formsviewgroup.jar obj\Debug\110\lp\100\jl\classes.jar obj\Debug\110\lp\101\jl\classes.jar obj\Debug\110\lp\102\jl\classes.jar obj\Debug\110\lp\103\jl\classes.jar obj\Debug\110\lp\104\jl\classes.jar obj\Debug\110\lp\105\jl\classes.jar obj\Debug\110\lp\106\jl\classes.jar obj\Debug\110\lp\107\jl\classes.jar obj\Debug\110\lp\108\jl\classes.jar obj\Debug\110\lp\109\jl\classes.jar obj\Debug\110\lp\110\jl\classes.jar obj\Debug\110\lp\111\jl\classes.jar obj\Debug\110\lp\112\jl\classes.jar obj\Debug\110\lp\113\jl\classes.jar obj\Debug\110\lp\114\jl\classes.jar obj\Debug\110\lp\115\jl\classes.jar obj\Debug\110\lp\116\jl\classes.jar obj\Debug\110\lp\117\jl\classes.jar obj\Debug\110\lp\118\jl\classes.jar obj\Debug\110\lp\119\jl\classes.jar obj\Debug\110\lp\121\jl\classes.jar obj\Debug\110\lp\122\jl\clas
java_class_path (initial): C:\Program Files (x86)\Microsoft Visual Studio\2019\Professional\MSBuild\Xamarin\Android\r8.jar
Launcher Type: SUN_STANDARD

Environment Variables:
PATH=C:\Program Files\Java\jdk1.8.0_202\bin;C:\Program Files\Microsoft MPI\Bin\;C:\Oracle\11.2.0\client_1;C:\Program Files (x86)\Eziriz\.NET Reactor;C:\ProgramData\Oracle\Java\javapath;D:\app\Hung\product\11.2.0\client_2\bin;D:\app\Hung\product\11.2.0\client_1;C:\Program Files (x86)\Common Files\Oracle\Java\javapath;C:\WINDOWS\system32;C:\WINDOWS;C:\WINDOWS\System32\Wbem;C:\WINDOWS\System32\WindowsPowerShell\v1.0\;C:\WINDOWS\System32\OpenSSH\;C:\Program Files (x86)\Microsoft SQL Server\140\Tools\Binn\;C:\Program Files\Microsoft SQL Server\140\Tools\Binn\;C:\Program Files (x86)\Microsoft SQL Server\140\DTS\Binn\;C:\Program Files\Microsoft SQL Server\140\DTS\Binn\;C:\Program Files\Microsoft SQL Server\Client SDK\ODBC\130\Tools\Binn\;C:\Program Files\Git\cmd;C:\Program Files\dotnet\;C:\Program Files\Microsoft SQL Server\130\Tools\Binn\;C:\Program Files (x86)\Microsoft SQL Server\Client SDK\ODBC\130\Tools\Binn\;C:\Program Files (x86)\Microsoft SQL Server\140\Tools\Binn\ManagementStudio\;C:\Program Files (x86)\Microsoft SQL Server\90\Tools\binn\;C:\Program Files (x86)\dotnet\;C:\Users\Administrator\AppData\Local\Microsoft\WindowsApps;C:\Users\Administrator\.dotnet\tools;C:\Users\Administrator\AppData\Local\GitHubDesktop\bin
USERNAME=Administrator
OS=Windows_NT
PROCESSOR_IDENTIFIER=Intel64 Family 6 Model 94 Stepping 3, GenuineIntel



---------------  S Y S T E M  ---------------

OS: Windows 10.0 , 64 bit Build 19041 (10.0.19041.1202)

CPU:total 8 (initial active 8) (4 cores per cpu, 2 threads per core) family 6 model 94 stepping 3, cmov, cx8, fxsr, mmx, sse, sse2, sse3, ssse3, sse4.1, sse4.2, popcnt, avx, avx2, aes, clmul, erms, rtm, 3dnowpref, lzcnt, ht, tsc, tscinvbit, bmi1, bmi2, adx

Memory: 4k page, physical 16654136k(2329960k free), swap 16654136k(7364k free)

vm_info: Java HotSpot(TM) 64-Bit Server VM (25.202-b08) for windows-amd64 JRE (1.8.0_202-b08), built on Dec 15 2018 19:54:30 by "java_re" with MS VC++ 10.0 (VS2010)

time: Mon Nov 01 15:51:29 2021
timezone: SE Asia Standard Time
elapsed time: 3 seconds (0d 0h 0m 3s)

