#
# There is insufficient memory for the Java Runtime Environment to continue.
# Native memory allocation (malloc) failed to allocate 3298736 bytes for Chunk::new
# Possible reasons:
#   The system is out of physical RAM or swap space
#   The process is running with CompressedOops enabled, and the Java Heap may be blocking the growth of the native heap
# Possible solutions:
#   Reduce memory load on the system
#   Increase physical memory or swap space
#   Check if swap backing store is full
#   Decrease Java heap size (-Xmx/-Xms)
#   Decrease number of Java threads
#   Decrease Java thread stack sizes (-Xss)
#   Set larger code cache with -XX:ReservedCodeCacheSize=
#   JVM is running with Zero Based Compressed Oops mode in which the Java heap is
#     placed in the first 32GB address space. The Java Heap base address is the
#     maximum limit for the native heap growth. Please use -XX:HeapBaseMinAddress
#     to set the Java Heap base and to place the Java Heap above 32GB virtual address.
# This output file may be truncated or incomplete.
#
#  Out of Memory Error (allocation.cpp:389), pid=4880, tid=0x0000000000001bc8
#
# JRE version: Java(TM) SE Runtime Environment (8.0_202-b08) (build 1.8.0_202-b08)
# Java VM: Java HotSpot(TM) 64-Bit Server VM (25.202-b08 mixed mode windows-amd64 compressed oops)
# Failed to write core dump. Minidumps are not enabled by default on client versions of Windows
#

---------------  T H R E A D  ---------------

Current thread (0x000000001dc97000):  JavaThread "C2 CompilerThread2" daemon [_thread_in_native, id=7112, stack(0x000000001e760000,0x000000001e860000)]

Stack: [0x000000001e760000,0x000000001e860000]
[error occurred during error reporting (printing stack bounds), id 0xc0000005]

Native frames: (J=compiled Java code, j=interpreted, Vv=VM code, C=native code)


Current CompileTask:
C2:   2113 1717       4       org.objectweb.asm.ClassReader::readCode (3575 bytes)


---------------  P R O C E S S  ---------------

Java Threads: ( => current thread )
  0x000000001eda4000 JavaThread "pool-1-thread-10" [_thread_in_native, id=20168, stack(0x000000001fd60000,0x000000001fe60000)]
  0x000000001ed93000 JavaThread "pool-1-thread-9" [_thread_in_Java, id=13220, stack(0x000000001fc60000,0x000000001fd60000)]
  0x000000001ed8f800 JavaThread "pool-1-thread-8" [_thread_in_native, id=20704, stack(0x000000001fa60000,0x000000001fb60000)]
  0x000000001ed8d800 JavaThread "pool-1-thread-7" [_thread_in_Java, id=16960, stack(0x000000001f960000,0x000000001fa60000)]
  0x000000001ed8d000 JavaThread "pool-1-thread-6" [_thread_in_Java, id=816, stack(0x000000001f860000,0x000000001f960000)]
  0x000000001ed8a000 JavaThread "pool-1-thread-5" [_thread_in_native, id=784, stack(0x000000001f760000,0x000000001f860000)]
  0x000000001ed89000 JavaThread "pool-1-thread-4" [_thread_in_native, id=23168, stack(0x000000001f660000,0x000000001f760000)]
  0x000000001ed7b000 JavaThread "pool-1-thread-3" [_thread_in_native, id=9128, stack(0x000000001f560000,0x000000001f660000)]
  0x000000001ed76800 JavaThread "pool-1-thread-2" [_thread_in_Java, id=18084, stack(0x000000001f460000,0x000000001f560000)]
  0x000000001ed74800 JavaThread "pool-1-thread-1" [_thread_in_native, id=18072, stack(0x000000001f360000,0x000000001f460000)]
  0x000000001dd21800 JavaThread "Service Thread" daemon [_thread_blocked, id=18348, stack(0x000000001e960000,0x000000001ea60000)]
  0x000000001dca5800 JavaThread "C1 CompilerThread3" daemon [_thread_blocked, id=24164, stack(0x000000001e860000,0x000000001e960000)]
=>0x000000001dc97000 JavaThread "C2 CompilerThread2" daemon [_thread_in_native, id=7112, stack(0x000000001e760000,0x000000001e860000)]
  0x000000001dc92800 JavaThread "C2 CompilerThread1" daemon [_thread_in_native, id=12464, stack(0x000000001e660000,0x000000001e760000)]
  0x000000001dc8f000 JavaThread "C2 CompilerThread0" daemon [_thread_in_native, id=10536, stack(0x000000001e560000,0x000000001e660000)]
  0x000000001dc89000 JavaThread "Attach Listener" daemon [_thread_blocked, id=23068, stack(0x000000001e460000,0x000000001e560000)]
  0x000000001dc87800 JavaThread "Signal Dispatcher" daemon [_thread_blocked, id=14628, stack(0x000000001e360000,0x000000001e460000)]
  0x000000001dc81000 JavaThread "Finalizer" daemon [_thread_blocked, id=14624, stack(0x000000001e160000,0x000000001e260000)]
  0x000000001dc80800 JavaThread "Reference Handler" daemon [_thread_blocked, id=12200, stack(0x000000001e060000,0x000000001e160000)]
  0x0000000002362800 JavaThread "main" [_thread_blocked, id=12324, stack(0x0000000002260000,0x0000000002360000)]

Other Threads:
  0x000000001be69000 VMThread [stack: 0x000000001db60000,0x000000001dc60000] [id=24960]
  0x000000001dd4c000 WatcherThread [stack: 0x000000001ea60000,0x000000001eb60000] [id=8568]

VM state:not at safepoint (normal execution)

VM Mutex/Monitor currently owned by a thread: None

heap address: 0x00000006c1e00000, size: 4066 MB, Compressed Oops mode: Zero based, Oop shift amount: 3
Narrow klass base: 0x0000000000000000, Narrow klass shift: 3
Compressed class space size: 1073741824 Address: 0x00000007c0000000

Heap:
 PSYoungGen      total 290304K, used 279684K [0x000000076b500000, 0x000000078f500000, 0x00000007c0000000)
  eden space 261632K, 96% used [0x000000076b500000,0x000000077aac52b8,0x000000077b480000)
  from space 28672K, 97% used [0x000000077b480000,0x000000077cfdbf88,0x000000077d080000)
  to   space 33280K, 0% used [0x000000078d480000,0x000000078d480000,0x000000078f500000)
 ParOldGen       total 175104K, used 34851K [0x00000006c1e00000, 0x00000006cc900000, 0x000000076b500000)
  object space 175104K, 19% used [0x00000006c1e00000,0x00000006c4008d20,0x00000006cc900000)
 Metaspace       used 10530K, capacity 10614K, committed 10880K, reserved 1058816K
  class space    used 1006K, capacity 1043K, committed 1152K, reserved 1048576K

Card table byte_map: [0x0000000011820000,0x0000000012020000] byte_map_base: 0x000000000e211000

Marking Bits: (ParMarkBitMap*) 0x000000005a795ce0
 Begin Bits: [0x0000000012d70000, 0x0000000016cf8000)
 End Bits:   [0x0000000016cf8000, 0x000000001ac80000)

Polling page: 0x00000000020d0000

CodeCache: size=245760Kb used=7843Kb max_used=7843Kb free=237916Kb
 bounds [0x0000000002460000, 0x0000000002c10000, 0x0000000011460000]
 total_blobs=2451 nmethods=2104 adapters=259
 compilation: enabled

Compilation events (10 events):
Event: 2.058 Thread 0x000000001dca5800 nmethod 2167 0x0000000002c08150 code [0x0000000002c08300, 0x0000000002c087d8]
Event: 2.058 Thread 0x000000001dca5800 2168       2       java.util.Vector$Itr::checkForComodification (23 bytes)
Event: 2.058 Thread 0x000000001dca5800 nmethod 2168 0x0000000002c08cd0 code [0x0000000002c08e40, 0x0000000002c09068]
Event: 2.058 Thread 0x000000001dca5800 2169       2       java.util.zip.ZipOutputStream::writeCEN (514 bytes)
Event: 2.059 Thread 0x000000001dca5800 nmethod 2169 0x0000000002c09190 code [0x0000000002c094c0, 0x0000000002c09fb8]
Event: 2.060 Thread 0x000000001dca5800 2170       2       java.io.ByteArrayOutputStream::grow (43 bytes)
Event: 2.060 Thread 0x000000001dca5800 nmethod 2170 0x0000000002c0acd0 code [0x0000000002c0ae40, 0x0000000002c0b1d8]
Event: 2.072 Thread 0x000000001dca5800 2171   !   2       sun.net.www.ParseUtil::decode (316 bytes)
Event: 2.075 Thread 0x000000001dca5800 nmethod 2171 0x0000000002c0b390 code [0x0000000002c0b6c0, 0x0000000002c0cb88]
Event: 2.111 Thread 0x000000001dca5800 2174       3       org.objectweb.asm.AnnotationWriter::put (170 bytes)

GC Heap History (10 events):
Event: 0.961 GC heap before
{Heap before GC invocations=3 (full 0):
 PSYoungGen      total 76288K, used 72029K [0x000000076b500000, 0x0000000774a00000, 0x00000007c0000000)
  eden space 65536K, 100% used [0x000000076b500000,0x000000076f500000,0x000000076f500000)
  from space 10752K, 60% used [0x000000076ff80000,0x00000007705d74e0,0x0000000770a00000)
  to   space 10752K, 0% used [0x000000076f500000,0x000000076f500000,0x000000076ff80000)
 ParOldGen       total 175104K, used 88K [0x00000006c1e00000, 0x00000006cc900000, 0x000000076b500000)
  object space 175104K, 0% used [0x00000006c1e00000,0x00000006c1e16010,0x00000006cc900000)
 Metaspace       used 8528K, capacity 8630K, committed 8832K, reserved 1056768K
  class space    used 828K, capacity 851K, committed 896K, reserved 1048576K
Event: 0.970 GC heap after
Heap after GC invocations=3 (full 0):
 PSYoungGen      total 76288K, used 10724K [0x000000076b500000, 0x0000000774a00000, 0x00000007c0000000)
  eden space 65536K, 0% used [0x000000076b500000,0x000000076b500000,0x000000076f500000)
  from space 10752K, 99% used [0x000000076f500000,0x000000076ff79150,0x000000076ff80000)
  to   space 10752K, 0% used [0x0000000773f80000,0x0000000773f80000,0x0000000774a00000)
 ParOldGen       total 175104K, used 5754K [0x00000006c1e00000, 0x00000006cc900000, 0x000000076b500000)
  object space 175104K, 3% used [0x00000006c1e00000,0x00000006c239ea80,0x00000006cc900000)
 Metaspace       used 8528K, capacity 8630K, committed 8832K, reserved 1056768K
  class space    used 828K, capacity 851K, committed 896K, reserved 1048576K
}
Event: 1.129 GC heap before
{Heap before GC invocations=4 (full 0):
 PSYoungGen      total 76288K, used 76260K [0x000000076b500000, 0x0000000774a00000, 0x00000007c0000000)
  eden space 65536K, 100% used [0x000000076b500000,0x000000076f500000,0x000000076f500000)
  from space 10752K, 99% used [0x000000076f500000,0x000000076ff79150,0x000000076ff80000)
  to   space 10752K, 0% used [0x0000000773f80000,0x0000000773f80000,0x0000000774a00000)
 ParOldGen       total 175104K, used 5754K [0x00000006c1e00000, 0x00000006cc900000, 0x000000076b500000)
  object space 175104K, 3% used [0x00000006c1e00000,0x00000006c239ea80,0x00000006cc900000)
 Metaspace       used 9158K, capacity 9238K, committed 9344K, reserved 1058816K
  class space    used 871K, capacity 883K, committed 896K, reserved 1048576K
Event: 1.144 GC heap after
Heap after GC invocations=4 (full 0):
 PSYoungGen      total 141824K, used 10734K [0x000000076b500000, 0x0000000774a00000, 0x00000007c0000000)
  eden space 131072K, 0% used [0x000000076b500000,0x000000076b500000,0x0000000773500000)
  from space 10752K, 99% used [0x0000000773f80000,0x00000007749fb8f0,0x0000000774a00000)
  to   space 10752K, 0% used [0x0000000773500000,0x0000000773500000,0x0000000773f80000)
 ParOldGen       total 175104K, used 15020K [0x00000006c1e00000, 0x00000006cc900000, 0x000000076b500000)
  object space 175104K, 8% used [0x00000006c1e00000,0x00000006c2cab348,0x00000006cc900000)
 Metaspace       used 9158K, capacity 9238K, committed 9344K, reserved 1058816K
  class space    used 871K, capacity 883K, committed 896K, reserved 1048576K
}
Event: 1.330 GC heap before
{Heap before GC invocations=5 (full 0):
 PSYoungGen      total 141824K, used 141806K [0x000000076b500000, 0x0000000774a00000, 0x00000007c0000000)
  eden space 131072K, 100% used [0x000000076b500000,0x0000000773500000,0x0000000773500000)
  from space 10752K, 99% used [0x0000000773f80000,0x00000007749fb8f0,0x0000000774a00000)
  to   space 10752K, 0% used [0x0000000773500000,0x0000000773500000,0x0000000773f80000)
 ParOldGen       total 175104K, used 15020K [0x00000006c1e00000, 0x00000006cc900000, 0x000000076b500000)
  object space 175104K, 8% used [0x00000006c1e00000,0x00000006c2cab348,0x00000006cc900000)
 Metaspace       used 9330K, capacity 9398K, committed 9728K, reserved 1058816K
  class space    used 874K, capacity 915K, committed 1024K, reserved 1048576K
Event: 1.345 GC heap after
Heap after GC invocations=5 (full 0):
 PSYoungGen      total 141824K, used 10720K [0x000000076b500000, 0x000000077ec00000, 0x00000007c0000000)
  eden space 131072K, 0% used [0x000000076b500000,0x000000076b500000,0x0000000773500000)
  from space 10752K, 99% used [0x0000000773500000,0x0000000773f78098,0x0000000773f80000)
  to   space 28160K, 0% used [0x000000077d080000,0x000000077d080000,0x000000077ec00000)
 ParOldGen       total 175104K, used 25973K [0x00000006c1e00000, 0x00000006cc900000, 0x000000076b500000)
  object space 175104K, 14% used [0x00000006c1e00000,0x00000006c375d490,0x00000006cc900000)
 Metaspace       used 9330K, capacity 9398K, committed 9728K, reserved 1058816K
  class space    used 874K, capacity 915K, committed 1024K, reserved 1048576K
}
Event: 1.457 GC heap before
{Heap before GC invocations=6 (full 0):
 PSYoungGen      total 141824K, used 141792K [0x000000076b500000, 0x000000077ec00000, 0x00000007c0000000)
  eden space 131072K, 100% used [0x000000076b500000,0x0000000773500000,0x0000000773500000)
  from space 10752K, 99% used [0x0000000773500000,0x0000000773f78098,0x0000000773f80000)
  to   space 28160K, 0% used [0x000000077d080000,0x000000077d080000,0x000000077ec00000)
 ParOldGen       total 175104K, used 31525K [0x00000006c1e00000, 0x00000006cc900000, 0x000000076b500000)
  object space 175104K, 18% used [0x00000006c1e00000,0x00000006c3cc9448,0x00000006cc900000)
 Metaspace       used 9343K, capacity 9462K, committed 9728K, reserved 1058816K
  class space    used 874K, capacity 915K, committed 1024K, reserved 1048576K
Event: 1.477 GC heap after
Heap after GC invocations=6 (full 0):
 PSYoungGen      total 289792K, used 19333K [0x000000076b500000, 0x000000077ed00000, 0x00000007c0000000)
  eden space 261632K, 0% used [0x000000076b500000,0x000000076b500000,0x000000077b480000)
  from space 28160K, 68% used [0x000000077d080000,0x000000077e361488,0x000000077ec00000)
  to   space 28672K, 0% used [0x000000077b480000,0x000000077b480000,0x000000077d080000)
 ParOldGen       total 175104K, used 31525K [0x00000006c1e00000, 0x00000006cc900000, 0x000000076b500000)
  object space 175104K, 18% used [0x00000006c1e00000,0x00000006c3cc9448,0x00000006cc900000)
 Metaspace       used 9343K, capacity 9462K, committed 9728K, reserved 1058816K
  class space    used 874K, capacity 915K, committed 1024K, reserved 1048576K
}
Event: 1.829 GC heap before
{Heap before GC invocations=7 (full 0):
 PSYoungGen      total 289792K, used 280965K [0x000000076b500000, 0x000000077ed00000, 0x00000007c0000000)
  eden space 261632K, 100% used [0x000000076b500000,0x000000077b480000,0x000000077b480000)
  from space 28160K, 68% used [0x000000077d080000,0x000000077e361488,0x000000077ec00000)
  to   space 28672K, 0% used [0x000000077b480000,0x000000077b480000,0x000000077d080000)
 ParOldGen       total 175104K, used 32935K [0x00000006c1e00000, 0x00000006cc900000, 0x000000076b500000)
  object space 175104K, 18% used [0x00000006c1e00000,0x00000006c3e29d00,0x00000006cc900000)
 Metaspace       used 10481K, capacity 10614K, committed 10880K, reserved 1058816K
  class space    used 1005K, capacity 1043K, committed 1152K, reserved 1048576K
Event: 1.854 GC heap after
Heap after GC invocations=7 (full 0):
 PSYoungGen      total 290304K, used 28015K [0x000000076b500000, 0x000000078f500000, 0x00000007c0000000)
  eden space 261632K, 0% used [0x000000076b500000,0x000000076b500000,0x000000077b480000)
  from space 28672K, 97% used [0x000000077b480000,0x000000077cfdbf88,0x000000077d080000)
  to   space 33280K, 0% used [0x000000078d480000,0x000000078d480000,0x000000078f500000)
 ParOldGen       total 175104K, used 34851K [0x00000006c1e00000, 0x00000006cc900000, 0x000000076b500000)
  object space 175104K, 19% used [0x00000006c1e00000,0x00000006c4008d20,0x00000006cc900000)
 Metaspace       used 10481K, capacity 10614K, committed 10880K, reserved 1058816K
  class space    used 1005K, capacity 1043K, committed 1152K, reserved 1048576K
}

Deoptimization events (10 events):
Event: 1.789 Thread 0x000000001ed8d000 Uncommon trap: reason=unstable_if action=reinterpret pc=0x000000000281939c method=com.sun.org.apache.xerces.internal.impl.XMLEntityManager$RewindableInputStream.read([BII)I @ 39
Event: 1.789 Thread 0x000000001ed8d000 Uncommon trap: reason=unstable_if action=reinterpret pc=0x00000000028d53c8 method=com.sun.org.apache.xerces.internal.util.XMLStringBuffer.append([CII)V @ 11
Event: 1.799 Thread 0x000000001ed8d000 Uncommon trap: reason=unstable_if action=reinterpret pc=0x00000000027d8bf0 method=java.util.Hashtable.get(Ljava/lang/Object;)Ljava/lang/Object; @ 36
Event: 1.799 Thread 0x000000001ed8d000 Uncommon trap: reason=unstable_if action=reinterpret pc=0x00000000028b278c method=com.sun.org.apache.xerces.internal.impl.XMLEntityScanner.scanLiteral(ILcom/sun/org/apache/xerces/internal/xni/XMLString;Z)I @ 660
Event: 1.807 Thread 0x000000001ed8d000 Uncommon trap: reason=unstable_if action=reinterpret pc=0x00000000028d1dd4 method=com.sun.org.apache.xerces.internal.impl.XMLEntityScanner.skipChar(ILcom/sun/org/apache/xerces/internal/impl/XMLScanner$NameType;)Z @ 53
Event: 1.810 Thread 0x000000001ed8d000 Uncommon trap: reason=unstable_if action=reinterpret pc=0x000000000283655c method=com.sun.org.apache.xerces.internal.impl.XMLEntityScanner.load(IZZ)Z @ 50
Event: 1.810 Thread 0x000000001ed8d000 Uncommon trap: reason=unstable_if action=reinterpret pc=0x000000000280d2a4 method=com.sun.org.apache.xerces.internal.impl.XMLEntityManager$RewindableInputStream.read([BII)I @ 39
Event: 1.860 Thread 0x000000001ed8a000 Uncommon trap: reason=unstable_if action=reinterpret pc=0x0000000002a06c60 method=org.objectweb.asm.Type.getType([CI)Lorg/objectweb/asm/Type; @ 165
Event: 1.884 Thread 0x000000001ed8a000 Uncommon trap: reason=unstable_if action=reinterpret pc=0x00000000029f7be4 method=org.objectweb.asm.ClassReader.readUTF(II[C)Ljava/lang/String; @ 77
Event: 1.884 Thread 0x000000001ed8a000 Uncommon trap: reason=unstable_if action=reinterpret pc=0x0000000002a039b8 method=org.objectweb.asm.ByteVector.putUTF8(Ljava/lang/String;)Lorg/objectweb/asm/ByteVector; @ 98

Classes redefined (0 events):
No events

Internal exceptions (10 events):
Event: 1.725 Thread 0x000000001ed7b000 Exception <a 'sun/nio/fs/WindowsException'> (0x0000000777137770) thrown at [C:\re\workspace\8-2-build-windows-amd64-cygwin\jdk8u202\12323\hotspot\src\share\vm\prims\jni.cpp, line 710]
Event: 1.725 Thread 0x000000001ed7b000 Exception <a 'sun/nio/fs/WindowsException'> (0x0000000777137f50) thrown at [C:\re\workspace\8-2-build-windows-amd64-cygwin\jdk8u202\12323\hotspot\src\share\vm\prims\jni.cpp, line 710]
Event: 1.767 Thread 0x000000001eda4000 Exception <a 'sun/nio/fs/WindowsException'> (0x000000077791b368) thrown at [C:\re\workspace\8-2-build-windows-amd64-cygwin\jdk8u202\12323\hotspot\src\share\vm\prims\jni.cpp, line 710]
Event: 1.775 Thread 0x000000001ed76800 Exception <a 'sun/nio/fs/WindowsException'> (0x0000000778f6e4b8) thrown at [C:\re\workspace\8-2-build-windows-amd64-cygwin\jdk8u202\12323\hotspot\src\share\vm\prims\jni.cpp, line 710]
Event: 1.775 Thread 0x000000001ed76800 Exception <a 'sun/nio/fs/WindowsException'> (0x0000000778f6ec98) thrown at [C:\re\workspace\8-2-build-windows-amd64-cygwin\jdk8u202\12323\hotspot\src\share\vm\prims\jni.cpp, line 710]
Event: 1.817 Thread 0x000000001eda4000 Exception <a 'sun/nio/fs/WindowsException'> (0x000000077791bb48) thrown at [C:\re\workspace\8-2-build-windows-amd64-cygwin\jdk8u202\12323\hotspot\src\share\vm\prims\jni.cpp, line 710]
Event: 1.953 Thread 0x000000001ed8a000 Exception <a 'sun/nio/fs/WindowsException'> (0x000000076fb2bdc8) thrown at [C:\re\workspace\8-2-build-windows-amd64-cygwin\jdk8u202\12323\hotspot\src\share\vm\prims\jni.cpp, line 710]
Event: 1.954 Thread 0x000000001ed8a000 Exception <a 'sun/nio/fs/WindowsException'> (0x000000076fb2c5a8) thrown at [C:\re\workspace\8-2-build-windows-amd64-cygwin\jdk8u202\12323\hotspot\src\share\vm\prims\jni.cpp, line 710]
Event: 1.954 Thread 0x000000001ed74800 Exception <a 'sun/nio/fs/WindowsException'> (0x000000076fc31db0) thrown at [C:\re\workspace\8-2-build-windows-amd64-cygwin\jdk8u202\12323\hotspot\src\share\vm\prims\jni.cpp, line 710]
Event: 1.954 Thread 0x000000001ed74800 Exception <a 'sun/nio/fs/WindowsException'> (0x000000076fc32590) thrown at [C:\re\workspace\8-2-build-windows-amd64-cygwin\jdk8u202\12323\hotspot\src\share\vm\prims\jni.cpp, line 710]

Events (10 events):
Event: 2.023 Thread 0x000000001ed7b000 DEOPT PACKING pc=0x0000000002b37340 sp=0x000000001f65e380
Event: 2.023 Thread 0x000000001ed7b000 DEOPT UNPACKING pc=0x00000000024a7890 sp=0x000000001f65e0e8 mode 0
Event: 2.027 Thread 0x000000001ed7b000 DEOPT PACKING pc=0x0000000002b37340 sp=0x000000001f65e3e0
Event: 2.027 Thread 0x000000001ed7b000 DEOPT UNPACKING pc=0x00000000024a7890 sp=0x000000001f65e148 mode 0
Event: 2.044 Thread 0x000000001eda4000 DEOPT PACKING pc=0x0000000002b37340 sp=0x000000001fe5e7e0
Event: 2.044 Thread 0x000000001eda4000 DEOPT UNPACKING pc=0x00000000024a7890 sp=0x000000001fe5e548 mode 0
Event: 2.061 Thread 0x000000001ed8a000 DEOPT PACKING pc=0x0000000002b37340 sp=0x000000001f85e790
Event: 2.061 Thread 0x000000001ed8a000 DEOPT UNPACKING pc=0x00000000024a7890 sp=0x000000001f85e4f8 mode 0
Event: 2.077 Thread 0x000000001ed74800 DEOPT PACKING pc=0x0000000002b37340 sp=0x000000001f45e750
Event: 2.077 Thread 0x000000001ed74800 DEOPT UNPACKING pc=0x00000000024a7890 sp=0x000000001f45e4b8 mode 0


Dynamic libraries:
0x00007ff620370000 - 0x00007ff6203a7000 	C:\Program Files\Java\jdk1.8.0_202\bin\java.exe
0x00007ff987670000 - 0x00007ff987865000 	C:\WINDOWS\SYSTEM32\ntdll.dll
0x00007ff987460000 - 0x00007ff98751e000 	C:\WINDOWS\System32\KERNEL32.DLL
0x00007ff9851c0000 - 0x00007ff985489000 	C:\WINDOWS\System32\KERNELBASE.dll
0x00007ff985890000 - 0x00007ff98593c000 	C:\WINDOWS\System32\ADVAPI32.dll
0x00007ff9864e0000 - 0x00007ff98657e000 	C:\WINDOWS\System32\msvcrt.dll
0x00007ff987590000 - 0x00007ff98762b000 	C:\WINDOWS\System32\sechost.dll
0x00007ff985d20000 - 0x00007ff985e4a000 	C:\WINDOWS\System32\RPCRT4.dll
0x00007ff986580000 - 0x00007ff986721000 	C:\WINDOWS\System32\USER32.dll
0x00007ff984d90000 - 0x00007ff984db2000 	C:\WINDOWS\System32\win32u.dll
0x00007ff985aa0000 - 0x00007ff985acb000 	C:\WINDOWS\System32\GDI32.dll
0x00007ff984e50000 - 0x00007ff984f5b000 	C:\WINDOWS\System32\gdi32full.dll
0x00007ff9854c0000 - 0x00007ff98555d000 	C:\WINDOWS\System32\msvcp_win.dll
0x00007ff984fb0000 - 0x00007ff9850b0000 	C:\WINDOWS\System32\ucrtbase.dll
0x00007ff96e6c0000 - 0x00007ff96e95a000 	C:\WINDOWS\WinSxS\amd64_microsoft.windows.common-controls_6595b64144ccf1df_6.0.19041.1110_none_60b5254171f9507e\COMCTL32.dll
0x00007ff986380000 - 0x00007ff9863b0000 	C:\WINDOWS\System32\IMM32.DLL
0x000000005afd0000 - 0x000000005b0a2000 	C:\Program Files\Java\jdk1.8.0_202\jre\bin\msvcr100.dll
0x0000000059f70000 - 0x000000005a815000 	C:\Program Files\Java\jdk1.8.0_202\jre\bin\server\jvm.dll
0x00007ff985c80000 - 0x00007ff985c88000 	C:\WINDOWS\System32\PSAPI.DLL
0x00007ff972d70000 - 0x00007ff972d79000 	C:\WINDOWS\SYSTEM32\WSOCK32.dll
0x00007ff97de10000 - 0x00007ff97de1a000 	C:\WINDOWS\SYSTEM32\VERSION.dll
0x00007ff96fe80000 - 0x00007ff96fea7000 	C:\WINDOWS\SYSTEM32\WINMM.dll
0x00007ff987520000 - 0x00007ff98758b000 	C:\WINDOWS\System32\WS2_32.dll
0x00007ff9803c0000 - 0x00007ff9803cf000 	C:\Program Files\Java\jdk1.8.0_202\jre\bin\verify.dll
0x00007ff974810000 - 0x00007ff974839000 	C:\Program Files\Java\jdk1.8.0_202\jre\bin\java.dll
0x00007ff97d140000 - 0x00007ff97d156000 	C:\Program Files\Java\jdk1.8.0_202\jre\bin\zip.dll
0x00007ff986c10000 - 0x00007ff98734f000 	C:\WINDOWS\System32\SHELL32.dll
0x00007ff982d80000 - 0x00007ff983510000 	C:\WINDOWS\SYSTEM32\windows.storage.dll
0x00007ff985f70000 - 0x00007ff9862c5000 	C:\WINDOWS\System32\combase.dll
0x00007ff984770000 - 0x00007ff98479c000 	C:\WINDOWS\SYSTEM32\Wldp.dll
0x00007ff987350000 - 0x00007ff9873fd000 	C:\WINDOWS\System32\SHCORE.dll
0x00007ff987400000 - 0x00007ff987455000 	C:\WINDOWS\System32\shlwapi.dll
0x00007ff984cd0000 - 0x00007ff984cef000 	C:\WINDOWS\SYSTEM32\profapi.dll
0x00007ff9749e0000 - 0x00007ff9749fa000 	C:\Program Files\Java\jdk1.8.0_202\jre\bin\net.dll
0x00007ff97af10000 - 0x00007ff97b0fb000 	C:\WINDOWS\SYSTEM32\urlmon.dll
0x00007ff97a780000 - 0x00007ff97a7a8000 	C:\WINDOWS\SYSTEM32\srvcli.dll
0x00007ff97b3b0000 - 0x00007ff97b660000 	C:\WINDOWS\SYSTEM32\iertutil.dll
0x00007ff984270000 - 0x00007ff98427c000 	C:\WINDOWS\SYSTEM32\netutils.dll
0x00007ff9844d0000 - 0x00007ff98453a000 	C:\WINDOWS\system32\mswsock.dll
0x00007ff974750000 - 0x00007ff974762000 	C:\Program Files\Java\jdk1.8.0_202\jre\bin\nio.dll

VM Arguments:
java_command: com.xamarin.androidx.jetifierWrapper.Main -intermediate obj\Release\110\androidx\_AndroidXJetifyEmbeddedFiles.jetify -parallel
java_class_path (initial): C:\Users\Administrator\.nuget\packages\xamarin.androidx.migration\1.0.6\buildTransitive\monoandroid90\Tools/JetifierWrapper/jetifierWrapper-1.0.jar
Launcher Type: SUN_STANDARD

Environment Variables:
PATH=C:\Program Files\Java\jdk1.8.0_202\bin;C:\Program Files\Microsoft MPI\Bin\;C:\Oracle\11.2.0\client_1;C:\Program Files (x86)\Eziriz\.NET Reactor;C:\ProgramData\Oracle\Java\javapath;D:\app\Hung\product\11.2.0\client_2\bin;D:\app\Hung\product\11.2.0\client_1;C:\Program Files (x86)\Common Files\Oracle\Java\javapath;C:\WINDOWS\system32;C:\WINDOWS;C:\WINDOWS\System32\Wbem;C:\WINDOWS\System32\WindowsPowerShell\v1.0\;C:\WINDOWS\System32\OpenSSH\;C:\Program Files (x86)\Microsoft SQL Server\140\Tools\Binn\;C:\Program Files\Microsoft SQL Server\140\Tools\Binn\;C:\Program Files (x86)\Microsoft SQL Server\140\DTS\Binn\;C:\Program Files\Microsoft SQL Server\140\DTS\Binn\;C:\Program Files\Microsoft SQL Server\Client SDK\ODBC\130\Tools\Binn\;C:\Program Files\Git\cmd;C:\Program Files\dotnet\;C:\Program Files\Microsoft SQL Server\130\Tools\Binn\;C:\Program Files (x86)\Microsoft SQL Server\Client SDK\ODBC\130\Tools\Binn\;C:\Program Files (x86)\Microsoft SQL Server\140\Tools\Binn\ManagementStudio\;C:\Program Files (x86)\Microsoft SQL Server\90\Tools\binn\;C:\Program Files (x86)\dotnet\;C:\Users\Administrator\AppData\Local\Microsoft\WindowsApps;C:\Users\Administrator\.dotnet\tools;C:\Users\Administrator\AppData\Local\GitHubDesktop\bin
USERNAME=Administrator
OS=Windows_NT
PROCESSOR_IDENTIFIER=Intel64 Family 6 Model 94 Stepping 3, GenuineIntel



---------------  S Y S T E M  ---------------

OS: Windows 10.0 , 64 bit Build 19041 (10.0.19041.1202)

CPU:total 8 (initial active 8) (4 cores per cpu, 2 threads per core) family 6 model 94 stepping 3, cmov, cx8, fxsr, mmx, sse, sse2, sse3, ssse3, sse4.1, sse4.2, popcnt, avx, avx2, aes, clmul, erms, rtm, 3dnowpref, lzcnt, ht, tsc, tscinvbit, bmi1, bmi2, adx

Memory: 4k page, physical 16654136k(1803580k free), swap 16654136k(6224k free)

vm_info: Java HotSpot(TM) 64-Bit Server VM (25.202-b08) for windows-amd64 JRE (1.8.0_202-b08), built on Dec 15 2018 19:54:30 by "java_re" with MS VC++ 10.0 (VS2010)

time: Thu Nov 04 10:16:06 2021
timezone: SE Asia Standard Time
elapsed time: 2 seconds (0d 0h 0m 2s)

