#
# There is insufficient memory for the Java Runtime Environment to continue.
# Native memory allocation (malloc) failed to allocate 32744 bytes for ChunkPool::allocate
# Possible reasons:
#   The system is out of physical RAM or swap space
#   The process is running with CompressedOops enabled, and the Java Heap may be blocking the growth of the native heap
# Possible solutions:
#   Reduce memory load on the system
#   Increase physical memory or swap space
#   Check if swap backing store is full
#   Decrease Java heap size (-Xmx/-Xms)
#   Decrease number of Java threads
#   Decrease Java thread stack sizes (-Xss)
#   Set larger code cache with -XX:ReservedCodeCacheSize=
#   JVM is running with Zero Based Compressed Oops mode in which the Java heap is
#     placed in the first 32GB address space. The Java Heap base address is the
#     maximum limit for the native heap growth. Please use -XX:HeapBaseMinAddress
#     to set the Java Heap base and to place the Java Heap above 32GB virtual address.
# This output file may be truncated or incomplete.
#
#  Out of Memory Error (allocation.cpp:272), pid=28824, tid=0x0000000000005ac8
#
# JRE version: Java(TM) SE Runtime Environment (8.0_202-b08) (build 1.8.0_202-b08)
# Java VM: Java HotSpot(TM) 64-Bit Server VM (25.202-b08 mixed mode windows-amd64 compressed oops)
# Failed to write core dump. Minidumps are not enabled by default on client versions of Windows
#

---------------  T H R E A D  ---------------

Current thread (0x00000000272c1800):  JavaThread "C2 CompilerThread2" daemon [_thread_in_native, id=23240, stack(0x0000000027da0000,0x0000000027ea0000)]

Stack: [0x0000000027da0000,0x0000000027ea0000]
[error occurred during error reporting (printing stack bounds), id 0xc0000005]

Native frames: (J=compiled Java code, j=interpreted, Vv=VM code, C=native code)


Current CompileTask:
C2:   1504 1735       4       org.objectweb.asm.ClassReader::readCode (3575 bytes)


---------------  P R O C E S S  ---------------

Java Threads: ( => current thread )
  0x00000000283df000 JavaThread "pool-1-thread-10" [_thread_in_native, id=12212, stack(0x00000000293a0000,0x00000000294a0000)]
  0x00000000283ea800 JavaThread "pool-1-thread-9" [_thread_in_native, id=31312, stack(0x00000000292a0000,0x00000000293a0000)]
  0x00000000283e9800 JavaThread "pool-1-thread-8" [_thread_in_native, id=14712, stack(0x00000000290a0000,0x00000000291a0000)]
  0x00000000283de000 JavaThread "pool-1-thread-7" [_thread_in_native, id=12024, stack(0x0000000028fa0000,0x00000000290a0000)]
  0x00000000283d2800 JavaThread "pool-1-thread-6" [_thread_in_native, id=15008, stack(0x0000000028ea0000,0x0000000028fa0000)]
  0x00000000283cf800 JavaThread "pool-1-thread-5" [_thread_in_native, id=30108, stack(0x0000000028da0000,0x0000000028ea0000)]
  0x00000000283ba000 JavaThread "pool-1-thread-4" [_thread_in_Java, id=16456, stack(0x0000000028ca0000,0x0000000028da0000)]
  0x00000000283ad800 JavaThread "pool-1-thread-3" [_thread_in_Java, id=23688, stack(0x0000000028ba0000,0x0000000028ca0000)]
  0x00000000283ac800 JavaThread "pool-1-thread-2" [_thread_in_native, id=25364, stack(0x0000000028aa0000,0x0000000028ba0000)]
  0x00000000283ab800 JavaThread "pool-1-thread-1" [_thread_in_Java, id=30648, stack(0x00000000289a0000,0x0000000028aa0000)]
  0x0000000027356000 JavaThread "Service Thread" daemon [_thread_blocked, id=468, stack(0x0000000027fa0000,0x00000000280a0000)]
  0x00000000272c7800 JavaThread "C1 CompilerThread3" daemon [_thread_blocked, id=10576, stack(0x0000000027ea0000,0x0000000027fa0000)]
=>0x00000000272c1800 JavaThread "C2 CompilerThread2" daemon [_thread_in_native, id=23240, stack(0x0000000027da0000,0x0000000027ea0000)]
  0x00000000272be800 JavaThread "C2 CompilerThread1" daemon [_thread_in_native, id=26708, stack(0x0000000027ca0000,0x0000000027da0000)]
  0x00000000272bb000 JavaThread "C2 CompilerThread0" daemon [_thread_in_native, id=18932, stack(0x0000000027ba0000,0x0000000027ca0000)]
  0x00000000272b8800 JavaThread "Attach Listener" daemon [_thread_blocked, id=5088, stack(0x0000000027aa0000,0x0000000027ba0000)]
  0x00000000272b7000 JavaThread "Signal Dispatcher" daemon [_thread_blocked, id=29984, stack(0x00000000279a0000,0x0000000027aa0000)]
  0x00000000272b1800 JavaThread "Finalizer" daemon [_thread_blocked, id=32316, stack(0x0000000027790000,0x0000000027890000)]
  0x00000000272b0800 JavaThread "Reference Handler" daemon [_thread_blocked, id=29552, stack(0x0000000027690000,0x0000000027790000)]
  0x00000000023a2800 JavaThread "main" [_thread_blocked, id=22568, stack(0x0000000000af0000,0x0000000000bf0000)]

Other Threads:
  0x00000000254a9000 VMThread [stack: 0x0000000027190000,0x0000000027290000] [id=21664]
  0x0000000027388800 WatcherThread [stack: 0x00000000280a0000,0x00000000281a0000] [id=21704]

VM state:not at safepoint (normal execution)

VM Mutex/Monitor currently owned by a thread: None

heap address: 0x00000005c1e00000, size: 8162 MB, Compressed Oops mode: Zero based, Oop shift amount: 3
Narrow klass base: 0x0000000000000000, Narrow klass shift: 3
Compressed class space size: 1073741824 Address: 0x00000007c0000000

Heap:
 PSYoungGen      total 284672K, used 130005K [0x0000000715f80000, 0x0000000728a80000, 0x00000007c0000000)
  eden space 263168K, 41% used [0x0000000715f80000,0x000000071c97ba38,0x0000000726080000)
  from space 21504K, 99% used [0x0000000726080000,0x0000000727579c48,0x0000000727580000)
  to   space 21504K, 0% used [0x0000000727580000,0x0000000727580000,0x0000000728a80000)
 ParOldGen       total 349696K, used 19472K [0x00000005c1e00000, 0x00000005d7380000, 0x0000000715f80000)
  object space 349696K, 5% used [0x00000005c1e00000,0x00000005c3104218,0x00000005d7380000)
 Metaspace       used 10487K, capacity 10614K, committed 10880K, reserved 1058816K
  class space    used 1006K, capacity 1043K, committed 1152K, reserved 1048576K

Card table byte_map: [0x0000000011860000,0x0000000012860000] byte_map_base: 0x000000000ea51000

Marking Bits: (ParMarkBitMap*) 0x0000000077345ce0
 Begin Bits: [0x0000000013b10000, 0x000000001ba98000)
 End Bits:   [0x000000001ba98000, 0x0000000023a20000)

Polling page: 0x0000000000670000

CodeCache: size=245760Kb used=7791Kb max_used=7791Kb free=237968Kb
 bounds [0x00000000024a0000, 0x0000000002c50000, 0x00000000114a0000]
 total_blobs=2435 nmethods=2088 adapters=259
 compilation: enabled

Compilation events (10 events):
Event: 1.479 Thread 0x00000000272c7800 nmethod 2137 0x0000000002c39e50 code [0x0000000002c39fc0, 0x0000000002c3a148]
Event: 1.479 Thread 0x00000000272c7800 2138       2       org.objectweb.asm.signature.SignatureWriter::visitTypeArgument (40 bytes)
Event: 1.479 Thread 0x00000000272c7800 nmethod 2138 0x0000000002c3a1d0 code [0x0000000002c3a380, 0x0000000002c3a938]
Event: 1.491 Thread 0x00000000272c7800 2140       2       java.lang.Long::<init> (10 bytes)
Event: 1.491 Thread 0x00000000272c7800 nmethod 2140 0x0000000002c3ae10 code [0x0000000002c3af60, 0x0000000002c3b0b0]
Event: 1.491 Thread 0x00000000272c7800 2141       3       org.objectweb.asm.ClassReader::readUTF (194 bytes)
Event: 1.492 Thread 0x00000000272c7800 nmethod 2141 0x0000000002c3b110 code [0x0000000002c3b2a0, 0x0000000002c3b748]
Event: 1.497 Thread 0x00000000272c7800 2142       1       org.objectweb.asm.ClassWriter::visitEnd (1 bytes)
Event: 1.497 Thread 0x00000000272c7800 nmethod 2142 0x0000000002c3ba50 code [0x0000000002c3bba0, 0x0000000002c3bcb0]
Event: 1.499 Thread 0x00000000272c7800 2144       3       org.objectweb.asm.ClassWriter::toByteArray (1456 bytes)

GC Heap History (10 events):
Event: 0.599 GC heap before
{Heap before GC invocations=1 (full 0):
 PSYoungGen      total 153088K, used 131584K [0x0000000715f80000, 0x0000000720a00000, 0x00000007c0000000)
  eden space 131584K, 100% used [0x0000000715f80000,0x000000071e000000,0x000000071e000000)
  from space 21504K, 0% used [0x000000071f500000,0x000000071f500000,0x0000000720a00000)
  to   space 21504K, 0% used [0x000000071e000000,0x000000071e000000,0x000000071f500000)
 ParOldGen       total 349696K, used 0K [0x00000005c1e00000, 0x00000005d7380000, 0x0000000715f80000)
  object space 349696K, 0% used [0x00000005c1e00000,0x00000005c1e00000,0x00000005d7380000)
 Metaspace       used 8459K, capacity 8566K, committed 8832K, reserved 1056768K
  class space    used 828K, capacity 851K, committed 896K, reserved 1048576K
Event: 0.602 GC heap after
Heap after GC invocations=1 (full 0):
 PSYoungGen      total 153088K, used 8723K [0x0000000715f80000, 0x0000000720a00000, 0x00000007c0000000)
  eden space 131584K, 0% used [0x0000000715f80000,0x0000000715f80000,0x000000071e000000)
  from space 21504K, 40% used [0x000000071e000000,0x000000071e884c68,0x000000071f500000)
  to   space 21504K, 0% used [0x000000071f500000,0x000000071f500000,0x0000000720a00000)
 ParOldGen       total 349696K, used 80K [0x00000005c1e00000, 0x00000005d7380000, 0x0000000715f80000)
  object space 349696K, 0% used [0x00000005c1e00000,0x00000005c1e14010,0x00000005d7380000)
 Metaspace       used 8459K, capacity 8566K, committed 8832K, reserved 1056768K
  class space    used 828K, capacity 851K, committed 896K, reserved 1048576K
}
Event: 0.883 GC heap before
{Heap before GC invocations=2 (full 0):
 PSYoungGen      total 153088K, used 140307K [0x0000000715f80000, 0x0000000720a00000, 0x00000007c0000000)
  eden space 131584K, 100% used [0x0000000715f80000,0x000000071e000000,0x000000071e000000)
  from space 21504K, 40% used [0x000000071e000000,0x000000071e884c68,0x000000071f500000)
  to   space 21504K, 0% used [0x000000071f500000,0x000000071f500000,0x0000000720a00000)
 ParOldGen       total 349696K, used 80K [0x00000005c1e00000, 0x00000005d7380000, 0x0000000715f80000)
  object space 349696K, 0% used [0x00000005c1e00000,0x00000005c1e14010,0x00000005d7380000)
 Metaspace       used 8916K, capacity 8982K, committed 9088K, reserved 1056768K
  class space    used 855K, capacity 883K, committed 896K, reserved 1048576K
Event: 0.900 GC heap after
Heap after GC invocations=2 (full 0):
 PSYoungGen      total 153088K, used 21501K [0x0000000715f80000, 0x0000000728a80000, 0x00000007c0000000)
  eden space 131584K, 0% used [0x0000000715f80000,0x0000000715f80000,0x000000071e000000)
  from space 21504K, 99% used [0x000000071f500000,0x00000007209ff590,0x0000000720a00000)
  to   space 21504K, 0% used [0x000000071e000000,0x000000071e000000,0x000000071f500000)
 ParOldGen       total 349696K, used 3418K [0x00000005c1e00000, 0x00000005d7380000, 0x0000000715f80000)
  object space 349696K, 0% used [0x00000005c1e00000,0x00000005c2156b38,0x00000005d7380000)
 Metaspace       used 8916K, capacity 8982K, committed 9088K, reserved 1056768K
  class space    used 855K, capacity 883K, committed 896K, reserved 1048576K
}
Event: 1.100 GC heap before
{Heap before GC invocations=3 (full 0):
 PSYoungGen      total 153088K, used 153030K [0x0000000715f80000, 0x0000000728a80000, 0x00000007c0000000)
  eden space 131584K, 99% used [0x0000000715f80000,0x000000071dff24f8,0x000000071e000000)
  from space 21504K, 99% used [0x000000071f500000,0x00000007209ff590,0x0000000720a00000)
  to   space 21504K, 0% used [0x000000071e000000,0x000000071e000000,0x000000071f500000)
 ParOldGen       total 349696K, used 3418K [0x00000005c1e00000, 0x00000005d7380000, 0x0000000715f80000)
  object space 349696K, 0% used [0x00000005c1e00000,0x00000005c2156b38,0x00000005d7380000)
 Metaspace       used 9280K, capacity 9366K, committed 9600K, reserved 1058816K
  class space    used 871K, capacity 883K, committed 896K, reserved 1048576K
Event: 1.110 GC heap after
Heap after GC invocations=3 (full 0):
 PSYoungGen      total 153088K, used 21495K [0x0000000715f80000, 0x0000000728a80000, 0x00000007c0000000)
  eden space 131584K, 0% used [0x0000000715f80000,0x0000000715f80000,0x000000071e000000)
  from space 21504K, 99% used [0x000000071e000000,0x000000071f4fdde0,0x000000071f500000)
  to   space 21504K, 0% used [0x0000000727580000,0x0000000727580000,0x0000000728a80000)
 ParOldGen       total 349696K, used 7294K [0x00000005c1e00000, 0x00000005d7380000, 0x0000000715f80000)
  object space 349696K, 2% used [0x00000005c1e00000,0x00000005c251fa20,0x00000005d7380000)
 Metaspace       used 9280K, capacity 9366K, committed 9600K, reserved 1058816K
  class space    used 871K, capacity 883K, committed 896K, reserved 1048576K
}
Event: 1.189 GC heap before
{Heap before GC invocations=4 (full 0):
 PSYoungGen      total 153088K, used 153079K [0x0000000715f80000, 0x0000000728a80000, 0x00000007c0000000)
  eden space 131584K, 100% used [0x0000000715f80000,0x000000071e000000,0x000000071e000000)
  from space 21504K, 99% used [0x000000071e000000,0x000000071f4fdde0,0x000000071f500000)
  to   space 21504K, 0% used [0x0000000727580000,0x0000000727580000,0x0000000728a80000)
 ParOldGen       total 349696K, used 7294K [0x00000005c1e00000, 0x00000005d7380000, 0x0000000715f80000)
  object space 349696K, 2% used [0x00000005c1e00000,0x00000005c251fa20,0x00000005d7380000)
 Metaspace       used 9355K, capacity 9462K, committed 9728K, reserved 1058816K
  class space    used 880K, capacity 915K, committed 1024K, reserved 1048576K
Event: 1.201 GC heap after
Heap after GC invocations=4 (full 0):
 PSYoungGen      total 284672K, used 21486K [0x0000000715f80000, 0x0000000728a80000, 0x00000007c0000000)
  eden space 263168K, 0% used [0x0000000715f80000,0x0000000715f80000,0x0000000726080000)
  from space 21504K, 99% used [0x0000000727580000,0x0000000728a7b8d8,0x0000000728a80000)
  to   space 21504K, 0% used [0x0000000726080000,0x0000000726080000,0x0000000727580000)
 ParOldGen       total 349696K, used 12722K [0x00000005c1e00000, 0x00000005d7380000, 0x0000000715f80000)
  object space 349696K, 3% used [0x00000005c1e00000,0x00000005c2a6ca70,0x00000005d7380000)
 Metaspace       used 9355K, capacity 9462K, committed 9728K, reserved 1058816K
  class space    used 880K, capacity 915K, committed 1024K, reserved 1048576K
}
Event: 1.390 GC heap before
{Heap before GC invocations=5 (full 0):
 PSYoungGen      total 284672K, used 284654K [0x0000000715f80000, 0x0000000728a80000, 0x00000007c0000000)
  eden space 263168K, 100% used [0x0000000715f80000,0x0000000726080000,0x0000000726080000)
  from space 21504K, 99% used [0x0000000727580000,0x0000000728a7b8d8,0x0000000728a80000)
  to   space 21504K, 0% used [0x0000000726080000,0x0000000726080000,0x0000000727580000)
 ParOldGen       total 349696K, used 12722K [0x00000005c1e00000, 0x00000005d7380000, 0x0000000715f80000)
  object space 349696K, 3% used [0x00000005c1e00000,0x00000005c2a6ca70,0x00000005d7380000)
 Metaspace       used 10462K, capacity 10550K, committed 10880K, reserved 1058816K
  class space    used 1006K, capacity 1043K, committed 1152K, reserved 1048576K
Event: 1.401 GC heap after
Heap after GC invocations=5 (full 0):
 PSYoungGen      total 284672K, used 21479K [0x0000000715f80000, 0x0000000728a80000, 0x00000007c0000000)
  eden space 263168K, 0% used [0x0000000715f80000,0x0000000715f80000,0x0000000726080000)
  from space 21504K, 99% used [0x0000000726080000,0x0000000727579c48,0x0000000727580000)
  to   space 21504K, 0% used [0x0000000727580000,0x0000000727580000,0x0000000728a80000)
 ParOldGen       total 349696K, used 19472K [0x00000005c1e00000, 0x00000005d7380000, 0x0000000715f80000)
  object space 349696K, 5% used [0x00000005c1e00000,0x00000005c3104218,0x00000005d7380000)
 Metaspace       used 10462K, capacity 10550K, committed 10880K, reserved 1058816K
  class space    used 1006K, capacity 1043K, committed 1152K, reserved 1048576K
}

Deoptimization events (10 events):
Event: 1.315 Thread 0x00000000283ad800 Uncommon trap: reason=unstable_if action=reinterpret pc=0x00000000028dfb20 method=com.sun.org.apache.xerces.internal.impl.XMLEntityScanner.scanLiteral(ILcom/sun/org/apache/xerces/internal/xni/XMLString;Z)I @ 660
Event: 1.320 Thread 0x00000000283ad800 Uncommon trap: reason=unstable_if action=reinterpret pc=0x00000000028ed1d4 method=com.sun.org.apache.xerces.internal.impl.XMLEntityScanner.skipChar(ILcom/sun/org/apache/xerces/internal/impl/XMLScanner$NameType;)Z @ 53
Event: 1.323 Thread 0x00000000283ad800 Uncommon trap: reason=unstable_if action=reinterpret pc=0x0000000002856fdc method=com.sun.org.apache.xerces.internal.impl.XMLEntityScanner.load(IZZ)Z @ 50
Event: 1.323 Thread 0x00000000283ad800 Uncommon trap: reason=unstable_if action=reinterpret pc=0x0000000002841124 method=com.sun.org.apache.xerces.internal.impl.XMLEntityManager$RewindableInputStream.read([BII)I @ 39
Event: 1.358 Thread 0x00000000283ac800 Uncommon trap: reason=unstable_if action=reinterpret pc=0x0000000002ab9fa0 method=org.objectweb.asm.Type.getType([CI)Lorg/objectweb/asm/Type; @ 165
Event: 1.375 Thread 0x00000000283ac800 Uncommon trap: reason=unstable_if action=reinterpret pc=0x0000000002aa8040 method=org.objectweb.asm.ClassReader.readUTF(II[C)Ljava/lang/String; @ 77
Event: 1.375 Thread 0x00000000283ac800 Uncommon trap: reason=unstable_if action=reinterpret pc=0x0000000002aace90 method=org.objectweb.asm.ByteVector.putUTF8(Ljava/lang/String;)Lorg/objectweb/asm/ByteVector; @ 98
Event: 1.375 Thread 0x00000000283ac800 Uncommon trap: reason=unstable_if action=reinterpret pc=0x0000000002a474a4 method=org.objectweb.asm.ClassReader.readUTF(II[C)Ljava/lang/String; @ 77
Event: 1.375 Thread 0x00000000283ac800 Uncommon trap: reason=unstable_if action=reinterpret pc=0x0000000002a49340 method=org.objectweb.asm.ByteVector.putUTF8(Ljava/lang/String;)Lorg/objectweb/asm/ByteVector; @ 98
Event: 1.491 Thread 0x00000000283ad800 Uncommon trap: reason=unstable_if action=reinterpret pc=0x0000000002c2daa8 method=org.objectweb.asm.ClassReader.readUTF(II[C)Ljava/lang/String; @ 98

Classes redefined (0 events):
No events

Internal exceptions (10 events):
Event: 1.219 Thread 0x00000000283e9800 Exception <a 'sun/nio/fs/WindowsException'> (0x00000007178e2ff8) thrown at [C:\re\workspace\8-2-build-windows-amd64-cygwin\jdk8u202\12323\hotspot\src\share\vm\prims\jni.cpp, line 710]
Event: 1.223 Thread 0x00000000283ab800 Exception <a 'sun/nio/fs/WindowsException'> (0x0000000716efb2b0) thrown at [C:\re\workspace\8-2-build-windows-amd64-cygwin\jdk8u202\12323\hotspot\src\share\vm\prims\jni.cpp, line 710]
Event: 1.223 Thread 0x00000000283ab800 Exception <a 'sun/nio/fs/WindowsException'> (0x0000000716efba90) thrown at [C:\re\workspace\8-2-build-windows-amd64-cygwin\jdk8u202\12323\hotspot\src\share\vm\prims\jni.cpp, line 710]
Event: 1.244 Thread 0x00000000283de000 Exception <a 'sun/nio/fs/WindowsException'> (0x000000071a597058) thrown at [C:\re\workspace\8-2-build-windows-amd64-cygwin\jdk8u202\12323\hotspot\src\share\vm\prims\jni.cpp, line 710]
Event: 1.252 Thread 0x00000000283cf800 Exception <a 'sun/nio/fs/WindowsException'> (0x0000000717592fe0) thrown at [C:\re\workspace\8-2-build-windows-amd64-cygwin\jdk8u202\12323\hotspot\src\share\vm\prims\jni.cpp, line 710]
Event: 1.253 Thread 0x00000000283cf800 Exception <a 'sun/nio/fs/WindowsException'> (0x00000007175937c0) thrown at [C:\re\workspace\8-2-build-windows-amd64-cygwin\jdk8u202\12323\hotspot\src\share\vm\prims\jni.cpp, line 710]
Event: 1.311 Thread 0x00000000283cf800 Exception <a 'sun/nio/fs/WindowsException'> (0x00000007208e6888) thrown at [C:\re\workspace\8-2-build-windows-amd64-cygwin\jdk8u202\12323\hotspot\src\share\vm\prims\jni.cpp, line 710]
Event: 1.311 Thread 0x00000000283cf800 Exception <a 'sun/nio/fs/WindowsException'> (0x00000007208e7068) thrown at [C:\re\workspace\8-2-build-windows-amd64-cygwin\jdk8u202\12323\hotspot\src\share\vm\prims\jni.cpp, line 710]
Event: 1.405 Thread 0x00000000283ac800 Exception <a 'sun/nio/fs/WindowsException'> (0x000000071688f3c0) thrown at [C:\re\workspace\8-2-build-windows-amd64-cygwin\jdk8u202\12323\hotspot\src\share\vm\prims\jni.cpp, line 710]
Event: 1.405 Thread 0x00000000283ac800 Exception <a 'sun/nio/fs/WindowsException'> (0x000000071688fba0) thrown at [C:\re\workspace\8-2-build-windows-amd64-cygwin\jdk8u202\12323\hotspot\src\share\vm\prims\jni.cpp, line 710]

Events (10 events):
Event: 1.452 Thread 0x00000000283ab800 DEOPT UNPACKING pc=0x00000000024e7890 sp=0x0000000028a9df50 mode 0
Event: 1.454 Thread 0x00000000283ab800 DEOPT PACKING pc=0x0000000002c0852c sp=0x0000000028a9e210
Event: 1.454 Thread 0x00000000283ab800 DEOPT UNPACKING pc=0x00000000024e7890 sp=0x0000000028a9df50 mode 0
Event: 1.455 Thread 0x00000000283ad800 DEOPT PACKING pc=0x0000000002c0852c sp=0x0000000028c9e2e0
Event: 1.455 Thread 0x00000000283ad800 DEOPT UNPACKING pc=0x00000000024e7890 sp=0x0000000028c9e020 mode 0
Event: 1.472 Thread 0x00000000283ab800 DEOPT PACKING pc=0x0000000002931155 sp=0x0000000028a9ebc0
Event: 1.472 Thread 0x00000000283ab800 DEOPT UNPACKING pc=0x00000000024e7890 sp=0x0000000028a9e910 mode 0
Event: 1.491 Thread 0x00000000283ad800 Uncommon trap: trap_request=0xffffff65 fr.pc=0x0000000002c2daa8
Event: 1.491 Thread 0x00000000283ad800 DEOPT PACKING pc=0x0000000002c2daa8 sp=0x0000000028c9e430
Event: 1.491 Thread 0x00000000283ad800 DEOPT UNPACKING pc=0x00000000024e583b sp=0x0000000028c9e3c0 mode 2


Dynamic libraries:
0x00007ff6be8e0000 - 0x00007ff6be917000 	C:\Program Files\Java\jdk1.8.0_202\bin\java.exe
0x00007ffb171b0000 - 0x00007ffb173a5000 	C:\WINDOWS\SYSTEM32\ntdll.dll
0x00007ffb15ed0000 - 0x00007ffb15f8e000 	C:\WINDOWS\System32\KERNEL32.DLL
0x00007ffb149b0000 - 0x00007ffb14c78000 	C:\WINDOWS\System32\KERNELBASE.dll
0x00007ffb170b0000 - 0x00007ffb1715c000 	C:\WINDOWS\System32\ADVAPI32.dll
0x00007ffb157a0000 - 0x00007ffb1583e000 	C:\WINDOWS\System32\msvcrt.dll
0x00007ffb16440000 - 0x00007ffb164db000 	C:\WINDOWS\System32\sechost.dll
0x00007ffb15ad0000 - 0x00007ffb15bfa000 	C:\WINDOWS\System32\RPCRT4.dll
0x00007ffb164e0000 - 0x00007ffb16681000 	C:\WINDOWS\System32\USER32.dll
0x00007ffb14980000 - 0x00007ffb149a2000 	C:\WINDOWS\System32\win32u.dll
0x00007ffb15aa0000 - 0x00007ffb15acb000 	C:\WINDOWS\System32\GDI32.dll
0x00007ffb14e00000 - 0x00007ffb14f0b000 	C:\WINDOWS\System32\gdi32full.dll
0x00007ffb14d10000 - 0x00007ffb14dad000 	C:\WINDOWS\System32\msvcp_win.dll
0x00007ffb15100000 - 0x00007ffb15200000 	C:\WINDOWS\System32\ucrtbase.dll
0x00007ffaff9a0000 - 0x00007ffaffc3a000 	C:\WINDOWS\WinSxS\amd64_microsoft.windows.common-controls_6595b64144ccf1df_6.0.19041.1110_none_60b5254171f9507e\COMCTL32.dll
0x00007ffb15a70000 - 0x00007ffb15aa0000 	C:\WINDOWS\System32\IMM32.DLL
0x00000000773d0000 - 0x00000000774a2000 	C:\Program Files\Java\jdk1.8.0_202\jre\bin\msvcr100.dll
0x0000000076b20000 - 0x00000000773c5000 	C:\Program Files\Java\jdk1.8.0_202\jre\bin\server\jvm.dll
0x00007ffb163a0000 - 0x00007ffb163a8000 	C:\WINDOWS\System32\PSAPI.DLL
0x00007ffb0e950000 - 0x00007ffb0e95a000 	C:\WINDOWS\SYSTEM32\VERSION.dll
0x00007ffb0b230000 - 0x00007ffb0b239000 	C:\WINDOWS\SYSTEM32\WSOCK32.dll
0x00007ffb05fd0000 - 0x00007ffb05ff7000 	C:\WINDOWS\SYSTEM32\WINMM.dll
0x00007ffb17040000 - 0x00007ffb170ab000 	C:\WINDOWS\System32\WS2_32.dll
0x00007ffb10690000 - 0x00007ffb1069f000 	C:\Program Files\Java\jdk1.8.0_202\jre\bin\verify.dll
0x00007ffafc720000 - 0x00007ffafc749000 	C:\Program Files\Java\jdk1.8.0_202\jre\bin\java.dll
0x00007ffafc790000 - 0x00007ffafc7a6000 	C:\Program Files\Java\jdk1.8.0_202\jre\bin\zip.dll
0x00007ffb16900000 - 0x00007ffb1703f000 	C:\WINDOWS\System32\SHELL32.dll
0x00007ffb12890000 - 0x00007ffb13020000 	C:\WINDOWS\SYSTEM32\windows.storage.dll
0x00007ffb15f90000 - 0x00007ffb162e5000 	C:\WINDOWS\System32\combase.dll
0x00007ffb14250000 - 0x00007ffb1427e000 	C:\WINDOWS\SYSTEM32\Wldp.dll
0x00007ffb162f0000 - 0x00007ffb1639d000 	C:\WINDOWS\System32\SHCORE.dll
0x00007ffb159f0000 - 0x00007ffb15a45000 	C:\WINDOWS\System32\shlwapi.dll
0x00007ffb14810000 - 0x00007ffb1482f000 	C:\WINDOWS\SYSTEM32\profapi.dll
0x00007ffafc670000 - 0x00007ffafc68a000 	C:\Program Files\Java\jdk1.8.0_202\jre\bin\net.dll
0x00007ffb09af0000 - 0x00007ffb09cdb000 	C:\WINDOWS\SYSTEM32\urlmon.dll
0x00007ffb09730000 - 0x00007ffb099e0000 	C:\WINDOWS\SYSTEM32\iertutil.dll
0x00007ffb09aa0000 - 0x00007ffb09ac8000 	C:\WINDOWS\SYSTEM32\srvcli.dll
0x00007ffb13db0000 - 0x00007ffb13dbc000 	C:\WINDOWS\SYSTEM32\netutils.dll
0x00007ffb13fb0000 - 0x00007ffb1401a000 	C:\WINDOWS\system32\mswsock.dll
0x00007ffafc650000 - 0x00007ffafc662000 	C:\Program Files\Java\jdk1.8.0_202\jre\bin\nio.dll

VM Arguments:
java_command: com.xamarin.androidx.jetifierWrapper.Main -intermediate obj\Release\110\androidx\_AndroidXJetifyEmbeddedFiles.jetify -parallel
java_class_path (initial): C:\Users\Administrator\.nuget\packages\xamarin.androidx.migration\1.0.6\buildTransitive\monoandroid90\Tools/JetifierWrapper/jetifierWrapper-1.0.jar
Launcher Type: SUN_STANDARD

Environment Variables:
PATH=C:\Program Files\Java\jdk1.8.0_202\bin;C:\Program Files\Microsoft MPI\Bin\;C:\Oracle\11.2.0\client_1;C:\Program Files (x86)\Eziriz\.NET Reactor;C:\ProgramData\Oracle\Java\javapath;D:\app\Hung\product\11.2.0\client_2\bin;D:\app\Hung\product\11.2.0\client_1;C:\Program Files (x86)\Common Files\Oracle\Java\javapath;C:\WINDOWS\system32;C:\WINDOWS;C:\WINDOWS\System32\Wbem;C:\WINDOWS\System32\WindowsPowerShell\v1.0\;C:\WINDOWS\System32\OpenSSH\;C:\Program Files (x86)\Microsoft SQL Server\140\Tools\Binn\;C:\Program Files\Microsoft SQL Server\140\Tools\Binn\;C:\Program Files (x86)\Microsoft SQL Server\140\DTS\Binn\;C:\Program Files\Microsoft SQL Server\140\DTS\Binn\;C:\Program Files\Microsoft SQL Server\Client SDK\ODBC\130\Tools\Binn\;C:\Program Files\Git\cmd;C:\Program Files\dotnet\;C:\Program Files\Microsoft SQL Server\130\Tools\Binn\;C:\Program Files (x86)\Microsoft SQL Server\Client SDK\ODBC\130\Tools\Binn\;C:\Program Files (x86)\Microsoft SQL Server\140\Tools\Binn\ManagementStudio\;C:\Program Files (x86)\Microsoft SQL Server\90\Tools\binn\;C:\Program Files (x86)\dotnet\;C:\Users\Administrator\AppData\Local\Microsoft\WindowsApps;C:\Users\Administrator\.dotnet\tools;C:\Users\Administrator\AppData\Local\GitHubDesktop\bin
USERNAME=Administrator
OS=Windows_NT
PROCESSOR_IDENTIFIER=Intel64 Family 6 Model 94 Stepping 3, GenuineIntel



---------------  S Y S T E M  ---------------

OS: Windows 10.0 , 64 bit Build 19041 (10.0.19041.1348)

CPU:total 8 (initial active 8) (4 cores per cpu, 2 threads per core) family 6 model 94 stepping 3, cmov, cx8, fxsr, mmx, sse, sse2, sse3, ssse3, sse4.1, sse4.2, popcnt, avx, avx2, aes, clmul, erms, rtm, 3dnowpref, lzcnt, ht, tsc, tscinvbit, bmi1, bmi2, adx

Memory: 4k page, physical 33431352k(1297064k free), swap 33431352k(4116k free)

vm_info: Java HotSpot(TM) 64-Bit Server VM (25.202-b08) for windows-amd64 JRE (1.8.0_202-b08), built on Dec 15 2018 19:54:30 by "java_re" with MS VC++ 10.0 (VS2010)

time: Fri Dec 03 09:25:13 2021
timezone: SE Asia Standard Time
elapsed time: 1 seconds (0d 0h 0m 1s)

