#
# There is insufficient memory for the Java Runtime Environment to continue.
# Native memory allocation (malloc) failed to allocate 884496 bytes for Chunk::new
# Possible reasons:
#   The system is out of physical RAM or swap space
#   The process is running with CompressedOops enabled, and the Java Heap may be blocking the growth of the native heap
# Possible solutions:
#   Reduce memory load on the system
#   Increase physical memory or swap space
#   Check if swap backing store is full
#   Decrease Java heap size (-Xmx/-Xms)
#   Decrease number of Java threads
#   Decrease Java thread stack sizes (-Xss)
#   Set larger code cache with -XX:ReservedCodeCacheSize=
#   JVM is running with Zero Based Compressed Oops mode in which the Java heap is
#     placed in the first 32GB address space. The Java Heap base address is the
#     maximum limit for the native heap growth. Please use -XX:HeapBaseMinAddress
#     to set the Java Heap base and to place the Java Heap above 32GB virtual address.
# This output file may be truncated or incomplete.
#
#  Out of Memory Error (allocation.cpp:389), pid=18964, tid=0x0000000000003fac
#
# JRE version: Java(TM) SE Runtime Environment (8.0_202-b08) (build 1.8.0_202-b08)
# Java VM: Java HotSpot(TM) 64-Bit Server VM (25.202-b08 mixed mode windows-amd64 compressed oops)
# Failed to write core dump. Minidumps are not enabled by default on client versions of Windows
#

---------------  T H R E A D  ---------------

Current thread (0x000000001ebf0800):  JavaThread "C2 CompilerThread1" daemon [_thread_in_native, id=16300, stack(0x000000001f5c0000,0x000000001f6c0000)]

Stack: [0x000000001f5c0000,0x000000001f6c0000]
[error occurred during error reporting (printing stack bounds), id 0xc0000005]

Native frames: (J=compiled Java code, j=interpreted, Vv=VM code, C=native code)


Current CompileTask:
C2:   1254 1706       4       org.objectweb.asm.commons.Remapper::mapDesc (131 bytes)


---------------  P R O C E S S  ---------------

Java Threads: ( => current thread )
  0x000000001fcd2800 JavaThread "pool-1-thread-10" [_thread_blocked, id=19920, stack(0x0000000020cc0000,0x0000000020dc0000)]
  0x000000001fcd1000 JavaThread "pool-1-thread-9" [_thread_in_native, id=9400, stack(0x0000000020bc0000,0x0000000020cc0000)]
  0x000000001fcce000 JavaThread "pool-1-thread-8" [_thread_in_native, id=20036, stack(0x00000000209c0000,0x0000000020ac0000)]
  0x000000001fcc9000 JavaThread "pool-1-thread-7" [_thread_in_native, id=15288, stack(0x00000000208c0000,0x00000000209c0000)]
  0x000000001fcc8000 JavaThread "pool-1-thread-6" [_thread_in_native, id=16396, stack(0x00000000207c0000,0x00000000208c0000)]
  0x000000001fcc5000 JavaThread "pool-1-thread-5" [_thread_in_Java, id=21988, stack(0x00000000206c0000,0x00000000207c0000)]
  0x000000001fcc3800 JavaThread "pool-1-thread-4" [_thread_in_Java, id=3376, stack(0x00000000205c0000,0x00000000206c0000)]
  0x000000001fcb6000 JavaThread "pool-1-thread-3" [_thread_in_Java, id=22164, stack(0x00000000204c0000,0x00000000205c0000)]
  0x000000001fcb3000 JavaThread "pool-1-thread-2" [_thread_in_native, id=25316, stack(0x00000000203c0000,0x00000000204c0000)]
  0x000000001fcb1000 JavaThread "pool-1-thread-1" [_thread_in_native, id=15836, stack(0x00000000202c0000,0x00000000203c0000)]
  0x000000001ec8e000 JavaThread "Service Thread" daemon [_thread_blocked, id=13980, stack(0x000000001f8c0000,0x000000001f9c0000)]
  0x000000001ebfb800 JavaThread "C1 CompilerThread3" daemon [_thread_in_native, id=17136, stack(0x000000001f7c0000,0x000000001f8c0000)]
  0x000000001ebf1800 JavaThread "C2 CompilerThread2" daemon [_thread_in_native, id=20092, stack(0x000000001f6c0000,0x000000001f7c0000)]
=>0x000000001ebf0800 JavaThread "C2 CompilerThread1" daemon [_thread_in_native, id=16300, stack(0x000000001f5c0000,0x000000001f6c0000)]
  0x000000001ebed000 JavaThread "C2 CompilerThread0" daemon [_thread_in_native, id=7252, stack(0x000000001f4c0000,0x000000001f5c0000)]
  0x000000001ebea800 JavaThread "Attach Listener" daemon [_thread_blocked, id=21188, stack(0x000000001f3c0000,0x000000001f4c0000)]
  0x000000001ce0e800 JavaThread "Signal Dispatcher" daemon [_thread_blocked, id=22300, stack(0x000000001f2c0000,0x000000001f3c0000)]
  0x000000000339e000 JavaThread "Finalizer" daemon [_thread_blocked, id=8292, stack(0x000000001f0c0000,0x000000001f1c0000)]
  0x000000001ebe0800 JavaThread "Reference Handler" daemon [_thread_blocked, id=15188, stack(0x000000001efc0000,0x000000001f0c0000)]
  0x00000000032a2800 JavaThread "main" [_thread_blocked, id=16872, stack(0x00000000031a0000,0x00000000032a0000)]

Other Threads:
  0x000000001cdf9000 VMThread [stack: 0x000000001eac0000,0x000000001ebc0000] [id=22832]
  0x000000001ecb8800 WatcherThread [stack: 0x000000001f9c0000,0x000000001fac0000] [id=7620]

VM state:not at safepoint (normal execution)

VM Mutex/Monitor currently owned by a thread: None

heap address: 0x00000006c1e00000, size: 4066 MB, Compressed Oops mode: Zero based, Oop shift amount: 3
Narrow klass base: 0x0000000000000000, Narrow klass shift: 3
Compressed class space size: 1073741824 Address: 0x00000007c0000000

Heap:
 PSYoungGen      total 141824K, used 92034K [0x000000076b500000, 0x0000000774a00000, 0x00000007c0000000)
  eden space 131072K, 62% used [0x000000076b500000,0x0000000770463ce8,0x0000000773500000)
  from space 10752K, 99% used [0x0000000773500000,0x0000000773f7cb98,0x0000000773f80000)
  to   space 10752K, 0% used [0x0000000773f80000,0x0000000773f80000,0x0000000774a00000)
 ParOldGen       total 175104K, used 27525K [0x00000006c1e00000, 0x00000006cc900000, 0x000000076b500000)
  object space 175104K, 15% used [0x00000006c1e00000,0x00000006c38e1488,0x00000006cc900000)
 Metaspace       used 9345K, capacity 9416K, committed 9728K, reserved 1058816K
  class space    used 876K, capacity 918K, committed 1024K, reserved 1048576K

Card table byte_map: [0x0000000012760000,0x0000000012f60000] byte_map_base: 0x000000000f151000

Marking Bits: (ParMarkBitMap*) 0x000000005a605ce0
 Begin Bits: [0x0000000013cb0000, 0x0000000017c38000)
 End Bits:   [0x0000000017c38000, 0x000000001bbc0000)

Polling page: 0x0000000001930000

CodeCache: size=245760Kb used=7142Kb max_used=7142Kb free=238618Kb
 bounds [0x00000000033a0000, 0x0000000003ab0000, 0x00000000123a0000]
 total_blobs=2215 nmethods=1878 adapters=249
 compilation: enabled

Compilation events (10 events):
Event: 1.213 Thread 0x000000001ebfb800 nmethod 1891 0x0000000003a9d550 code [0x0000000003a9d700, 0x0000000003a9da78]
Event: 1.213 Thread 0x000000001ebfb800 1892       1       java.util.Collections$1::hasNext (5 bytes)
Event: 1.213 Thread 0x000000001ebfb800 nmethod 1892 0x0000000003a8b950 code [0x0000000003a8baa0, 0x0000000003a8bbb0]
Event: 1.221 Thread 0x000000001ebfb800 1893       1       java.util.regex.Pattern$BranchConn::study (5 bytes)
Event: 1.222 Thread 0x000000001ebfb800 nmethod 1893 0x0000000003a9dc50 code [0x0000000003a9dda0, 0x0000000003a9deb0]
Event: 1.223 Thread 0x000000001ebfb800 1894       2       com.xamarin.androidx.jetifierWrapper.JetifierCallable::call (142 bytes)
Event: 1.224 Thread 0x000000001ebfb800 nmethod 1894 0x0000000003a9df50 code [0x0000000003a9e180, 0x0000000003a9e818]
Event: 1.229 Thread 0x000000001ebfb800 1895       2       java.lang.ThreadLocal::get (38 bytes)
Event: 1.229 Thread 0x000000001ebfb800 nmethod 1895 0x0000000003a9ed90 code [0x0000000003a9ef00, 0x0000000003a9f0d8]
Event: 1.253 Thread 0x000000001ebfb800 1899       2       com.android.tools.build.jetifier.core.config.Config::isEligibleForRewrite (127 bytes)

GC Heap History (10 events):
Event: 0.419 GC heap before
{Heap before GC invocations=1 (full 0):
 PSYoungGen      total 76288K, used 65536K [0x000000076b500000, 0x0000000770a00000, 0x00000007c0000000)
  eden space 65536K, 100% used [0x000000076b500000,0x000000076f500000,0x000000076f500000)
  from space 10752K, 0% used [0x000000076ff80000,0x000000076ff80000,0x0000000770a00000)
  to   space 10752K, 0% used [0x000000076f500000,0x000000076f500000,0x000000076ff80000)
 ParOldGen       total 175104K, used 0K [0x00000006c1e00000, 0x00000006cc900000, 0x000000076b500000)
  object space 175104K, 0% used [0x00000006c1e00000,0x00000006c1e00000,0x00000006cc900000)
 Metaspace       used 8311K, capacity 8392K, committed 8576K, reserved 1056768K
  class space    used 830K, capacity 854K, committed 896K, reserved 1048576K
Event: 0.423 GC heap after
Heap after GC invocations=1 (full 0):
 PSYoungGen      total 76288K, used 5599K [0x000000076b500000, 0x0000000770a00000, 0x00000007c0000000)
  eden space 65536K, 0% used [0x000000076b500000,0x000000076b500000,0x000000076f500000)
  from space 10752K, 52% used [0x000000076f500000,0x000000076fa77f00,0x000000076ff80000)
  to   space 10752K, 0% used [0x000000076ff80000,0x000000076ff80000,0x0000000770a00000)
 ParOldGen       total 175104K, used 80K [0x00000006c1e00000, 0x00000006cc900000, 0x000000076b500000)
  object space 175104K, 0% used [0x00000006c1e00000,0x00000006c1e14010,0x00000006cc900000)
 Metaspace       used 8311K, capacity 8392K, committed 8576K, reserved 1056768K
  class space    used 830K, capacity 854K, committed 896K, reserved 1048576K
}
Event: 0.614 GC heap before
{Heap before GC invocations=2 (full 0):
 PSYoungGen      total 76288K, used 71135K [0x000000076b500000, 0x0000000770a00000, 0x00000007c0000000)
  eden space 65536K, 100% used [0x000000076b500000,0x000000076f500000,0x000000076f500000)
  from space 10752K, 52% used [0x000000076f500000,0x000000076fa77f00,0x000000076ff80000)
  to   space 10752K, 0% used [0x000000076ff80000,0x000000076ff80000,0x0000000770a00000)
 ParOldGen       total 175104K, used 80K [0x00000006c1e00000, 0x00000006cc900000, 0x000000076b500000)
  object space 175104K, 0% used [0x00000006c1e00000,0x00000006c1e14010,0x00000006cc900000)
 Metaspace       used 8506K, capacity 8648K, committed 8832K, reserved 1056768K
  class space    used 830K, capacity 854K, committed 896K, reserved 1048576K
Event: 0.617 GC heap after
Heap after GC invocations=2 (full 0):
 PSYoungGen      total 76288K, used 6974K [0x000000076b500000, 0x0000000774a00000, 0x00000007c0000000)
  eden space 65536K, 0% used [0x000000076b500000,0x000000076b500000,0x000000076f500000)
  from space 10752K, 64% used [0x000000076ff80000,0x000000077064fb18,0x0000000770a00000)
  to   space 10752K, 0% used [0x000000076f500000,0x000000076f500000,0x000000076ff80000)
 ParOldGen       total 175104K, used 88K [0x00000006c1e00000, 0x00000006cc900000, 0x000000076b500000)
  object space 175104K, 0% used [0x00000006c1e00000,0x00000006c1e16010,0x00000006cc900000)
 Metaspace       used 8506K, capacity 8648K, committed 8832K, reserved 1056768K
  class space    used 830K, capacity 854K, committed 896K, reserved 1048576K
}
Event: 0.769 GC heap before
{Heap before GC invocations=3 (full 0):
 PSYoungGen      total 76288K, used 72510K [0x000000076b500000, 0x0000000774a00000, 0x00000007c0000000)
  eden space 65536K, 100% used [0x000000076b500000,0x000000076f500000,0x000000076f500000)
  from space 10752K, 64% used [0x000000076ff80000,0x000000077064fb18,0x0000000770a00000)
  to   space 10752K, 0% used [0x000000076f500000,0x000000076f500000,0x000000076ff80000)
 ParOldGen       total 175104K, used 88K [0x00000006c1e00000, 0x00000006cc900000, 0x000000076b500000)
  object space 175104K, 0% used [0x00000006c1e00000,0x00000006c1e16010,0x00000006cc900000)
 Metaspace       used 8532K, capacity 8648K, committed 8832K, reserved 1056768K
  class space    used 830K, capacity 854K, committed 896K, reserved 1048576K
Event: 0.776 GC heap after
Heap after GC invocations=3 (full 0):
 PSYoungGen      total 76288K, used 10741K [0x000000076b500000, 0x0000000774a00000, 0x00000007c0000000)
  eden space 65536K, 0% used [0x000000076b500000,0x000000076b500000,0x000000076f500000)
  from space 10752K, 99% used [0x000000076f500000,0x000000076ff7d4a0,0x000000076ff80000)
  to   space 10752K, 0% used [0x0000000773f80000,0x0000000773f80000,0x0000000774a00000)
 ParOldGen       total 175104K, used 5923K [0x00000006c1e00000, 0x00000006cc900000, 0x000000076b500000)
  object space 175104K, 3% used [0x00000006c1e00000,0x00000006c23c8d08,0x00000006cc900000)
 Metaspace       used 8532K, capacity 8648K, committed 8832K, reserved 1056768K
  class space    used 830K, capacity 854K, committed 896K, reserved 1048576K
}
Event: 0.986 GC heap before
{Heap before GC invocations=4 (full 0):
 PSYoungGen      total 76288K, used 76071K [0x000000076b500000, 0x0000000774a00000, 0x00000007c0000000)
  eden space 65536K, 99% used [0x000000076b500000,0x000000076f4ccb48,0x000000076f500000)
  from space 10752K, 99% used [0x000000076f500000,0x000000076ff7d4a0,0x000000076ff80000)
  to   space 10752K, 0% used [0x0000000773f80000,0x0000000773f80000,0x0000000774a00000)
 ParOldGen       total 175104K, used 5923K [0x00000006c1e00000, 0x00000006cc900000, 0x000000076b500000)
  object space 175104K, 3% used [0x00000006c1e00000,0x00000006c23c8d08,0x00000006cc900000)
 Metaspace       used 9124K, capacity 9192K, committed 9344K, reserved 1058816K
  class space    used 873K, capacity 886K, committed 896K, reserved 1048576K
Event: 0.998 GC heap after
Heap after GC invocations=4 (full 0):
 PSYoungGen      total 141824K, used 10744K [0x000000076b500000, 0x0000000774a00000, 0x00000007c0000000)
  eden space 131072K, 0% used [0x000000076b500000,0x000000076b500000,0x0000000773500000)
  from space 10752K, 99% used [0x0000000773f80000,0x00000007749fe0f8,0x0000000774a00000)
  to   space 10752K, 0% used [0x0000000773500000,0x0000000773500000,0x0000000773f80000)
 ParOldGen       total 175104K, used 16186K [0x00000006c1e00000, 0x00000006cc900000, 0x000000076b500000)
  object space 175104K, 9% used [0x00000006c1e00000,0x00000006c2dcea40,0x00000006cc900000)
 Metaspace       used 9124K, capacity 9192K, committed 9344K, reserved 1058816K
  class space    used 873K, capacity 886K, committed 896K, reserved 1048576K
}
Event: 1.180 GC heap before
{Heap before GC invocations=5 (full 0):
 PSYoungGen      total 141824K, used 141816K [0x000000076b500000, 0x0000000774a00000, 0x00000007c0000000)
  eden space 131072K, 100% used [0x000000076b500000,0x0000000773500000,0x0000000773500000)
  from space 10752K, 99% used [0x0000000773f80000,0x00000007749fe0f8,0x0000000774a00000)
  to   space 10752K, 0% used [0x0000000773500000,0x0000000773500000,0x0000000773f80000)
 ParOldGen       total 175104K, used 16186K [0x00000006c1e00000, 0x00000006cc900000, 0x000000076b500000)
  object space 175104K, 9% used [0x00000006c1e00000,0x00000006c2dcea40,0x00000006cc900000)
 Metaspace       used 9330K, capacity 9416K, committed 9728K, reserved 1058816K
  class space    used 875K, capacity 918K, committed 1024K, reserved 1048576K
Event: 1.198 GC heap after
Heap after GC invocations=5 (full 0):
 PSYoungGen      total 141824K, used 10738K [0x000000076b500000, 0x0000000774a00000, 0x00000007c0000000)
  eden space 131072K, 0% used [0x000000076b500000,0x000000076b500000,0x0000000773500000)
  from space 10752K, 99% used [0x0000000773500000,0x0000000773f7cb98,0x0000000773f80000)
  to   space 10752K, 0% used [0x0000000773f80000,0x0000000773f80000,0x0000000774a00000)
 ParOldGen       total 175104K, used 27525K [0x00000006c1e00000, 0x00000006cc900000, 0x000000076b500000)
  object space 175104K, 15% used [0x00000006c1e00000,0x00000006c38e1488,0x00000006cc900000)
 Metaspace       used 9330K, capacity 9416K, committed 9728K, reserved 1058816K
  class space    used 875K, capacity 918K, committed 1024K, reserved 1048576K
}

Deoptimization events (10 events):
Event: 1.228 Thread 0x000000001fcc5000 Uncommon trap: reason=bimorphic action=maybe_recompile pc=0x000000000368aaf8 method=java.util.regex.Pattern$Begin.match(Ljava/util/regex/Matcher;ILjava/lang/CharSequence;)Z @ 30
Event: 1.228 Thread 0x000000001fcc5000 Uncommon trap: reason=bimorphic action=maybe_recompile pc=0x000000000368aaf8 method=java.util.regex.Pattern$Begin.match(Ljava/util/regex/Matcher;ILjava/lang/CharSequence;)Z @ 30
Event: 1.228 Thread 0x000000001fcc5000 Uncommon trap: reason=bimorphic action=maybe_recompile pc=0x000000000366b864 method=java.util.regex.Pattern$Slice.match(Ljava/util/regex/Matcher;ILjava/lang/CharSequence;)Z @ 75
Event: 1.228 Thread 0x000000001fcc5000 Uncommon trap: reason=unstable_if action=reinterpret pc=0x0000000003a66fa0 method=com.android.tools.build.jetifier.core.type.JavaType.equals(Ljava/lang/Object;)Z @ 2
Event: 1.229 Thread 0x000000001fcc5000 Uncommon trap: reason=bimorphic action=maybe_recompile pc=0x000000000366b864 method=java.util.regex.Pattern$Slice.match(Ljava/util/regex/Matcher;ILjava/lang/CharSequence;)Z @ 75
Event: 1.229 Thread 0x000000001fcc5000 Uncommon trap: reason=unstable_if action=reinterpret pc=0x00000000039d5928 method=com.android.tools.build.jetifier.core.config.Config.isEligibleForRewrite(Lcom/android/tools/build/jetifier/core/type/JavaType;)Z @ 14
Event: 1.229 Thread 0x000000001fcc5000 Uncommon trap: reason=bimorphic action=maybe_recompile pc=0x000000000366b864 method=java.util.regex.Pattern$Slice.match(Ljava/util/regex/Matcher;ILjava/lang/CharSequence;)Z @ 75
Event: 1.229 Thread 0x000000001fcc5000 Uncommon trap: reason=unstable_if action=reinterpret pc=0x00000000039ff5a0 method=com.android.tools.build.jetifier.core.type.JavaType.equals(Ljava/lang/Object;)Z @ 2
Event: 1.229 Thread 0x000000001fcc5000 Uncommon trap: reason=unstable_if action=reinterpret pc=0x0000000003981798 method=com.android.tools.build.jetifier.core.type.JavaType.equals(Ljava/lang/Object;)Z @ 2
Event: 1.232 Thread 0x000000001fcc5000 Uncommon trap: reason=unstable_if action=reinterpret pc=0x00000000039ee25c method=com.android.tools.build.jetifier.core.TypeRewriter.rewriteType(Lcom/android/tools/build/jetifier/core/type/JavaType;)Lcom/android/tools/build/jetifier/core/type/JavaType; @ 

Classes redefined (0 events):
No events

Internal exceptions (10 events):
Event: 0.120 Thread 0x00000000032a2800 Exception <a 'java/lang/ArrayIndexOutOfBoundsException': 18> (0x000000076bda8220) thrown at [C:\re\workspace\8-2-build-windows-amd64-cygwin\jdk8u202\12323\hotspot\src\share\vm\interpreter\interpreterRuntime.cpp, line 368]
Event: 0.120 Thread 0x00000000032a2800 Exception <a 'java/lang/ArrayIndexOutOfBoundsException': 55> (0x000000076bda8f90) thrown at [C:\re\workspace\8-2-build-windows-amd64-cygwin\jdk8u202\12323\hotspot\src\share\vm\interpreter\interpreterRuntime.cpp, line 368]
Event: 0.120 Thread 0x00000000032a2800 Exception <a 'java/lang/ArrayIndexOutOfBoundsException': 40> (0x000000076bda9e00) thrown at [C:\re\workspace\8-2-build-windows-amd64-cygwin\jdk8u202\12323\hotspot\src\share\vm\interpreter\interpreterRuntime.cpp, line 368]
Event: 0.158 Thread 0x00000000032a2800 Exception <a 'java/lang/ArrayIndexOutOfBoundsException'> (0x000000076c222d50) thrown at [C:\re\workspace\8-2-build-windows-amd64-cygwin\jdk8u202\12323\hotspot\src\share\vm\runtime\sharedRuntime.cpp, line 605]
Event: 0.160 Thread 0x00000000032a2800 Exception <a 'java/lang/ArrayIndexOutOfBoundsException'> (0x000000076c23e2f0) thrown at [C:\re\workspace\8-2-build-windows-amd64-cygwin\jdk8u202\12323\hotspot\src\share\vm\runtime\sharedRuntime.cpp, line 605]
Event: 0.166 Thread 0x00000000032a2800 Exception <a 'java/lang/ArrayIndexOutOfBoundsException'> (0x000000076c28fcf0) thrown at [C:\re\workspace\8-2-build-windows-amd64-cygwin\jdk8u202\12323\hotspot\src\share\vm\runtime\sharedRuntime.cpp, line 605]
Event: 0.167 Thread 0x00000000032a2800 Exception <a 'java/lang/ArrayIndexOutOfBoundsException'> (0x000000076c2a5428) thrown at [C:\re\workspace\8-2-build-windows-amd64-cygwin\jdk8u202\12323\hotspot\src\share\vm\runtime\sharedRuntime.cpp, line 605]
Event: 0.982 Thread 0x000000001fcb1000 Implicit null exception at 0x00000000037c0040 to 0x00000000037c00c1
Event: 0.999 Thread 0x000000001fcc3800 Implicit null exception at 0x00000000037c04b4 to 0x00000000037c0529
Event: 1.228 Thread 0x000000001fcc5000 Implicit null exception at 0x00000000039636ec to 0x000000000396381d

Events (10 events):
Event: 1.229 Thread 0x000000001fcc5000 Uncommon trap: trap_request=0xffffff65 fr.pc=0x0000000003981798
Event: 1.229 Thread 0x000000001fcc5000 DEOPT PACKING pc=0x0000000003981798 sp=0x00000000207be940
Event: 1.229 Thread 0x000000001fcc5000 DEOPT UNPACKING pc=0x00000000033e583b sp=0x00000000207be8d8 mode 2
Event: 1.232 Thread 0x000000001fcc5000 Uncommon trap: trap_request=0xffffff65 fr.pc=0x00000000039ee25c
Event: 1.233 Thread 0x000000001fcc5000 DEOPT PACKING pc=0x00000000039ee25c sp=0x00000000207be580
Event: 1.233 Thread 0x000000001fcc5000 DEOPT UNPACKING pc=0x00000000033e583b sp=0x00000000207be4f0 mode 2
Event: 1.233 Thread 0x000000001fcd2800 DEOPT PACKING pc=0x0000000003838415 sp=0x0000000020dbe8d0
Event: 1.233 Thread 0x000000001fcd2800 DEOPT UNPACKING pc=0x00000000033e7890 sp=0x0000000020dbe620 mode 0
Event: 1.250 Thread 0x000000001fcc8000 DEOPT PACKING pc=0x00000000038ed764 sp=0x00000000208be470
Event: 1.250 Thread 0x000000001fcc8000 DEOPT UNPACKING pc=0x00000000033e7890 sp=0x00000000208be328 mode 0


Dynamic libraries:
0x00007ff758da0000 - 0x00007ff758dd7000 	C:\Program Files\Java\jdk1.8.0_202\bin\java.exe
0x00007ff987670000 - 0x00007ff987865000 	C:\WINDOWS\SYSTEM32\ntdll.dll
0x00007ff987460000 - 0x00007ff98751e000 	C:\WINDOWS\System32\KERNEL32.DLL
0x00007ff9851c0000 - 0x00007ff985489000 	C:\WINDOWS\System32\KERNELBASE.dll
0x00007ff985890000 - 0x00007ff98593c000 	C:\WINDOWS\System32\ADVAPI32.dll
0x00007ff9864e0000 - 0x00007ff98657e000 	C:\WINDOWS\System32\msvcrt.dll
0x00007ff987590000 - 0x00007ff98762b000 	C:\WINDOWS\System32\sechost.dll
0x00007ff985d20000 - 0x00007ff985e4a000 	C:\WINDOWS\System32\RPCRT4.dll
0x00007ff986580000 - 0x00007ff986721000 	C:\WINDOWS\System32\USER32.dll
0x00007ff984d90000 - 0x00007ff984db2000 	C:\WINDOWS\System32\win32u.dll
0x00007ff985aa0000 - 0x00007ff985acb000 	C:\WINDOWS\System32\GDI32.dll
0x00007ff984e50000 - 0x00007ff984f5b000 	C:\WINDOWS\System32\gdi32full.dll
0x00007ff9854c0000 - 0x00007ff98555d000 	C:\WINDOWS\System32\msvcp_win.dll
0x00007ff984fb0000 - 0x00007ff9850b0000 	C:\WINDOWS\System32\ucrtbase.dll
0x00007ff96e6c0000 - 0x00007ff96e95a000 	C:\WINDOWS\WinSxS\amd64_microsoft.windows.common-controls_6595b64144ccf1df_6.0.19041.1110_none_60b5254171f9507e\COMCTL32.dll
0x00007ff986380000 - 0x00007ff9863b0000 	C:\WINDOWS\System32\IMM32.DLL
0x000000005a690000 - 0x000000005a762000 	C:\Program Files\Java\jdk1.8.0_202\jre\bin\msvcr100.dll
0x0000000059de0000 - 0x000000005a685000 	C:\Program Files\Java\jdk1.8.0_202\jre\bin\server\jvm.dll
0x00007ff985c80000 - 0x00007ff985c88000 	C:\WINDOWS\System32\PSAPI.DLL
0x00007ff96fe80000 - 0x00007ff96fea7000 	C:\WINDOWS\SYSTEM32\WINMM.dll
0x00007ff972d70000 - 0x00007ff972d79000 	C:\WINDOWS\SYSTEM32\WSOCK32.dll
0x00007ff97de10000 - 0x00007ff97de1a000 	C:\WINDOWS\SYSTEM32\VERSION.dll
0x00007ff987520000 - 0x00007ff98758b000 	C:\WINDOWS\System32\WS2_32.dll
0x00007ff9804c0000 - 0x00007ff9804cf000 	C:\Program Files\Java\jdk1.8.0_202\jre\bin\verify.dll
0x00007ff972dc0000 - 0x00007ff972de9000 	C:\Program Files\Java\jdk1.8.0_202\jre\bin\java.dll
0x00007ff97cf90000 - 0x00007ff97cfa6000 	C:\Program Files\Java\jdk1.8.0_202\jre\bin\zip.dll
0x00007ff986c10000 - 0x00007ff98734f000 	C:\WINDOWS\System32\SHELL32.dll
0x00007ff982d80000 - 0x00007ff983510000 	C:\WINDOWS\SYSTEM32\windows.storage.dll
0x00007ff985f70000 - 0x00007ff9862c5000 	C:\WINDOWS\System32\combase.dll
0x00007ff984770000 - 0x00007ff98479c000 	C:\WINDOWS\SYSTEM32\Wldp.dll
0x00007ff987350000 - 0x00007ff9873fd000 	C:\WINDOWS\System32\SHCORE.dll
0x00007ff987400000 - 0x00007ff987455000 	C:\WINDOWS\System32\shlwapi.dll
0x00007ff984cd0000 - 0x00007ff984cef000 	C:\WINDOWS\SYSTEM32\profapi.dll
0x00007ff9749b0000 - 0x00007ff9749ca000 	C:\Program Files\Java\jdk1.8.0_202\jre\bin\net.dll
0x00007ff97af10000 - 0x00007ff97b0fb000 	C:\WINDOWS\SYSTEM32\urlmon.dll
0x00007ff97b3b0000 - 0x00007ff97b660000 	C:\WINDOWS\SYSTEM32\iertutil.dll
0x00007ff97a780000 - 0x00007ff97a7a8000 	C:\WINDOWS\SYSTEM32\srvcli.dll
0x00007ff984270000 - 0x00007ff98427c000 	C:\WINDOWS\SYSTEM32\netutils.dll
0x00007ff9844d0000 - 0x00007ff98453a000 	C:\WINDOWS\system32\mswsock.dll
0x00007ff972bb0000 - 0x00007ff972bc2000 	C:\Program Files\Java\jdk1.8.0_202\jre\bin\nio.dll

VM Arguments:
java_command: com.xamarin.androidx.jetifierWrapper.Main -intermediate obj\Debug\110\androidx\_AndroidXJetifyEmbeddedFiles.jetify -parallel
java_class_path (initial): C:\Users\Administrator\.nuget\packages\xamarin.androidx.migration\1.0.6\buildTransitive\monoandroid90\Tools/JetifierWrapper/jetifierWrapper-1.0.jar
Launcher Type: SUN_STANDARD

Environment Variables:
PATH=C:\Program Files\Java\jdk1.8.0_202\bin;C:\Program Files\Microsoft MPI\Bin\;C:\Oracle\11.2.0\client_1;C:\Program Files (x86)\Eziriz\.NET Reactor;C:\ProgramData\Oracle\Java\javapath;D:\app\Hung\product\11.2.0\client_2\bin;D:\app\Hung\product\11.2.0\client_1;C:\Program Files (x86)\Common Files\Oracle\Java\javapath;C:\WINDOWS\system32;C:\WINDOWS;C:\WINDOWS\System32\Wbem;C:\WINDOWS\System32\WindowsPowerShell\v1.0\;C:\WINDOWS\System32\OpenSSH\;C:\Program Files (x86)\Microsoft SQL Server\140\Tools\Binn\;C:\Program Files\Microsoft SQL Server\140\Tools\Binn\;C:\Program Files (x86)\Microsoft SQL Server\140\DTS\Binn\;C:\Program Files\Microsoft SQL Server\140\DTS\Binn\;C:\Program Files\Microsoft SQL Server\Client SDK\ODBC\130\Tools\Binn\;C:\Program Files\Git\cmd;C:\Program Files\dotnet\;C:\Program Files\Microsoft SQL Server\130\Tools\Binn\;C:\Program Files (x86)\Microsoft SQL Server\Client SDK\ODBC\130\Tools\Binn\;C:\Program Files (x86)\Microsoft SQL Server\140\Tools\Binn\ManagementStudio\;C:\Program Files (x86)\Microsoft SQL Server\90\Tools\binn\;C:\Program Files (x86)\dotnet\;C:\Users\Administrator\AppData\Local\Microsoft\WindowsApps;C:\Users\Administrator\.dotnet\tools;C:\Users\Administrator\AppData\Local\GitHubDesktop\bin
USERNAME=Administrator
OS=Windows_NT
PROCESSOR_IDENTIFIER=Intel64 Family 6 Model 94 Stepping 3, GenuineIntel



---------------  S Y S T E M  ---------------

OS: Windows 10.0 , 64 bit Build 19041 (10.0.19041.1202)

CPU:total 8 (initial active 8) (4 cores per cpu, 2 threads per core) family 6 model 94 stepping 3, cmov, cx8, fxsr, mmx, sse, sse2, sse3, ssse3, sse4.1, sse4.2, popcnt, avx, avx2, aes, clmul, erms, rtm, 3dnowpref, lzcnt, ht, tsc, tscinvbit, bmi1, bmi2, adx

Memory: 4k page, physical 16654136k(2403404k free), swap 16654136k(5220k free)

vm_info: Java HotSpot(TM) 64-Bit Server VM (25.202-b08) for windows-amd64 JRE (1.8.0_202-b08), built on Dec 15 2018 19:54:30 by "java_re" with MS VC++ 10.0 (VS2010)

time: Mon Nov 01 16:51:04 2021
timezone: SE Asia Standard Time
elapsed time: 1 seconds (0d 0h 0m 1s)

