#
# There is insufficient memory for the Java Runtime Environment to continue.
# Native memory allocation (malloc) failed to allocate 56336 bytes for Chunk::new
# Possible reasons:
#   The system is out of physical RAM or swap space
#   The process is running with CompressedOops enabled, and the Java Heap may be blocking the growth of the native heap
# Possible solutions:
#   Reduce memory load on the system
#   Increase physical memory or swap space
#   Check if swap backing store is full
#   Decrease Java heap size (-Xmx/-Xms)
#   Decrease number of Java threads
#   Decrease Java thread stack sizes (-Xss)
#   Set larger code cache with -XX:ReservedCodeCacheSize=
#   JVM is running with Zero Based Compressed Oops mode in which the Java heap is
#     placed in the first 32GB address space. The Java Heap base address is the
#     maximum limit for the native heap growth. Please use -XX:HeapBaseMinAddress
#     to set the Java Heap base and to place the Java Heap above 32GB virtual address.
# This output file may be truncated or incomplete.
#
#  Out of Memory Error (allocation.cpp:389), pid=24760, tid=0x0000000000002874
#
# JRE version: Java(TM) SE Runtime Environment (8.0_202-b08) (build 1.8.0_202-b08)
# Java VM: Java HotSpot(TM) 64-Bit Server VM (25.202-b08 mixed mode windows-amd64 compressed oops)
# Failed to write core dump. Minidumps are not enabled by default on client versions of Windows
#

---------------  T H R E A D  ---------------

Current thread (0x000000001e5a0800):  JavaThread "C2 CompilerThread2" daemon [_thread_in_native, id=10356, stack(0x000000001f070000,0x000000001f170000)]

Stack: [0x000000001f070000,0x000000001f170000]
[error occurred during error reporting (printing stack bounds), id 0xc0000005]

Native frames: (J=compiled Java code, j=interpreted, Vv=VM code, C=native code)


Current CompileTask:
C2:    275  223   !   4       java.util.jar.Manifest::parseName (84 bytes)


---------------  P R O C E S S  ---------------

Java Threads: ( => current thread )
  0x000000001e639000 JavaThread "Service Thread" daemon [_thread_blocked, id=9404, stack(0x000000001f270000,0x000000001f370000)]
  0x000000001e5ae800 JavaThread "C1 CompilerThread3" daemon [_thread_blocked, id=19248, stack(0x000000001f170000,0x000000001f270000)]
=>0x000000001e5a0800 JavaThread "C2 CompilerThread2" daemon [_thread_in_native, id=10356, stack(0x000000001f070000,0x000000001f170000)]
  0x000000001e5a0000 JavaThread "C2 CompilerThread1" daemon [_thread_in_native, id=14804, stack(0x000000001ef70000,0x000000001f070000)]
  0x000000001e59c000 JavaThread "C2 CompilerThread0" daemon [_thread_in_native, id=2000, stack(0x000000001ee70000,0x000000001ef70000)]
  0x000000001e59a000 JavaThread "Attach Listener" daemon [_thread_blocked, id=13392, stack(0x000000001ed70000,0x000000001ee70000)]
  0x000000001e599000 JavaThread "Signal Dispatcher" daemon [_thread_blocked, id=1804, stack(0x000000001ec70000,0x000000001ed70000)]
  0x000000001e591800 JavaThread "Finalizer" daemon [_thread_blocked, id=2772, stack(0x000000001ea70000,0x000000001eb70000)]
  0x000000001e590800 JavaThread "Reference Handler" daemon [_thread_blocked, id=4912, stack(0x000000001e970000,0x000000001ea70000)]
  0x0000000002c52800 JavaThread "main" [_thread_in_Java, id=13524, stack(0x0000000002b50000,0x0000000002c50000)]

Other Threads:
  0x000000001c7a9800 VMThread [stack: 0x000000001e470000,0x000000001e570000] [id=24108]
  0x000000001e65b000 WatcherThread [stack: 0x000000001f370000,0x000000001f470000] [id=5300]

VM state:not at safepoint (normal execution)

VM Mutex/Monitor currently owned by a thread: None

heap address: 0x00000006c1e00000, size: 4066 MB, Compressed Oops mode: Zero based, Oop shift amount: 3
Narrow klass base: 0x0000000000000000, Narrow klass shift: 3
Compressed class space size: 1073741824 Address: 0x00000007c0000000

Heap:
 PSYoungGen      total 76288K, used 61395K [0x000000076b500000, 0x0000000770a00000, 0x00000007c0000000)
  eden space 65536K, 93% used [0x000000076b500000,0x000000076f0f4d40,0x000000076f500000)
  from space 10752K, 0% used [0x000000076ff80000,0x000000076ff80000,0x0000000770a00000)
  to   space 10752K, 0% used [0x000000076f500000,0x000000076f500000,0x000000076ff80000)
 ParOldGen       total 175104K, used 0K [0x00000006c1e00000, 0x00000006cc900000, 0x000000076b500000)
  object space 175104K, 0% used [0x00000006c1e00000,0x00000006c1e00000,0x00000006cc900000)
 Metaspace       used 3966K, capacity 4520K, committed 4608K, reserved 1056768K
  class space    used 421K, capacity 424K, committed 512K, reserved 1048576K

Card table byte_map: [0x0000000012110000,0x0000000012910000] byte_map_base: 0x000000000eb01000

Marking Bits: (ParMarkBitMap*) 0x000000005a795ce0
 Begin Bits: [0x0000000013660000, 0x00000000175e8000)
 End Bits:   [0x00000000175e8000, 0x000000001b570000)

Polling page: 0x0000000002ae0000

CodeCache: size=245760Kb used=1623Kb max_used=1634Kb free=244136Kb
 bounds [0x0000000002d50000, 0x0000000002fc0000, 0x0000000011d50000]
 total_blobs=482 nmethods=222 adapters=173
 compilation: enabled

Compilation events (10 events):
Event: 0.269 Thread 0x000000001e5a0000  220       4       java.lang.ThreadLocal::get (38 bytes)
Event: 0.269 Thread 0x000000001e5a0800  223   !   4       java.util.jar.Manifest::parseName (84 bytes)
Event: 0.269 Thread 0x000000001e5ae800  221       3       java.lang.ThreadLocal$ThreadLocalMap::getEntry (42 bytes)
Event: 0.269 Thread 0x000000001e5ae800 nmethod 221 0x0000000002ee2850 code [0x0000000002ee29c0, 0x0000000002ee2cc8]
Event: 0.269 Thread 0x000000001e5ae800  224       3       java.util.jar.Manifest::getAttributes (14 bytes)
Event: 0.269 Thread 0x000000001e5ae800 nmethod 224 0x0000000002ee22d0 code [0x0000000002ee2440, 0x0000000002ee2768]
Event: 0.269 Thread 0x000000001e5ae800  231       1       java.lang.ThreadLocal::getMap (5 bytes)
Event: 0.269 Thread 0x000000001e5ae800 nmethod 231 0x0000000002ee1fd0 code [0x0000000002ee2120, 0x0000000002ee2230]
Event: 0.270 Thread 0x000000001e5a0000 nmethod 220 0x0000000002ee1ad0 code [0x0000000002ee1c40, 0x0000000002ee1db8]
Event: 0.270 Thread 0x000000001e5a0000  226       4       java.lang.String::<init> (38 bytes)

GC Heap History (0 events):
No events

Deoptimization events (10 events):
Event: 0.235 Thread 0x0000000002c52800 Uncommon trap: reason=unstable_if action=reinterpret pc=0x0000000002eddd68 method=java.util.HashMap.putVal(ILjava/lang/Object;Ljava/lang/Object;ZZ)Ljava/lang/Object; @ 69
Event: 0.242 Thread 0x0000000002c52800 Uncommon trap: reason=speculate_class_check action=maybe_recompile pc=0x0000000002ed9a04 method=java.util.HashMap.putVal(ILjava/lang/Object;Ljava/lang/Object;ZZ)Ljava/lang/Object; @ 56
Event: 0.242 Thread 0x0000000002c52800 Uncommon trap: reason=speculate_class_check action=maybe_recompile pc=0x0000000002ed9a04 method=java.util.HashMap.putVal(ILjava/lang/Object;Ljava/lang/Object;ZZ)Ljava/lang/Object; @ 56
Event: 0.242 Thread 0x0000000002c52800 Uncommon trap: reason=speculate_class_check action=maybe_recompile pc=0x0000000002ed9a04 method=java.util.HashMap.putVal(ILjava/lang/Object;Ljava/lang/Object;ZZ)Ljava/lang/Object; @ 56
Event: 0.242 Thread 0x0000000002c52800 Uncommon trap: reason=speculate_class_check action=maybe_recompile pc=0x0000000002ed9a04 method=java.util.HashMap.putVal(ILjava/lang/Object;Ljava/lang/Object;ZZ)Ljava/lang/Object; @ 56
Event: 0.254 Thread 0x0000000002c52800 Uncommon trap: reason=class_check action=maybe_recompile pc=0x0000000002e97d58 method=java.lang.StringCoding$StringDecoder.decode([BII)[C @ 30
Event: 0.258 Thread 0x0000000002c52800 Uncommon trap: reason=class_check action=maybe_recompile pc=0x0000000002e97d58 method=java.lang.StringCoding$StringDecoder.decode([BII)[C @ 30
Event: 0.260 Thread 0x0000000002c52800 Uncommon trap: reason=class_check action=maybe_recompile pc=0x0000000002e97d58 method=java.lang.StringCoding$StringDecoder.decode([BII)[C @ 30
Event: 0.261 Thread 0x0000000002c52800 Uncommon trap: reason=class_check action=maybe_recompile pc=0x0000000002e97d58 method=java.lang.StringCoding$StringDecoder.decode([BII)[C @ 30
Event: 0.268 Thread 0x0000000002c52800 Uncommon trap: reason=unstable_if action=reinterpret pc=0x0000000002ea5ab8 method=java.util.HashMap.getNode(ILjava/lang/Object;)Ljava/util/HashMap$Node; @ 6

Classes redefined (0 events):
No events

Internal exceptions (5 events):
Event: 0.025 Thread 0x0000000002c52800 Exception <a 'java/lang/NoSuchMethodError': Method sun.misc.Unsafe.defineClass(Ljava/lang/String;[BII)Ljava/lang/Class; name or signature does not match> (0x000000076b507cb0) thrown at [C:\re\workspace\8-2-build-windows-amd64-cygwin\jdk8u202\12323\hotspot
Event: 0.026 Thread 0x0000000002c52800 Exception <a 'java/lang/NoSuchMethodError': Method sun.misc.Unsafe.prefetchRead(Ljava/lang/Object;J)V name or signature does not match> (0x000000076b507f98) thrown at [C:\re\workspace\8-2-build-windows-amd64-cygwin\jdk8u202\12323\hotspot\src\share\vm\prim
Event: 0.160 Thread 0x0000000002c52800 Implicit null exception at 0x0000000002e94e10 to 0x0000000002e94f4d
Event: 0.208 Thread 0x0000000002c52800 Implicit null exception at 0x0000000002e93534 to 0x0000000002e935a9
Event: 0.268 Thread 0x0000000002c52800 Implicit null exception at 0x0000000002ea58ef to 0x0000000002ea5aa1

Events (10 events):
Event: 0.263 loading class java/util/Collections$UnmodifiableSet done
Event: 0.264 loading class sun/security/pkcs/PKCS9Attributes
Event: 0.265 loading class sun/security/pkcs/PKCS9Attributes done
Event: 0.265 loading class sun/security/pkcs/PKCS9Attribute
Event: 0.267 loading class sun/security/pkcs/PKCS9Attribute done
Event: 0.268 Thread 0x0000000002c52800 Uncommon trap: trap_request=0xffffff65 fr.pc=0x0000000002ea5ab8
Event: 0.268 Thread 0x0000000002c52800 DEOPT PACKING pc=0x0000000002ea5ab8 sp=0x0000000002c4e100
Event: 0.268 Thread 0x0000000002c52800 DEOPT UNPACKING pc=0x0000000002d9583b sp=0x0000000002c4dfc0 mode 2
Event: 0.273 Thread 0x0000000002c52800 DEOPT PACKING pc=0x0000000002ea767b sp=0x0000000002c4e060
Event: 0.273 Thread 0x0000000002c52800 DEOPT UNPACKING pc=0x0000000002d97890 sp=0x0000000002c4dd50 mode 0


Dynamic libraries:
0x00007ff620370000 - 0x00007ff6203a7000 	C:\Program Files\Java\jdk1.8.0_202\bin\java.exe
0x00007ff987670000 - 0x00007ff987865000 	C:\WINDOWS\SYSTEM32\ntdll.dll
0x00007ff987460000 - 0x00007ff98751e000 	C:\WINDOWS\System32\KERNEL32.DLL
0x00007ff9851c0000 - 0x00007ff985489000 	C:\WINDOWS\System32\KERNELBASE.dll
0x00007ff985890000 - 0x00007ff98593c000 	C:\WINDOWS\System32\ADVAPI32.dll
0x00007ff9864e0000 - 0x00007ff98657e000 	C:\WINDOWS\System32\msvcrt.dll
0x00007ff987590000 - 0x00007ff98762b000 	C:\WINDOWS\System32\sechost.dll
0x00007ff985d20000 - 0x00007ff985e4a000 	C:\WINDOWS\System32\RPCRT4.dll
0x00007ff986580000 - 0x00007ff986721000 	C:\WINDOWS\System32\USER32.dll
0x00007ff984d90000 - 0x00007ff984db2000 	C:\WINDOWS\System32\win32u.dll
0x00007ff985aa0000 - 0x00007ff985acb000 	C:\WINDOWS\System32\GDI32.dll
0x00007ff984e50000 - 0x00007ff984f5b000 	C:\WINDOWS\System32\gdi32full.dll
0x00007ff9854c0000 - 0x00007ff98555d000 	C:\WINDOWS\System32\msvcp_win.dll
0x00007ff984fb0000 - 0x00007ff9850b0000 	C:\WINDOWS\System32\ucrtbase.dll
0x00007ff96e6c0000 - 0x00007ff96e95a000 	C:\WINDOWS\WinSxS\amd64_microsoft.windows.common-controls_6595b64144ccf1df_6.0.19041.1110_none_60b5254171f9507e\COMCTL32.dll
0x00007ff986380000 - 0x00007ff9863b0000 	C:\WINDOWS\System32\IMM32.DLL
0x000000005afd0000 - 0x000000005b0a2000 	C:\Program Files\Java\jdk1.8.0_202\jre\bin\msvcr100.dll
0x0000000059f70000 - 0x000000005a815000 	C:\Program Files\Java\jdk1.8.0_202\jre\bin\server\jvm.dll
0x00007ff985c80000 - 0x00007ff985c88000 	C:\WINDOWS\System32\PSAPI.DLL
0x00007ff97de10000 - 0x00007ff97de1a000 	C:\WINDOWS\SYSTEM32\VERSION.dll
0x00007ff96fe80000 - 0x00007ff96fea7000 	C:\WINDOWS\SYSTEM32\WINMM.dll
0x00007ff972d70000 - 0x00007ff972d79000 	C:\WINDOWS\SYSTEM32\WSOCK32.dll
0x00007ff987520000 - 0x00007ff98758b000 	C:\WINDOWS\System32\WS2_32.dll
0x00007ff9803a0000 - 0x00007ff9803af000 	C:\Program Files\Java\jdk1.8.0_202\jre\bin\verify.dll
0x00007ff97d0b0000 - 0x00007ff97d0d9000 	C:\Program Files\Java\jdk1.8.0_202\jre\bin\java.dll
0x00007ff97cfa0000 - 0x00007ff97cfb6000 	C:\Program Files\Java\jdk1.8.0_202\jre\bin\zip.dll
0x00007ff986c10000 - 0x00007ff98734f000 	C:\WINDOWS\System32\SHELL32.dll
0x00007ff982d80000 - 0x00007ff983510000 	C:\WINDOWS\SYSTEM32\windows.storage.dll
0x00007ff985f70000 - 0x00007ff9862c5000 	C:\WINDOWS\System32\combase.dll
0x00007ff984770000 - 0x00007ff98479c000 	C:\WINDOWS\SYSTEM32\Wldp.dll
0x00007ff987350000 - 0x00007ff9873fd000 	C:\WINDOWS\System32\SHCORE.dll
0x00007ff987400000 - 0x00007ff987455000 	C:\WINDOWS\System32\shlwapi.dll
0x00007ff984cd0000 - 0x00007ff984cef000 	C:\WINDOWS\SYSTEM32\profapi.dll

VM Arguments:
java_command: com.xamarin.manifestmerger.Main obj\Release\110\android\manifestmerger.rsp
java_class_path (initial): C:\Program Files (x86)\Microsoft Visual Studio\2019\Professional\MSBuild\Xamarin\Android\manifestmerger.jar
Launcher Type: SUN_STANDARD

Environment Variables:
PATH=C:\Program Files\Java\jdk1.8.0_202\bin;C:\Program Files\Microsoft MPI\Bin\;C:\Oracle\11.2.0\client_1;C:\Program Files (x86)\Eziriz\.NET Reactor;C:\ProgramData\Oracle\Java\javapath;D:\app\Hung\product\11.2.0\client_2\bin;D:\app\Hung\product\11.2.0\client_1;C:\Program Files (x86)\Common Files\Oracle\Java\javapath;C:\WINDOWS\system32;C:\WINDOWS;C:\WINDOWS\System32\Wbem;C:\WINDOWS\System32\WindowsPowerShell\v1.0\;C:\WINDOWS\System32\OpenSSH\;C:\Program Files (x86)\Microsoft SQL Server\140\Tools\Binn\;C:\Program Files\Microsoft SQL Server\140\Tools\Binn\;C:\Program Files (x86)\Microsoft SQL Server\140\DTS\Binn\;C:\Program Files\Microsoft SQL Server\140\DTS\Binn\;C:\Program Files\Microsoft SQL Server\Client SDK\ODBC\130\Tools\Binn\;C:\Program Files\Git\cmd;C:\Program Files\dotnet\;C:\Program Files\Microsoft SQL Server\130\Tools\Binn\;C:\Program Files (x86)\Microsoft SQL Server\Client SDK\ODBC\130\Tools\Binn\;C:\Program Files (x86)\Microsoft SQL Server\140\Tools\Binn\ManagementStudio\;C:\Program Files (x86)\Microsoft SQL Server\90\Tools\binn\;C:\Program Files (x86)\dotnet\;C:\Users\Administrator\AppData\Local\Microsoft\WindowsApps;C:\Users\Administrator\.dotnet\tools;C:\Users\Administrator\AppData\Local\GitHubDesktop\bin
USERNAME=Administrator
OS=Windows_NT
PROCESSOR_IDENTIFIER=Intel64 Family 6 Model 94 Stepping 3, GenuineIntel



---------------  S Y S T E M  ---------------

OS: Windows 10.0 , 64 bit Build 19041 (10.0.19041.1202)

CPU:total 8 (initial active 8) (4 cores per cpu, 2 threads per core) family 6 model 94 stepping 3, cmov, cx8, fxsr, mmx, sse, sse2, sse3, ssse3, sse4.1, sse4.2, popcnt, avx, avx2, aes, clmul, erms, rtm, 3dnowpref, lzcnt, ht, tsc, tscinvbit, bmi1, bmi2, adx

Memory: 4k page, physical 16654136k(1504148k free), swap 16654136k(4144k free)

vm_info: Java HotSpot(TM) 64-Bit Server VM (25.202-b08) for windows-amd64 JRE (1.8.0_202-b08), built on Dec 15 2018 19:54:30 by "java_re" with MS VC++ 10.0 (VS2010)

time: Thu Nov 04 10:05:10 2021
timezone: SE Asia Standard Time
elapsed time: 0 seconds (0d 0h 0m 0s)

