#
# There is insufficient memory for the Java Runtime Environment to continue.
# Native memory allocation (malloc) failed to allocate 1110576 bytes for Chunk::new
# Possible reasons:
#   The system is out of physical RAM or swap space
#   The process is running with CompressedOops enabled, and the Java Heap may be blocking the growth of the native heap
# Possible solutions:
#   Reduce memory load on the system
#   Increase physical memory or swap space
#   Check if swap backing store is full
#   Decrease Java heap size (-Xmx/-Xms)
#   Decrease number of Java threads
#   Decrease Java thread stack sizes (-Xss)
#   Set larger code cache with -XX:ReservedCodeCacheSize=
#   JVM is running with Unscaled Compressed Oops mode in which the Java heap is
#     placed in the first 4GB address space. The Java Heap base address is the
#     maximum limit for the native heap growth. Please use -XX:HeapBaseMinAddress
#     to set the Java Heap base and to place the Java Heap above 4GB virtual address.
# This output file may be truncated or incomplete.
#
#  Out of Memory Error (allocation.cpp:389), pid=14684, tid=0x0000000000003798
#
# JRE version: OpenJDK Runtime Environment (8.0) (build 1.8.0-25-microsoft-b00)
# Java VM: OpenJDK 64-Bit Server VM (25.71-b00 mixed mode windows-amd64 compressed oops)
# Failed to write core dump. Minidumps are not enabled by default on client versions of Windows
#

---------------  T H R E A D  ---------------

Current thread (0x0000000017b83800):  JavaThread "C2 CompilerThread2" daemon [_thread_in_native, id=14232, stack(0x0000000018650000,0x0000000018750000)]

Stack: [0x0000000018650000,0x0000000018750000]
[error occurred during error reporting (printing stack bounds), id 0xc0000005]

Native frames: (J=compiled Java code, j=interpreted, Vv=VM code, C=native code)


Current CompileTask:
C2:   6656 5472       4       com.android.tools.r8.ir.optimize.l::a (704 bytes)


---------------  P R O C E S S  ---------------

Java Threads: ( => current thread )
  0x000000001939a800 JavaThread "ForkJoinPool-1-worker-0" daemon [_thread_blocked, id=21912, stack(0x000000001a520000,0x000000001a620000)]
  0x000000001939a000 JavaThread "ForkJoinPool-1-worker-3" daemon [_thread_in_Java, id=1060, stack(0x000000001a420000,0x000000001a520000)]
  0x0000000019399800 JavaThread "ForkJoinPool-1-worker-2" daemon [_thread_blocked, id=18100, stack(0x000000001a320000,0x000000001a420000)]
  0x00000000193a8800 JavaThread "ForkJoinPool-1-worker-1" daemon [_thread_blocked, id=1244, stack(0x000000001a220000,0x000000001a320000)]
  0x0000000017ba8000 JavaThread "Service Thread" daemon [_thread_blocked, id=7896, stack(0x0000000018850000,0x0000000018950000)]
  0x0000000017b8f000 JavaThread "C1 CompilerThread3" daemon [_thread_blocked, id=17888, stack(0x0000000018750000,0x0000000018850000)]
=>0x0000000017b83800 JavaThread "C2 CompilerThread2" daemon [_thread_in_native, id=14232, stack(0x0000000018650000,0x0000000018750000)]
  0x0000000017b80800 JavaThread "C2 CompilerThread1" daemon [_thread_in_native, id=11480, stack(0x0000000018550000,0x0000000018650000)]
  0x0000000017b7b000 JavaThread "C2 CompilerThread0" daemon [_thread_in_native, id=15008, stack(0x0000000018450000,0x0000000018550000)]
  0x0000000017b7a000 JavaThread "Attach Listener" daemon [_thread_blocked, id=2624, stack(0x0000000018350000,0x0000000018450000)]
  0x0000000017b79000 JavaThread "Signal Dispatcher" daemon [_thread_blocked, id=10152, stack(0x0000000018250000,0x0000000018350000)]
  0x0000000017b70800 JavaThread "Finalizer" daemon [_thread_blocked, id=21764, stack(0x0000000018050000,0x0000000018150000)]
  0x0000000015d8c000 JavaThread "Reference Handler" daemon [_thread_blocked, id=18672, stack(0x0000000017f50000,0x0000000018050000)]
  0x0000000003173800 JavaThread "main" [_thread_blocked, id=19472, stack(0x0000000003020000,0x0000000003120000)]

Other Threads:
  0x0000000015d88000 VMThread [stack: 0x0000000017a50000,0x0000000017b50000] [id=16112]
  0x0000000017ba9000 WatcherThread [stack: 0x0000000018950000,0x0000000018a50000] [id=15180]

VM state:not at safepoint (normal execution)

VM Mutex/Monitor currently owned by a thread: None

heap address: 0x00000000c0000000, size: 1024 MB, Compressed Oops mode: 32-bit
Narrow klass base: 0x0000000000000000, Narrow klass shift: 3
Compressed class space size: 1073741824 Address: 0x0000000100000000

Heap:
 PSYoungGen      total 191488K, used 125510K [0x00000000eab00000, 0x00000000f7d80000, 0x0000000100000000)
  eden space 170496K, 71% used [0x00000000eab00000,0x00000000f22d46f0,0x00000000f5180000)
  from space 20992K, 13% used [0x00000000f6900000,0x00000000f6bbd408,0x00000000f7d80000)
  to   space 22528K, 0% used [0x00000000f5180000,0x00000000f5180000,0x00000000f6780000)
 ParOldGen       total 175104K, used 119948K [0x00000000c0000000, 0x00000000cab00000, 0x00000000eab00000)
  object space 175104K, 68% used [0x00000000c0000000,0x00000000c75233b8,0x00000000cab00000)
 Metaspace       used 19067K, capacity 20822K, committed 20992K, reserved 1067008K
  class space    used 2341K, capacity 2709K, committed 2816K, reserved 1048576K

Card table byte_map: [0x0000000012630000,0x0000000012840000] byte_map_base: 0x0000000012030000

Marking Bits: (ParMarkBitMap*) 0x00000000682c8f30
 Begin Bits: [0x00000000131a0000, 0x00000000141a0000)
 End Bits:   [0x00000000141a0000, 0x00000000151a0000)

Polling page: 0x00000000016a0000

CodeCache: size=245760Kb used=18654Kb max_used=18654Kb free=227105Kb
 bounds [0x0000000003270000, 0x00000000044c0000, 0x0000000012270000]
 total_blobs=5866 nmethods=5505 adapters=273
 compilation: enabled

Compilation events (10 events):
Event: 6.648 Thread 0x0000000017b8f000 6632       1       com.android.tools.r8.code.p0::o (4 bytes)
Event: 6.648 Thread 0x0000000017b8f000 nmethod 6632 0x00000000044b5610 code [0x00000000044b5760, 0x00000000044b5870]
Event: 6.648 Thread 0x0000000017b8f000 6633       1       com.android.tools.r8.code.J3::o (4 bytes)
Event: 6.648 Thread 0x0000000017b8f000 nmethod 6633 0x00000000044b58d0 code [0x00000000044b5a20, 0x00000000044b5b30]
Event: 6.651 Thread 0x0000000017b8f000 6634       1       com.android.tools.r8.code.I3::o (4 bytes)
Event: 6.651 Thread 0x0000000017b8f000 nmethod 6634 0x00000000044b5b90 code [0x00000000044b5ce0, 0x00000000044b5df0]
Event: 6.653 Thread 0x0000000017b8f000 6635       1       com.android.tools.r8.code.s1::o (3 bytes)
Event: 6.653 Thread 0x0000000017b8f000 nmethod 6635 0x00000000044b5e50 code [0x00000000044b5fa0, 0x00000000044b60b0]
Event: 6.653 Thread 0x0000000017b8f000 6636       1       com.android.tools.r8.code.W1::o (3 bytes)
Event: 6.653 Thread 0x0000000017b8f000 nmethod 6636 0x00000000044b6110 code [0x00000000044b6260, 0x00000000044b6370]

GC Heap History (10 events):
Event: 5.015 GC heap before
{Heap before GC invocations=28 (full 0):
 PSYoungGen      total 193024K, used 172768K [0x00000000eab00000, 0x00000000f7d80000, 0x0000000100000000)
  eden space 170496K, 100% used [0x00000000eab00000,0x00000000f5180000,0x00000000f5180000)
  from space 22528K, 10% used [0x00000000f5180000,0x00000000f53b8000,0x00000000f6780000)
  to   space 20992K, 0% used [0x00000000f6900000,0x00000000f6900000,0x00000000f7d80000)
 ParOldGen       total 175104K, used 110964K [0x00000000c0000000, 0x00000000cab00000, 0x00000000eab00000)
  object space 175104K, 63% used [0x00000000c0000000,0x00000000c6c5d320,0x00000000cab00000)
 Metaspace       used 17589K, capacity 18932K, committed 19200K, reserved 1067008K
  class space    used 2174K, capacity 2490K, committed 2560K, reserved 1048576K
Event: 5.019 GC heap after
Heap after GC invocations=28 (full 0):
 PSYoungGen      total 191488K, used 2240K [0x00000000eab00000, 0x00000000f7d80000, 0x0000000100000000)
  eden space 170496K, 0% used [0x00000000eab00000,0x00000000eab00000,0x00000000f5180000)
  from space 20992K, 10% used [0x00000000f6900000,0x00000000f6b30000,0x00000000f7d80000)
  to   space 22528K, 0% used [0x00000000f5180000,0x00000000f5180000,0x00000000f6780000)
 ParOldGen       total 175104K, used 112612K [0x00000000c0000000, 0x00000000cab00000, 0x00000000eab00000)
  object space 175104K, 64% used [0x00000000c0000000,0x00000000c6df9020,0x00000000cab00000)
 Metaspace       used 17589K, capacity 18932K, committed 19200K, reserved 1067008K
  class space    used 2174K, capacity 2490K, committed 2560K, reserved 1048576K
}
Event: 5.161 GC heap before
{Heap before GC invocations=29 (full 0):
 PSYoungGen      total 191488K, used 172736K [0x00000000eab00000, 0x00000000f7d80000, 0x0000000100000000)
  eden space 170496K, 100% used [0x00000000eab00000,0x00000000f5180000,0x00000000f5180000)
  from space 20992K, 10% used [0x00000000f6900000,0x00000000f6b30000,0x00000000f7d80000)
  to   space 22528K, 0% used [0x00000000f5180000,0x00000000f5180000,0x00000000f6780000)
 ParOldGen       total 175104K, used 112612K [0x00000000c0000000, 0x00000000cab00000, 0x00000000eab00000)
  object space 175104K, 64% used [0x00000000c0000000,0x00000000c6df9020,0x00000000cab00000)
 Metaspace       used 17603K, capacity 18996K, committed 19200K, reserved 1067008K
  class space    used 2174K, capacity 2490K, committed 2560K, reserved 1048576K
Event: 5.166 GC heap after
Heap after GC invocations=29 (full 0):
 PSYoungGen      total 193024K, used 2240K [0x00000000eab00000, 0x00000000f7d80000, 0x0000000100000000)
  eden space 170496K, 0% used [0x00000000eab00000,0x00000000eab00000,0x00000000f5180000)
  from space 22528K, 9% used [0x00000000f5180000,0x00000000f53b0000,0x00000000f6780000)
  to   space 20992K, 0% used [0x00000000f6900000,0x00000000f6900000,0x00000000f7d80000)
 ParOldGen       total 175104K, used 114404K [0x00000000c0000000, 0x00000000cab00000, 0x00000000eab00000)
  object space 175104K, 65% used [0x00000000c0000000,0x00000000c6fb9020,0x00000000cab00000)
 Metaspace       used 17603K, capacity 18996K, committed 19200K, reserved 1067008K
  class space    used 2174K, capacity 2490K, committed 2560K, reserved 1048576K
}
Event: 5.313 GC heap before
{Heap before GC invocations=30 (full 0):
 PSYoungGen      total 193024K, used 172736K [0x00000000eab00000, 0x00000000f7d80000, 0x0000000100000000)
  eden space 170496K, 100% used [0x00000000eab00000,0x00000000f5180000,0x00000000f5180000)
  from space 22528K, 9% used [0x00000000f5180000,0x00000000f53b0000,0x00000000f6780000)
  to   space 20992K, 0% used [0x00000000f6900000,0x00000000f6900000,0x00000000f7d80000)
 ParOldGen       total 175104K, used 114404K [0x00000000c0000000, 0x00000000cab00000, 0x00000000eab00000)
  object space 175104K, 65% used [0x00000000c0000000,0x00000000c6fb9020,0x00000000cab00000)
 Metaspace       used 17607K, capacity 18996K, committed 19200K, reserved 1067008K
  class space    used 2174K, capacity 2490K, committed 2560K, reserved 1048576K
Event: 5.321 GC heap after
Heap after GC invocations=30 (full 0):
 PSYoungGen      total 191488K, used 2240K [0x00000000eab00000, 0x00000000f7d80000, 0x0000000100000000)
  eden space 170496K, 0% used [0x00000000eab00000,0x00000000eab00000,0x00000000f5180000)
  from space 20992K, 10% used [0x00000000f6900000,0x00000000f6b30000,0x00000000f7d80000)
  to   space 22528K, 0% used [0x00000000f5180000,0x00000000f5180000,0x00000000f6780000)
 ParOldGen       total 175104K, used 116216K [0x00000000c0000000, 0x00000000cab00000, 0x00000000eab00000)
  object space 175104K, 66% used [0x00000000c0000000,0x00000000c717e378,0x00000000cab00000)
 Metaspace       used 17607K, capacity 18996K, committed 19200K, reserved 1067008K
  class space    used 2174K, capacity 2490K, committed 2560K, reserved 1048576K
}
Event: 5.492 GC heap before
{Heap before GC invocations=31 (full 0):
 PSYoungGen      total 191488K, used 172736K [0x00000000eab00000, 0x00000000f7d80000, 0x0000000100000000)
  eden space 170496K, 100% used [0x00000000eab00000,0x00000000f5180000,0x00000000f5180000)
  from space 20992K, 10% used [0x00000000f6900000,0x00000000f6b30000,0x00000000f7d80000)
  to   space 22528K, 0% used [0x00000000f5180000,0x00000000f5180000,0x00000000f6780000)
 ParOldGen       total 175104K, used 116216K [0x00000000c0000000, 0x00000000cab00000, 0x00000000eab00000)
  object space 175104K, 66% used [0x00000000c0000000,0x00000000c717e378,0x00000000cab00000)
 Metaspace       used 17609K, capacity 18996K, committed 19200K, reserved 1067008K
  class space    used 2174K, capacity 2490K, committed 2560K, reserved 1048576K
Event: 5.498 GC heap after
Heap after GC invocations=31 (full 0):
 PSYoungGen      total 193024K, used 2304K [0x00000000eab00000, 0x00000000f7d80000, 0x0000000100000000)
  eden space 170496K, 0% used [0x00000000eab00000,0x00000000eab00000,0x00000000f5180000)
  from space 22528K, 10% used [0x00000000f5180000,0x00000000f53c0000,0x00000000f6780000)
  to   space 20992K, 0% used [0x00000000f6900000,0x00000000f6900000,0x00000000f7d80000)
 ParOldGen       total 175104K, used 118100K [0x00000000c0000000, 0x00000000cab00000, 0x00000000eab00000)
  object space 175104K, 67% used [0x00000000c0000000,0x00000000c7355398,0x00000000cab00000)
 Metaspace       used 17609K, capacity 18996K, committed 19200K, reserved 1067008K
  class space    used 2174K, capacity 2490K, committed 2560K, reserved 1048576K
}
Event: 5.723 GC heap before
{Heap before GC invocations=32 (full 0):
 PSYoungGen      total 193024K, used 172720K [0x00000000eab00000, 0x00000000f7d80000, 0x0000000100000000)
  eden space 170496K, 99% used [0x00000000eab00000,0x00000000f516c378,0x00000000f5180000)
  from space 22528K, 10% used [0x00000000f5180000,0x00000000f53c0000,0x00000000f6780000)
  to   space 20992K, 0% used [0x00000000f6900000,0x00000000f6900000,0x00000000f7d80000)
 ParOldGen       total 175104K, used 118100K [0x00000000c0000000, 0x00000000cab00000, 0x00000000eab00000)
  object space 175104K, 67% used [0x00000000c0000000,0x00000000c7355398,0x00000000cab00000)
 Metaspace       used 17843K, capacity 19374K, committed 19456K, reserved 1067008K
  class space    used 2221K, capacity 2555K, committed 2560K, reserved 1048576K
Event: 5.729 GC heap after
Heap after GC invocations=32 (full 0):
 PSYoungGen      total 191488K, used 2805K [0x00000000eab00000, 0x00000000f7d80000, 0x0000000100000000)
  eden space 170496K, 0% used [0x00000000eab00000,0x00000000eab00000,0x00000000f5180000)
  from space 20992K, 13% used [0x00000000f6900000,0x00000000f6bbd408,0x00000000f7d80000)
  to   space 22528K, 0% used [0x00000000f5180000,0x00000000f5180000,0x00000000f6780000)
 ParOldGen       total 175104K, used 119948K [0x00000000c0000000, 0x00000000cab00000, 0x00000000eab00000)
  object space 175104K, 68% used [0x00000000c0000000,0x00000000c75233b8,0x00000000cab00000)
 Metaspace       used 17843K, capacity 19374K, committed 19456K, reserved 1067008K
  class space    used 2221K, capacity 2555K, committed 2560K, reserved 1048576K
}

Deoptimization events (10 events):
Event: 5.741 Thread 0x0000000003173800 Uncommon trap: reason=unstable_if action=reinterpret pc=0x000000000359ba18 method=java.util.HashMap.tableSizeFor(I)I @ 37
Event: 5.741 Thread 0x0000000003173800 Uncommon trap: reason=unstable_if action=reinterpret pc=0x000000000359aee8 method=java.util.HashMap.tableSizeFor(I)I @ 37
Event: 6.043 Thread 0x0000000003173800 Uncommon trap: reason=class_check action=maybe_recompile pc=0x0000000003afff14 method=com.android.tools.r8.graph.Y.a([Lcom/android/tools/r8/graph/Y;Ljava/util/function/Consumer;)V @ 27
Event: 6.043 Thread 0x0000000003173800 Uncommon trap: reason=class_check action=maybe_recompile pc=0x0000000003afff14 method=com.android.tools.r8.graph.Y.a([Lcom/android/tools/r8/graph/Y;Ljava/util/function/Consumer;)V @ 27
Event: 6.043 Thread 0x0000000003173800 Uncommon trap: reason=class_check action=maybe_recompile pc=0x0000000003afff14 method=com.android.tools.r8.graph.Y.a([Lcom/android/tools/r8/graph/Y;Ljava/util/function/Consumer;)V @ 27
Event: 6.043 Thread 0x0000000003173800 Uncommon trap: reason=class_check action=maybe_recompile pc=0x0000000003afff14 method=com.android.tools.r8.graph.Y.a([Lcom/android/tools/r8/graph/Y;Ljava/util/function/Consumer;)V @ 27
Event: 6.071 Thread 0x000000001939a000 Uncommon trap: reason=unstable_if action=reinterpret pc=0x0000000003a89a0c method=com.android.tools.r8.t.a.a.a.h.Z0.a(Ljava/lang/Object;)I @ 52
Event: 6.298 Thread 0x000000001939a000 Uncommon trap: reason=unstable_if action=reinterpret pc=0x00000000037dcd38 method=java.util.Arrays.equals([Ljava/lang/Object;[Ljava/lang/Object;)Z @ 23
Event: 6.322 Thread 0x000000001939a000 Uncommon trap: reason=null_check action=make_not_entrant pc=0x00000000037986cc method=com.android.tools.r8.graph.i0.computeEquals(Ljava/lang/Object;)Z @ 1
Event: 6.364 Thread 0x000000001939a000 Uncommon trap: reason=unstable_if action=reinterpret pc=0x000000000375de50 method=java.util.Arrays.equals([Ljava/lang/Object;[Ljava/lang/Object;)Z @ 47

Classes redefined (0 events):
No events

Internal exceptions (10 events):
Event: 1.040 Thread 0x0000000019399800 Exception <a 'java/lang/NoSuchMethodError': java.lang.Object.b(Lcom/android/tools/r8/graph/p1$b;)Lcom/android/tools/r8/graph/p1$b;> (0x00000000ef654fa8) thrown at [D:\j\worksp~1\openjd~3\jdk8u\hotspot\src\share\vm\interpreter\linkResolver.cpp, line 620]
Event: 1.058 Thread 0x000000001939a000 Exception <a 'java/lang/NoSuchMethodError': java.lang.Object.lambda$comparingInt$7b0bb60$1(Ljava/util/function/ToIntFunction;Ljava/lang/Object;Ljava/lang/Object;)I> (0x00000000efadd3e8) thrown at [D:\j\worksp~1\openjd~3\jdk8u\hotspot\src\share\vm\interpre
Event: 1.058 Thread 0x00000000193a8800 Exception <a 'java/lang/NoSuchMethodError': java.lang.Object.lambda$comparingInt$7b0bb60$1(Ljava/util/function/ToIntFunction;Ljava/lang/Object;Ljava/lang/Object;)I> (0x00000000ef9ef870) thrown at [D:\j\worksp~1\openjd~3\jdk8u\hotspot\src\share\vm\interpre
Event: 1.059 Thread 0x00000000193a8800 Exception <a 'java/lang/NoSuchMethodError': java.lang.Object.lambda$maxBy$1(Ljava/util/Comparator;Ljava/lang/Object;Ljava/lang/Object;)Ljava/lang/Object;> (0x00000000ef9fb588) thrown at [D:\j\worksp~1\openjd~3\jdk8u\hotspot\src\share\vm\interpreter\linkRe
Event: 1.060 Thread 0x000000001939a000 Exception <a 'java/lang/NoSuchMethodError': java.lang.Object.lambda$maxBy$1(Ljava/util/Comparator;Ljava/lang/Object;Ljava/lang/Object;)Ljava/lang/Object;> (0x00000000efae8b20) thrown at [D:\j\worksp~1\openjd~3\jdk8u\hotspot\src\share\vm\interpreter\linkRe
Event: 1.059 Thread 0x0000000019399800 Exception <a 'java/lang/NoSuchMethodError': java.lang.Object.lambda$maxBy$1(Ljava/util/Comparator;Ljava/lang/Object;Ljava/lang/Object;)Ljava/lang/Object;> (0x00000000efa5ee20) thrown at [D:\j\worksp~1\openjd~3\jdk8u\hotspot\src\share\vm\interpreter\linkRe
Event: 1.059 Thread 0x000000001939a800 Exception <a 'java/lang/NoSuchMethodError': java.lang.Object.lambda$maxBy$1(Ljava/util/Comparator;Ljava/lang/Object;Ljava/lang/Object;)Ljava/lang/Object;> (0x00000000ef9382f8) thrown at [D:\j\worksp~1\openjd~3\jdk8u\hotspot\src\share\vm\interpreter\linkRe
Event: 5.801 Thread 0x0000000003173800 Exception <a 'java/lang/NoSuchMethodError': java.lang.Object.lambda$comparing$77a9974f$1(Ljava/util/function/Function;Ljava/lang/Object;Ljava/lang/Object;)I> (0x00000000eae319f8) thrown at [D:\j\worksp~1\openjd~3\jdk8u\hotspot\src\share\vm\interpreter\lin
Event: 6.322 Thread 0x000000001939a000 Implicit null exception at 0x000000000379854f to 0x00000000037986bd
Event: 6.364 Thread 0x000000001939a000 Implicit null exception at 0x000000000375dbd6 to 0x000000000375de29

Events (10 events):
Event: 6.563 loading class com/android/tools/r8/graph/G
Event: 6.563 loading class com/android/tools/r8/graph/G done
Event: 6.563 loading class com/android/tools/r8/dex/r
Event: 6.563 loading class com/android/tools/r8/dex/r done
Event: 6.563 loading class java/nio/ByteBufferAsShortBufferL
Event: 6.563 loading class java/nio/ShortBuffer
Event: 6.563 loading class java/nio/ShortBuffer done
Event: 6.563 loading class java/nio/ByteBufferAsShortBufferL done
Event: 6.579 Thread 0x000000001939a000 DEOPT PACKING pc=0x0000000004484c99 sp=0x000000001a51e4d0
Event: 6.579 Thread 0x000000001939a000 DEOPT UNPACKING pc=0x00000000032b75d0 sp=0x000000001a51e228 mode 0


Dynamic libraries:
0x00007ff67c3d0000 - 0x00007ff67c405000 	C:\Program Files\Android\Jdk\microsoft_dist_openjdk_1.8.0.25\bin\java.exe
0x00007ffb4be90000 - 0x00007ffb4c085000 	C:\WINDOWS\SYSTEM32\ntdll.dll
0x00007ffb4a260000 - 0x00007ffb4a31d000 	C:\WINDOWS\System32\KERNEL32.DLL
0x00007ffb49690000 - 0x00007ffb49959000 	C:\WINDOWS\System32\KERNELBASE.dll
0x00007ffb4bd30000 - 0x00007ffb4bddc000 	C:\WINDOWS\System32\ADVAPI32.dll
0x00007ffb4bb00000 - 0x00007ffb4bb9e000 	C:\WINDOWS\System32\msvcrt.dll
0x00007ffb4a140000 - 0x00007ffb4a1db000 	C:\WINDOWS\System32\sechost.dll
0x00007ffb49ef0000 - 0x00007ffb4a01a000 	C:\WINDOWS\System32\RPCRT4.dll
0x00007ffb4b3b0000 - 0x00007ffb4b550000 	C:\WINDOWS\System32\USER32.dll
0x00007ffb49a10000 - 0x00007ffb49a32000 	C:\WINDOWS\System32\win32u.dll
0x00007ffb4a100000 - 0x00007ffb4a12a000 	C:\WINDOWS\System32\GDI32.dll
0x00007ffb49ce0000 - 0x00007ffb49deb000 	C:\WINDOWS\System32\gdi32full.dll
0x00007ffb495f0000 - 0x00007ffb4968d000 	C:\WINDOWS\System32\msvcp_win.dll
0x00007ffb49df0000 - 0x00007ffb49ef0000 	C:\WINDOWS\System32\ucrtbase.dll
0x00007ffb2bf50000 - 0x00007ffb2c1ea000 	C:\WINDOWS\WinSxS\amd64_microsoft.windows.common-controls_6595b64144ccf1df_6.0.19041.1110_none_60b5254171f9507e\COMCTL32.dll
0x00007ffb4ad40000 - 0x00007ffb4ad70000 	C:\WINDOWS\System32\IMM32.DLL
0x0000000068350000 - 0x0000000068421000 	C:\Program Files\Android\Jdk\microsoft_dist_openjdk_1.8.0.25\jre\bin\msvcr100.dll
0x0000000067b00000 - 0x0000000068345000 	C:\Program Files\Android\Jdk\microsoft_dist_openjdk_1.8.0.25\jre\bin\server\jvm.dll
0x00007ffb4bde0000 - 0x00007ffb4bde8000 	C:\WINDOWS\System32\PSAPI.DLL
0x00007ffb36c90000 - 0x00007ffb36c99000 	C:\WINDOWS\SYSTEM32\WSOCK32.dll
0x00007ffb4bcc0000 - 0x00007ffb4bd2b000 	C:\WINDOWS\System32\WS2_32.dll
0x00007ffb2c840000 - 0x00007ffb2c867000 	C:\WINDOWS\SYSTEM32\WINMM.dll
0x00007ffb438f0000 - 0x00007ffb438fa000 	C:\WINDOWS\SYSTEM32\VERSION.dll
0x00007ffb38b10000 - 0x00007ffb38b1f000 	C:\Program Files\Android\Jdk\microsoft_dist_openjdk_1.8.0.25\jre\bin\verify.dll
0x00007ffb1ee70000 - 0x00007ffb1ee99000 	C:\Program Files\Android\Jdk\microsoft_dist_openjdk_1.8.0.25\jre\bin\java.dll
0x00007ffb17380000 - 0x00007ffb17396000 	C:\Program Files\Android\Jdk\microsoft_dist_openjdk_1.8.0.25\jre\bin\zip.dll
0x00007ffb4a600000 - 0x00007ffb4ad3f000 	C:\WINDOWS\System32\SHELL32.dll
0x00007ffb475c0000 - 0x00007ffb47d50000 	C:\WINDOWS\SYSTEM32\windows.storage.dll
0x00007ffb4b050000 - 0x00007ffb4b3a5000 	C:\WINDOWS\System32\combase.dll
0x00007ffb48fb0000 - 0x00007ffb48fdc000 	C:\WINDOWS\SYSTEM32\Wldp.dll
0x00007ffb4ae20000 - 0x00007ffb4aece000 	C:\WINDOWS\System32\SHCORE.dll
0x00007ffb4bdf0000 - 0x00007ffb4be45000 	C:\WINDOWS\System32\shlwapi.dll
0x00007ffb49500000 - 0x00007ffb4951f000 	C:\WINDOWS\SYSTEM32\profapi.dll
0x00007ffb17360000 - 0x00007ffb1737a000 	C:\Program Files\Android\jdk\microsoft_dist_openjdk_1.8.0.25\jre\bin\net.dll
0x00007ffb48cb0000 - 0x00007ffb48d1a000 	C:\WINDOWS\system32\mswsock.dll
0x00007ffb17340000 - 0x00007ffb17351000 	C:\Program Files\Android\jdk\microsoft_dist_openjdk_1.8.0.25\jre\bin\nio.dll

VM Arguments:
jvm_args: -Xmx1G 
java_command: com.android.tools.r8.D8 --debug --min-api 21 --output obj\Debug\110\android\bin\ --lib D:\Android\android-sdk-xamarin\android-sdk\platforms\android-30\android.jar obj\Debug\110\android\bin\classes.zip C:\Program Files (x86)\Microsoft Visual Studio\2019\Professional\Common7\IDE\ReferenceAssemblies\Microsoft\Framework\MonoAndroid\v11.0\mono.android.jar C:\Program Files (x86)\Microsoft Visual Studio\2019\Professional\MSBuild\Xamarin\Android\java_runtime_fastdev.jar C:\Program Files (x86)\Microsoft\Xamarin\NuGet\xamarin.androidx.annotation\1.1.0.8\buildTransitive\monoandroid90\..\..\jar\androidx.annotation.annotation.jar C:\Users\Administrator\.nuget\packages\xamarin.androidx.collection\1.1.0.6\buildTransitive\monoandroid90\..\..\jar\androidx.collection.collection.jar C:\Users\Administrator\.nuget\packages\xamarin.androidx.lifecycle.common\2.2.0.4\buildTransitive\monoandroid90\..\..\jar\androidx.lifecycle.lifecycle-common.jar C:\Users\Administrator\.nuget\packages\xamarin.androidx.arch.core.common\2.1.0.7\buildTransitive\monoandroid90\..\..\jar\androidx.arch.core.core-common.jar obj\Debug\110\androidx\jl\48382fd6-9fd7-45de-81b7-6f29b59e7d0e.jar obj\Debug\110\lp\1\jl\formsviewgroup.jar obj\Debug\110\lp\100\jl\classes.jar obj\Debug\110\lp\101\jl\classes.jar obj\Debug\110\lp\103\jl\classes.jar obj\Debug\110\lp\104\jl\classes.jar obj\Debug\110\lp\65\jl\classes.jar obj\Debug\110\lp\66\jl\classes.jar obj\Debug\110\lp\67\jl\classes.jar obj\Debug\110\lp\68\jl\classes.jar obj\Debug\110\lp\69\jl\classes.jar obj\Debug\110\lp\70\jl\classes.jar obj\Debug\110\lp\71\jl\classes.jar obj\Debug\110\lp\72\jl\classes.jar obj\Debug\110\lp\73\jl\classes.jar obj\Debug\110\lp\74\jl\classes.jar obj\Debug\110\lp\75\jl\classes.jar obj\Debug\110\lp\76\jl\classes.jar obj\Debug\110\lp\77\jl\classes.jar obj\Debug\110\lp\78\jl\classes.jar obj\Debug\110\lp\79\jl\classes.jar obj\Debug\110\lp\80\jl\classes.jar obj\Debug\110\lp\81\jl\classes.jar obj\Debug\110\lp\82\jl\classes.jar obj\Debug\
java_class_path (initial): C:\Program Files (x86)\Microsoft Visual Studio\2019\Professional\MSBuild\Xamarin\Android\r8.jar
Launcher Type: SUN_STANDARD

Environment Variables:
PATH=C:\Program Files\Android\Jdk\microsoft_dist_openjdk_1.8.0.25\bin;C:\Program Files\Microsoft MPI\Bin\;C:\Oracle\11.2.0\client_1;C:\Program Files (x86)\Eziriz\.NET Reactor;C:\ProgramData\Oracle\Java\javapath;D:\app\Hung\product\11.2.0\client_2\bin;D:\app\Hung\product\11.2.0\client_1;C:\Program Files (x86)\Common Files\Oracle\Java\javapath;C:\WINDOWS\system32;C:\WINDOWS;C:\WINDOWS\System32\Wbem;C:\WINDOWS\System32\WindowsPowerShell\v1.0\;C:\WINDOWS\System32\OpenSSH\;C:\Program Files (x86)\Microsoft SQL Server\140\Tools\Binn\;C:\Program Files\Microsoft SQL Server\140\Tools\Binn\;C:\Program Files (x86)\Microsoft SQL Server\140\DTS\Binn\;C:\Program Files\Microsoft SQL Server\140\DTS\Binn\;C:\Program Files\Microsoft SQL Server\Client SDK\ODBC\130\Tools\Binn\;C:\Program Files\Git\cmd;C:\Program Files\dotnet\;C:\Program Files\Microsoft SQL Server\130\Tools\Binn\;C:\Program Files (x86)\Microsoft SQL Server\Client SDK\ODBC\130\Tools\Binn\;C:\Program Files (x86)\Microsoft SQL Server\140\Tools\Binn\ManagementStudio\;C:\Program Files (x86)\Microsoft SQL Server\90\Tools\binn\;C:\Users\Administrator\AppData\Local\Microsoft\WindowsApps;C:\Users\Administrator\.dotnet\tools;C:\Users\Administrator\AppData\Local\GitHubDesktop\bin
USERNAME=Administrator
OS=Windows_NT
PROCESSOR_IDENTIFIER=Intel64 Family 6 Model 94 Stepping 3, GenuineIntel



---------------  S Y S T E M  ---------------

OS: Windows 10.0 , 64 bit Build 19041 (10.0.19041.1151)

CPU:total 8 (initial active 8) (4 cores per cpu, 2 threads per core) family 6 model 94 stepping 3, cmov, cx8, fxsr, mmx, sse, sse2, sse3, ssse3, sse4.1, sse4.2, popcnt, avx, avx2, aes, clmul, erms, rtm, 3dnowpref, lzcnt, ht, tsc, tscinvbit, bmi1, bmi2, adx

Memory: 4k page, physical 16654136k(3196288k free), swap 16654136k(5620k free)

vm_info: OpenJDK 64-Bit Server VM (25.71-b00) for windows-amd64 JRE (1.8.0-25-microsoft-b00), built on Feb  7 2019 20:09:14 by "builder" with MS VC++ 10.0 (VS2010)

time: Thu Sep 16 16:46:00 2021
timezone: SE Asia Standard Time
elapsed time: 6 seconds (0d 0h 0m 6s)

