#
# There is insufficient memory for the Java Runtime Environment to continue.
# Native memory allocation (malloc) failed to allocate 1001616 bytes for Chunk::new
# Possible reasons:
#   The system is out of physical RAM or swap space
#   The process is running with CompressedOops enabled, and the Java Heap may be blocking the growth of the native heap
# Possible solutions:
#   Reduce memory load on the system
#   Increase physical memory or swap space
#   Check if swap backing store is full
#   Decrease Java heap size (-Xmx/-Xms)
#   Decrease number of Java threads
#   Decrease Java thread stack sizes (-Xss)
#   Set larger code cache with -XX:ReservedCodeCacheSize=
#   JVM is running with Unscaled Compressed Oops mode in which the Java heap is
#     placed in the first 4GB address space. The Java Heap base address is the
#     maximum limit for the native heap growth. Please use -XX:HeapBaseMinAddress
#     to set the Java Heap base and to place the Java Heap above 4GB virtual address.
# This output file may be truncated or incomplete.
#
#  Out of Memory Error (allocation.cpp:389), pid=5924, tid=0x0000000000003a54
#
# JRE version: OpenJDK Runtime Environment (8.0) (build 1.8.0-25-microsoft-b00)
# Java VM: OpenJDK 64-Bit Server VM (25.71-b00 mixed mode windows-amd64 compressed oops)
# Failed to write core dump. Minidumps are not enabled by default on client versions of Windows
#

---------------  T H R E A D  ---------------

Current thread (0x0000000017bbc800):  JavaThread "C2 CompilerThread1" daemon [_thread_in_native, id=14932, stack(0x0000000018590000,0x0000000018690000)]

Stack: [0x0000000018590000,0x0000000018690000]
[error occurred during error reporting (printing stack bounds), id 0xc0000005]

Native frames: (J=compiled Java code, j=interpreted, Vv=VM code, C=native code)


Current CompileTask:
C2:    893 1352       4       com.android.tools.r8.z.a.a.f::a (3630 bytes)


---------------  P R O C E S S  ---------------

Java Threads: ( => current thread )
  0x0000000019133800 JavaThread "ForkJoinPool-1-worker-0" daemon [_thread_blocked, id=20104, stack(0x0000000019590000,0x0000000019690000)]
  0x0000000019132800 JavaThread "ForkJoinPool-1-worker-3" daemon [_thread_blocked, id=24448, stack(0x0000000019490000,0x0000000019590000)]
  0x0000000019132000 JavaThread "ForkJoinPool-1-worker-2" daemon [_thread_blocked, id=19840, stack(0x0000000019390000,0x0000000019490000)]
  0x000000001912c800 JavaThread "ForkJoinPool-1-worker-1" daemon [_thread_blocked, id=20840, stack(0x0000000019290000,0x0000000019390000)]
  0x0000000017c5d800 JavaThread "Service Thread" daemon [_thread_blocked, id=25148, stack(0x0000000018890000,0x0000000018990000)]
  0x0000000017bc8800 JavaThread "C1 CompilerThread3" daemon [_thread_in_vm, id=12724, stack(0x0000000018790000,0x0000000018890000)]
  0x0000000017bc1000 JavaThread "C2 CompilerThread2" daemon [_thread_in_native, id=22824, stack(0x0000000018690000,0x0000000018790000)]
=>0x0000000017bbc800 JavaThread "C2 CompilerThread1" daemon [_thread_in_native, id=14932, stack(0x0000000018590000,0x0000000018690000)]
  0x0000000017bba800 JavaThread "C2 CompilerThread0" daemon [_thread_in_native, id=21600, stack(0x0000000018490000,0x0000000018590000)]
  0x0000000017bb9000 JavaThread "Attach Listener" daemon [_thread_blocked, id=19144, stack(0x0000000018390000,0x0000000018490000)]
  0x0000000017bb8000 JavaThread "Signal Dispatcher" daemon [_thread_blocked, id=8856, stack(0x0000000018290000,0x0000000018390000)]
  0x0000000017bb0800 JavaThread "Finalizer" daemon [_thread_blocked, id=18984, stack(0x0000000018090000,0x0000000018190000)]
  0x0000000015dac000 JavaThread "Reference Handler" daemon [_thread_blocked, id=14580, stack(0x0000000017f90000,0x0000000018090000)]
  0x0000000003193800 JavaThread "main" [_thread_in_Java, id=10488, stack(0x0000000002fc0000,0x00000000030c0000)]

Other Threads:
  0x0000000015da8000 VMThread [stack: 0x0000000017a90000,0x0000000017b90000] [id=18248]
  0x0000000017c5e000 WatcherThread [stack: 0x0000000018990000,0x0000000018a90000] [id=12908]

VM state:not at safepoint (normal execution)

VM Mutex/Monitor currently owned by a thread: None

heap address: 0x00000000c0000000, size: 1024 MB, Compressed Oops mode: 32-bit
Narrow klass base: 0x0000000000000000, Narrow klass shift: 3
Compressed class space size: 1073741824 Address: 0x0000000100000000

Heap:
 PSYoungGen      total 141824K, used 75403K [0x00000000eab00000, 0x00000000fc000000, 0x0000000100000000)
  eden space 131072K, 49% used [0x00000000eab00000,0x00000000eea27828,0x00000000f2b00000)
  from space 10752K, 99% used [0x00000000f2b00000,0x00000000f357b6f8,0x00000000f3580000)
  to   space 10752K, 0% used [0x00000000fb580000,0x00000000fb580000,0x00000000fc000000)
 ParOldGen       total 175104K, used 52662K [0x00000000c0000000, 0x00000000cab00000, 0x00000000eab00000)
  object space 175104K, 30% used [0x00000000c0000000,0x00000000c336d800,0x00000000cab00000)
 Metaspace       used 10273K, capacity 10814K, committed 11136K, reserved 1058816K
  class space    used 1204K, capacity 1329K, committed 1408K, reserved 1048576K

Card table byte_map: [0x0000000012650000,0x0000000012860000] byte_map_base: 0x0000000012050000

Marking Bits: (ParMarkBitMap*) 0x00000000682c8f30
 Begin Bits: [0x00000000131c0000, 0x00000000141c0000)
 End Bits:   [0x00000000141c0000, 0x00000000151c0000)

Polling page: 0x0000000001760000

CodeCache: size=245760Kb used=5771Kb max_used=5771Kb free=239988Kb
 bounds [0x0000000003290000, 0x0000000003840000, 0x0000000012290000]
 total_blobs=2006 nmethods=1669 adapters=250
 compilation: enabled

Compilation events (10 events):
Event: 0.877 Thread 0x0000000017bc8800 nmethod 1691 0x00000000038190d0 code [0x0000000003819600, 0x000000000381cf88]
Event: 0.881 Thread 0x0000000017bc8800 1695   !   3       java.net.URL::<init> (543 bytes)
Event: 0.882 Thread 0x0000000017bc1000 nmethod 1688 0x0000000003814a50 code [0x0000000003814c00, 0x00000000038154d8]
Event: 0.882 Thread 0x0000000017bc1000 1694       4       com.android.tools.r8.z.a.a.f::a (98 bytes)
Event: 0.883 Thread 0x0000000017bc8800 nmethod 1695 0x0000000003820810 code [0x0000000003820cc0, 0x0000000003823cd8]
Event: 0.887 Thread 0x0000000017bc8800 1696       3       java.lang.invoke.MethodHandleNatives::refKindIsMethod (19 bytes)
Event: 0.887 Thread 0x0000000017bc8800 nmethod 1696 0x0000000003814550 code [0x00000000038146c0, 0x0000000003814950]
Event: 0.887 Thread 0x0000000017bc8800 1697       3       java.lang.invoke.InnerClassLambdaMetafactory::getParameterSize (27 bytes)
Event: 0.887 Thread 0x0000000017bc8800 nmethod 1697 0x00000000038172d0 code [0x0000000003817440, 0x0000000003817670]
Event: 0.887 Thread 0x0000000017bc8800 1698       3       java.lang.invoke.TypeConvertingMethodAdapter::convertType (299 bytes)

GC Heap History (6 events):
Event: 0.376 GC heap before
{Heap before GC invocations=1 (full 0):
 PSYoungGen      total 76288K, used 65536K [0x00000000eab00000, 0x00000000f0000000, 0x0000000100000000)
  eden space 65536K, 100% used [0x00000000eab00000,0x00000000eeb00000,0x00000000eeb00000)
  from space 10752K, 0% used [0x00000000ef580000,0x00000000ef580000,0x00000000f0000000)
  to   space 10752K, 0% used [0x00000000eeb00000,0x00000000eeb00000,0x00000000ef580000)
 ParOldGen       total 175104K, used 0K [0x00000000c0000000, 0x00000000cab00000, 0x00000000eab00000)
  object space 175104K, 0% used [0x00000000c0000000,0x00000000c0000000,0x00000000cab00000)
 Metaspace       used 8134K, capacity 8346K, committed 8576K, reserved 1056768K
  class space    used 932K, capacity 1033K, committed 1152K, reserved 1048576K
Event: 0.383 GC heap after
Heap after GC invocations=1 (full 0):
 PSYoungGen      total 76288K, used 10720K [0x00000000eab00000, 0x00000000f4000000, 0x0000000100000000)
  eden space 65536K, 0% used [0x00000000eab00000,0x00000000eab00000,0x00000000eeb00000)
  from space 10752K, 99% used [0x00000000eeb00000,0x00000000ef5780f0,0x00000000ef580000)
  to   space 10752K, 0% used [0x00000000f3580000,0x00000000f3580000,0x00000000f4000000)
 ParOldGen       total 175104K, used 6172K [0x00000000c0000000, 0x00000000cab00000, 0x00000000eab00000)
  object space 175104K, 3% used [0x00000000c0000000,0x00000000c0607350,0x00000000cab00000)
 Metaspace       used 8134K, capacity 8346K, committed 8576K, reserved 1056768K
  class space    used 932K, capacity 1033K, committed 1152K, reserved 1048576K
}
Event: 0.566 GC heap before
{Heap before GC invocations=2 (full 0):
 PSYoungGen      total 76288K, used 76256K [0x00000000eab00000, 0x00000000f4000000, 0x0000000100000000)
  eden space 65536K, 100% used [0x00000000eab00000,0x00000000eeb00000,0x00000000eeb00000)
  from space 10752K, 99% used [0x00000000eeb00000,0x00000000ef5780f0,0x00000000ef580000)
  to   space 10752K, 0% used [0x00000000f3580000,0x00000000f3580000,0x00000000f4000000)
 ParOldGen       total 175104K, used 6172K [0x00000000c0000000, 0x00000000cab00000, 0x00000000eab00000)
  object space 175104K, 3% used [0x00000000c0000000,0x00000000c0607350,0x00000000cab00000)
 Metaspace       used 9303K, capacity 9740K, committed 9984K, reserved 1058816K
  class space    used 1078K, capacity 1196K, committed 1280K, reserved 1048576K
Event: 0.581 GC heap after
Heap after GC invocations=2 (full 0):
 PSYoungGen      total 141824K, used 10737K [0x00000000eab00000, 0x00000000f4000000, 0x0000000100000000)
  eden space 131072K, 0% used [0x00000000eab00000,0x00000000eab00000,0x00000000f2b00000)
  from space 10752K, 99% used [0x00000000f3580000,0x00000000f3ffc418,0x00000000f4000000)
  to   space 10752K, 0% used [0x00000000f2b00000,0x00000000f2b00000,0x00000000f3580000)
 ParOldGen       total 175104K, used 28114K [0x00000000c0000000, 0x00000000cab00000, 0x00000000eab00000)
  object space 175104K, 16% used [0x00000000c0000000,0x00000000c1b74bf8,0x00000000cab00000)
 Metaspace       used 9303K, capacity 9740K, committed 9984K, reserved 1058816K
  class space    used 1078K, capacity 1196K, committed 1280K, reserved 1048576K
}
Event: 0.803 GC heap before
{Heap before GC invocations=3 (full 0):
 PSYoungGen      total 141824K, used 141809K [0x00000000eab00000, 0x00000000f4000000, 0x0000000100000000)
  eden space 131072K, 100% used [0x00000000eab00000,0x00000000f2b00000,0x00000000f2b00000)
  from space 10752K, 99% used [0x00000000f3580000,0x00000000f3ffc418,0x00000000f4000000)
  to   space 10752K, 0% used [0x00000000f2b00000,0x00000000f2b00000,0x00000000f3580000)
 ParOldGen       total 175104K, used 28114K [0x00000000c0000000, 0x00000000cab00000, 0x00000000eab00000)
  object space 175104K, 16% used [0x00000000c0000000,0x00000000c1b74bf8,0x00000000cab00000)
 Metaspace       used 10047K, capacity 10560K, committed 10880K, reserved 1058816K
  class space    used 1176K, capacity 1292K, committed 1408K, reserved 1048576K
Event: 0.833 GC heap after
Heap after GC invocations=3 (full 0):
 PSYoungGen      total 141824K, used 10733K [0x00000000eab00000, 0x00000000fc000000, 0x0000000100000000)
  eden space 131072K, 0% used [0x00000000eab00000,0x00000000eab00000,0x00000000f2b00000)
  from space 10752K, 99% used [0x00000000f2b00000,0x00000000f357b6f8,0x00000000f3580000)
  to   space 10752K, 0% used [0x00000000fb580000,0x00000000fb580000,0x00000000fc000000)
 ParOldGen       total 175104K, used 52662K [0x00000000c0000000, 0x00000000cab00000, 0x00000000eab00000)
  object space 175104K, 30% used [0x00000000c0000000,0x00000000c336d800,0x00000000cab00000)
 Metaspace       used 10047K, capacity 10560K, committed 10880K, reserved 1058816K
  class space    used 1176K, capacity 1292K, committed 1408K, reserved 1048576K
}

Deoptimization events (10 events):
Event: 0.625 Thread 0x0000000019132800 Uncommon trap: reason=unstable_if action=reinterpret pc=0x000000000369f718 method=java.util.concurrent.ConcurrentHashMap.putVal(Ljava/lang/Object;Ljava/lang/Object;Z)Ljava/lang/Object; @ 195
Event: 0.652 Thread 0x0000000019133800 Uncommon trap: reason=unstable_if action=reinterpret pc=0x000000000370d0b8 method=com.android.tools.r8.graph.I0$c.a()V @ 300
Event: 0.740 Thread 0x0000000019133800 Uncommon trap: reason=unstable_if action=reinterpret pc=0x00000000036e173c method=com.android.tools.r8.graph.i0.a(C)I @ 7
Event: 0.754 Thread 0x0000000019132800 Uncommon trap: reason=unstable_if action=reinterpret pc=0x0000000003638420 method=com.android.tools.r8.z.a.a.f.e(I[C)Ljava/lang/String; @ 7
Event: 0.887 Thread 0x0000000003193800 Uncommon trap: reason=class_check action=maybe_recompile pc=0x000000000371bc68 method=java.util.concurrent.ConcurrentHashMap.computeIfAbsent(Ljava/lang/Object;Ljava/util/function/Function;)Ljava/lang/Object; @ 17
Event: 0.887 Thread 0x0000000003193800 Uncommon trap: reason=class_check action=maybe_recompile pc=0x000000000371bc68 method=java.util.concurrent.ConcurrentHashMap.computeIfAbsent(Ljava/lang/Object;Ljava/util/function/Function;)Ljava/lang/Object; @ 17
Event: 0.889 Thread 0x0000000003193800 Uncommon trap: reason=unstable_if action=reinterpret pc=0x00000000036c7944 method=com.android.tools.r8.graph.I0$b.a(ILjava/lang/String;Ljava/lang/String;Ljava/lang/String;Ljava/lang/Object;)Lcom/android/tools/r8/z/a/a/n; @ 10
Event: 0.889 Thread 0x0000000003193800 Uncommon trap: reason=unstable_if action=reinterpret pc=0x00000000037c28dc method=com.android.tools.r8.graph.I0$d.c()V @ 41
Event: 0.890 Thread 0x0000000003193800 Uncommon trap: reason=class_check action=maybe_recompile pc=0x000000000371bc68 method=java.util.concurrent.ConcurrentHashMap.computeIfAbsent(Ljava/lang/Object;Ljava/util/function/Function;)Ljava/lang/Object; @ 17
Event: 0.890 Thread 0x0000000003193800 Uncommon trap: reason=class_check action=maybe_recompile pc=0x000000000371bc68 method=java.util.concurrent.ConcurrentHashMap.computeIfAbsent(Ljava/lang/Object;Ljava/util/function/Function;)Ljava/lang/Object; @ 17

Classes redefined (0 events):
No events

Internal exceptions (10 events):
Event: 0.310 Thread 0x0000000003193800 Exception <a 'java/security/PrivilegedActionException'> (0x00000000ec8682a0) thrown at [D:\j\worksp~1\openjd~3\jdk8u\hotspot\src\share\vm\prims\jvm.cpp, line 1508]
Event: 0.311 Thread 0x0000000003193800 Exception <a 'java/security/PrivilegedActionException'> (0x00000000ec86c550) thrown at [D:\j\worksp~1\openjd~3\jdk8u\hotspot\src\share\vm\prims\jvm.cpp, line 1508]
Event: 0.311 Thread 0x0000000003193800 Exception <a 'java/security/PrivilegedActionException'> (0x00000000ec86c760) thrown at [D:\j\worksp~1\openjd~3\jdk8u\hotspot\src\share\vm\prims\jvm.cpp, line 1508]
Event: 0.311 Thread 0x0000000003193800 Exception <a 'java/security/PrivilegedActionException'> (0x00000000ec86dea0) thrown at [D:\j\worksp~1\openjd~3\jdk8u\hotspot\src\share\vm\prims\jvm.cpp, line 1508]
Event: 0.311 Thread 0x0000000003193800 Exception <a 'java/security/PrivilegedActionException'> (0x00000000ec86e0b0) thrown at [D:\j\worksp~1\openjd~3\jdk8u\hotspot\src\share\vm\prims\jvm.cpp, line 1508]
Event: 0.321 Thread 0x0000000003193800 Implicit null exception at 0x00000000034f4754 to 0x00000000034f5111
Event: 0.332 Thread 0x0000000003193800 Implicit null exception at 0x00000000034ff594 to 0x00000000034fff51
Event: 0.342 Thread 0x0000000003193800 Implicit null exception at 0x00000000034fa6a5 to 0x00000000034facf9
Event: 0.343 Thread 0x0000000003193800 Implicit null exception at 0x00000000034f14b8 to 0x00000000034f1971
Event: 0.722 Thread 0x0000000003193800 Exception <a 'java/lang/IncompatibleClassChangeError': Found class java.lang.Object, but interface was expected> (0x00000000ef3bfd30) thrown at [D:\j\worksp~1\openjd~3\jdk8u\hotspot\src\share\vm\interpreter\linkResolver.cpp, line 653]

Events (10 events):
Event: 0.890 loading class com/android/tools/r8/graph/U
Event: 0.890 loading class com/android/tools/r8/graph/U done
Event: 0.890 loading class com/android/tools/r8/q/a/a/b/c0$a
Event: 0.890 loading class com/android/tools/r8/q/a/a/b/c0$a done
Event: 0.890 Thread 0x0000000003193800 Uncommon trap: trap_request=0xffffffde fr.pc=0x000000000371bc68
Event: 0.890 Thread 0x0000000003193800 DEOPT PACKING pc=0x000000000371bc68 sp=0x00000000030bebc0
Event: 0.890 Thread 0x0000000003193800 DEOPT UNPACKING pc=0x00000000032d557b sp=0x00000000030bebb0 mode 2
Event: 0.890 Thread 0x0000000003193800 Uncommon trap: trap_request=0xffffffde fr.pc=0x000000000371bc68
Event: 0.890 Thread 0x0000000003193800 DEOPT PACKING pc=0x000000000371bc68 sp=0x00000000030bebd0
Event: 0.890 Thread 0x0000000003193800 DEOPT UNPACKING pc=0x00000000032d557b sp=0x00000000030bebc0 mode 2


Dynamic libraries:
0x00007ff67c3d0000 - 0x00007ff67c405000 	C:\Program Files\Android\Jdk\microsoft_dist_openjdk_1.8.0.25\bin\java.exe
0x00007ffb4be90000 - 0x00007ffb4c085000 	C:\WINDOWS\SYSTEM32\ntdll.dll
0x00007ffb4a260000 - 0x00007ffb4a31d000 	C:\WINDOWS\System32\KERNEL32.DLL
0x00007ffb49690000 - 0x00007ffb49959000 	C:\WINDOWS\System32\KERNELBASE.dll
0x00007ffb4bd30000 - 0x00007ffb4bddc000 	C:\WINDOWS\System32\ADVAPI32.dll
0x00007ffb4bb00000 - 0x00007ffb4bb9e000 	C:\WINDOWS\System32\msvcrt.dll
0x00007ffb4a140000 - 0x00007ffb4a1db000 	C:\WINDOWS\System32\sechost.dll
0x00007ffb49ef0000 - 0x00007ffb4a01a000 	C:\WINDOWS\System32\RPCRT4.dll
0x00007ffb4b3b0000 - 0x00007ffb4b550000 	C:\WINDOWS\System32\USER32.dll
0x00007ffb49a10000 - 0x00007ffb49a32000 	C:\WINDOWS\System32\win32u.dll
0x00007ffb4a100000 - 0x00007ffb4a12a000 	C:\WINDOWS\System32\GDI32.dll
0x00007ffb49ce0000 - 0x00007ffb49deb000 	C:\WINDOWS\System32\gdi32full.dll
0x00007ffb495f0000 - 0x00007ffb4968d000 	C:\WINDOWS\System32\msvcp_win.dll
0x00007ffb49df0000 - 0x00007ffb49ef0000 	C:\WINDOWS\System32\ucrtbase.dll
0x00007ffb2bf50000 - 0x00007ffb2c1ea000 	C:\WINDOWS\WinSxS\amd64_microsoft.windows.common-controls_6595b64144ccf1df_6.0.19041.1110_none_60b5254171f9507e\COMCTL32.dll
0x00007ffb4ad40000 - 0x00007ffb4ad70000 	C:\WINDOWS\System32\IMM32.DLL
0x0000000068350000 - 0x0000000068421000 	C:\Program Files\Android\Jdk\microsoft_dist_openjdk_1.8.0.25\jre\bin\msvcr100.dll
0x0000000067b00000 - 0x0000000068345000 	C:\Program Files\Android\Jdk\microsoft_dist_openjdk_1.8.0.25\jre\bin\server\jvm.dll
0x00007ffb4bde0000 - 0x00007ffb4bde8000 	C:\WINDOWS\System32\PSAPI.DLL
0x00007ffb36c90000 - 0x00007ffb36c99000 	C:\WINDOWS\SYSTEM32\WSOCK32.dll
0x00007ffb2c840000 - 0x00007ffb2c867000 	C:\WINDOWS\SYSTEM32\WINMM.dll
0x00007ffb438f0000 - 0x00007ffb438fa000 	C:\WINDOWS\SYSTEM32\VERSION.dll
0x00007ffb4bcc0000 - 0x00007ffb4bd2b000 	C:\WINDOWS\System32\WS2_32.dll
0x00007ffb38b10000 - 0x00007ffb38b1f000 	C:\Program Files\Android\Jdk\microsoft_dist_openjdk_1.8.0.25\jre\bin\verify.dll
0x00007ffb1ee70000 - 0x00007ffb1ee99000 	C:\Program Files\Android\Jdk\microsoft_dist_openjdk_1.8.0.25\jre\bin\java.dll
0x00007ffb173c0000 - 0x00007ffb173d6000 	C:\Program Files\Android\Jdk\microsoft_dist_openjdk_1.8.0.25\jre\bin\zip.dll
0x00007ffb4a600000 - 0x00007ffb4ad3f000 	C:\WINDOWS\System32\SHELL32.dll
0x00007ffb475c0000 - 0x00007ffb47d50000 	C:\WINDOWS\SYSTEM32\windows.storage.dll
0x00007ffb4b050000 - 0x00007ffb4b3a5000 	C:\WINDOWS\System32\combase.dll
0x00007ffb48fb0000 - 0x00007ffb48fdc000 	C:\WINDOWS\SYSTEM32\Wldp.dll
0x00007ffb4ae20000 - 0x00007ffb4aece000 	C:\WINDOWS\System32\SHCORE.dll
0x00007ffb4bdf0000 - 0x00007ffb4be45000 	C:\WINDOWS\System32\shlwapi.dll
0x00007ffb49500000 - 0x00007ffb4951f000 	C:\WINDOWS\SYSTEM32\profapi.dll
0x00007ffb173a0000 - 0x00007ffb173ba000 	C:\Program Files\Android\jdk\microsoft_dist_openjdk_1.8.0.25\jre\bin\net.dll
0x00007ffb48cb0000 - 0x00007ffb48d1a000 	C:\WINDOWS\system32\mswsock.dll
0x00007ffb17350000 - 0x00007ffb17361000 	C:\Program Files\Android\jdk\microsoft_dist_openjdk_1.8.0.25\jre\bin\nio.dll

VM Arguments:
jvm_args: -Xmx1G 
java_command: com.android.tools.r8.D8 --debug --min-api 21 --output obj\Debug\110\android\bin\ --lib D:\Android\android-sdk-xamarin\android-sdk\platforms\android-30\android.jar obj\Debug\110\android\bin\classes.zip C:\Program Files (x86)\Microsoft Visual Studio\2019\Professional\Common7\IDE\ReferenceAssemblies\Microsoft\Framework\MonoAndroid\v11.0\mono.android.jar C:\Program Files (x86)\Microsoft Visual Studio\2019\Professional\MSBuild\Xamarin\Android\java_runtime_fastdev.jar C:\Users\Administrator\.nuget\packages\xamarin.google.guava.listenablefuture\1.0.0.2\buildTransitive\monoandroid50\guava-listenablefuture.jar C:\Program Files (x86)\Microsoft\Xamarin\NuGet\xamarin.androidx.annotation\1.1.0.8\buildTransitive\monoandroid90\..\..\jar\androidx.annotation.annotation.jar C:\Users\Administrator\.nuget\packages\xamarin.androidx.collection\1.1.0.6\buildTransitive\monoandroid90\..\..\jar\androidx.collection.collection.jar C:\Users\Administrator\.nuget\packages\xamarin.androidx.lifecycle.common\2.2.0.4\buildTransitive\monoandroid90\..\..\jar\androidx.lifecycle.lifecycle-common.jar C:\Users\Administrator\.nuget\packages\xamarin.androidx.arch.core.common\2.1.0.7\buildTransitive\monoandroid90\..\..\jar\androidx.arch.core.core-common.jar obj\Debug\110\lp\1\jl\formsviewgroup.jar obj\Debug\110\lp\100\jl\classes.jar obj\Debug\110\lp\101\jl\classes.jar obj\Debug\110\lp\103\jl\classes.jar obj\Debug\110\lp\104\jl\classes.jar obj\Debug\110\lp\65\jl\classes.jar obj\Debug\110\lp\66\jl\classes.jar obj\Debug\110\lp\67\jl\classes.jar obj\Debug\110\lp\68\jl\classes.jar obj\Debug\110\lp\69\jl\classes.jar obj\Debug\110\lp\70\jl\classes.jar obj\Debug\110\lp\71\jl\classes.jar obj\Debug\110\lp\72\jl\classes.jar obj\Debug\110\lp\73\jl\classes.jar obj\Debug\110\lp\74\jl\classes.jar obj\Debug\110\lp\75\jl\classes.jar obj\Debug\110\lp\76\jl\classes.jar obj\Debug\110\lp\77\jl\classes.jar obj\Debug\110\lp\78\jl\classes.jar obj\Debug\110\lp\79\jl\classes.jar obj\Debug\110\lp\80\jl\classes.jar obj\D
java_class_path (initial): C:\Program Files (x86)\Microsoft Visual Studio\2019\Professional\MSBuild\Xamarin\Android\r8.jar
Launcher Type: SUN_STANDARD

Environment Variables:
PATH=C:\Program Files\Android\Jdk\microsoft_dist_openjdk_1.8.0.25\bin;C:\Program Files\Microsoft MPI\Bin\;C:\Oracle\11.2.0\client_1;C:\Program Files (x86)\Eziriz\.NET Reactor;C:\ProgramData\Oracle\Java\javapath;D:\app\Hung\product\11.2.0\client_2\bin;D:\app\Hung\product\11.2.0\client_1;C:\Program Files (x86)\Common Files\Oracle\Java\javapath;C:\WINDOWS\system32;C:\WINDOWS;C:\WINDOWS\System32\Wbem;C:\WINDOWS\System32\WindowsPowerShell\v1.0\;C:\WINDOWS\System32\OpenSSH\;C:\Program Files (x86)\Microsoft SQL Server\140\Tools\Binn\;C:\Program Files\Microsoft SQL Server\140\Tools\Binn\;C:\Program Files (x86)\Microsoft SQL Server\140\DTS\Binn\;C:\Program Files\Microsoft SQL Server\140\DTS\Binn\;C:\Program Files\Microsoft SQL Server\Client SDK\ODBC\130\Tools\Binn\;C:\Program Files\Git\cmd;C:\Program Files\dotnet\;C:\Program Files\Microsoft SQL Server\130\Tools\Binn\;C:\Program Files (x86)\Microsoft SQL Server\Client SDK\ODBC\130\Tools\Binn\;C:\Program Files (x86)\Microsoft SQL Server\140\Tools\Binn\ManagementStudio\;C:\Program Files (x86)\Microsoft SQL Server\90\Tools\binn\;C:\Users\Administrator\AppData\Local\Microsoft\WindowsApps;C:\Users\Administrator\.dotnet\tools;C:\Users\Administrator\AppData\Local\GitHubDesktop\bin
USERNAME=Administrator
OS=Windows_NT
PROCESSOR_IDENTIFIER=Intel64 Family 6 Model 94 Stepping 3, GenuineIntel



---------------  S Y S T E M  ---------------

OS: Windows 10.0 , 64 bit Build 19041 (10.0.19041.1151)

CPU:total 8 (initial active 8) (4 cores per cpu, 2 threads per core) family 6 model 94 stepping 3, cmov, cx8, fxsr, mmx, sse, sse2, sse3, ssse3, sse4.1, sse4.2, popcnt, avx, avx2, aes, clmul, erms, rtm, 3dnowpref, lzcnt, ht, tsc, tscinvbit, bmi1, bmi2, adx

Memory: 4k page, physical 16654136k(3398040k free), swap 16654136k(5872k free)

vm_info: OpenJDK 64-Bit Server VM (25.71-b00) for windows-amd64 JRE (1.8.0-25-microsoft-b00), built on Feb  7 2019 20:09:14 by "builder" with MS VC++ 10.0 (VS2010)

time: Thu Sep 16 16:44:19 2021
timezone: SE Asia Standard Time
elapsed time: 0 seconds (0d 0h 0m 0s)

