#
# There is insufficient memory for the Java Runtime Environment to continue.
# Native memory allocation (malloc) failed to allocate 1225296 bytes for Chunk::new
# Possible reasons:
#   The system is out of physical RAM or swap space
#   The process is running with CompressedOops enabled, and the Java Heap may be blocking the growth of the native heap
# Possible solutions:
#   Reduce memory load on the system
#   Increase physical memory or swap space
#   Check if swap backing store is full
#   Decrease Java heap size (-Xmx/-Xms)
#   Decrease number of Java threads
#   Decrease Java thread stack sizes (-Xss)
#   Set larger code cache with -XX:ReservedCodeCacheSize=
#   JVM is running with Unscaled Compressed Oops mode in which the Java heap is
#     placed in the first 4GB address space. The Java Heap base address is the
#     maximum limit for the native heap growth. Please use -XX:HeapBaseMinAddress
#     to set the Java Heap base and to place the Java Heap above 4GB virtual address.
# This output file may be truncated or incomplete.
#
#  Out of Memory Error (allocation.cpp:389), pid=10840, tid=0x0000000000000fbc
#
# JRE version: OpenJDK Runtime Environment (8.0) (build 1.8.0-25-microsoft-b00)
# Java VM: OpenJDK 64-Bit Server VM (25.71-b00 mixed mode windows-amd64 compressed oops)
# Failed to write core dump. Minidumps are not enabled by default on client versions of Windows
#

---------------  T H R E A D  ---------------

Current thread (0x0000000017c4c800):  JavaThread "C2 CompilerThread1" daemon [_thread_in_native, id=4028, stack(0x0000000018620000,0x0000000018720000)]

Stack: [0x0000000018620000,0x0000000018720000]
[error occurred during error reporting (printing stack bounds), id 0xc0000005]

Native frames: (J=compiled Java code, j=interpreted, Vv=VM code, C=native code)


Current CompileTask:
C2:   5261 5838       4       com.android.tools.r8.ir.optimize.a0::a (583 bytes)


---------------  P R O C E S S  ---------------

Java Threads: ( => current thread )
  0x0000000018ecd800 JavaThread "ForkJoinPool-1-worker-0" daemon [_thread_blocked, id=9644, stack(0x000000001a5f0000,0x000000001a6f0000)]
  0x0000000018ecc800 JavaThread "ForkJoinPool-1-worker-3" daemon [_thread_blocked, id=8748, stack(0x000000001a4f0000,0x000000001a5f0000)]
  0x0000000018ecc000 JavaThread "ForkJoinPool-1-worker-2" daemon [_thread_blocked, id=13100, stack(0x000000001a3f0000,0x000000001a4f0000)]
  0x0000000018c2f800 JavaThread "ForkJoinPool-1-worker-1" daemon [_thread_blocked, id=16004, stack(0x000000001a2f0000,0x000000001a3f0000)]
  0x0000000017c6f000 JavaThread "Service Thread" daemon [_thread_blocked, id=12300, stack(0x0000000018920000,0x0000000018a20000)]
  0x0000000017c57000 JavaThread "C1 CompilerThread3" daemon [_thread_in_native, id=9792, stack(0x0000000018820000,0x0000000018920000)]
  0x0000000017c50800 JavaThread "C2 CompilerThread2" daemon [_thread_in_native, id=1080, stack(0x0000000018720000,0x0000000018820000)]
=>0x0000000017c4c800 JavaThread "C2 CompilerThread1" daemon [_thread_in_native, id=4028, stack(0x0000000018620000,0x0000000018720000)]
  0x0000000017c4a800 JavaThread "C2 CompilerThread0" daemon [_thread_in_native, id=17280, stack(0x0000000018520000,0x0000000018620000)]
  0x0000000017c49000 JavaThread "Attach Listener" daemon [_thread_blocked, id=15560, stack(0x0000000018420000,0x0000000018520000)]
  0x0000000017c48800 JavaThread "Signal Dispatcher" daemon [_thread_blocked, id=3812, stack(0x0000000018320000,0x0000000018420000)]
  0x0000000017c40800 JavaThread "Finalizer" daemon [_thread_blocked, id=18324, stack(0x0000000018120000,0x0000000018220000)]
  0x0000000015e4c000 JavaThread "Reference Handler" daemon [_thread_blocked, id=12312, stack(0x0000000018020000,0x0000000018120000)]
  0x0000000003233800 JavaThread "main" [_thread_in_Java, id=20524, stack(0x0000000003130000,0x0000000003230000)]

Other Threads:
  0x0000000015e48000 VMThread [stack: 0x0000000017b20000,0x0000000017c20000] [id=6920]
  0x0000000017c6f800 WatcherThread [stack: 0x0000000018a20000,0x0000000018b20000] [id=16932]

VM state:not at safepoint (normal execution)

VM Mutex/Monitor currently owned by a thread: None

heap address: 0x00000000c0000000, size: 1024 MB, Compressed Oops mode: 32-bit
Narrow klass base: 0x0000000000000000, Narrow klass shift: 3
Compressed class space size: 1073741824 Address: 0x0000000100000000

Heap:
 PSYoungGen      total 137216K, used 93222K [0x00000000eab00000, 0x00000000f6f80000, 0x0000000100000000)
  eden space 126464K, 72% used [0x00000000eab00000,0x00000000f04a1838,0x00000000f2680000)
  from space 10752K, 13% used [0x00000000f3580000,0x00000000f36e8000,0x00000000f4000000)
  to   space 15360K, 0% used [0x00000000f2680000,0x00000000f2680000,0x00000000f3580000)
 ParOldGen       total 175104K, used 118205K [0x00000000c0000000, 0x00000000cab00000, 0x00000000eab00000)
  object space 175104K, 67% used [0x00000000c0000000,0x00000000c736f6c0,0x00000000cab00000)
 Metaspace       used 18003K, capacity 19564K, committed 19840K, reserved 1067008K
  class space    used 2250K, capacity 2610K, committed 2688K, reserved 1048576K

Card table byte_map: [0x00000000126f0000,0x0000000012900000] byte_map_base: 0x00000000120f0000

Marking Bits: (ParMarkBitMap*) 0x0000000064378f30
 Begin Bits: [0x0000000013260000, 0x0000000014260000)
 End Bits:   [0x0000000014260000, 0x0000000015260000)

Polling page: 0x00000000018b0000

CodeCache: size=245760Kb used=15521Kb max_used=18252Kb free=230238Kb
 bounds [0x0000000003330000, 0x0000000004540000, 0x0000000012330000]
 total_blobs=5016 nmethods=4661 adapters=266
 compilation: enabled

Compilation events (10 events):
Event: 5.257 Thread 0x0000000017c57000 nmethod 5962 0x0000000003757390 code [0x0000000003757500, 0x0000000003757688]
Event: 5.257 Thread 0x0000000017c57000 5963       2       com.android.tools.r8.graph.W0::g (32 bytes)
Event: 5.257 Thread 0x0000000017c57000 nmethod 5963 0x000000000377b7d0 code [0x000000000377b940, 0x000000000377bbc8]
Event: 5.257 Thread 0x0000000017c57000 5965       2       com.android.tools.r8.s.c.u::a (110 bytes)
Event: 5.257 Thread 0x0000000017c57000 nmethod 5965 0x000000000359bf90 code [0x000000000359c120, 0x000000000359c478]
Event: 5.257 Thread 0x0000000017c57000 5966       2       com.android.tools.r8.graph.X0::i (8 bytes)
Event: 5.257 Thread 0x0000000017c57000 nmethod 5966 0x00000000037dc710 code [0x00000000037dc880, 0x00000000037dca08]
Event: 5.257 Thread 0x0000000017c57000 5967       2       com.android.tools.r8.graph.W0::d (6 bytes)
Event: 5.257 Thread 0x0000000017c57000 nmethod 5967 0x0000000004021f50 code [0x00000000040220a0, 0x00000000040221f0]
Event: 5.257 Thread 0x0000000017c57000 5968       2       com.android.tools.r8.s.c.w::a (1506 bytes)

GC Heap History (10 events):
Event: 4.661 GC heap before
{Heap before GC invocations=28 (full 0):
 PSYoungGen      total 141824K, used 132960K [0x00000000eab00000, 0x00000000f4000000, 0x0000000100000000)
  eden space 131072K, 100% used [0x00000000eab00000,0x00000000f2b00000,0x00000000f2b00000)
  from space 10752K, 17% used [0x00000000f2b00000,0x00000000f2cd8000,0x00000000f3580000)
  to   space 10752K, 0% used [0x00000000f3580000,0x00000000f3580000,0x00000000f4000000)
 ParOldGen       total 175104K, used 111093K [0x00000000c0000000, 0x00000000cab00000, 0x00000000eab00000)
  object space 175104K, 63% used [0x00000000c0000000,0x00000000c6c7d6b0,0x00000000cab00000)
 Metaspace       used 17628K, capacity 19028K, committed 19200K, reserved 1067008K
  class space    used 2190K, capacity 2500K, committed 2560K, reserved 1048576K
Event: 4.664 GC heap after
Heap after GC invocations=28 (full 0):
 PSYoungGen      total 141824K, used 1472K [0x00000000eab00000, 0x00000000f4000000, 0x0000000100000000)
  eden space 131072K, 0% used [0x00000000eab00000,0x00000000eab00000,0x00000000f2b00000)
  from space 10752K, 13% used [0x00000000f3580000,0x00000000f36f0000,0x00000000f4000000)
  to   space 10752K, 0% used [0x00000000f2b00000,0x00000000f2b00000,0x00000000f3580000)
 ParOldGen       total 175104K, used 112629K [0x00000000c0000000, 0x00000000cab00000, 0x00000000eab00000)
  object space 175104K, 64% used [0x00000000c0000000,0x00000000c6dfd6b0,0x00000000cab00000)
 Metaspace       used 17628K, capacity 19028K, committed 19200K, reserved 1067008K
  class space    used 2190K, capacity 2500K, committed 2560K, reserved 1048576K
}
Event: 4.776 GC heap before
{Heap before GC invocations=29 (full 0):
 PSYoungGen      total 141824K, used 132544K [0x00000000eab00000, 0x00000000f4000000, 0x0000000100000000)
  eden space 131072K, 100% used [0x00000000eab00000,0x00000000f2b00000,0x00000000f2b00000)
  from space 10752K, 13% used [0x00000000f3580000,0x00000000f36f0000,0x00000000f4000000)
  to   space 10752K, 0% used [0x00000000f2b00000,0x00000000f2b00000,0x00000000f3580000)
 ParOldGen       total 175104K, used 112629K [0x00000000c0000000, 0x00000000cab00000, 0x00000000eab00000)
  object space 175104K, 64% used [0x00000000c0000000,0x00000000c6dfd6b0,0x00000000cab00000)
 Metaspace       used 17636K, capacity 19028K, committed 19200K, reserved 1067008K
  class space    used 2190K, capacity 2500K, committed 2560K, reserved 1048576K
Event: 4.781 GC heap after
Heap after GC invocations=29 (full 0):
 PSYoungGen      total 141824K, used 1984K [0x00000000eab00000, 0x00000000f4000000, 0x0000000100000000)
  eden space 131072K, 0% used [0x00000000eab00000,0x00000000eab00000,0x00000000f2b00000)
  from space 10752K, 18% used [0x00000000f2b00000,0x00000000f2cf0000,0x00000000f3580000)
  to   space 10752K, 0% used [0x00000000f3580000,0x00000000f3580000,0x00000000f4000000)
 ParOldGen       total 175104K, used 113741K [0x00000000c0000000, 0x00000000cab00000, 0x00000000eab00000)
  object space 175104K, 64% used [0x00000000c0000000,0x00000000c6f136b0,0x00000000cab00000)
 Metaspace       used 17636K, capacity 19028K, committed 19200K, reserved 1067008K
  class space    used 2190K, capacity 2500K, committed 2560K, reserved 1048576K
}
Event: 4.895 GC heap before
{Heap before GC invocations=30 (full 0):
 PSYoungGen      total 141824K, used 133056K [0x00000000eab00000, 0x00000000f4000000, 0x0000000100000000)
  eden space 131072K, 100% used [0x00000000eab00000,0x00000000f2b00000,0x00000000f2b00000)
  from space 10752K, 18% used [0x00000000f2b00000,0x00000000f2cf0000,0x00000000f3580000)
  to   space 10752K, 0% used [0x00000000f3580000,0x00000000f3580000,0x00000000f4000000)
 ParOldGen       total 175104K, used 113741K [0x00000000c0000000, 0x00000000cab00000, 0x00000000eab00000)
  object space 175104K, 64% used [0x00000000c0000000,0x00000000c6f136b0,0x00000000cab00000)
 Metaspace       used 17642K, capacity 19092K, committed 19200K, reserved 1067008K
  class space    used 2190K, capacity 2500K, committed 2560K, reserved 1048576K
Event: 4.899 GC heap after
Heap after GC invocations=30 (full 0):
 PSYoungGen      total 141824K, used 1728K [0x00000000eab00000, 0x00000000f4000000, 0x0000000100000000)
  eden space 131072K, 0% used [0x00000000eab00000,0x00000000eab00000,0x00000000f2b00000)
  from space 10752K, 16% used [0x00000000f3580000,0x00000000f3730000,0x00000000f4000000)
  to   space 10752K, 0% used [0x00000000f2b00000,0x00000000f2b00000,0x00000000f3580000)
 ParOldGen       total 175104K, used 115365K [0x00000000c0000000, 0x00000000cab00000, 0x00000000eab00000)
  object space 175104K, 65% used [0x00000000c0000000,0x00000000c70a96b0,0x00000000cab00000)
 Metaspace       used 17642K, capacity 19092K, committed 19200K, reserved 1067008K
  class space    used 2190K, capacity 2500K, committed 2560K, reserved 1048576K
}
Event: 5.001 GC heap before
{Heap before GC invocations=31 (full 0):
 PSYoungGen      total 141824K, used 132800K [0x00000000eab00000, 0x00000000f4000000, 0x0000000100000000)
  eden space 131072K, 100% used [0x00000000eab00000,0x00000000f2b00000,0x00000000f2b00000)
  from space 10752K, 16% used [0x00000000f3580000,0x00000000f3730000,0x00000000f4000000)
  to   space 10752K, 0% used [0x00000000f2b00000,0x00000000f2b00000,0x00000000f3580000)
 ParOldGen       total 175104K, used 115365K [0x00000000c0000000, 0x00000000cab00000, 0x00000000eab00000)
  object space 175104K, 65% used [0x00000000c0000000,0x00000000c70a96b0,0x00000000cab00000)
 Metaspace       used 17643K, capacity 19092K, committed 19200K, reserved 1067008K
  class space    used 2190K, capacity 2500K, committed 2560K, reserved 1048576K
Event: 5.007 GC heap after
Heap after GC invocations=31 (full 0):
 PSYoungGen      total 141824K, used 1952K [0x00000000eab00000, 0x00000000f4000000, 0x0000000100000000)
  eden space 131072K, 0% used [0x00000000eab00000,0x00000000eab00000,0x00000000f2b00000)
  from space 10752K, 18% used [0x00000000f2b00000,0x00000000f2ce8000,0x00000000f3580000)
  to   space 10752K, 0% used [0x00000000f3580000,0x00000000f3580000,0x00000000f4000000)
 ParOldGen       total 175104K, used 116629K [0x00000000c0000000, 0x00000000cab00000, 0x00000000eab00000)
  object space 175104K, 66% used [0x00000000c0000000,0x00000000c71e56b0,0x00000000cab00000)
 Metaspace       used 17643K, capacity 19092K, committed 19200K, reserved 1067008K
  class space    used 2190K, capacity 2500K, committed 2560K, reserved 1048576K
}
Event: 5.114 GC heap before
{Heap before GC invocations=32 (full 0):
 PSYoungGen      total 141824K, used 133024K [0x00000000eab00000, 0x00000000f4000000, 0x0000000100000000)
  eden space 131072K, 100% used [0x00000000eab00000,0x00000000f2b00000,0x00000000f2b00000)
  from space 10752K, 18% used [0x00000000f2b00000,0x00000000f2ce8000,0x00000000f3580000)
  to   space 10752K, 0% used [0x00000000f3580000,0x00000000f3580000,0x00000000f4000000)
 ParOldGen       total 175104K, used 116629K [0x00000000c0000000, 0x00000000cab00000, 0x00000000eab00000)
  object space 175104K, 66% used [0x00000000c0000000,0x00000000c71e56b0,0x00000000cab00000)
 Metaspace       used 17644K, capacity 19092K, committed 19200K, reserved 1067008K
  class space    used 2190K, capacity 2500K, committed 2560K, reserved 1048576K
Event: 5.118 GC heap after
Heap after GC invocations=32 (full 0):
 PSYoungGen      total 137216K, used 1440K [0x00000000eab00000, 0x00000000f6f80000, 0x0000000100000000)
  eden space 126464K, 0% used [0x00000000eab00000,0x00000000eab00000,0x00000000f2680000)
  from space 10752K, 13% used [0x00000000f3580000,0x00000000f36e8000,0x00000000f4000000)
  to   space 15360K, 0% used [0x00000000f2680000,0x00000000f2680000,0x00000000f3580000)
 ParOldGen       total 175104K, used 118205K [0x00000000c0000000, 0x00000000cab00000, 0x00000000eab00000)
  object space 175104K, 67% used [0x00000000c0000000,0x00000000c736f6c0,0x00000000cab00000)
 Metaspace       used 17644K, capacity 19092K, committed 19200K, reserved 1067008K
  class space    used 2190K, capacity 2500K, committed 2560K, reserved 1048576K
}

Deoptimization events (10 events):
Event: 5.215 Thread 0x0000000018ecc000 Uncommon trap: reason=class_check action=maybe_recompile pc=0x0000000003bbd93c method=com.android.tools.r8.ir.conversion.N.g(I)V @ 9
Event: 5.215 Thread 0x0000000018ecc000 Uncommon trap: reason=class_check action=maybe_recompile pc=0x0000000003bbd93c method=com.android.tools.r8.ir.conversion.N.g(I)V @ 9
Event: 5.215 Thread 0x0000000018ecc000 Uncommon trap: reason=class_check action=maybe_recompile pc=0x00000000043eebd0 method=com.android.tools.r8.ir.conversion.N.g(I)V @ 9
Event: 5.215 Thread 0x0000000018ecc000 Uncommon trap: reason=class_check action=maybe_recompile pc=0x00000000043eebd0 method=com.android.tools.r8.ir.conversion.N.g(I)V @ 9
Event: 5.215 Thread 0x0000000018ecc000 Uncommon trap: reason=class_check action=maybe_recompile pc=0x0000000003bbd93c method=com.android.tools.r8.ir.conversion.N.g(I)V @ 9
Event: 5.218 Thread 0x0000000003233800 Uncommon trap: reason=predicate action=maybe_recompile pc=0x000000000444a17c method=java.util.TreeMap.put(Ljava/lang/Object;Ljava/lang/Object;)Ljava/lang/Object; @ 58
Event: 5.218 Thread 0x0000000003233800 Uncommon trap: reason=unstable_if action=reinterpret pc=0x0000000003cc1484 method=com.android.tools.r8.graph.i0.b(Lcom/android/tools/r8/graph/i0;)I @ 39
Event: 5.247 Thread 0x0000000003233800 Uncommon trap: reason=unstable_if action=reinterpret pc=0x000000000365092c method=java.util.HashMap.tableSizeFor(I)I @ 37
Event: 5.247 Thread 0x0000000003233800 Uncommon trap: reason=unstable_if action=reinterpret pc=0x000000000364f6d8 method=java.util.HashMap.tableSizeFor(I)I @ 37
Event: 5.247 Thread 0x0000000003233800 Uncommon trap: reason=unstable_if action=reinterpret pc=0x000000000364fa28 method=java.util.HashMap.tableSizeFor(I)I @ 37

Classes redefined (0 events):
No events

Internal exceptions (10 events):
Event: 0.978 Thread 0x0000000018c2f800 Implicit null exception at 0x00000000037b04af to 0x00000000037b06f5
Event: 1.014 Thread 0x0000000018ecc800 Exception <a 'java/lang/NoSuchMethodError': java.lang.Object.b(Lcom/android/tools/r8/graph/p1$b;)Lcom/android/tools/r8/graph/p1$b;> (0x00000000eeff7550) thrown at [D:\j\worksp~1\openjd~3\jdk8u\hotspot\src\share\vm\interpreter\linkResolver.cpp, line 620]
Event: 1.035 Thread 0x0000000018ecd800 Exception <a 'java/lang/NoSuchMethodError': java.lang.Object.lambda$comparingInt$7b0bb60$1(Ljava/util/function/ToIntFunction;Ljava/lang/Object;Ljava/lang/Object;)I> (0x00000000ef35a120) thrown at [D:\j\worksp~1\openjd~3\jdk8u\hotspot\src\share\vm\interpre
Event: 1.035 Thread 0x0000000018c2f800 Exception <a 'java/lang/NoSuchMethodError': java.lang.Object.lambda$comparingInt$7b0bb60$1(Ljava/util/function/ToIntFunction;Ljava/lang/Object;Ljava/lang/Object;)I> (0x00000000ef1e7c48) thrown at [D:\j\worksp~1\openjd~3\jdk8u\hotspot\src\share\vm\interpre
Event: 1.035 Thread 0x0000000018ecc800 Exception <a 'java/lang/NoSuchMethodError': java.lang.Object.lambda$comparingInt$7b0bb60$1(Ljava/util/function/ToIntFunction;Ljava/lang/Object;Ljava/lang/Object;)I> (0x00000000ef059e50) thrown at [D:\j\worksp~1\openjd~3\jdk8u\hotspot\src\share\vm\interpre
Event: 1.035 Thread 0x0000000018ecc000 Exception <a 'java/lang/NoSuchMethodError': java.lang.Object.lambda$comparingInt$7b0bb60$1(Ljava/util/function/ToIntFunction;Ljava/lang/Object;Ljava/lang/Object;)I> (0x00000000ef29e490) thrown at [D:\j\worksp~1\openjd~3\jdk8u\hotspot\src\share\vm\interpre
Event: 1.036 Thread 0x0000000018ecc800 Exception <a 'java/lang/NoSuchMethodError': java.lang.Object.lambda$maxBy$1(Ljava/util/Comparator;Ljava/lang/Object;Ljava/lang/Object;)Ljava/lang/Object;> (0x00000000ef065dd8) thrown at [D:\j\worksp~1\openjd~3\jdk8u\hotspot\src\share\vm\interpreter\linkRe
Event: 1.036 Thread 0x0000000018ecc000 Exception <a 'java/lang/NoSuchMethodError': java.lang.Object.lambda$maxBy$1(Ljava/util/Comparator;Ljava/lang/Object;Ljava/lang/Object;)Ljava/lang/Object;> (0x00000000ef2aa078) thrown at [D:\j\worksp~1\openjd~3\jdk8u\hotspot\src\share\vm\interpreter\linkRe
Event: 1.228 Thread 0x0000000018c2f800 Implicit null exception at 0x0000000003b2cabc to 0x0000000003b35625
Event: 2.020 Thread 0x0000000018ecc800 Implicit null exception at 0x000000000404d2e5 to 0x0000000004051721

Events (10 events):
Event: 5.258 loading class com/android/tools/r8/graph/f0$b
Event: 5.258 loading class com/android/tools/r8/graph/f0$b done
Event: 5.259 loading class java/util/concurrent/ConcurrentHashMap$EntryIterator
Event: 5.259 loading class java/util/concurrent/ConcurrentHashMap$EntryIterator done
Event: 5.259 loading class java/util/IdentityHashMap$EntrySet
Event: 5.259 loading class java/util/IdentityHashMap$EntrySet done
Event: 5.259 loading class java/util/IdentityHashMap$EntryIterator
Event: 5.259 loading class java/util/IdentityHashMap$EntryIterator done
Event: 5.259 loading class java/util/IdentityHashMap$EntryIterator$Entry
Event: 5.259 loading class java/util/IdentityHashMap$EntryIterator$Entry done


Dynamic libraries:
0x00007ff65cb50000 - 0x00007ff65cb85000 	C:\Program Files\Android\Jdk\microsoft_dist_openjdk_1.8.0.25\bin\java.exe
0x00007fffb2a10000 - 0x00007fffb2c05000 	C:\WINDOWS\SYSTEM32\ntdll.dll
0x00007fffb21b0000 - 0x00007fffb226d000 	C:\WINDOWS\System32\KERNEL32.DLL
0x00007fffb0410000 - 0x00007fffb06d9000 	C:\WINDOWS\System32\KERNELBASE.dll
0x00007fffb1530000 - 0x00007fffb15dc000 	C:\WINDOWS\System32\ADVAPI32.dll
0x00007fffb27c0000 - 0x00007fffb285e000 	C:\WINDOWS\System32\msvcrt.dll
0x00007fffb1790000 - 0x00007fffb182b000 	C:\WINDOWS\System32\sechost.dll
0x00007fffb2690000 - 0x00007fffb27ba000 	C:\WINDOWS\System32\RPCRT4.dll
0x00007fffb15f0000 - 0x00007fffb1790000 	C:\WINDOWS\System32\USER32.dll
0x00007fffb0140000 - 0x00007fffb0162000 	C:\WINDOWS\System32\win32u.dll
0x00007fffb29a0000 - 0x00007fffb29ca000 	C:\WINDOWS\System32\GDI32.dll
0x00007fffb0300000 - 0x00007fffb040b000 	C:\WINDOWS\System32\gdi32full.dll
0x00007fffb0840000 - 0x00007fffb08dd000 	C:\WINDOWS\System32\msvcp_win.dll
0x00007fffb0170000 - 0x00007fffb0270000 	C:\WINDOWS\System32\ucrtbase.dll
0x00007fff93010000 - 0x00007fff932aa000 	C:\WINDOWS\WinSxS\amd64_microsoft.windows.common-controls_6595b64144ccf1df_6.0.19041.1110_none_60b5254171f9507e\COMCTL32.dll
0x00007fffb0c80000 - 0x00007fffb0cb0000 	C:\WINDOWS\System32\IMM32.DLL
0x0000000064400000 - 0x00000000644d1000 	C:\Program Files\Android\Jdk\microsoft_dist_openjdk_1.8.0.25\jre\bin\msvcr100.dll
0x0000000063bb0000 - 0x00000000643f5000 	C:\Program Files\Android\Jdk\microsoft_dist_openjdk_1.8.0.25\jre\bin\server\jvm.dll
0x00007fffb2990000 - 0x00007fffb2998000 	C:\WINDOWS\System32\PSAPI.DLL
0x00007fff9db30000 - 0x00007fff9db39000 	C:\WINDOWS\SYSTEM32\WSOCK32.dll
0x00007fff93e00000 - 0x00007fff93e27000 	C:\WINDOWS\SYSTEM32\WINMM.dll
0x00007fffa91d0000 - 0x00007fffa91da000 	C:\WINDOWS\SYSTEM32\VERSION.dll
0x00007fffb1ca0000 - 0x00007fffb1d0b000 	C:\WINDOWS\System32\WS2_32.dll
0x00007fffabd30000 - 0x00007fffabd3f000 	C:\Program Files\Android\Jdk\microsoft_dist_openjdk_1.8.0.25\jre\bin\verify.dll
0x00007fffabc00000 - 0x00007fffabc29000 	C:\Program Files\Android\Jdk\microsoft_dist_openjdk_1.8.0.25\jre\bin\java.dll
0x00007fffaba10000 - 0x00007fffaba26000 	C:\Program Files\Android\Jdk\microsoft_dist_openjdk_1.8.0.25\jre\bin\zip.dll
0x00007fffb0d40000 - 0x00007fffb147f000 	C:\WINDOWS\System32\SHELL32.dll
0x00007fffae110000 - 0x00007fffae8a0000 	C:\WINDOWS\SYSTEM32\windows.storage.dll
0x00007fffb2330000 - 0x00007fffb2685000 	C:\WINDOWS\System32\combase.dll
0x00007fffafad0000 - 0x00007fffafafc000 	C:\WINDOWS\SYSTEM32\Wldp.dll
0x00007fffb1480000 - 0x00007fffb152e000 	C:\WINDOWS\System32\SHCORE.dll
0x00007fffb2270000 - 0x00007fffb22c5000 	C:\WINDOWS\System32\shlwapi.dll
0x00007fffb0080000 - 0x00007fffb009f000 	C:\WINDOWS\SYSTEM32\profapi.dll
0x00007fffaad90000 - 0x00007fffaadaa000 	C:\Program Files\Android\jdk\microsoft_dist_openjdk_1.8.0.25\jre\bin\net.dll
0x00007fffaf830000 - 0x00007fffaf89a000 	C:\WINDOWS\system32\mswsock.dll
0x00007fff9fc30000 - 0x00007fff9fc41000 	C:\Program Files\Android\jdk\microsoft_dist_openjdk_1.8.0.25\jre\bin\nio.dll

VM Arguments:
jvm_args: -Xmx1G 
java_command: com.android.tools.r8.D8 --debug --min-api 21 --output obj\Debug\110\android\bin\ --lib D:\Android\android-sdk-xamarin\android-sdk\platforms\android-30\android.jar obj\Debug\110\android\bin\classes.zip C:\Program Files (x86)\Microsoft Visual Studio\2019\Professional\Common7\IDE\ReferenceAssemblies\Microsoft\Framework\MonoAndroid\v11.0\mono.android.jar C:\Program Files (x86)\Microsoft Visual Studio\2019\Professional\MSBuild\Xamarin\Android\java_runtime_fastdev.jar C:\Program Files (x86)\Microsoft\Xamarin\NuGet\xamarin.androidx.annotation\1.1.0.8\buildTransitive\monoandroid90\..\..\jar\androidx.annotation.annotation.jar C:\Users\Administrator\.nuget\packages\xamarin.androidx.collection\1.1.0.6\buildTransitive\monoandroid90\..\..\jar\androidx.collection.collection.jar C:\Users\Administrator\.nuget\packages\xamarin.androidx.lifecycle.common\2.2.0.4\buildTransitive\monoandroid90\..\..\jar\androidx.lifecycle.lifecycle-common.jar C:\Users\Administrator\.nuget\packages\xamarin.androidx.arch.core.common\2.1.0.7\buildTransitive\monoandroid90\..\..\jar\androidx.arch.core.core-common.jar obj\Debug\110\androidx\jl\3c0684a4-37c7-46e3-968c-879158d1b1cd.jar obj\Debug\110\lp\1\jl\formsviewgroup.jar obj\Debug\110\lp\60\jl\classes.jar obj\Debug\110\lp\61\jl\classes.jar obj\Debug\110\lp\62\jl\classes.jar obj\Debug\110\lp\63\jl\classes.jar obj\Debug\110\lp\64\jl\classes.jar obj\Debug\110\lp\65\jl\classes.jar obj\Debug\110\lp\66\jl\classes.jar obj\Debug\110\lp\67\jl\classes.jar obj\Debug\110\lp\68\jl\classes.jar obj\Debug\110\lp\69\jl\classes.jar obj\Debug\110\lp\70\jl\classes.jar obj\Debug\110\lp\71\jl\classes.jar obj\Debug\110\lp\72\jl\classes.jar obj\Debug\110\lp\73\jl\classes.jar obj\Debug\110\lp\74\jl\classes.jar obj\Debug\110\lp\75\jl\classes.jar obj\Debug\110\lp\76\jl\classes.jar obj\Debug\110\lp\77\jl\classes.jar obj\Debug\110\lp\78\jl\classes.jar obj\Debug\110\lp\79\jl\classes.jar obj\Debug\110\lp\80\jl\classes.jar obj\Debug\110\lp\81\jl\classes.jar obj\Debug\110\
java_class_path (initial): C:\Program Files (x86)\Microsoft Visual Studio\2019\Professional\MSBuild\Xamarin\Android\r8.jar
Launcher Type: SUN_STANDARD

Environment Variables:
PATH=C:\Program Files\Android\Jdk\microsoft_dist_openjdk_1.8.0.25\bin;C:\Program Files\Microsoft MPI\Bin\;C:\Oracle\11.2.0\client_1;C:\Program Files (x86)\Eziriz\.NET Reactor;C:\ProgramData\Oracle\Java\javapath;D:\app\Hung\product\11.2.0\client_2\bin;D:\app\Hung\product\11.2.0\client_1;C:\Program Files (x86)\Common Files\Oracle\Java\javapath;C:\WINDOWS\system32;C:\WINDOWS;C:\WINDOWS\System32\Wbem;C:\WINDOWS\System32\WindowsPowerShell\v1.0\;C:\WINDOWS\System32\OpenSSH\;C:\Program Files (x86)\Microsoft SQL Server\140\Tools\Binn\;C:\Program Files\Microsoft SQL Server\140\Tools\Binn\;C:\Program Files (x86)\Microsoft SQL Server\140\DTS\Binn\;C:\Program Files\Microsoft SQL Server\140\DTS\Binn\;C:\Program Files\Microsoft SQL Server\Client SDK\ODBC\130\Tools\Binn\;C:\Program Files\Git\cmd;C:\Program Files\dotnet\;C:\Program Files\Microsoft SQL Server\130\Tools\Binn\;C:\Program Files (x86)\Microsoft SQL Server\Client SDK\ODBC\130\Tools\Binn\;C:\Program Files (x86)\Microsoft SQL Server\140\Tools\Binn\ManagementStudio\;C:\Program Files (x86)\Microsoft SQL Server\90\Tools\binn\;C:\Users\Administrator\AppData\Local\Microsoft\WindowsApps;C:\Users\Administrator\.dotnet\tools
USERNAME=Administrator
OS=Windows_NT
PROCESSOR_IDENTIFIER=Intel64 Family 6 Model 94 Stepping 3, GenuineIntel



---------------  S Y S T E M  ---------------

OS: Windows 10.0 , 64 bit Build 19041 (10.0.19041.1151)

CPU:total 8 (initial active 8) (4 cores per cpu, 2 threads per core) family 6 model 94 stepping 3, cmov, cx8, fxsr, mmx, sse, sse2, sse3, ssse3, sse4.1, sse4.2, popcnt, avx, avx2, aes, clmul, erms, rtm, 3dnowpref, lzcnt, ht, tsc, tscinvbit, bmi1, bmi2, adx

Memory: 4k page, physical 16654136k(2460788k free), swap 16654136k(5124k free)

vm_info: OpenJDK 64-Bit Server VM (25.71-b00) for windows-amd64 JRE (1.8.0-25-microsoft-b00), built on Feb  7 2019 20:09:14 by "builder" with MS VC++ 10.0 (VS2010)

time: Wed Aug 25 11:13:57 2021
timezone: SE Asia Standard Time
elapsed time: 5 seconds (0d 0h 0m 5s)

