#
# There is insufficient memory for the Java Runtime Environment to continue.
# Native memory allocation (malloc) failed to allocate 32784 bytes for Chunk::new
# Possible reasons:
#   The system is out of physical RAM or swap space
#   The process is running with CompressedOops enabled, and the Java Heap may be blocking the growth of the native heap
# Possible solutions:
#   Reduce memory load on the system
#   Increase physical memory or swap space
#   Check if swap backing store is full
#   Decrease Java heap size (-Xmx/-Xms)
#   Decrease number of Java threads
#   Decrease Java thread stack sizes (-Xss)
#   Set larger code cache with -XX:ReservedCodeCacheSize=
#   JVM is running with Zero Based Compressed Oops mode in which the Java heap is
#     placed in the first 32GB address space. The Java Heap base address is the
#     maximum limit for the native heap growth. Please use -XX:HeapBaseMinAddress
#     to set the Java Heap base and to place the Java Heap above 32GB virtual address.
# This output file may be truncated or incomplete.
#
#  Out of Memory Error (allocation.cpp:389), pid=7092, tid=0x0000000000005e68
#
# JRE version: OpenJDK Runtime Environment (8.0) (build 1.8.0-25-microsoft-b00)
# Java VM: OpenJDK 64-Bit Server VM (25.71-b00 mixed mode windows-amd64 compressed oops)
# Failed to write core dump. Minidumps are not enabled by default on client versions of Windows
#

---------------  T H R E A D  ---------------

Current thread (0x000000001e5ee000):  JavaThread "C2 CompilerThread1" daemon [_thread_in_native, id=24168, stack(0x000000001efc0000,0x000000001f0c0000)]

Stack: [0x000000001efc0000,0x000000001f0c0000]
[error occurred during error reporting (printing stack bounds), id 0xc0000005]

Native frames: (J=compiled Java code, j=interpreted, Vv=VM code, C=native code)


Current CompileTask:
C2:    984 1640 %     4       org.objectweb.asm.ClassReader::readCode @ 1446 (3575 bytes)


---------------  P R O C E S S  ---------------

Java Threads: ( => current thread )
  0x000000001f77e000 JavaThread "pool-1-thread-10" [_thread_blocked, id=7496, stack(0x00000000206c0000,0x00000000207c0000)]
  0x000000001f779000 JavaThread "pool-1-thread-9" [_thread_in_native, id=26372, stack(0x00000000205c0000,0x00000000206c0000)]
  0x000000001f770800 JavaThread "pool-1-thread-8" [_thread_blocked, id=8492, stack(0x00000000203c0000,0x00000000204c0000)]
  0x000000001f76f800 JavaThread "pool-1-thread-7" [_thread_in_native, id=4184, stack(0x00000000202c0000,0x00000000203c0000)]
  0x000000001f76f000 JavaThread "pool-1-thread-6" [_thread_blocked, id=14252, stack(0x00000000201c0000,0x00000000202c0000)]
  0x000000001f763800 JavaThread "pool-1-thread-5" [_thread_blocked, id=25156, stack(0x00000000200c0000,0x00000000201c0000)]
  0x000000001f763000 JavaThread "pool-1-thread-4" [_thread_in_native, id=19428, stack(0x000000001ffc0000,0x00000000200c0000)]
  0x000000001f760000 JavaThread "pool-1-thread-3" [_thread_blocked, id=20764, stack(0x000000001fec0000,0x000000001ffc0000)]
  0x000000001f75d000 JavaThread "pool-1-thread-2" [_thread_blocked, id=9896, stack(0x000000001fdc0000,0x000000001fec0000)]
  0x000000001f75c800 JavaThread "pool-1-thread-1" [_thread_blocked, id=19724, stack(0x000000001fcc0000,0x000000001fdc0000)]
  0x000000001e688000 JavaThread "Service Thread" daemon [_thread_blocked, id=15920, stack(0x000000001f2c0000,0x000000001f3c0000)]
  0x000000001e5fb000 JavaThread "C1 CompilerThread3" daemon [_thread_blocked, id=25096, stack(0x000000001f1c0000,0x000000001f2c0000)]
  0x000000001e5f1000 JavaThread "C2 CompilerThread2" daemon [_thread_blocked, id=16772, stack(0x000000001f0c0000,0x000000001f1c0000)]
=>0x000000001e5ee000 JavaThread "C2 CompilerThread1" daemon [_thread_in_native, id=24168, stack(0x000000001efc0000,0x000000001f0c0000)]
  0x000000001e5ec000 JavaThread "C2 CompilerThread0" daemon [_thread_in_native, id=8316, stack(0x000000001eec0000,0x000000001efc0000)]
  0x000000001e5eb000 JavaThread "Attach Listener" daemon [_thread_blocked, id=25268, stack(0x000000001edc0000,0x000000001eec0000)]
  0x000000001e5e9800 JavaThread "Signal Dispatcher" daemon [_thread_blocked, id=15788, stack(0x000000001ecc0000,0x000000001edc0000)]
  0x000000001e5e0800 JavaThread "Finalizer" daemon [_thread_blocked, id=13968, stack(0x000000001eac0000,0x000000001ebc0000)]
  0x0000000002dd9000 JavaThread "Reference Handler" daemon [_thread_blocked, id=1124, stack(0x000000001e9c0000,0x000000001eac0000)]
  0x0000000002cde800 JavaThread "main" [_thread_blocked, id=9448, stack(0x0000000002b00000,0x0000000002c00000)]

Other Threads:
  0x000000001c7e8000 VMThread [stack: 0x000000001e4c0000,0x000000001e5c0000] [id=23428]
  0x000000001e688800 WatcherThread [stack: 0x000000001f3c0000,0x000000001f4c0000] [id=18660]

VM state:at safepoint (normal execution)

VM Mutex/Monitor currently owned by a thread:  ([mutex/lock_event])
[0x0000000002cddc10] Threads_lock - owner thread: 0x000000001c7e8000
[0x0000000002cdde90] Heap_lock - owner thread: 0x000000001f76f000

heap address: 0x00000006c1e00000, size: 4066 MB, Compressed Oops mode: Zero based, Oop shift amount: 3
Narrow klass base: 0x0000000000000000, Narrow klass shift: 3
Compressed class space size: 1073741824 Address: 0x00000007c0000000

Heap:
 PSYoungGen      total 76288K, used 76276K [0x000000076b500000, 0x0000000770a00000, 0x00000007c0000000)
  eden space 65536K, 100% used [0x000000076b500000,0x000000076f500000,0x000000076f500000)
  from space 10752K, 99% used [0x000000076f500000,0x000000076ff7d278,0x000000076ff80000)
  to   space 10752K, 74% used [0x000000076ff80000,0x000000077074a990,0x0000000770a00000)
 ParOldGen       total 175104K, used 21485K [0x00000006c1e00000, 0x00000006cc900000, 0x000000076b500000)
  object space 175104K, 12% used [0x00000006c1e00000,0x00000006c32fb510,0x00000006cc900000)
 Metaspace       used 9229K, capacity 9372K, committed 9600K, reserved 1058816K
  class space    used 843K, capacity 884K, committed 896K, reserved 1048576K

Card table byte_map: [0x00000000121a0000,0x00000000129a0000] byte_map_base: 0x000000000eb91000

Marking Bits: (ParMarkBitMap*) 0x0000000052278f30
 Begin Bits: [0x00000000136f0000, 0x0000000017678000)
 End Bits:   [0x0000000017678000, 0x000000001b600000)

Polling page: 0x0000000001330000

CodeCache: size=245760Kb used=6078Kb max_used=6078Kb free=239681Kb
 bounds [0x0000000002de0000, 0x00000000033e0000, 0x0000000011de0000]
 total_blobs=2008 nmethods=1672 adapters=249
 compilation: enabled

Compilation events (10 events):
Event: 0.961 Thread 0x000000001e5fb000 1704       1       java.util.Collections$1::hasNext (5 bytes)
Event: 0.961 Thread 0x000000001e5fb000 nmethod 1704 0x00000000033baa10 code [0x00000000033bab60, 0x00000000033bac70]
Event: 0.961 Thread 0x000000001e5fb000 1705       2       sun.nio.cs.SingleByte$Encoder::encode (32 bytes)
Event: 0.961 Thread 0x000000001e5fb000 nmethod 1705 0x00000000033ba590 code [0x00000000033ba700, 0x00000000033ba8d0]
Event: 0.962 Thread 0x000000001e5fb000 1706       2       java.io.WinNTFileSystem::normalize (231 bytes)
Event: 0.964 Thread 0x000000001e5fb000 nmethod 1706 0x00000000033d1190 code [0x00000000033d14a0, 0x00000000033d35b8]
Event: 0.965 Thread 0x000000001e5fb000 1707       2       java.nio.HeapByteBuffer::compact (52 bytes)
Event: 0.966 Thread 0x000000001e5fb000 nmethod 1707 0x00000000033ba0d0 code [0x00000000033ba240, 0x00000000033ba4c8]
Event: 0.966 Thread 0x000000001e5fb000 1708   !   2       sun.nio.cs.StreamDecoder::readBytes (289 bytes)
Event: 0.966 Thread 0x000000001e5fb000 nmethod 1708 0x00000000033d5410 code [0x00000000033d5640, 0x00000000033d5d08]

GC Heap History (10 events):
Event: 0.391 GC heap before
{Heap before GC invocations=1 (full 0):
 PSYoungGen      total 76288K, used 65536K [0x000000076b500000, 0x0000000770a00000, 0x00000007c0000000)
  eden space 65536K, 100% used [0x000000076b500000,0x000000076f500000,0x000000076f500000)
  from space 10752K, 0% used [0x000000076ff80000,0x000000076ff80000,0x0000000770a00000)
  to   space 10752K, 0% used [0x000000076f500000,0x000000076f500000,0x000000076ff80000)
 ParOldGen       total 175104K, used 0K [0x00000006c1e00000, 0x00000006cc900000, 0x000000076b500000)
  object space 175104K, 0% used [0x00000006c1e00000,0x00000006c1e00000,0x00000006cc900000)
 Metaspace       used 8244K, capacity 8284K, committed 8576K, reserved 1056768K
  class space    used 800K, capacity 820K, committed 896K, reserved 1048576K
Event: 0.395 GC heap after
Heap after GC invocations=1 (full 0):
 PSYoungGen      total 76288K, used 6655K [0x000000076b500000, 0x0000000770a00000, 0x00000007c0000000)
  eden space 65536K, 0% used [0x000000076b500000,0x000000076b500000,0x000000076f500000)
  from space 10752K, 61% used [0x000000076f500000,0x000000076fb7fdd0,0x000000076ff80000)
  to   space 10752K, 0% used [0x000000076ff80000,0x000000076ff80000,0x0000000770a00000)
 ParOldGen       total 175104K, used 80K [0x00000006c1e00000, 0x00000006cc900000, 0x000000076b500000)
  object space 175104K, 0% used [0x00000006c1e00000,0x00000006c1e14010,0x00000006cc900000)
 Metaspace       used 8244K, capacity 8284K, committed 8576K, reserved 1056768K
  class space    used 800K, capacity 820K, committed 896K, reserved 1048576K
}
Event: 0.589 GC heap before
{Heap before GC invocations=2 (full 0):
 PSYoungGen      total 76288K, used 72175K [0x000000076b500000, 0x0000000770a00000, 0x00000007c0000000)
  eden space 65536K, 99% used [0x000000076b500000,0x000000076f4fbf30,0x000000076f500000)
  from space 10752K, 61% used [0x000000076f500000,0x000000076fb7fdd0,0x000000076ff80000)
  to   space 10752K, 0% used [0x000000076ff80000,0x000000076ff80000,0x0000000770a00000)
 ParOldGen       total 175104K, used 80K [0x00000006c1e00000, 0x00000006cc900000, 0x000000076b500000)
  object space 175104K, 0% used [0x00000006c1e00000,0x00000006c1e14010,0x00000006cc900000)
 Metaspace       used 8449K, capacity 8540K, committed 8832K, reserved 1056768K
  class space    used 800K, capacity 820K, committed 896K, reserved 1048576K
Event: 0.592 GC heap after
Heap after GC invocations=2 (full 0):
 PSYoungGen      total 76288K, used 5744K [0x000000076b500000, 0x0000000770a00000, 0x00000007c0000000)
  eden space 65536K, 0% used [0x000000076b500000,0x000000076b500000,0x000000076f500000)
  from space 10752K, 53% used [0x000000076ff80000,0x000000077051c3a0,0x0000000770a00000)
  to   space 10752K, 0% used [0x000000076f500000,0x000000076f500000,0x000000076ff80000)
 ParOldGen       total 175104K, used 88K [0x00000006c1e00000, 0x00000006cc900000, 0x000000076b500000)
  object space 175104K, 0% used [0x00000006c1e00000,0x00000006c1e16010,0x00000006cc900000)
 Metaspace       used 8449K, capacity 8540K, committed 8832K, reserved 1056768K
  class space    used 800K, capacity 820K, committed 896K, reserved 1048576K
}
Event: 0.667 GC heap before
{Heap before GC invocations=3 (full 0):
 PSYoungGen      total 76288K, used 71280K [0x000000076b500000, 0x0000000770a00000, 0x00000007c0000000)
  eden space 65536K, 100% used [0x000000076b500000,0x000000076f500000,0x000000076f500000)
  from space 10752K, 53% used [0x000000076ff80000,0x000000077051c3a0,0x0000000770a00000)
  to   space 10752K, 0% used [0x000000076f500000,0x000000076f500000,0x000000076ff80000)
 ParOldGen       total 175104K, used 88K [0x00000006c1e00000, 0x00000006cc900000, 0x000000076b500000)
  object space 175104K, 0% used [0x00000006c1e00000,0x00000006c1e16010,0x00000006cc900000)
 Metaspace       used 8574K, capacity 8668K, committed 8832K, reserved 1056768K
  class space    used 808K, capacity 820K, committed 896K, reserved 1048576K
Event: 0.678 GC heap after
Heap after GC invocations=3 (full 0):
 PSYoungGen      total 76288K, used 10742K [0x000000076b500000, 0x0000000770a00000, 0x00000007c0000000)
  eden space 65536K, 0% used [0x000000076b500000,0x000000076b500000,0x000000076f500000)
  from space 10752K, 99% used [0x000000076f500000,0x000000076ff7db10,0x000000076ff80000)
  to   space 10752K, 0% used [0x000000076ff80000,0x000000076ff80000,0x0000000770a00000)
 ParOldGen       total 175104K, used 9079K [0x00000006c1e00000, 0x00000006cc900000, 0x000000076b500000)
  object space 175104K, 5% used [0x00000006c1e00000,0x00000006c26ddd10,0x00000006cc900000)
 Metaspace       used 8574K, capacity 8668K, committed 8832K, reserved 1056768K
  class space    used 808K, capacity 820K, committed 896K, reserved 1048576K
}
Event: 0.807 GC heap before
{Heap before GC invocations=4 (full 0):
 PSYoungGen      total 76288K, used 75672K [0x000000076b500000, 0x0000000770a00000, 0x00000007c0000000)
  eden space 65536K, 99% used [0x000000076b500000,0x000000076f4685c8,0x000000076f500000)
  from space 10752K, 99% used [0x000000076f500000,0x000000076ff7db10,0x000000076ff80000)
  to   space 10752K, 0% used [0x000000076ff80000,0x000000076ff80000,0x0000000770a00000)
 ParOldGen       total 175104K, used 9079K [0x00000006c1e00000, 0x00000006cc900000, 0x000000076b500000)
  object space 175104K, 5% used [0x00000006c1e00000,0x00000006c26ddd10,0x00000006cc900000)
 Metaspace       used 9132K, capacity 9244K, committed 9344K, reserved 1058816K
  class space    used 843K, capacity 884K, committed 896K, reserved 1048576K
Event: 0.817 GC heap after
Heap after GC invocations=4 (full 0):
 PSYoungGen      total 76288K, used 10748K [0x000000076b500000, 0x0000000770a00000, 0x00000007c0000000)
  eden space 65536K, 0% used [0x000000076b500000,0x000000076b500000,0x000000076f500000)
  from space 10752K, 99% used [0x000000076ff80000,0x00000007709ff3f8,0x0000000770a00000)
  to   space 10752K, 0% used [0x000000076f500000,0x000000076f500000,0x000000076ff80000)
 ParOldGen       total 175104K, used 15235K [0x00000006c1e00000, 0x00000006cc900000, 0x000000076b500000)
  object space 175104K, 8% used [0x00000006c1e00000,0x00000006c2ce0dd0,0x00000006cc900000)
 Metaspace       used 9132K, capacity 9244K, committed 9344K, reserved 1058816K
  class space    used 843K, capacity 884K, committed 896K, reserved 1048576K
}
Event: 0.872 GC heap before
{Heap before GC invocations=5 (full 0):
 PSYoungGen      total 76288K, used 76284K [0x000000076b500000, 0x0000000770a00000, 0x00000007c0000000)
  eden space 65536K, 100% used [0x000000076b500000,0x000000076f500000,0x000000076f500000)
  from space 10752K, 99% used [0x000000076ff80000,0x00000007709ff3f8,0x0000000770a00000)
  to   space 10752K, 0% used [0x000000076f500000,0x000000076f500000,0x000000076ff80000)
 ParOldGen       total 175104K, used 15235K [0x00000006c1e00000, 0x00000006cc900000, 0x000000076b500000)
  object space 175104K, 8% used [0x00000006c1e00000,0x00000006c2ce0dd0,0x00000006cc900000)
 Metaspace       used 9153K, capacity 9244K, committed 9344K, reserved 1058816K
  class space    used 843K, capacity 884K, committed 896K, reserved 1048576K
Event: 0.888 GC heap after
Heap after GC invocations=5 (full 0):
 PSYoungGen      total 76288K, used 10740K [0x000000076b500000, 0x0000000770a00000, 0x00000007c0000000)
  eden space 65536K, 0% used [0x000000076b500000,0x000000076b500000,0x000000076f500000)
  from space 10752K, 99% used [0x000000076f500000,0x000000076ff7d278,0x000000076ff80000)
  to   space 10752K, 0% used [0x000000076ff80000,0x000000076ff80000,0x0000000770a00000)
 ParOldGen       total 175104K, used 21485K [0x00000006c1e00000, 0x00000006cc900000, 0x000000076b500000)
  object space 175104K, 12% used [0x00000006c1e00000,0x00000006c32fb510,0x00000006cc900000)
 Metaspace       used 9153K, capacity 9244K, committed 9344K, reserved 1058816K
  class space    used 843K, capacity 884K, committed 896K, reserved 1048576K
}

Deoptimization events (10 events):
Event: 0.743 Thread 0x000000001f760000 Uncommon trap: reason=unstable_if action=reinterpret pc=0x00000000032bfa30 method=kotlin.jvm.internal.Intrinsics.areEqual(Ljava/lang/Object;Ljava/lang/Object;)Z @ 1
Event: 0.743 Thread 0x000000001f760000 Uncommon trap: reason=bimorphic action=maybe_recompile pc=0x00000000030d9030 method=java.util.regex.Pattern$Begin.match(Ljava/util/regex/Matcher;ILjava/lang/CharSequence;)Z @ 30
Event: 0.743 Thread 0x000000001f760000 Uncommon trap: reason=bimorphic action=maybe_recompile pc=0x00000000030d9030 method=java.util.regex.Pattern$Begin.match(Ljava/util/regex/Matcher;ILjava/lang/CharSequence;)Z @ 30
Event: 0.743 Thread 0x000000001f760000 Uncommon trap: reason=bimorphic action=maybe_recompile pc=0x00000000030d9030 method=java.util.regex.Pattern$Begin.match(Ljava/util/regex/Matcher;ILjava/lang/CharSequence;)Z @ 30
Event: 0.743 Thread 0x000000001f760000 Uncommon trap: reason=bimorphic action=maybe_recompile pc=0x00000000030b0dec method=java.util.regex.Pattern$Slice.match(Ljava/util/regex/Matcher;ILjava/lang/CharSequence;)Z @ 75
Event: 0.743 Thread 0x000000001f760000 Uncommon trap: reason=bimorphic action=maybe_recompile pc=0x00000000030b0dec method=java.util.regex.Pattern$Slice.match(Ljava/util/regex/Matcher;ILjava/lang/CharSequence;)Z @ 75
Event: 0.744 Thread 0x000000001f760000 Uncommon trap: reason=bimorphic action=maybe_recompile pc=0x00000000030b0dec method=java.util.regex.Pattern$Slice.match(Ljava/util/regex/Matcher;ILjava/lang/CharSequence;)Z @ 75
Event: 0.746 Thread 0x000000001f760000 Uncommon trap: reason=unstable_if action=reinterpret pc=0x00000000032e0548 method=com.android.tools.build.jetifier.core.config.Config.isEligibleForRewrite(Lcom/android/tools/build/jetifier/core/type/JavaType;)Z @ 14
Event: 0.748 Thread 0x000000001f75d000 Uncommon trap: reason=unstable_if action=reinterpret pc=0x00000000031f7120 method=java.lang.ThreadLocal$ThreadLocalMap.getEntry(Ljava/lang/ThreadLocal;)Ljava/lang/ThreadLocal$ThreadLocalMap$Entry; @ 21
Event: 0.751 Thread 0x000000001f75c800 Uncommon trap: reason=unstable_if action=reinterpret pc=0x00000000031ed684 method=java.lang.ThreadLocal$ThreadLocalMap.getEntry(Ljava/lang/ThreadLocal;)Ljava/lang/ThreadLocal$ThreadLocalMap$Entry; @ 21

Classes redefined (0 events):
No events

Internal exceptions (10 events):
Event: 0.113 Thread 0x0000000002cde800 Exception <a 'java/lang/ArrayIndexOutOfBoundsException': 18> (0x000000076bc580c8) thrown at [D:\j\worksp~1\openjd~3\jdk8u\hotspot\src\share\vm\interpreter\interpreterRuntime.cpp, line 368]
Event: 0.114 Thread 0x0000000002cde800 Exception <a 'java/lang/ArrayIndexOutOfBoundsException': 55> (0x000000076bc58e38) thrown at [D:\j\worksp~1\openjd~3\jdk8u\hotspot\src\share\vm\interpreter\interpreterRuntime.cpp, line 368]
Event: 0.114 Thread 0x0000000002cde800 Exception <a 'java/lang/ArrayIndexOutOfBoundsException': 40> (0x000000076bc59ca8) thrown at [D:\j\worksp~1\openjd~3\jdk8u\hotspot\src\share\vm\interpreter\interpreterRuntime.cpp, line 368]
Event: 0.148 Thread 0x0000000002cde800 Exception <a 'java/lang/ArrayIndexOutOfBoundsException'> (0x000000076c0d4310) thrown at [D:\j\worksp~1\openjd~3\jdk8u\hotspot\src\share\vm\runtime\sharedRuntime.cpp, line 605]
Event: 0.149 Thread 0x0000000002cde800 Exception <a 'java/lang/ArrayIndexOutOfBoundsException'> (0x000000076c0ef860) thrown at [D:\j\worksp~1\openjd~3\jdk8u\hotspot\src\share\vm\runtime\sharedRuntime.cpp, line 605]
Event: 0.155 Thread 0x0000000002cde800 Exception <a 'java/lang/ArrayIndexOutOfBoundsException'> (0x000000076c141260) thrown at [D:\j\worksp~1\openjd~3\jdk8u\hotspot\src\share\vm\runtime\sharedRuntime.cpp, line 605]
Event: 0.156 Thread 0x0000000002cde800 Exception <a 'java/lang/ArrayIndexOutOfBoundsException'> (0x000000076c1569c8) thrown at [D:\j\worksp~1\openjd~3\jdk8u\hotspot\src\share\vm\runtime\sharedRuntime.cpp, line 605]
Event: 0.743 Thread 0x000000001f760000 Implicit null exception at 0x00000000032bf8ec to 0x00000000032bfa1d
Event: 0.748 Thread 0x000000001f75d000 Implicit null exception at 0x00000000031f7080 to 0x00000000031f7101
Event: 0.751 Thread 0x000000001f75c800 Implicit null exception at 0x00000000031ed5f4 to 0x00000000031ed669

Events (10 events):
Event: 0.824 Thread 0x000000001f763800 DEOPT PACKING pc=0x0000000003228ed5 sp=0x00000000201be8d0
Event: 0.824 Thread 0x000000001f763800 DEOPT UNPACKING pc=0x0000000002e275d0 sp=0x00000000201be620 mode 0
Event: 0.832 Thread 0x000000001f75d000 DEOPT PACKING pc=0x00000000032876ce sp=0x000000001febe8b0
Event: 0.832 Thread 0x000000001f75d000 DEOPT UNPACKING pc=0x0000000002e275d0 sp=0x000000001febe768 mode 0
Event: 0.867 Thread 0x000000001f760000 DEOPT PACKING pc=0x0000000003228ed5 sp=0x000000001ffbe7b0
Event: 0.867 Thread 0x000000001f760000 DEOPT UNPACKING pc=0x0000000002e275d0 sp=0x000000001ffbe500 mode 0
Event: 0.872 Executing VM operation: ParallelGCFailedAllocation
Event: 0.888 Executing VM operation: ParallelGCFailedAllocation done
Event: 0.916 Thread 0x000000001f75d000 DEOPT PACKING pc=0x0000000003228ed5 sp=0x000000001febeb90
Event: 0.916 Thread 0x000000001f75d000 DEOPT UNPACKING pc=0x0000000002e275d0 sp=0x000000001febe8e0 mode 0


Dynamic libraries:
0x00007ff6a4c40000 - 0x00007ff6a4c75000 	C:\Program Files\Android\Jdk\microsoft_dist_openjdk_1.8.0.25\bin\java.exe
0x00007ff97e9f0000 - 0x00007ff97ebe5000 	C:\WINDOWS\SYSTEM32\ntdll.dll
0x00007ff97e000000 - 0x00007ff97e0bd000 	C:\WINDOWS\System32\KERNEL32.DLL
0x00007ff97c270000 - 0x00007ff97c539000 	C:\WINDOWS\System32\KERNELBASE.dll
0x00007ff97ce00000 - 0x00007ff97ceac000 	C:\WINDOWS\System32\ADVAPI32.dll
0x00007ff97cfd0000 - 0x00007ff97d06e000 	C:\WINDOWS\System32\msvcrt.dll
0x00007ff97df30000 - 0x00007ff97dfcb000 	C:\WINDOWS\System32\sechost.dll
0x00007ff97e880000 - 0x00007ff97e9aa000 	C:\WINDOWS\System32\RPCRT4.dll
0x00007ff97cc60000 - 0x00007ff97ce00000 	C:\WINDOWS\System32\USER32.dll
0x00007ff97c850000 - 0x00007ff97c872000 	C:\WINDOWS\System32\win32u.dll
0x00007ff97dfd0000 - 0x00007ff97dffa000 	C:\WINDOWS\System32\GDI32.dll
0x00007ff97c6a0000 - 0x00007ff97c7ab000 	C:\WINDOWS\System32\gdi32full.dll
0x00007ff97c7b0000 - 0x00007ff97c84d000 	C:\WINDOWS\System32\msvcp_win.dll
0x00007ff97c120000 - 0x00007ff97c220000 	C:\WINDOWS\System32\ucrtbase.dll
0x00007ff95e850000 - 0x00007ff95eaea000 	C:\WINDOWS\WinSxS\amd64_microsoft.windows.common-controls_6595b64144ccf1df_6.0.19041.1110_none_60b5254171f9507e\COMCTL32.dll
0x00007ff97e840000 - 0x00007ff97e870000 	C:\WINDOWS\System32\IMM32.DLL
0x0000000052990000 - 0x0000000052a61000 	C:\Program Files\Android\Jdk\microsoft_dist_openjdk_1.8.0.25\jre\bin\msvcr100.dll
0x0000000051ab0000 - 0x00000000522f5000 	C:\Program Files\Android\Jdk\microsoft_dist_openjdk_1.8.0.25\jre\bin\server\jvm.dll
0x00007ff97e240000 - 0x00007ff97e248000 	C:\WINDOWS\System32\PSAPI.DLL
0x00007ff96a3d0000 - 0x00007ff96a3d9000 	C:\WINDOWS\SYSTEM32\WSOCK32.dll
0x00007ff95ff50000 - 0x00007ff95ff77000 	C:\WINDOWS\SYSTEM32\WINMM.dll
0x00007ff97e120000 - 0x00007ff97e18b000 	C:\WINDOWS\System32\WS2_32.dll
0x00007ff975230000 - 0x00007ff97523a000 	C:\WINDOWS\SYSTEM32\VERSION.dll
0x00007ff977c70000 - 0x00007ff977c7f000 	C:\Program Files\Android\Jdk\microsoft_dist_openjdk_1.8.0.25\jre\bin\verify.dll
0x00007ff96b960000 - 0x00007ff96b989000 	C:\Program Files\Android\Jdk\microsoft_dist_openjdk_1.8.0.25\jre\bin\java.dll
0x00007ff9778d0000 - 0x00007ff9778e6000 	C:\Program Files\Android\Jdk\microsoft_dist_openjdk_1.8.0.25\jre\bin\zip.dll
0x00007ff97d6c0000 - 0x00007ff97ddff000 	C:\WINDOWS\System32\SHELL32.dll
0x00007ff97a120000 - 0x00007ff97a8b0000 	C:\WINDOWS\SYSTEM32\windows.storage.dll
0x00007ff97e250000 - 0x00007ff97e5a5000 	C:\WINDOWS\System32\combase.dll
0x00007ff97bab0000 - 0x00007ff97badc000 	C:\WINDOWS\SYSTEM32\Wldp.dll
0x00007ff97e190000 - 0x00007ff97e23e000 	C:\WINDOWS\System32\SHCORE.dll
0x00007ff97d130000 - 0x00007ff97d185000 	C:\WINDOWS\System32\shlwapi.dll
0x00007ff97c060000 - 0x00007ff97c07f000 	C:\WINDOWS\SYSTEM32\profapi.dll
0x00007ff96bb30000 - 0x00007ff96bb4a000 	C:\Program Files\Android\jdk\microsoft_dist_openjdk_1.8.0.25\jre\bin\net.dll
0x00007ff97b810000 - 0x00007ff97b87a000 	C:\WINDOWS\system32\mswsock.dll
0x00007ff96ba20000 - 0x00007ff96ba31000 	C:\Program Files\Android\jdk\microsoft_dist_openjdk_1.8.0.25\jre\bin\nio.dll

VM Arguments:
java_command: com.xamarin.androidx.jetifierWrapper.Main -intermediate obj\Debug\110\androidx\_AndroidXJetifyEmbeddedFiles.jetify -parallel
java_class_path (initial): C:\Users\Administrator\.nuget\packages\xamarin.androidx.migration\1.0.8\buildTransitive\monoandroid90\Tools/JetifierWrapper/jetifierWrapper-1.0.jar
Launcher Type: SUN_STANDARD

Environment Variables:
PATH=C:\Program Files\Android\Jdk\microsoft_dist_openjdk_1.8.0.25\bin;C:\Program Files\Microsoft MPI\Bin\;C:\Oracle\11.2.0\client_1;C:\Program Files (x86)\Eziriz\.NET Reactor;C:\ProgramData\Oracle\Java\javapath;D:\app\Hung\product\11.2.0\client_2\bin;D:\app\Hung\product\11.2.0\client_1;C:\Program Files (x86)\Common Files\Oracle\Java\javapath;C:\WINDOWS\system32;C:\WINDOWS;C:\WINDOWS\System32\Wbem;C:\WINDOWS\System32\WindowsPowerShell\v1.0\;C:\WINDOWS\System32\OpenSSH\;C:\Program Files (x86)\Microsoft SQL Server\140\Tools\Binn\;C:\Program Files\Microsoft SQL Server\140\Tools\Binn\;C:\Program Files (x86)\Microsoft SQL Server\140\DTS\Binn\;C:\Program Files\Microsoft SQL Server\140\DTS\Binn\;C:\Program Files\Microsoft SQL Server\Client SDK\ODBC\130\Tools\Binn\;C:\Program Files\Git\cmd;C:\Program Files\dotnet\;C:\Program Files\Microsoft SQL Server\130\Tools\Binn\;C:\Program Files (x86)\Microsoft SQL Server\Client SDK\ODBC\130\Tools\Binn\;C:\Program Files (x86)\Microsoft SQL Server\140\Tools\Binn\ManagementStudio\;C:\Program Files (x86)\Microsoft SQL Server\90\Tools\binn\;C:\Users\Administrator\AppData\Local\Microsoft\WindowsApps;C:\Users\Administrator\.dotnet\tools;C:\Users\Administrator\AppData\Local\GitHubDesktop\bin
USERNAME=Administrator
OS=Windows_NT
PROCESSOR_IDENTIFIER=Intel64 Family 6 Model 94 Stepping 3, GenuineIntel



---------------  S Y S T E M  ---------------

OS: Windows 10.0 , 64 bit Build 19041 (10.0.19041.1151)

CPU:total 8 (initial active 8) (4 cores per cpu, 2 threads per core) family 6 model 94 stepping 3, cmov, cx8, fxsr, mmx, sse, sse2, sse3, ssse3, sse4.1, sse4.2, popcnt, avx, avx2, aes, clmul, erms, rtm, 3dnowpref, lzcnt, ht, tsc, tscinvbit, bmi1, bmi2, adx

Memory: 4k page, physical 16654136k(4286288k free), swap 16654136k(4108k free)

vm_info: OpenJDK 64-Bit Server VM (25.71-b00) for windows-amd64 JRE (1.8.0-25-microsoft-b00), built on Feb  7 2019 20:09:14 by "builder" with MS VC++ 10.0 (VS2010)

time: Tue Sep 14 15:13:58 2021
timezone: SE Asia Standard Time
elapsed time: 0 seconds (0d 0h 0m 0s)

