#
# There is insufficient memory for the Java Runtime Environment to continue.
# Native memory allocation (malloc) failed to allocate 980128 bytes for Chunk::new
# Possible reasons:
#   The system is out of physical RAM or swap space
#   The process is running with CompressedOops enabled, and the Java Heap may be blocking the growth of the native heap
# Possible solutions:
#   Reduce memory load on the system
#   Increase physical memory or swap space
#   Check if swap backing store is full
#   Decrease Java heap size (-Xmx/-Xms)
#   Decrease number of Java threads
#   Decrease Java thread stack sizes (-Xss)
#   Set larger code cache with -XX:ReservedCodeCacheSize=
#   JVM is running with Zero Based Compressed Oops mode in which the Java heap is
#     placed in the first 32GB address space. The Java Heap base address is the
#     maximum limit for the native heap growth. Please use -XX:HeapBaseMinAddress
#     to set the Java Heap base and to place the Java Heap above 32GB virtual address.
# This output file may be truncated or incomplete.
#
#  Out of Memory Error (allocation.cpp:389), pid=20808, tid=0x0000000000004494
#
# JRE version: OpenJDK Runtime Environment (8.0) (build 1.8.0-25-microsoft-b00)
# Java VM: OpenJDK 64-Bit Server VM (25.71-b00 mixed mode windows-amd64 compressed oops)
# Failed to write core dump. Minidumps are not enabled by default on client versions of Windows
#

---------------  T H R E A D  ---------------

Current thread (0x000000001e774800):  JavaThread "C2 CompilerThread2" daemon [_thread_in_native, id=17556, stack(0x000000001f240000,0x000000001f340000)]

Stack: [0x000000001f240000,0x000000001f340000]
[error occurred during error reporting (printing stack bounds), id 0xc0000005]

Native frames: (J=compiled Java code, j=interpreted, Vv=VM code, C=native code)


Current CompileTask:
C2:   1186 1607       4       org.objectweb.asm.commons.Remapper::mapDesc (131 bytes)


---------------  P R O C E S S  ---------------

Java Threads: ( => current thread )
  0x000000001f902800 JavaThread "pool-1-thread-10" [_thread_in_Java, id=15752, stack(0x0000000020840000,0x0000000020940000)]
  0x000000001f8f2000 JavaThread "pool-1-thread-9" [_thread_blocked, id=18984, stack(0x0000000020740000,0x0000000020840000)]
  0x000000001f8f1800 JavaThread "pool-1-thread-8" [_thread_blocked, id=15588, stack(0x0000000020540000,0x0000000020640000)]
  0x000000001f8ef800 JavaThread "pool-1-thread-7" [_thread_in_Java, id=2876, stack(0x0000000020440000,0x0000000020540000)]
  0x000000001f8ef000 JavaThread "pool-1-thread-6" [_thread_blocked, id=23384, stack(0x0000000020340000,0x0000000020440000)]
  0x000000001f8ec000 JavaThread "pool-1-thread-5" [_thread_blocked, id=1536, stack(0x0000000020240000,0x0000000020340000)]
  0x000000001f8e0000 JavaThread "pool-1-thread-4" [_thread_blocked, id=2540, stack(0x0000000020140000,0x0000000020240000)]
  0x000000001f8df000 JavaThread "pool-1-thread-3" [_thread_blocked, id=6744, stack(0x0000000020040000,0x0000000020140000)]
  0x000000001f8de800 JavaThread "pool-1-thread-2" [_thread_blocked, id=16308, stack(0x000000001ff40000,0x0000000020040000)]
  0x000000001f8dd000 JavaThread "pool-1-thread-1" [_thread_blocked, id=18788, stack(0x000000001fe40000,0x000000001ff40000)]
  0x000000001e804000 JavaThread "Service Thread" daemon [_thread_blocked, id=17832, stack(0x000000001f440000,0x000000001f540000)]
  0x000000001e77a800 JavaThread "C1 CompilerThread3" daemon [_thread_blocked, id=17652, stack(0x000000001f340000,0x000000001f440000)]
=>0x000000001e774800 JavaThread "C2 CompilerThread2" daemon [_thread_in_native, id=17556, stack(0x000000001f240000,0x000000001f340000)]
  0x000000001e772800 JavaThread "C2 CompilerThread1" daemon [_thread_in_native, id=21972, stack(0x000000001f140000,0x000000001f240000)]
  0x000000001e76c800 JavaThread "C2 CompilerThread0" daemon [_thread_in_native, id=1772, stack(0x000000001f040000,0x000000001f140000)]
  0x000000001e76b800 JavaThread "Attach Listener" daemon [_thread_blocked, id=10840, stack(0x000000001ef40000,0x000000001f040000)]
  0x000000001c98e800 JavaThread "Signal Dispatcher" daemon [_thread_blocked, id=21648, stack(0x000000001ee40000,0x000000001ef40000)]
  0x000000001e760800 JavaThread "Finalizer" daemon [_thread_blocked, id=23320, stack(0x000000001ec40000,0x000000001ed40000)]
  0x000000001c97b800 JavaThread "Reference Handler" daemon [_thread_blocked, id=20696, stack(0x000000001eb40000,0x000000001ec40000)]
  0x0000000002cbe800 JavaThread "main" [_thread_blocked, id=17728, stack(0x0000000002d70000,0x0000000002e70000)]

Other Threads:
  0x000000001c978000 VMThread [stack: 0x000000001e640000,0x000000001e740000] [id=7928]
  0x000000001e805000 WatcherThread [stack: 0x000000001f540000,0x000000001f640000] [id=16580]

VM state:not at safepoint (normal execution)

VM Mutex/Monitor currently owned by a thread: None

heap address: 0x00000006c1e00000, size: 4066 MB, Compressed Oops mode: Zero based, Oop shift amount: 3
Narrow klass base: 0x0000000000000000, Narrow klass shift: 3
Compressed class space size: 1073741824 Address: 0x00000007c0000000

Heap:
 PSYoungGen      total 272896K, used 31112K [0x000000076b500000, 0x000000077ca00000, 0x00000007c0000000)
  eden space 262144K, 7% used [0x000000076b500000,0x000000076c8e32c0,0x000000077b500000)
  from space 10752K, 99% used [0x000000077b500000,0x000000077bf7edd0,0x000000077bf80000)
  to   space 10752K, 0% used [0x000000077bf80000,0x000000077bf80000,0x000000077ca00000)
 ParOldGen       total 175104K, used 36921K [0x00000006c1e00000, 0x00000006cc900000, 0x000000076b500000)
  object space 175104K, 21% used [0x00000006c1e00000,0x00000006c420e680,0x00000006cc900000)
 Metaspace       used 9297K, capacity 9430K, committed 9600K, reserved 1058816K
  class space    used 844K, capacity 883K, committed 896K, reserved 1048576K

Card table byte_map: [0x0000000012330000,0x0000000012b30000] byte_map_base: 0x000000000ed21000

Marking Bits: (ParMarkBitMap*) 0x000000006cbe8f30
 Begin Bits: [0x0000000013880000, 0x0000000017808000)
 End Bits:   [0x0000000017808000, 0x000000001b790000)

Polling page: 0x0000000002c70000

CodeCache: size=245760Kb used=6972Kb max_used=6972Kb free=238787Kb
 bounds [0x0000000002f70000, 0x0000000003650000, 0x0000000011f70000]
 total_blobs=2204 nmethods=1868 adapters=249
 compilation: enabled

Compilation events (10 events):
Event: 1.130 Thread 0x000000001e77a800 nmethod 1934 0x000000000362e590 code [0x000000000362e7a0, 0x000000000362f098]
Event: 1.130 Thread 0x000000001e77a800 1935       1       org.objectweb.asm.ClassWriter::visitEnd (1 bytes)
Event: 1.130 Thread 0x000000001e77a800 nmethod 1935 0x000000000362f750 code [0x000000000362f8a0, 0x000000000362f9b0]
Event: 1.135 Thread 0x000000001e77a800 1936       3       org.objectweb.asm.ClassWriter::toByteArray (1456 bytes)
Event: 1.138 Thread 0x000000001e77a800 nmethod 1936 0x000000000362fa10 code [0x0000000003630260, 0x0000000003634508]
Event: 1.140 Thread 0x000000001e77a800 1937       3       org.objectweb.asm.ClassReader::accept (1273 bytes)
Event: 1.144 Thread 0x000000001e77a800 nmethod 1937 0x0000000003636c10 code [0x0000000003637400, 0x000000000363d398]
Event: 1.184 Thread 0x000000001e77a800 1939       3       org.objectweb.asm.AnnotationWriter::put (170 bytes)
Event: 1.184 Thread 0x000000001e77a800 nmethod 1939 0x0000000003644590 code [0x00000000036447a0, 0x0000000003645048]
Event: 1.184 Thread 0x000000001e77a800 1938 %     3       org.objectweb.asm.AnnotationWriter::getSize @ 4 (28 bytes)

GC Heap History (10 events):
Event: 0.711 GC heap before
{Heap before GC invocations=3 (full 0):
 PSYoungGen      total 141824K, used 136371K [0x000000076b500000, 0x0000000774a00000, 0x00000007c0000000)
  eden space 131072K, 100% used [0x000000076b500000,0x0000000773500000,0x0000000773500000)
  from space 10752K, 49% used [0x0000000773f80000,0x00000007744acfb8,0x0000000774a00000)
  to   space 10752K, 0% used [0x0000000773500000,0x0000000773500000,0x0000000773f80000)
 ParOldGen       total 175104K, used 88K [0x00000006c1e00000, 0x00000006cc900000, 0x000000076b500000)
  object space 175104K, 0% used [0x00000006c1e00000,0x00000006c1e16010,0x00000006cc900000)
 Metaspace       used 9097K, capacity 9238K, committed 9344K, reserved 1058816K
  class space    used 842K, capacity 883K, committed 896K, reserved 1048576K
Event: 0.723 GC heap after
Heap after GC invocations=3 (full 0):
 PSYoungGen      total 141824K, used 10737K [0x000000076b500000, 0x000000077ca00000, 0x00000007c0000000)
  eden space 131072K, 0% used [0x000000076b500000,0x000000076b500000,0x0000000773500000)
  from space 10752K, 99% used [0x0000000773500000,0x0000000773f7c780,0x0000000773f80000)
  to   space 10752K, 0% used [0x000000077bf80000,0x000000077bf80000,0x000000077ca00000)
 ParOldGen       total 175104K, used 9811K [0x00000006c1e00000, 0x00000006cc900000, 0x000000076b500000)
  object space 175104K, 5% used [0x00000006c1e00000,0x00000006c2794c78,0x00000006cc900000)
 Metaspace       used 9097K, capacity 9238K, committed 9344K, reserved 1058816K
  class space    used 842K, capacity 883K, committed 896K, reserved 1048576K
}
Event: 0.804 GC heap before
{Heap before GC invocations=4 (full 0):
 PSYoungGen      total 141824K, used 141809K [0x000000076b500000, 0x000000077ca00000, 0x00000007c0000000)
  eden space 131072K, 100% used [0x000000076b500000,0x0000000773500000,0x0000000773500000)
  from space 10752K, 99% used [0x0000000773500000,0x0000000773f7c780,0x0000000773f80000)
  to   space 10752K, 0% used [0x000000077bf80000,0x000000077bf80000,0x000000077ca00000)
 ParOldGen       total 175104K, used 9811K [0x00000006c1e00000, 0x00000006cc900000, 0x000000076b500000)
  object space 175104K, 5% used [0x00000006c1e00000,0x00000006c2794c78,0x00000006cc900000)
 Metaspace       used 9178K, capacity 9302K, committed 9344K, reserved 1058816K
  class space    used 843K, capacity 883K, committed 896K, reserved 1048576K
Event: 0.816 GC heap after
Heap after GC invocations=4 (full 0):
 PSYoungGen      total 272896K, used 10741K [0x000000076b500000, 0x000000077ca00000, 0x00000007c0000000)
  eden space 262144K, 0% used [0x000000076b500000,0x000000076b500000,0x000000077b500000)
  from space 10752K, 99% used [0x000000077bf80000,0x000000077c9fd7a0,0x000000077ca00000)
  to   space 10752K, 0% used [0x000000077b500000,0x000000077b500000,0x000000077bf80000)
 ParOldGen       total 175104K, used 20847K [0x00000006c1e00000, 0x00000006cc900000, 0x000000076b500000)
  object space 175104K, 11% used [0x00000006c1e00000,0x00000006c325bf98,0x00000006cc900000)
 Metaspace       used 9178K, capacity 9302K, committed 9344K, reserved 1058816K
  class space    used 843K, capacity 883K, committed 896K, reserved 1048576K
}
Event: 0.955 GC heap before
{Heap before GC invocations=5 (full 0):
 PSYoungGen      total 272896K, used 272885K [0x000000076b500000, 0x000000077ca00000, 0x00000007c0000000)
  eden space 262144K, 100% used [0x000000076b500000,0x000000077b500000,0x000000077b500000)
  from space 10752K, 99% used [0x000000077bf80000,0x000000077c9fd7a0,0x000000077ca00000)
  to   space 10752K, 0% used [0x000000077b500000,0x000000077b500000,0x000000077bf80000)
 ParOldGen       total 175104K, used 22937K [0x00000006c1e00000, 0x00000006cc900000, 0x000000076b500000)
  object space 175104K, 13% used [0x00000006c1e00000,0x00000006c34667b0,0x00000006cc900000)
 Metaspace       used 9278K, capacity 9366K, committed 9600K, reserved 1058816K
  class space    used 844K, capacity 883K, committed 896K, reserved 1048576K
Event: 0.970 GC heap after
Heap after GC invocations=5 (full 0):
 PSYoungGen      total 272896K, used 10741K [0x000000076b500000, 0x000000077ca00000, 0x00000007c0000000)
  eden space 262144K, 0% used [0x000000076b500000,0x000000076b500000,0x000000077b500000)
  from space 10752K, 99% used [0x000000077b500000,0x000000077bf7d4c0,0x000000077bf80000)
  to   space 10752K, 0% used [0x000000077bf80000,0x000000077bf80000,0x000000077ca00000)
 ParOldGen       total 175104K, used 33348K [0x00000006c1e00000, 0x00000006cc900000, 0x000000076b500000)
  object space 175104K, 19% used [0x00000006c1e00000,0x00000006c3e91298,0x00000006cc900000)
 Metaspace       used 9278K, capacity 9366K, committed 9600K, reserved 1058816K
  class space    used 844K, capacity 883K, committed 896K, reserved 1048576K
}
Event: 0.970 GC heap before
{Heap before GC invocations=6 (full 0):
 PSYoungGen      total 272896K, used 13633K [0x000000076b500000, 0x000000077ca00000, 0x00000007c0000000)
  eden space 262144K, 1% used [0x000000076b500000,0x000000076b7d2f80,0x000000077b500000)
  from space 10752K, 99% used [0x000000077b500000,0x000000077bf7d4c0,0x000000077bf80000)
  to   space 10752K, 0% used [0x000000077bf80000,0x000000077bf80000,0x000000077ca00000)
 ParOldGen       total 175104K, used 33348K [0x00000006c1e00000, 0x00000006cc900000, 0x000000076b500000)
  object space 175104K, 19% used [0x00000006c1e00000,0x00000006c3e91298,0x00000006cc900000)
 Metaspace       used 9278K, capacity 9366K, committed 9600K, reserved 1058816K
  class space    used 844K, capacity 883K, committed 896K, reserved 1048576K
Event: 0.976 GC heap after
Heap after GC invocations=6 (full 0):
 PSYoungGen      total 272896K, used 10732K [0x000000076b500000, 0x000000077ca00000, 0x00000007c0000000)
  eden space 262144K, 0% used [0x000000076b500000,0x000000076b500000,0x000000077b500000)
  from space 10752K, 99% used [0x000000077bf80000,0x000000077c9fb2d8,0x000000077ca00000)
  to   space 10752K, 0% used [0x000000077b500000,0x000000077b500000,0x000000077bf80000)
 ParOldGen       total 175104K, used 33488K [0x00000006c1e00000, 0x00000006cc900000, 0x000000076b500000)
  object space 175104K, 19% used [0x00000006c1e00000,0x00000006c3eb40a8,0x00000006cc900000)
 Metaspace       used 9278K, capacity 9366K, committed 9600K, reserved 1058816K
  class space    used 844K, capacity 883K, committed 896K, reserved 1048576K
}
Event: 1.151 GC heap before
{Heap before GC invocations=7 (full 0):
 PSYoungGen      total 272896K, used 272876K [0x000000076b500000, 0x000000077ca00000, 0x00000007c0000000)
  eden space 262144K, 100% used [0x000000076b500000,0x000000077b500000,0x000000077b500000)
  from space 10752K, 99% used [0x000000077bf80000,0x000000077c9fb2d8,0x000000077ca00000)
  to   space 10752K, 0% used [0x000000077b500000,0x000000077b500000,0x000000077bf80000)
 ParOldGen       total 175104K, used 33488K [0x00000006c1e00000, 0x00000006cc900000, 0x000000076b500000)
  object space 175104K, 19% used [0x00000006c1e00000,0x00000006c3eb40a8,0x00000006cc900000)
 Metaspace       used 9297K, capacity 9430K, committed 9600K, reserved 1058816K
  class space    used 844K, capacity 883K, committed 896K, reserved 1048576K
Event: 1.167 GC heap after
Heap after GC invocations=7 (full 0):
 PSYoungGen      total 272896K, used 10747K [0x000000076b500000, 0x000000077ca00000, 0x00000007c0000000)
  eden space 262144K, 0% used [0x000000076b500000,0x000000076b500000,0x000000077b500000)
  from space 10752K, 99% used [0x000000077b500000,0x000000077bf7edd0,0x000000077bf80000)
  to   space 10752K, 0% used [0x000000077bf80000,0x000000077bf80000,0x000000077ca00000)
 ParOldGen       total 175104K, used 36921K [0x00000006c1e00000, 0x00000006cc900000, 0x000000076b500000)
  object space 175104K, 21% used [0x00000006c1e00000,0x00000006c420e680,0x00000006cc900000)
 Metaspace       used 9297K, capacity 9430K, committed 9600K, reserved 1058816K
  class space    used 844K, capacity 883K, committed 896K, reserved 1048576K
}

Deoptimization events (10 events):
Event: 0.688 Thread 0x000000001f8ef800 Uncommon trap: reason=bimorphic action=maybe_recompile pc=0x0000000003241cc0 method=java.util.regex.Pattern$Slice.match(Ljava/util/regex/Matcher;ILjava/lang/CharSequence;)Z @ 75
Event: 0.700 Thread 0x000000001f902800 Uncommon trap: reason=unstable_if action=reinterpret pc=0x000000000340e964 method=java.lang.Integer.valueOf(I)Ljava/lang/Integer; @ 3
Event: 0.757 Thread 0x000000001f8de800 Uncommon trap: reason=range_check action=make_not_entrant pc=0x00000000034d111c method=org.objectweb.asm.Type.getType([CI)Lorg/objectweb/asm/Type; @ 162
Event: 0.892 Thread 0x000000001f8f2000 Uncommon trap: reason=bimorphic action=maybe_recompile pc=0x0000000003565508 method=java.util.regex.Pattern$Begin.match(Ljava/util/regex/Matcher;ILjava/lang/CharSequence;)Z @ 30
Event: 0.893 Thread 0x000000001f8f2000 Uncommon trap: reason=bimorphic action=maybe_recompile pc=0x0000000003565508 method=java.util.regex.Pattern$Begin.match(Ljava/util/regex/Matcher;ILjava/lang/CharSequence;)Z @ 30
Event: 0.893 Thread 0x000000001f8f2000 Uncommon trap: reason=bimorphic action=maybe_recompile pc=0x0000000003565508 method=java.util.regex.Pattern$Begin.match(Ljava/util/regex/Matcher;ILjava/lang/CharSequence;)Z @ 30
Event: 0.894 Thread 0x000000001f8f2000 Uncommon trap: reason=bimorphic action=maybe_recompile pc=0x0000000003565508 method=java.util.regex.Pattern$Begin.match(Ljava/util/regex/Matcher;ILjava/lang/CharSequence;)Z @ 30
Event: 0.915 Thread 0x000000001f8f2000 Uncommon trap: reason=unstable_if action=reinterpret pc=0x00000000034bda10 method=org.objectweb.asm.Type.getType([CI)Lorg/objectweb/asm/Type; @ 165
Event: 0.948 Thread 0x000000001f8f2000 Uncommon trap: reason=unstable_if action=reinterpret pc=0x00000000034c67e4 method=org.objectweb.asm.ClassReader.readUTF(II[C)Ljava/lang/String; @ 77
Event: 0.948 Thread 0x000000001f8f2000 Uncommon trap: reason=unstable_if action=reinterpret pc=0x00000000034bbfc0 method=org.objectweb.asm.ByteVector.putUTF8(Ljava/lang/String;)Lorg/objectweb/asm/ByteVector; @ 98

Classes redefined (0 events):
No events

Internal exceptions (10 events):
Event: 0.109 Thread 0x0000000002cbe800 Exception <a 'java/lang/ArrayIndexOutOfBoundsException': 18> (0x000000076bc62c68) thrown at [D:\j\worksp~1\openjd~3\jdk8u\hotspot\src\share\vm\interpreter\interpreterRuntime.cpp, line 368]
Event: 0.109 Thread 0x0000000002cbe800 Exception <a 'java/lang/ArrayIndexOutOfBoundsException': 55> (0x000000076bc639d8) thrown at [D:\j\worksp~1\openjd~3\jdk8u\hotspot\src\share\vm\interpreter\interpreterRuntime.cpp, line 368]
Event: 0.109 Thread 0x0000000002cbe800 Exception <a 'java/lang/ArrayIndexOutOfBoundsException': 40> (0x000000076bc64848) thrown at [D:\j\worksp~1\openjd~3\jdk8u\hotspot\src\share\vm\interpreter\interpreterRuntime.cpp, line 368]
Event: 0.143 Thread 0x0000000002cbe800 Exception <a 'java/lang/ArrayIndexOutOfBoundsException'> (0x000000076c0dd1c0) thrown at [D:\j\worksp~1\openjd~3\jdk8u\hotspot\src\share\vm\runtime\sharedRuntime.cpp, line 605]
Event: 0.144 Thread 0x0000000002cbe800 Exception <a 'java/lang/ArrayIndexOutOfBoundsException'> (0x000000076c0f8710) thrown at [D:\j\worksp~1\openjd~3\jdk8u\hotspot\src\share\vm\runtime\sharedRuntime.cpp, line 605]
Event: 0.150 Thread 0x0000000002cbe800 Exception <a 'java/lang/ArrayIndexOutOfBoundsException'> (0x000000076c14a110) thrown at [D:\j\worksp~1\openjd~3\jdk8u\hotspot\src\share\vm\runtime\sharedRuntime.cpp, line 605]
Event: 0.151 Thread 0x0000000002cbe800 Exception <a 'java/lang/ArrayIndexOutOfBoundsException'> (0x000000076c15f878) thrown at [D:\j\worksp~1\openjd~3\jdk8u\hotspot\src\share\vm\runtime\sharedRuntime.cpp, line 605]
Event: 0.643 Thread 0x000000001f902800 Implicit null exception at 0x0000000003371b80 to 0x0000000003371c01
Event: 0.686 Thread 0x000000001f8e0000 Implicit null exception at 0x0000000003370434 to 0x00000000033704a9
Event: 0.687 Thread 0x000000001f8ef800 Implicit null exception at 0x000000000347726c to 0x000000000347739d

Events (10 events):
Event: 1.093 Thread 0x000000001f8f2000 DEOPT PACKING pc=0x00000000033a5f55 sp=0x000000002083e990
Event: 1.093 Thread 0x000000001f8f2000 DEOPT UNPACKING pc=0x0000000002fb75d0 sp=0x000000002083e6e0 mode 0
Event: 1.111 Thread 0x000000001f8ef800 DEOPT PACKING pc=0x00000000033a5f55 sp=0x000000002053ea20
Event: 1.111 Thread 0x000000001f8ef800 DEOPT UNPACKING pc=0x0000000002fb75d0 sp=0x000000002053e770 mode 0
Event: 1.128 Thread 0x000000001f8ef000 DEOPT PACKING pc=0x00000000033a5f55 sp=0x000000002043ec30
Event: 1.128 Thread 0x000000001f8ef000 DEOPT UNPACKING pc=0x0000000002fb75d0 sp=0x000000002043e980 mode 0
Event: 1.149 Thread 0x000000001f8ef800 DEOPT PACKING pc=0x00000000033a5f55 sp=0x000000002053ea20
Event: 1.149 Thread 0x000000001f8ef800 DEOPT UNPACKING pc=0x0000000002fb75d0 sp=0x000000002053e770 mode 0
Event: 1.151 Executing VM operation: ParallelGCFailedAllocation
Event: 1.167 Executing VM operation: ParallelGCFailedAllocation done


Dynamic libraries:
0x00007ff782b90000 - 0x00007ff782bc5000 	C:\Program Files\Android\Jdk\microsoft_dist_openjdk_1.8.0.25\bin\java.exe
0x00007ffc940d0000 - 0x00007ffc942c5000 	C:\WINDOWS\SYSTEM32\ntdll.dll
0x00007ffc92120000 - 0x00007ffc921de000 	C:\WINDOWS\System32\KERNEL32.DLL
0x00007ffc91a40000 - 0x00007ffc91d09000 	C:\WINDOWS\System32\KERNELBASE.dll
0x00007ffc93330000 - 0x00007ffc933dc000 	C:\WINDOWS\System32\ADVAPI32.dll
0x00007ffc93e40000 - 0x00007ffc93ede000 	C:\WINDOWS\System32\msvcrt.dll
0x00007ffc936d0000 - 0x00007ffc9376b000 	C:\WINDOWS\System32\sechost.dll
0x00007ffc93c20000 - 0x00007ffc93d4a000 	C:\WINDOWS\System32\RPCRT4.dll
0x00007ffc92200000 - 0x00007ffc923a1000 	C:\WINDOWS\System32\USER32.dll
0x00007ffc91d10000 - 0x00007ffc91d32000 	C:\WINDOWS\System32\win32u.dll
0x00007ffc92b50000 - 0x00007ffc92b7b000 	C:\WINDOWS\System32\GDI32.dll
0x00007ffc91d40000 - 0x00007ffc91e4b000 	C:\WINDOWS\System32\gdi32full.dll
0x00007ffc91e50000 - 0x00007ffc91eed000 	C:\WINDOWS\System32\msvcp_win.dll
0x00007ffc91ef0000 - 0x00007ffc91ff0000 	C:\WINDOWS\System32\ucrtbase.dll
0x00007ffc73be0000 - 0x00007ffc73e7a000 	C:\WINDOWS\WinSxS\amd64_microsoft.windows.common-controls_6595b64144ccf1df_6.0.19041.1110_none_60b5254171f9507e\COMCTL32.dll
0x00007ffc934c0000 - 0x00007ffc934f0000 	C:\WINDOWS\System32\IMM32.DLL
0x000000006cc70000 - 0x000000006cd41000 	C:\Program Files\Android\Jdk\microsoft_dist_openjdk_1.8.0.25\jre\bin\msvcr100.dll
0x000000006c420000 - 0x000000006cc65000 	C:\Program Files\Android\Jdk\microsoft_dist_openjdk_1.8.0.25\jre\bin\server\jvm.dll
0x00007ffc93b40000 - 0x00007ffc93b48000 	C:\WINDOWS\System32\PSAPI.DLL
0x00007ffc750d0000 - 0x00007ffc750f7000 	C:\WINDOWS\SYSTEM32\WINMM.dll
0x00007ffc8a3d0000 - 0x00007ffc8a3da000 	C:\WINDOWS\SYSTEM32\VERSION.dll
0x00007ffc7ee70000 - 0x00007ffc7ee79000 	C:\WINDOWS\SYSTEM32\WSOCK32.dll
0x00007ffc93770000 - 0x00007ffc937db000 	C:\WINDOWS\System32\WS2_32.dll
0x00007ffc8d300000 - 0x00007ffc8d30f000 	C:\Program Files\Android\Jdk\microsoft_dist_openjdk_1.8.0.25\jre\bin\verify.dll
0x00007ffc8d2b0000 - 0x00007ffc8d2d9000 	C:\Program Files\Android\Jdk\microsoft_dist_openjdk_1.8.0.25\jre\bin\java.dll
0x00007ffc8d220000 - 0x00007ffc8d236000 	C:\Program Files\Android\Jdk\microsoft_dist_openjdk_1.8.0.25\jre\bin\zip.dll
0x00007ffc923b0000 - 0x00007ffc92aef000 	C:\WINDOWS\System32\SHELL32.dll
0x00007ffc8f7e0000 - 0x00007ffc8ff70000 	C:\WINDOWS\SYSTEM32\windows.storage.dll
0x00007ffc937e0000 - 0x00007ffc93b35000 	C:\WINDOWS\System32\combase.dll
0x00007ffc911d0000 - 0x00007ffc911fc000 	C:\WINDOWS\SYSTEM32\Wldp.dll
0x00007ffc934f0000 - 0x00007ffc9359e000 	C:\WINDOWS\System32\SHCORE.dll
0x00007ffc92af0000 - 0x00007ffc92b45000 	C:\WINDOWS\System32\shlwapi.dll
0x00007ffc91730000 - 0x00007ffc9174f000 	C:\WINDOWS\SYSTEM32\profapi.dll
0x00007ffc80d90000 - 0x00007ffc80daa000 	C:\Program Files\Android\jdk\microsoft_dist_openjdk_1.8.0.25\jre\bin\net.dll
0x00007ffc90ed0000 - 0x00007ffc90f3a000 	C:\WINDOWS\system32\mswsock.dll
0x00007ffc80ce0000 - 0x00007ffc80cf1000 	C:\Program Files\Android\jdk\microsoft_dist_openjdk_1.8.0.25\jre\bin\nio.dll

VM Arguments:
java_command: com.xamarin.androidx.jetifierWrapper.Main -intermediate obj\Debug\110\androidx\_AndroidXJetifyEmbeddedFiles.jetify -parallel
java_class_path (initial): C:\Users\Administrator\.nuget\packages\xamarin.androidx.migration\1.0.8\buildTransitive\monoandroid90\Tools/JetifierWrapper/jetifierWrapper-1.0.jar
Launcher Type: SUN_STANDARD

Environment Variables:
PATH=C:\Program Files\Android\Jdk\microsoft_dist_openjdk_1.8.0.25\bin;C:\Program Files\Microsoft MPI\Bin\;C:\Oracle\11.2.0\client_1;C:\Program Files (x86)\Eziriz\.NET Reactor;C:\ProgramData\Oracle\Java\javapath;D:\app\Hung\product\11.2.0\client_2\bin;D:\app\Hung\product\11.2.0\client_1;C:\Program Files (x86)\Common Files\Oracle\Java\javapath;C:\WINDOWS\system32;C:\WINDOWS;C:\WINDOWS\System32\Wbem;C:\WINDOWS\System32\WindowsPowerShell\v1.0\;C:\WINDOWS\System32\OpenSSH\;C:\Program Files (x86)\Microsoft SQL Server\140\Tools\Binn\;C:\Program Files\Microsoft SQL Server\140\Tools\Binn\;C:\Program Files (x86)\Microsoft SQL Server\140\DTS\Binn\;C:\Program Files\Microsoft SQL Server\140\DTS\Binn\;C:\Program Files\Microsoft SQL Server\Client SDK\ODBC\130\Tools\Binn\;C:\Program Files\Git\cmd;C:\Program Files\dotnet\;C:\Program Files\Microsoft SQL Server\130\Tools\Binn\;C:\Program Files (x86)\Microsoft SQL Server\Client SDK\ODBC\130\Tools\Binn\;C:\Program Files (x86)\Microsoft SQL Server\140\Tools\Binn\ManagementStudio\;C:\Program Files (x86)\Microsoft SQL Server\90\Tools\binn\;C:\Program Files (x86)\dotnet\;C:\Users\Administrator\AppData\Local\Microsoft\WindowsApps;C:\Users\Administrator\.dotnet\tools;C:\Users\Administrator\AppData\Local\GitHubDesktop\bin
USERNAME=Administrator
OS=Windows_NT
PROCESSOR_IDENTIFIER=Intel64 Family 6 Model 94 Stepping 3, GenuineIntel



---------------  S Y S T E M  ---------------

OS: Windows 10.0 , 64 bit Build 19041 (10.0.19041.1202)

CPU:total 8 (initial active 8) (4 cores per cpu, 2 threads per core) family 6 model 94 stepping 3, cmov, cx8, fxsr, mmx, sse, sse2, sse3, ssse3, sse4.1, sse4.2, popcnt, avx, avx2, aes, clmul, erms, rtm, 3dnowpref, lzcnt, ht, tsc, tscinvbit, bmi1, bmi2, adx

Memory: 4k page, physical 16654136k(3083404k free), swap 16654136k(10672k free)

vm_info: OpenJDK 64-Bit Server VM (25.71-b00) for windows-amd64 JRE (1.8.0-25-microsoft-b00), built on Feb  7 2019 20:09:14 by "builder" with MS VC++ 10.0 (VS2010)

time: Thu Sep 23 11:31:35 2021
timezone: SE Asia Standard Time
elapsed time: 1 seconds (0d 0h 0m 1s)

