#
# There is insufficient memory for the Java Runtime Environment to continue.
# Native memory allocation (malloc) failed to allocate 1511856 bytes for Chunk::new
# Possible reasons:
#   The system is out of physical RAM or swap space
#   The process is running with CompressedOops enabled, and the Java Heap may be blocking the growth of the native heap
# Possible solutions:
#   Reduce memory load on the system
#   Increase physical memory or swap space
#   Check if swap backing store is full
#   Decrease Java heap size (-Xmx/-Xms)
#   Decrease number of Java threads
#   Decrease Java thread stack sizes (-Xss)
#   Set larger code cache with -XX:ReservedCodeCacheSize=
#   JVM is running with Zero Based Compressed Oops mode in which the Java heap is
#     placed in the first 32GB address space. The Java Heap base address is the
#     maximum limit for the native heap growth. Please use -XX:HeapBaseMinAddress
#     to set the Java Heap base and to place the Java Heap above 32GB virtual address.
# This output file may be truncated or incomplete.
#
#  Out of Memory Error (allocation.cpp:389), pid=3220, tid=0x00000000000051a8
#
# JRE version: Java(TM) SE Runtime Environment (8.0_202-b08) (build 1.8.0_202-b08)
# Java VM: Java HotSpot(TM) 64-Bit Server VM (25.202-b08 mixed mode windows-amd64 compressed oops)
# Failed to write core dump. Minidumps are not enabled by default on client versions of Windows
#

---------------  T H R E A D  ---------------

Current thread (0x00000000279fb000):  JavaThread "C2 CompilerThread0" daemon [_thread_in_native, id=20904, stack(0x00000000282d0000,0x00000000283d0000)]

Stack: [0x00000000282d0000,0x00000000283d0000]
[error occurred during error reporting (printing stack bounds), id 0xc0000005]

Native frames: (J=compiled Java code, j=interpreted, Vv=VM code, C=native code)


Current CompileTask:
C2:   1519 1865       4       org.objectweb.asm.commons.Remapper::mapDesc (131 bytes)


---------------  P R O C E S S  ---------------

Java Threads: ( => current thread )
  0x0000000028b08800 JavaThread "pool-1-thread-10" [_thread_in_native, id=31052, stack(0x0000000029ad0000,0x0000000029bd0000)]
  0x0000000028af2800 JavaThread "pool-1-thread-9" [_thread_in_Java, id=14348, stack(0x00000000299d0000,0x0000000029ad0000)]
  0x0000000028ac6000 JavaThread "pool-1-thread-8" [_thread_in_Java, id=26696, stack(0x00000000297d0000,0x00000000298d0000)]
  0x0000000028ac5000 JavaThread "pool-1-thread-7" [_thread_in_native, id=22964, stack(0x00000000296d0000,0x00000000297d0000)]
  0x0000000028ac4800 JavaThread "pool-1-thread-6" [_thread_in_Java, id=31876, stack(0x00000000295d0000,0x00000000296d0000)]
  0x0000000028ac1800 JavaThread "pool-1-thread-5" [_thread_in_native, id=12028, stack(0x00000000294d0000,0x00000000295d0000)]
  0x0000000028abb000 JavaThread "pool-1-thread-4" [_thread_in_Java, id=15708, stack(0x00000000293d0000,0x00000000294d0000)]
  0x0000000028ab8800 JavaThread "pool-1-thread-3" [_thread_in_native, id=18748, stack(0x00000000292d0000,0x00000000293d0000)]
  0x0000000028ab3800 JavaThread "pool-1-thread-2" [_thread_in_native, id=25748, stack(0x00000000291d0000,0x00000000292d0000)]
  0x0000000028ab2800 JavaThread "pool-1-thread-1" [_thread_in_Java, id=33756, stack(0x00000000290d0000,0x00000000291d0000)]
  0x0000000027a93000 JavaThread "Service Thread" daemon [_thread_blocked, id=24980, stack(0x00000000286d0000,0x00000000287d0000)]
  0x0000000027a0d000 JavaThread "C1 CompilerThread3" daemon [_thread_blocked, id=24816, stack(0x00000000285d0000,0x00000000286d0000)]
  0x0000000027a01800 JavaThread "C2 CompilerThread2" daemon [_thread_in_native, id=9960, stack(0x00000000284d0000,0x00000000285d0000)]
  0x00000000279fe800 JavaThread "C2 CompilerThread1" daemon [_thread_in_native, id=5684, stack(0x00000000283d0000,0x00000000284d0000)]
=>0x00000000279fb000 JavaThread "C2 CompilerThread0" daemon [_thread_in_native, id=20904, stack(0x00000000282d0000,0x00000000283d0000)]
  0x00000000279f8800 JavaThread "Attach Listener" daemon [_thread_blocked, id=17412, stack(0x00000000281d0000,0x00000000282d0000)]
  0x00000000279f7000 JavaThread "Signal Dispatcher" daemon [_thread_blocked, id=28684, stack(0x00000000280d0000,0x00000000281d0000)]
  0x00000000279f1800 JavaThread "Finalizer" daemon [_thread_blocked, id=31764, stack(0x0000000027ed0000,0x0000000027fd0000)]
  0x00000000279f0800 JavaThread "Reference Handler" daemon [_thread_blocked, id=25184, stack(0x0000000027dd0000,0x0000000027ed0000)]
  0x0000000002b92800 JavaThread "main" [_thread_blocked, id=25208, stack(0x0000000002a90000,0x0000000002b90000)]

Other Threads:
  0x0000000025bf9000 VMThread [stack: 0x00000000278d0000,0x00000000279d0000] [id=33156]
  0x0000000027abd800 WatcherThread [stack: 0x00000000287d0000,0x00000000288d0000] [id=10364]

VM state:not at safepoint (normal execution)

VM Mutex/Monitor currently owned by a thread: None

heap address: 0x00000005c1e00000, size: 8162 MB, Compressed Oops mode: Zero based, Oop shift amount: 3
Narrow klass base: 0x0000000000000000, Narrow klass shift: 3
Compressed class space size: 1073741824 Address: 0x00000007c0000000

Heap:
 PSYoungGen      total 284672K, used 143546K [0x0000000715f80000, 0x0000000728a80000, 0x00000007c0000000)
  eden space 263168K, 46% used [0x0000000715f80000,0x000000071d6b3960,0x0000000726080000)
  from space 21504K, 99% used [0x0000000726080000,0x000000072757b270,0x0000000727580000)
  to   space 21504K, 0% used [0x0000000727580000,0x0000000727580000,0x0000000728a80000)
 ParOldGen       total 349696K, used 11923K [0x00000005c1e00000, 0x00000005d7380000, 0x0000000715f80000)
  object space 349696K, 3% used [0x00000005c1e00000,0x00000005c29a4f48,0x00000005d7380000)
 Metaspace       used 10493K, capacity 10614K, committed 10880K, reserved 1058816K
  class space    used 1006K, capacity 1043K, committed 1152K, reserved 1048576K

Card table byte_map: [0x0000000012050000,0x0000000013050000] byte_map_base: 0x000000000f241000

Marking Bits: (ParMarkBitMap*) 0x0000000077345ce0
 Begin Bits: [0x0000000014300000, 0x000000001c288000)
 End Bits:   [0x000000001c288000, 0x0000000024210000)

Polling page: 0x0000000000c70000

CodeCache: size=245760Kb used=7549Kb max_used=7549Kb free=238210Kb
 bounds [0x0000000002c90000, 0x0000000003400000, 0x0000000011c90000]
 total_blobs=2418 nmethods=2071 adapters=259
 compilation: enabled

Compilation events (10 events):
Event: 1.516 Thread 0x0000000027a0d000 nmethod 2108 0x00000000033f1b90 code [0x00000000033f1ce0, 0x00000000033f1e30]
Event: 1.516 Thread 0x0000000027a0d000 2109       2       sun.util.calendar.CalendarDate::setDaylightSaving (6 bytes)
Event: 1.517 Thread 0x0000000027a0d000 nmethod 2109 0x00000000033f1e90 code [0x00000000033f1fe0, 0x00000000033f2130]
Event: 1.517 Thread 0x0000000027a0d000 2110       2       sun.util.calendar.BaseCalendar::getCalendarDateFromFixedDate (305 bytes)
Event: 1.517 Thread 0x0000000027a0d000 nmethod 2110 0x00000000033f2190 code [0x00000000033f2340, 0x00000000033f2ac8]
Event: 1.517 Thread 0x0000000027a0d000 2111       2       sun.util.calendar.Gregorian$Date::setNormalizedYear (7 bytes)
Event: 1.518 Thread 0x0000000027a0d000 nmethod 2111 0x00000000033f3250 code [0x00000000033f33a0, 0x00000000033f3510]
Event: 1.518 Thread 0x0000000027a0d000 2112       2       sun.util.calendar.CalendarDate::setYear (20 bytes)
Event: 1.518 Thread 0x0000000027a0d000 nmethod 2112 0x00000000033f3590 code [0x00000000033f36e0, 0x00000000033f3850]
Event: 1.518 Thread 0x0000000027a0d000 2113       2       sun.util.calendar.AbstractCalendar::setTimeOfDay (116 bytes)

GC Heap History (10 events):
Event: 0.677 GC heap before
{Heap before GC invocations=1 (full 0):
 PSYoungGen      total 153088K, used 131584K [0x0000000715f80000, 0x0000000720a00000, 0x00000007c0000000)
  eden space 131584K, 100% used [0x0000000715f80000,0x000000071e000000,0x000000071e000000)
  from space 21504K, 0% used [0x000000071f500000,0x000000071f500000,0x0000000720a00000)
  to   space 21504K, 0% used [0x000000071e000000,0x000000071e000000,0x000000071f500000)
 ParOldGen       total 349696K, used 0K [0x00000005c1e00000, 0x00000005d7380000, 0x0000000715f80000)
  object space 349696K, 0% used [0x00000005c1e00000,0x00000005c1e00000,0x00000005d7380000)
 Metaspace       used 8463K, capacity 8566K, committed 8832K, reserved 1056768K
  class space    used 828K, capacity 851K, committed 896K, reserved 1048576K
Event: 0.681 GC heap after
Heap after GC invocations=1 (full 0):
 PSYoungGen      total 153088K, used 8773K [0x0000000715f80000, 0x0000000720a00000, 0x00000007c0000000)
  eden space 131584K, 0% used [0x0000000715f80000,0x0000000715f80000,0x000000071e000000)
  from space 21504K, 40% used [0x000000071e000000,0x000000071e891538,0x000000071f500000)
  to   space 21504K, 0% used [0x000000071f500000,0x000000071f500000,0x0000000720a00000)
 ParOldGen       total 349696K, used 80K [0x00000005c1e00000, 0x00000005d7380000, 0x0000000715f80000)
  object space 349696K, 0% used [0x00000005c1e00000,0x00000005c1e14010,0x00000005d7380000)
 Metaspace       used 8463K, capacity 8566K, committed 8832K, reserved 1056768K
  class space    used 828K, capacity 851K, committed 896K, reserved 1048576K
}
Event: 0.939 GC heap before
{Heap before GC invocations=2 (full 0):
 PSYoungGen      total 153088K, used 140357K [0x0000000715f80000, 0x0000000720a00000, 0x00000007c0000000)
  eden space 131584K, 100% used [0x0000000715f80000,0x000000071e000000,0x000000071e000000)
  from space 21504K, 40% used [0x000000071e000000,0x000000071e891538,0x000000071f500000)
  to   space 21504K, 0% used [0x000000071f500000,0x000000071f500000,0x0000000720a00000)
 ParOldGen       total 349696K, used 80K [0x00000005c1e00000, 0x00000005d7380000, 0x0000000715f80000)
  object space 349696K, 0% used [0x00000005c1e00000,0x00000005c1e14010,0x00000005d7380000)
 Metaspace       used 9105K, capacity 9174K, committed 9344K, reserved 1058816K
  class space    used 870K, capacity 883K, committed 896K, reserved 1048576K
Event: 0.954 GC heap after
Heap after GC invocations=2 (full 0):
 PSYoungGen      total 153088K, used 21482K [0x0000000715f80000, 0x0000000728a80000, 0x00000007c0000000)
  eden space 131584K, 0% used [0x0000000715f80000,0x0000000715f80000,0x000000071e000000)
  from space 21504K, 99% used [0x000000071f500000,0x00000007209fab28,0x0000000720a00000)
  to   space 21504K, 0% used [0x000000071e000000,0x000000071e000000,0x000000071f500000)
 ParOldGen       total 349696K, used 2659K [0x00000005c1e00000, 0x00000005d7380000, 0x0000000715f80000)
  object space 349696K, 0% used [0x00000005c1e00000,0x00000005c2098f78,0x00000005d7380000)
 Metaspace       used 9105K, capacity 9174K, committed 9344K, reserved 1058816K
  class space    used 870K, capacity 883K, committed 896K, reserved 1048576K
}
Event: 1.076 GC heap before
{Heap before GC invocations=3 (full 0):
 PSYoungGen      total 153088K, used 153066K [0x0000000715f80000, 0x0000000728a80000, 0x00000007c0000000)
  eden space 131584K, 100% used [0x0000000715f80000,0x000000071e000000,0x000000071e000000)
  from space 21504K, 99% used [0x000000071f500000,0x00000007209fab28,0x0000000720a00000)
  to   space 21504K, 0% used [0x000000071e000000,0x000000071e000000,0x000000071f500000)
 ParOldGen       total 349696K, used 2659K [0x00000005c1e00000, 0x00000005d7380000, 0x0000000715f80000)
  object space 349696K, 0% used [0x00000005c1e00000,0x00000005c2098f78,0x00000005d7380000)
 Metaspace       used 9273K, capacity 9366K, committed 9600K, reserved 1058816K
  class space    used 872K, capacity 883K, committed 896K, reserved 1048576K
Event: 1.092 GC heap after
Heap after GC invocations=3 (full 0):
 PSYoungGen      total 153088K, used 21476K [0x0000000715f80000, 0x0000000728a80000, 0x00000007c0000000)
  eden space 131584K, 0% used [0x0000000715f80000,0x0000000715f80000,0x000000071e000000)
  from space 21504K, 99% used [0x000000071e000000,0x000000071f4f9208,0x000000071f500000)
  to   space 21504K, 0% used [0x0000000727580000,0x0000000727580000,0x0000000728a80000)
 ParOldGen       total 349696K, used 5262K [0x00000005c1e00000, 0x00000005d7380000, 0x0000000715f80000)
  object space 349696K, 1% used [0x00000005c1e00000,0x00000005c23239c8,0x00000005d7380000)
 Metaspace       used 9273K, capacity 9366K, committed 9600K, reserved 1058816K
  class space    used 872K, capacity 883K, committed 896K, reserved 1048576K
}
Event: 1.161 GC heap before
{Heap before GC invocations=4 (full 0):
 PSYoungGen      total 153088K, used 153060K [0x0000000715f80000, 0x0000000728a80000, 0x00000007c0000000)
  eden space 131584K, 100% used [0x0000000715f80000,0x000000071e000000,0x000000071e000000)
  from space 21504K, 99% used [0x000000071e000000,0x000000071f4f9208,0x000000071f500000)
  to   space 21504K, 0% used [0x0000000727580000,0x0000000727580000,0x0000000728a80000)
 ParOldGen       total 349696K, used 5262K [0x00000005c1e00000, 0x00000005d7380000, 0x0000000715f80000)
  object space 349696K, 1% used [0x00000005c1e00000,0x00000005c23239c8,0x00000005d7380000)
 Metaspace       used 9304K, capacity 9398K, committed 9728K, reserved 1058816K
  class space    used 874K, capacity 915K, committed 1024K, reserved 1048576K
Event: 1.175 GC heap after
Heap after GC invocations=4 (full 0):
 PSYoungGen      total 284672K, used 21484K [0x0000000715f80000, 0x0000000728a80000, 0x00000007c0000000)
  eden space 263168K, 0% used [0x0000000715f80000,0x0000000715f80000,0x0000000726080000)
  from space 21504K, 99% used [0x0000000727580000,0x0000000728a7b1d0,0x0000000728a80000)
  to   space 21504K, 0% used [0x0000000726080000,0x0000000726080000,0x0000000727580000)
 ParOldGen       total 349696K, used 7499K [0x00000005c1e00000, 0x00000005d7380000, 0x0000000715f80000)
  object space 349696K, 2% used [0x00000005c1e00000,0x00000005c2552cc8,0x00000005d7380000)
 Metaspace       used 9304K, capacity 9398K, committed 9728K, reserved 1058816K
  class space    used 874K, capacity 915K, committed 1024K, reserved 1048576K
}
Event: 1.375 GC heap before
{Heap before GC invocations=5 (full 0):
 PSYoungGen      total 284672K, used 284652K [0x0000000715f80000, 0x0000000728a80000, 0x00000007c0000000)
  eden space 263168K, 100% used [0x0000000715f80000,0x0000000726080000,0x0000000726080000)
  from space 21504K, 99% used [0x0000000727580000,0x0000000728a7b1d0,0x0000000728a80000)
  to   space 21504K, 0% used [0x0000000726080000,0x0000000726080000,0x0000000727580000)
 ParOldGen       total 349696K, used 7499K [0x00000005c1e00000, 0x00000005d7380000, 0x0000000715f80000)
  object space 349696K, 2% used [0x00000005c1e00000,0x00000005c2552cc8,0x00000005d7380000)
 Metaspace       used 9608K, capacity 9718K, committed 9984K, reserved 1058816K
  class space    used 903K, capacity 915K, committed 1024K, reserved 1048576K
Event: 1.395 GC heap after
Heap after GC invocations=5 (full 0):
 PSYoungGen      total 284672K, used 21484K [0x0000000715f80000, 0x0000000728a80000, 0x00000007c0000000)
  eden space 263168K, 0% used [0x0000000715f80000,0x0000000715f80000,0x0000000726080000)
  from space 21504K, 99% used [0x0000000726080000,0x000000072757b270,0x0000000727580000)
  to   space 21504K, 0% used [0x0000000727580000,0x0000000727580000,0x0000000728a80000)
 ParOldGen       total 349696K, used 11923K [0x00000005c1e00000, 0x00000005d7380000, 0x0000000715f80000)
  object space 349696K, 3% used [0x00000005c1e00000,0x00000005c29a4f48,0x00000005d7380000)
 Metaspace       used 9608K, capacity 9718K, committed 9984K, reserved 1058816K
  class space    used 903K, capacity 915K, committed 1024K, reserved 1048576K
}

Deoptimization events (10 events):
Event: 1.432 Thread 0x0000000028ac4800 Uncommon trap: reason=unstable_if action=reinterpret pc=0x000000000318010c method=java.util.regex.Pattern.compile()V @ 249
Event: 1.465 Thread 0x0000000028ac4800 Uncommon trap: reason=unstable_if action=reinterpret pc=0x000000000309ac44 method=com.sun.org.apache.xerces.internal.utils.XMLSecurityManager.getIndex(Ljava/lang/String;)I @ 28
Event: 1.466 Thread 0x0000000028ac4800 Uncommon trap: reason=unstable_if action=reinterpret pc=0x00000000030af1c8 method=com.sun.org.apache.xerces.internal.impl.XMLEntityScanner.load(IZZ)Z @ 50
Event: 1.466 Thread 0x0000000028ac4800 Uncommon trap: reason=unstable_if action=reinterpret pc=0x000000000303bd5c method=com.sun.org.apache.xerces.internal.impl.XMLEntityManager$RewindableInputStream.read([BII)I @ 39
Event: 1.466 Thread 0x0000000028ac4800 Uncommon trap: reason=unstable_if action=reinterpret pc=0x00000000030d7108 method=com.sun.org.apache.xerces.internal.util.XMLStringBuffer.append([CII)V @ 11
Event: 1.472 Thread 0x0000000028ac4800 Uncommon trap: reason=unstable_if action=reinterpret pc=0x000000000300bb30 method=java.util.Hashtable.get(Ljava/lang/Object;)Ljava/lang/Object; @ 36
Event: 1.497 Thread 0x0000000028ac4800 Uncommon trap: reason=unstable_if action=reinterpret pc=0x00000000030b9b20 method=com.sun.org.apache.xerces.internal.impl.XMLEntityScanner.scanLiteral(ILcom/sun/org/apache/xerces/internal/xni/XMLString;Z)I @ 660
Event: 1.505 Thread 0x0000000028ac4800 Uncommon trap: reason=unstable_if action=reinterpret pc=0x00000000030c5cd4 method=com.sun.org.apache.xerces.internal.impl.XMLEntityScanner.skipChar(ILcom/sun/org/apache/xerces/internal/impl/XMLScanner$NameType;)Z @ 53
Event: 1.511 Thread 0x0000000028ac4800 Uncommon trap: reason=unstable_if action=reinterpret pc=0x000000000306e45c method=com.sun.org.apache.xerces.internal.impl.XMLEntityScanner.load(IZZ)Z @ 50
Event: 1.511 Thread 0x0000000028ac4800 Uncommon trap: reason=unstable_if action=reinterpret pc=0x000000000303ede4 method=com.sun.org.apache.xerces.internal.impl.XMLEntityManager$RewindableInputStream.read([BII)I @ 39

Classes redefined (0 events):
No events

Internal exceptions (10 events):
Event: 1.319 Thread 0x0000000028ab3800 Exception <a 'sun/nio/fs/WindowsException'> (0x0000000723eb3ee8) thrown at [C:\re\workspace\8-2-build-windows-amd64-cygwin\jdk8u202\12323\hotspot\src\share\vm\prims\jni.cpp, line 710]
Event: 1.319 Thread 0x0000000028ab3800 Exception <a 'sun/nio/fs/WindowsException'> (0x0000000723eb46c8) thrown at [C:\re\workspace\8-2-build-windows-amd64-cygwin\jdk8u202\12323\hotspot\src\share\vm\prims\jni.cpp, line 710]
Event: 1.403 Thread 0x0000000028af2800 Exception <a 'sun/nio/fs/WindowsException'> (0x000000071724c210) thrown at [C:\re\workspace\8-2-build-windows-amd64-cygwin\jdk8u202\12323\hotspot\src\share\vm\prims\jni.cpp, line 710]
Event: 1.403 Thread 0x0000000028af2800 Exception <a 'sun/nio/fs/WindowsException'> (0x000000071724c9f0) thrown at [C:\re\workspace\8-2-build-windows-amd64-cygwin\jdk8u202\12323\hotspot\src\share\vm\prims\jni.cpp, line 710]
Event: 1.418 Thread 0x0000000028b08800 Exception <a 'sun/nio/fs/WindowsException'> (0x00000007194e0288) thrown at [C:\re\workspace\8-2-build-windows-amd64-cygwin\jdk8u202\12323\hotspot\src\share\vm\prims\jni.cpp, line 710]
Event: 1.418 Thread 0x0000000028b08800 Exception <a 'sun/nio/fs/WindowsException'> (0x00000007194e0a68) thrown at [C:\re\workspace\8-2-build-windows-amd64-cygwin\jdk8u202\12323\hotspot\src\share\vm\prims\jni.cpp, line 710]
Event: 1.435 Thread 0x0000000028ac5000 Exception <a 'sun/nio/fs/WindowsException'> (0x000000071b1064d0) thrown at [C:\re\workspace\8-2-build-windows-amd64-cygwin\jdk8u202\12323\hotspot\src\share\vm\prims\jni.cpp, line 710]
Event: 1.435 Thread 0x0000000028ac5000 Exception <a 'sun/nio/fs/WindowsException'> (0x000000071b106cb0) thrown at [C:\re\workspace\8-2-build-windows-amd64-cygwin\jdk8u202\12323\hotspot\src\share\vm\prims\jni.cpp, line 710]
Event: 1.452 Thread 0x0000000028ab2800 Exception <a 'sun/nio/fs/WindowsException'> (0x000000071c164718) thrown at [C:\re\workspace\8-2-build-windows-amd64-cygwin\jdk8u202\12323\hotspot\src\share\vm\prims\jni.cpp, line 710]
Event: 1.452 Thread 0x0000000028ab2800 Exception <a 'sun/nio/fs/WindowsException'> (0x000000071c164ef8) thrown at [C:\re\workspace\8-2-build-windows-amd64-cygwin\jdk8u202\12323\hotspot\src\share\vm\prims\jni.cpp, line 710]

Events (10 events):
Event: 1.512 loading class org/jdom2/filter/AbstractFilter
Event: 1.512 loading class org/jdom2/filter/AbstractFilter done
Event: 1.512 loading class org/jdom2/ContentList$FilterList
Event: 1.512 loading class org/jdom2/ContentList$FilterList done
Event: 1.513 loading class org/jdom2/ContentList$FilterListIterator
Event: 1.513 loading class org/jdom2/ContentList$FilterListIterator done
Event: 1.514 loading class org/jdom2/ContentList$CLIterator
Event: 1.514 loading class org/jdom2/ContentList$CLIterator done
Event: 1.515 Thread 0x0000000028ac4800 DEOPT PACKING pc=0x0000000003108ad5 sp=0x00000000296ce860
Event: 1.515 Thread 0x0000000028ac4800 DEOPT UNPACKING pc=0x0000000002cd7890 sp=0x00000000296ce5b0 mode 0


Dynamic libraries:
0x00007ff6be8e0000 - 0x00007ff6be917000 	C:\Program Files\Java\jdk1.8.0_202\bin\java.exe
0x00007ffb171b0000 - 0x00007ffb173a5000 	C:\WINDOWS\SYSTEM32\ntdll.dll
0x00007ffb15ed0000 - 0x00007ffb15f8e000 	C:\WINDOWS\System32\KERNEL32.DLL
0x00007ffb149b0000 - 0x00007ffb14c78000 	C:\WINDOWS\System32\KERNELBASE.dll
0x00007ffb170b0000 - 0x00007ffb1715c000 	C:\WINDOWS\System32\ADVAPI32.dll
0x00007ffb157a0000 - 0x00007ffb1583e000 	C:\WINDOWS\System32\msvcrt.dll
0x00007ffb16440000 - 0x00007ffb164db000 	C:\WINDOWS\System32\sechost.dll
0x00007ffb15ad0000 - 0x00007ffb15bfa000 	C:\WINDOWS\System32\RPCRT4.dll
0x00007ffb164e0000 - 0x00007ffb16681000 	C:\WINDOWS\System32\USER32.dll
0x00007ffb14980000 - 0x00007ffb149a2000 	C:\WINDOWS\System32\win32u.dll
0x00007ffb15aa0000 - 0x00007ffb15acb000 	C:\WINDOWS\System32\GDI32.dll
0x00007ffb14e00000 - 0x00007ffb14f0b000 	C:\WINDOWS\System32\gdi32full.dll
0x00007ffb14d10000 - 0x00007ffb14dad000 	C:\WINDOWS\System32\msvcp_win.dll
0x00007ffb15100000 - 0x00007ffb15200000 	C:\WINDOWS\System32\ucrtbase.dll
0x00007ffaff9a0000 - 0x00007ffaffc3a000 	C:\WINDOWS\WinSxS\amd64_microsoft.windows.common-controls_6595b64144ccf1df_6.0.19041.1110_none_60b5254171f9507e\COMCTL32.dll
0x00007ffb15a70000 - 0x00007ffb15aa0000 	C:\WINDOWS\System32\IMM32.DLL
0x00000000773d0000 - 0x00000000774a2000 	C:\Program Files\Java\jdk1.8.0_202\jre\bin\msvcr100.dll
0x0000000076b20000 - 0x00000000773c5000 	C:\Program Files\Java\jdk1.8.0_202\jre\bin\server\jvm.dll
0x00007ffb163a0000 - 0x00007ffb163a8000 	C:\WINDOWS\System32\PSAPI.DLL
0x00007ffb0b230000 - 0x00007ffb0b239000 	C:\WINDOWS\SYSTEM32\WSOCK32.dll
0x00007ffb05fd0000 - 0x00007ffb05ff7000 	C:\WINDOWS\SYSTEM32\WINMM.dll
0x00007ffb17040000 - 0x00007ffb170ab000 	C:\WINDOWS\System32\WS2_32.dll
0x00007ffb0e950000 - 0x00007ffb0e95a000 	C:\WINDOWS\SYSTEM32\VERSION.dll
0x00007ffb10690000 - 0x00007ffb1069f000 	C:\Program Files\Java\jdk1.8.0_202\jre\bin\verify.dll
0x00007ffafc720000 - 0x00007ffafc749000 	C:\Program Files\Java\jdk1.8.0_202\jre\bin\java.dll
0x00007ffafc790000 - 0x00007ffafc7a6000 	C:\Program Files\Java\jdk1.8.0_202\jre\bin\zip.dll
0x00007ffb16900000 - 0x00007ffb1703f000 	C:\WINDOWS\System32\SHELL32.dll
0x00007ffb12890000 - 0x00007ffb13020000 	C:\WINDOWS\SYSTEM32\windows.storage.dll
0x00007ffb15f90000 - 0x00007ffb162e5000 	C:\WINDOWS\System32\combase.dll
0x00007ffb14250000 - 0x00007ffb1427e000 	C:\WINDOWS\SYSTEM32\Wldp.dll
0x00007ffb162f0000 - 0x00007ffb1639d000 	C:\WINDOWS\System32\SHCORE.dll
0x00007ffb159f0000 - 0x00007ffb15a45000 	C:\WINDOWS\System32\shlwapi.dll
0x00007ffb14810000 - 0x00007ffb1482f000 	C:\WINDOWS\SYSTEM32\profapi.dll
0x00007ffafc670000 - 0x00007ffafc68a000 	C:\Program Files\Java\jdk1.8.0_202\jre\bin\net.dll
0x00007ffb09af0000 - 0x00007ffb09cdb000 	C:\WINDOWS\SYSTEM32\urlmon.dll
0x00007ffb09730000 - 0x00007ffb099e0000 	C:\WINDOWS\SYSTEM32\iertutil.dll
0x00007ffb09aa0000 - 0x00007ffb09ac8000 	C:\WINDOWS\SYSTEM32\srvcli.dll
0x00007ffb13db0000 - 0x00007ffb13dbc000 	C:\WINDOWS\SYSTEM32\netutils.dll
0x00007ffb13fb0000 - 0x00007ffb1401a000 	C:\WINDOWS\system32\mswsock.dll
0x00007ffafc650000 - 0x00007ffafc662000 	C:\Program Files\Java\jdk1.8.0_202\jre\bin\nio.dll

VM Arguments:
java_command: com.xamarin.androidx.jetifierWrapper.Main -intermediate obj\Release\110\androidx\_AndroidXJetifyEmbeddedFiles.jetify -parallel
java_class_path (initial): C:\Users\Administrator\.nuget\packages\xamarin.androidx.migration\1.0.6\buildTransitive\monoandroid90\Tools/JetifierWrapper/jetifierWrapper-1.0.jar
Launcher Type: SUN_STANDARD

Environment Variables:
PATH=C:\Program Files\Java\jdk1.8.0_202\bin;C:\Program Files\Microsoft MPI\Bin\;C:\Oracle\11.2.0\client_1;C:\Program Files (x86)\Eziriz\.NET Reactor;C:\ProgramData\Oracle\Java\javapath;D:\app\Hung\product\11.2.0\client_2\bin;D:\app\Hung\product\11.2.0\client_1;C:\Program Files (x86)\Common Files\Oracle\Java\javapath;C:\WINDOWS\system32;C:\WINDOWS;C:\WINDOWS\System32\Wbem;C:\WINDOWS\System32\WindowsPowerShell\v1.0\;C:\WINDOWS\System32\OpenSSH\;C:\Program Files (x86)\Microsoft SQL Server\140\Tools\Binn\;C:\Program Files\Microsoft SQL Server\140\Tools\Binn\;C:\Program Files (x86)\Microsoft SQL Server\140\DTS\Binn\;C:\Program Files\Microsoft SQL Server\140\DTS\Binn\;C:\Program Files\Microsoft SQL Server\Client SDK\ODBC\130\Tools\Binn\;C:\Program Files\Git\cmd;C:\Program Files\dotnet\;C:\Program Files\Microsoft SQL Server\130\Tools\Binn\;C:\Program Files (x86)\Microsoft SQL Server\Client SDK\ODBC\130\Tools\Binn\;C:\Program Files (x86)\Microsoft SQL Server\140\Tools\Binn\ManagementStudio\;C:\Program Files (x86)\Microsoft SQL Server\90\Tools\binn\;C:\Program Files (x86)\dotnet\;C:\Users\Administrator\AppData\Local\Microsoft\WindowsApps;C:\Users\Administrator\.dotnet\tools;C:\Users\Administrator\AppData\Local\GitHubDesktop\bin
USERNAME=Administrator
OS=Windows_NT
PROCESSOR_IDENTIFIER=Intel64 Family 6 Model 94 Stepping 3, GenuineIntel



---------------  S Y S T E M  ---------------

OS: Windows 10.0 , 64 bit Build 19041 (10.0.19041.1348)

CPU:total 8 (initial active 8) (4 cores per cpu, 2 threads per core) family 6 model 94 stepping 3, cmov, cx8, fxsr, mmx, sse, sse2, sse3, ssse3, sse4.1, sse4.2, popcnt, avx, avx2, aes, clmul, erms, rtm, 3dnowpref, lzcnt, ht, tsc, tscinvbit, bmi1, bmi2, adx

Memory: 4k page, physical 33431352k(1293840k free), swap 33431352k(4636k free)

vm_info: Java HotSpot(TM) 64-Bit Server VM (25.202-b08) for windows-amd64 JRE (1.8.0_202-b08), built on Dec 15 2018 19:54:30 by "java_re" with MS VC++ 10.0 (VS2010)

time: Fri Dec 03 09:24:46 2021
timezone: SE Asia Standard Time
elapsed time: 1 seconds (0d 0h 0m 1s)

