#
# There is insufficient memory for the Java Runtime Environment to continue.
# Native memory allocation (malloc) failed to allocate 32744 bytes for ChunkPool::allocate
# Possible reasons:
#   The system is out of physical RAM or swap space
#   The process is running with CompressedOops enabled, and the Java Heap may be blocking the growth of the native heap
# Possible solutions:
#   Reduce memory load on the system
#   Increase physical memory or swap space
#   Check if swap backing store is full
#   Decrease Java heap size (-Xmx/-Xms)
#   Decrease number of Java threads
#   Decrease Java thread stack sizes (-Xss)
#   Set larger code cache with -XX:ReservedCodeCacheSize=
#   JVM is running with Zero Based Compressed Oops mode in which the Java heap is
#     placed in the first 32GB address space. The Java Heap base address is the
#     maximum limit for the native heap growth. Please use -XX:HeapBaseMinAddress
#     to set the Java Heap base and to place the Java Heap above 32GB virtual address.
# This output file may be truncated or incomplete.
#
#  Out of Memory Error (allocation.cpp:272), pid=1580, tid=0x0000000000007b2c
#
# JRE version: Java(TM) SE Runtime Environment (8.0_202-b08) (build 1.8.0_202-b08)
# Java VM: Java HotSpot(TM) 64-Bit Server VM (25.202-b08 mixed mode windows-amd64 compressed oops)
# Failed to write core dump. Minidumps are not enabled by default on client versions of Windows
#

---------------  T H R E A D  ---------------

Current thread (0x000000002786b000):  JavaThread "C2 CompilerThread0" daemon [_thread_in_native, id=31532, stack(0x0000000028140000,0x0000000028240000)]

Stack: [0x0000000028140000,0x0000000028240000]
[error occurred during error reporting (printing stack bounds), id 0xc0000005]

Native frames: (J=compiled Java code, j=interpreted, Vv=VM code, C=native code)


Current CompileTask:
C2:    170  168       4       java.lang.AbstractStringBuilder::ensureCapacityInternal (27 bytes)


---------------  P R O C E S S  ---------------

Java Threads: ( => current thread )
  0x00000000278e7800 JavaThread "Service Thread" daemon [_thread_blocked, id=19760, stack(0x0000000028540000,0x0000000028640000)]
  0x0000000027896000 JavaThread "C1 CompilerThread3" daemon [_thread_in_native, id=23824, stack(0x0000000028440000,0x0000000028540000)]
  0x0000000027871800 JavaThread "C2 CompilerThread2" daemon [_thread_blocked, id=17136, stack(0x0000000028340000,0x0000000028440000)]
  0x000000002786e800 JavaThread "C2 CompilerThread1" daemon [_thread_blocked, id=17288, stack(0x0000000028240000,0x0000000028340000)]
=>0x000000002786b000 JavaThread "C2 CompilerThread0" daemon [_thread_in_native, id=31532, stack(0x0000000028140000,0x0000000028240000)]
  0x0000000027868800 JavaThread "Attach Listener" daemon [_thread_blocked, id=8540, stack(0x0000000028040000,0x0000000028140000)]
  0x0000000025a6e800 JavaThread "Signal Dispatcher" daemon [_thread_blocked, id=30448, stack(0x0000000027f40000,0x0000000028040000)]
  0x0000000027861000 JavaThread "Finalizer" daemon [_thread_blocked, id=18764, stack(0x0000000027d40000,0x0000000027e40000)]
  0x0000000027860800 JavaThread "Reference Handler" daemon [_thread_blocked, id=19184, stack(0x0000000027c40000,0x0000000027d40000)]
  0x00000000029f2800 JavaThread "main" [_thread_in_Java, id=10752, stack(0x00000000028f0000,0x00000000029f0000)]

Other Threads:
  0x0000000025a59000 VMThread [stack: 0x0000000027740000,0x0000000027840000] [id=20232]
  0x00000000278ea800 WatcherThread [stack: 0x0000000028640000,0x0000000028740000] [id=24000]

VM state:not at safepoint (normal execution)

VM Mutex/Monitor currently owned by a thread: None

heap address: 0x00000005c1e00000, size: 8162 MB, Compressed Oops mode: Zero based, Oop shift amount: 3
Narrow klass base: 0x0000000000000000, Narrow klass shift: 3
Compressed class space size: 1073741824 Address: 0x00000007c0000000

Heap:
 PSYoungGen      total 153088K, used 8919K [0x0000000715f80000, 0x0000000720a00000, 0x00000007c0000000)
  eden space 131584K, 6% used [0x0000000715f80000,0x0000000716835d60,0x000000071e000000)
  from space 21504K, 0% used [0x000000071f500000,0x000000071f500000,0x0000000720a00000)
  to   space 21504K, 0% used [0x000000071e000000,0x000000071e000000,0x000000071f500000)
 ParOldGen       total 349696K, used 0K [0x00000005c1e00000, 0x00000005d7380000, 0x0000000715f80000)
  object space 349696K, 0% used [0x00000005c1e00000,0x00000005c1e00000,0x00000005d7380000)
 Metaspace       used 4688K, capacity 5204K, committed 5504K, reserved 1056768K
  class space    used 542K, capacity 592K, committed 640K, reserved 1048576K

Card table byte_map: [0x0000000011eb0000,0x0000000012eb0000] byte_map_base: 0x000000000f0a1000

Marking Bits: (ParMarkBitMap*) 0x0000000077425ce0
 Begin Bits: [0x0000000014160000, 0x000000001c0e8000)
 End Bits:   [0x000000001c0e8000, 0x0000000024070000)

Polling page: 0x00000000027c0000

CodeCache: size=245760Kb used=1479Kb max_used=1479Kb free=244280Kb
 bounds [0x0000000002af0000, 0x0000000002d60000, 0x0000000011af0000]
 total_blobs=432 nmethods=167 adapters=178
 compilation: enabled

Compilation events (10 events):
Event: 0.163 Thread 0x0000000027896000  162       1       java.util.jar.Manifest::getEntries (5 bytes)
Event: 0.163 Thread 0x0000000027896000 nmethod 162 0x0000000002c51dd0 code [0x0000000002c51f20, 0x0000000002c52030]
Event: 0.163 Thread 0x0000000027896000  163       1       java.util.jar.Manifest::getMainAttributes (5 bytes)
Event: 0.163 Thread 0x0000000027896000 nmethod 163 0x0000000002c51b10 code [0x0000000002c51c60, 0x0000000002c51d70]
Event: 0.163 Thread 0x0000000027896000  164       1       java.util.jar.JarFile::access$300 (5 bytes)
Event: 0.163 Thread 0x0000000027896000 nmethod 164 0x0000000002c54650 code [0x0000000002c547a0, 0x0000000002c54890]
Event: 0.163 Thread 0x0000000027896000  165       1       java.nio.Buffer::limit (5 bytes)
Event: 0.163 Thread 0x0000000027896000 nmethod 165 0x0000000002c54910 code [0x0000000002c54a60, 0x0000000002c54b70]
Event: 0.164 Thread 0x0000000027896000  166 %     3       sun.nio.cs.UTF_8$Decoder::decodeArrayLoop @ 73 (691 bytes)
Event: 0.167 Thread 0x000000002786b000  168       4       java.lang.AbstractStringBuilder::ensureCapacityInternal (27 bytes)

GC Heap History (0 events):
No events

Deoptimization events (0 events):
No events

Classes redefined (0 events):
No events

Internal exceptions (9 events):
Event: 0.028 Thread 0x00000000029f2800 Exception <a 'java/lang/NoSuchMethodError': Method sun.misc.Unsafe.defineClass(Ljava/lang/String;[BII)Ljava/lang/Class; name or signature does not match> (0x0000000715f87cb0) thrown at [C:\re\workspace\8-2-build-windows-amd64-cygwin\jdk8u202\12323\hotspot
Event: 0.028 Thread 0x00000000029f2800 Exception <a 'java/lang/NoSuchMethodError': Method sun.misc.Unsafe.prefetchRead(Ljava/lang/Object;J)V name or signature does not match> (0x0000000715f87f98) thrown at [C:\re\workspace\8-2-build-windows-amd64-cygwin\jdk8u202\12323\hotspot\src\share\vm\prim
Event: 0.105 Thread 0x00000000029f2800 Exception <a 'java/security/PrivilegedActionException'> (0x000000071607e298) thrown at [C:\re\workspace\8-2-build-windows-amd64-cygwin\jdk8u202\12323\hotspot\src\share\vm\prims\jvm.cpp, line 1502]
Event: 0.105 Thread 0x00000000029f2800 Exception <a 'java/security/PrivilegedActionException'> (0x000000071607e690) thrown at [C:\re\workspace\8-2-build-windows-amd64-cygwin\jdk8u202\12323\hotspot\src\share\vm\prims\jvm.cpp, line 1502]
Event: 0.106 Thread 0x00000000029f2800 Exception <a 'java/security/PrivilegedActionException'> (0x0000000716082788) thrown at [C:\re\workspace\8-2-build-windows-amd64-cygwin\jdk8u202\12323\hotspot\src\share\vm\prims\jvm.cpp, line 1502]
Event: 0.106 Thread 0x00000000029f2800 Exception <a 'java/security/PrivilegedActionException'> (0x0000000716082b80) thrown at [C:\re\workspace\8-2-build-windows-amd64-cygwin\jdk8u202\12323\hotspot\src\share\vm\prims\jvm.cpp, line 1502]
Event: 0.127 Thread 0x00000000029f2800 Exception <a 'java/lang/ArrayIndexOutOfBoundsException': 18> (0x0000000716146f58) thrown at [C:\re\workspace\8-2-build-windows-amd64-cygwin\jdk8u202\12323\hotspot\src\share\vm\interpreter\interpreterRuntime.cpp, line 368]
Event: 0.127 Thread 0x00000000029f2800 Exception <a 'java/lang/ArrayIndexOutOfBoundsException': 55> (0x0000000716147cc8) thrown at [C:\re\workspace\8-2-build-windows-amd64-cygwin\jdk8u202\12323\hotspot\src\share\vm\interpreter\interpreterRuntime.cpp, line 368]
Event: 0.128 Thread 0x00000000029f2800 Exception <a 'java/lang/ArrayIndexOutOfBoundsException': 40> (0x0000000716148b38) thrown at [C:\re\workspace\8-2-build-windows-amd64-cygwin\jdk8u202\12323\hotspot\src\share\vm\interpreter\interpreterRuntime.cpp, line 368]

Events (10 events):
Event: 0.159 Executing VM operation: Deoptimize
Event: 0.159 Executing VM operation: Deoptimize done
Event: 0.160 loading class sun/net/www/protocol/jar/URLJarFile$URLJarFileEntry
Event: 0.160 loading class sun/net/www/protocol/jar/URLJarFile$URLJarFileEntry done
Event: 0.160 loading class sun/net/www/protocol/jar/JarURLConnection$JarURLInputStream
Event: 0.160 loading class sun/net/www/protocol/jar/JarURLConnection$JarURLInputStream done
Event: 0.160 loading class kotlin/text/Charsets
Event: 0.160 loading class kotlin/text/Charsets done
Event: 0.162 loading class kotlin/io/TextStreamsKt
Event: 0.162 loading class kotlin/io/TextStreamsKt done


Dynamic libraries:
0x00007ff6be8e0000 - 0x00007ff6be917000 	C:\Program Files\Java\jdk1.8.0_202\bin\java.exe
0x00007ffb171b0000 - 0x00007ffb173a5000 	C:\WINDOWS\SYSTEM32\ntdll.dll
0x00007ffb15ed0000 - 0x00007ffb15f8e000 	C:\WINDOWS\System32\KERNEL32.DLL
0x00007ffb149b0000 - 0x00007ffb14c78000 	C:\WINDOWS\System32\KERNELBASE.dll
0x00007ffb170b0000 - 0x00007ffb1715c000 	C:\WINDOWS\System32\ADVAPI32.dll
0x00007ffb157a0000 - 0x00007ffb1583e000 	C:\WINDOWS\System32\msvcrt.dll
0x00007ffb16440000 - 0x00007ffb164db000 	C:\WINDOWS\System32\sechost.dll
0x00007ffb15ad0000 - 0x00007ffb15bfa000 	C:\WINDOWS\System32\RPCRT4.dll
0x00007ffb164e0000 - 0x00007ffb16681000 	C:\WINDOWS\System32\USER32.dll
0x00007ffb14980000 - 0x00007ffb149a2000 	C:\WINDOWS\System32\win32u.dll
0x00007ffb15aa0000 - 0x00007ffb15acb000 	C:\WINDOWS\System32\GDI32.dll
0x00007ffb14e00000 - 0x00007ffb14f0b000 	C:\WINDOWS\System32\gdi32full.dll
0x00007ffb14d10000 - 0x00007ffb14dad000 	C:\WINDOWS\System32\msvcp_win.dll
0x00007ffb15100000 - 0x00007ffb15200000 	C:\WINDOWS\System32\ucrtbase.dll
0x00007ffaff9a0000 - 0x00007ffaffc3a000 	C:\WINDOWS\WinSxS\amd64_microsoft.windows.common-controls_6595b64144ccf1df_6.0.19041.1110_none_60b5254171f9507e\COMCTL32.dll
0x00007ffb15a70000 - 0x00007ffb15aa0000 	C:\WINDOWS\System32\IMM32.DLL
0x0000000077f20000 - 0x0000000077ff2000 	C:\Program Files\Java\jdk1.8.0_202\jre\bin\msvcr100.dll
0x0000000076c00000 - 0x00000000774a5000 	C:\Program Files\Java\jdk1.8.0_202\jre\bin\server\jvm.dll
0x00007ffb163a0000 - 0x00007ffb163a8000 	C:\WINDOWS\System32\PSAPI.DLL
0x00007ffb05fd0000 - 0x00007ffb05ff7000 	C:\WINDOWS\SYSTEM32\WINMM.dll
0x00007ffb0e950000 - 0x00007ffb0e95a000 	C:\WINDOWS\SYSTEM32\VERSION.dll
0x00007ffb0b230000 - 0x00007ffb0b239000 	C:\WINDOWS\SYSTEM32\WSOCK32.dll
0x00007ffb17040000 - 0x00007ffb170ab000 	C:\WINDOWS\System32\WS2_32.dll
0x00007ffb10690000 - 0x00007ffb1069f000 	C:\Program Files\Java\jdk1.8.0_202\jre\bin\verify.dll
0x00007ffb0d800000 - 0x00007ffb0d829000 	C:\Program Files\Java\jdk1.8.0_202\jre\bin\java.dll
0x00007ffb0f370000 - 0x00007ffb0f386000 	C:\Program Files\Java\jdk1.8.0_202\jre\bin\zip.dll
0x00007ffb16900000 - 0x00007ffb1703f000 	C:\WINDOWS\System32\SHELL32.dll
0x00007ffb12890000 - 0x00007ffb13020000 	C:\WINDOWS\SYSTEM32\windows.storage.dll
0x00007ffb15f90000 - 0x00007ffb162e5000 	C:\WINDOWS\System32\combase.dll
0x00007ffb14250000 - 0x00007ffb1427e000 	C:\WINDOWS\SYSTEM32\Wldp.dll
0x00007ffb162f0000 - 0x00007ffb1639d000 	C:\WINDOWS\System32\SHCORE.dll
0x00007ffb159f0000 - 0x00007ffb15a45000 	C:\WINDOWS\System32\shlwapi.dll
0x00007ffb14810000 - 0x00007ffb1482f000 	C:\WINDOWS\SYSTEM32\profapi.dll
0x00007ffb0dcc0000 - 0x00007ffb0dcda000 	C:\Program Files\Java\jdk1.8.0_202\jre\bin\net.dll
0x00007ffb09af0000 - 0x00007ffb09cdb000 	C:\WINDOWS\SYSTEM32\urlmon.dll
0x00007ffb09730000 - 0x00007ffb099e0000 	C:\WINDOWS\SYSTEM32\iertutil.dll
0x00007ffb13db0000 - 0x00007ffb13dbc000 	C:\WINDOWS\SYSTEM32\netutils.dll
0x00007ffb09aa0000 - 0x00007ffb09ac8000 	C:\WINDOWS\SYSTEM32\srvcli.dll
0x00007ffb13fb0000 - 0x00007ffb1401a000 	C:\WINDOWS\system32\mswsock.dll
0x00007ffb0d9b0000 - 0x00007ffb0d9c2000 	C:\Program Files\Java\jdk1.8.0_202\jre\bin\nio.dll

VM Arguments:
java_command: com.xamarin.androidx.jetifierWrapper.Main -intermediate obj\Debug\110\androidx\_AndroidXJetifyManifest.jetify -parallel
java_class_path (initial): C:\Users\Administrator\.nuget\packages\xamarin.androidx.migration\1.0.6\buildTransitive\monoandroid90\Tools/JetifierWrapper/jetifierWrapper-1.0.jar
Launcher Type: SUN_STANDARD

Environment Variables:
PATH=C:\Program Files\Java\jdk1.8.0_202\bin;C:\Program Files\Microsoft MPI\Bin\;C:\Oracle\11.2.0\client_1;C:\Program Files (x86)\Eziriz\.NET Reactor;C:\ProgramData\Oracle\Java\javapath;D:\app\Hung\product\11.2.0\client_2\bin;D:\app\Hung\product\11.2.0\client_1;C:\Program Files (x86)\Common Files\Oracle\Java\javapath;C:\WINDOWS\system32;C:\WINDOWS;C:\WINDOWS\System32\Wbem;C:\WINDOWS\System32\WindowsPowerShell\v1.0\;C:\WINDOWS\System32\OpenSSH\;C:\Program Files (x86)\Microsoft SQL Server\140\Tools\Binn\;C:\Program Files\Microsoft SQL Server\140\Tools\Binn\;C:\Program Files (x86)\Microsoft SQL Server\140\DTS\Binn\;C:\Program Files\Microsoft SQL Server\140\DTS\Binn\;C:\Program Files\Microsoft SQL Server\Client SDK\ODBC\130\Tools\Binn\;C:\Program Files\Git\cmd;C:\Program Files\dotnet\;C:\Program Files\Microsoft SQL Server\130\Tools\Binn\;C:\Program Files (x86)\Microsoft SQL Server\Client SDK\ODBC\130\Tools\Binn\;C:\Program Files (x86)\Microsoft SQL Server\140\Tools\Binn\ManagementStudio\;C:\Program Files (x86)\Microsoft SQL Server\90\Tools\binn\;C:\Program Files (x86)\dotnet\;C:\Users\Administrator\AppData\Local\Microsoft\WindowsApps;C:\Users\Administrator\.dotnet\tools;C:\Users\Administrator\AppData\Local\GitHubDesktop\bin
USERNAME=Administrator
OS=Windows_NT
PROCESSOR_IDENTIFIER=Intel64 Family 6 Model 94 Stepping 3, GenuineIntel



---------------  S Y S T E M  ---------------

OS: Windows 10.0 , 64 bit Build 19041 (10.0.19041.1348)

CPU:total 8 (initial active 8) (4 cores per cpu, 2 threads per core) family 6 model 94 stepping 3, cmov, cx8, fxsr, mmx, sse, sse2, sse3, ssse3, sse4.1, sse4.2, popcnt, avx, avx2, aes, clmul, erms, rtm, 3dnowpref, lzcnt, ht, tsc, tscinvbit, bmi1, bmi2, adx

Memory: 4k page, physical 33431352k(2128552k free), swap 33431352k(3056k free)

vm_info: Java HotSpot(TM) 64-Bit Server VM (25.202-b08) for windows-amd64 JRE (1.8.0_202-b08), built on Dec 15 2018 19:54:30 by "java_re" with MS VC++ 10.0 (VS2010)

time: Sat Dec 04 15:03:41 2021
timezone: SE Asia Standard Time
elapsed time: 0 seconds (0d 0h 0m 0s)

