#
# There is insufficient memory for the Java Runtime Environment to continue.
# Native memory allocation (malloc) failed to allocate 1477968 bytes for Chunk::new
# Possible reasons:
#   The system is out of physical RAM or swap space
#   The process is running with CompressedOops enabled, and the Java Heap may be blocking the growth of the native heap
# Possible solutions:
#   Reduce memory load on the system
#   Increase physical memory or swap space
#   Check if swap backing store is full
#   Decrease Java heap size (-Xmx/-Xms)
#   Decrease number of Java threads
#   Decrease Java thread stack sizes (-Xss)
#   Set larger code cache with -XX:ReservedCodeCacheSize=
#   JVM is running with Zero Based Compressed Oops mode in which the Java heap is
#     placed in the first 32GB address space. The Java Heap base address is the
#     maximum limit for the native heap growth. Please use -XX:HeapBaseMinAddress
#     to set the Java Heap base and to place the Java Heap above 32GB virtual address.
# This output file may be truncated or incomplete.
#
#  Out of Memory Error (allocation.cpp:389), pid=2096, tid=0x0000000000005384
#
# JRE version: OpenJDK Runtime Environment (8.0) (build 1.8.0-25-microsoft-b00)
# Java VM: OpenJDK 64-Bit Server VM (25.71-b00 mixed mode windows-amd64 compressed oops)
# Failed to write core dump. Minidumps are not enabled by default on client versions of Windows
#

---------------  T H R E A D  ---------------

Current thread (0x000000001e652800):  JavaThread "C2 CompilerThread2" daemon [_thread_in_native, id=21380, stack(0x000000001f120000,0x000000001f220000)]

Stack: [0x000000001f120000,0x000000001f220000]
[error occurred during error reporting (printing stack bounds), id 0xc0000005]

Native frames: (J=compiled Java code, j=interpreted, Vv=VM code, C=native code)


Current CompileTask:
C2:   2483 1901       4       org.objectweb.asm.commons.Remapper::mapMethodDesc (108 bytes)


---------------  P R O C E S S  ---------------

Java Threads: ( => current thread )
  0x000000001f767000 JavaThread "pool-1-thread-10" [_thread_in_native, id=13352, stack(0x0000000020720000,0x0000000020820000)]
  0x000000001f766000 JavaThread "pool-1-thread-9" [_thread_in_Java, id=24964, stack(0x0000000020620000,0x0000000020720000)]
  0x000000001f75f800 JavaThread "pool-1-thread-8" [_thread_in_Java, id=25724, stack(0x0000000020420000,0x0000000020520000)]
  0x000000001f75e000 JavaThread "pool-1-thread-7" [_thread_in_Java, id=9300, stack(0x0000000020320000,0x0000000020420000)]
  0x000000001f75c800 JavaThread "pool-1-thread-6" [_thread_in_native, id=27392, stack(0x0000000020220000,0x0000000020320000)]
  0x000000001f759800 JavaThread "pool-1-thread-5" [_thread_in_native, id=21968, stack(0x0000000020120000,0x0000000020220000)]
  0x000000001f753000 JavaThread "pool-1-thread-4" [_thread_in_Java, id=27440, stack(0x0000000020020000,0x0000000020120000)]
  0x000000001f750800 JavaThread "pool-1-thread-3" [_thread_in_native, id=23260, stack(0x000000001ff20000,0x0000000020020000)]
  0x000000001f74a000 JavaThread "pool-1-thread-2" [_thread_in_native, id=13032, stack(0x000000001fe20000,0x000000001ff20000)]
  0x000000001f749000 JavaThread "pool-1-thread-1" [_thread_in_Java, id=25076, stack(0x000000001fd20000,0x000000001fe20000)]
  0x000000001e6d8800 JavaThread "Service Thread" daemon [_thread_blocked, id=14936, stack(0x000000001f320000,0x000000001f420000)]
  0x000000001e65d000 JavaThread "C1 CompilerThread3" daemon [_thread_blocked, id=15296, stack(0x000000001f220000,0x000000001f320000)]
=>0x000000001e652800 JavaThread "C2 CompilerThread2" daemon [_thread_in_native, id=21380, stack(0x000000001f120000,0x000000001f220000)]
  0x000000001e650000 JavaThread "C2 CompilerThread1" daemon [_thread_in_native, id=24724, stack(0x000000001f020000,0x000000001f120000)]
  0x000000001e64a000 JavaThread "C2 CompilerThread0" daemon [_thread_in_native, id=692, stack(0x000000001ef20000,0x000000001f020000)]
  0x000000001e649000 JavaThread "Attach Listener" daemon [_thread_blocked, id=1916, stack(0x000000001ee20000,0x000000001ef20000)]
  0x000000001e648000 JavaThread "Signal Dispatcher" daemon [_thread_blocked, id=2116, stack(0x000000001ed20000,0x000000001ee20000)]
  0x000000001e640800 JavaThread "Finalizer" daemon [_thread_blocked, id=18764, stack(0x000000001eb20000,0x000000001ec20000)]
  0x000000001c85b800 JavaThread "Reference Handler" daemon [_thread_blocked, id=20168, stack(0x000000001ea20000,0x000000001eb20000)]
  0x0000000002c1e800 JavaThread "main" [_thread_blocked, id=1112, stack(0x0000000002c50000,0x0000000002d50000)]

Other Threads:
  0x000000001c858000 VMThread [stack: 0x000000001e520000,0x000000001e620000] [id=1756]
  0x000000001e6d9000 WatcherThread [stack: 0x000000001f420000,0x000000001f520000] [id=28344]

VM state:not at safepoint (normal execution)

VM Mutex/Monitor currently owned by a thread: None

heap address: 0x00000006c1e00000, size: 4066 MB, Compressed Oops mode: Zero based, Oop shift amount: 3
Narrow klass base: 0x0000000000000000, Narrow klass shift: 3
Compressed class space size: 1073741824 Address: 0x00000007c0000000

Heap:
 PSYoungGen      total 141824K, used 138384K [0x000000076b500000, 0x0000000774a00000, 0x00000007c0000000)
  eden space 131072K, 97% used [0x000000076b500000,0x00000007731a93f8,0x0000000773500000)
  from space 10752K, 99% used [0x0000000773500000,0x0000000773f7ac48,0x0000000773f80000)
  to   space 10752K, 0% used [0x0000000773f80000,0x0000000773f80000,0x0000000774a00000)
 ParOldGen       total 175104K, used 82198K [0x00000006c1e00000, 0x00000006cc900000, 0x000000076b500000)
  object space 175104K, 46% used [0x00000006c1e00000,0x00000006c6e45978,0x00000006cc900000)
 Metaspace       used 9370K, capacity 9506K, committed 9600K, reserved 1058816K
  class space    used 845K, capacity 885K, committed 896K, reserved 1048576K

Card table byte_map: [0x0000000012210000,0x0000000012a10000] byte_map_base: 0x000000000ec01000

Marking Bits: (ParMarkBitMap*) 0x0000000051fe8f30
 Begin Bits: [0x0000000013760000, 0x00000000176e8000)
 End Bits:   [0x00000000176e8000, 0x000000001b670000)

Polling page: 0x0000000000ee0000

CodeCache: size=245760Kb used=7717Kb max_used=7717Kb free=238042Kb
 bounds [0x0000000002e50000, 0x00000000035f0000, 0x0000000011e50000]
 total_blobs=2415 nmethods=2079 adapters=249
 compilation: enabled

Compilation events (10 events):
Event: 2.406 Thread 0x000000001e65d000 2117       2       java.net.URLStreamHandler::setURL (40 bytes)
Event: 2.406 Thread 0x000000001e65d000 nmethod 2117 0x00000000035df390 code [0x00000000035df500, 0x00000000035df738]
Event: 2.462 Thread 0x000000001e65d000 2118       2       org.objectweb.asm.ClassWriter::newConst (9 bytes)
Event: 2.462 Thread 0x000000001e65d000 nmethod 2118 0x00000000035df8d0 code [0x00000000035dfa40, 0x00000000035dfbc8]
Event: 2.462 Thread 0x000000001e65d000 2119       2       java.util.Collections::singletonIterator (9 bytes)
Event: 2.462 Thread 0x000000001e65d000 nmethod 2119 0x00000000035dfc90 code [0x00000000035dfde0, 0x00000000035dff90]
Event: 2.462 Thread 0x000000001e65d000 2120       2       java.util.Collections$1::<init> (15 bytes)
Event: 2.462 Thread 0x000000001e65d000 nmethod 2120 0x00000000035e0010 code [0x00000000035e0160, 0x00000000035e02d0]
Event: 2.467 Thread 0x000000001e65d000 2121       2       org.objectweb.asm.ByteVector::putLong (145 bytes)
Event: 2.468 Thread 0x000000001e65d000 nmethod 2121 0x00000000035e0350 code [0x00000000035e04c0, 0x00000000035e07a8]

GC Heap History (10 events):
Event: 1.703 GC heap before
{Heap before GC invocations=7 (full 0):
 PSYoungGen      total 141824K, used 141809K [0x000000076b500000, 0x0000000774a00000, 0x00000007c0000000)
  eden space 131072K, 100% used [0x000000076b500000,0x0000000773500000,0x0000000773500000)
  from space 10752K, 99% used [0x0000000773f80000,0x00000007749fc780,0x0000000774a00000)
  to   space 10752K, 0% used [0x0000000773500000,0x0000000773500000,0x0000000773f80000)
 ParOldGen       total 175104K, used 32565K [0x00000006c1e00000, 0x00000006cc900000, 0x000000076b500000)
  object space 175104K, 18% used [0x00000006c1e00000,0x00000006c3dcd660,0x00000006cc900000)
 Metaspace       used 9328K, capacity 9442K, committed 9600K, reserved 1058816K
  class space    used 845K, capacity 885K, committed 896K, reserved 1048576K
Event: 1.717 GC heap after
Heap after GC invocations=7 (full 0):
 PSYoungGen      total 141824K, used 10731K [0x000000076b500000, 0x0000000774a00000, 0x00000007c0000000)
  eden space 131072K, 0% used [0x000000076b500000,0x000000076b500000,0x0000000773500000)
  from space 10752K, 99% used [0x0000000773500000,0x0000000773f7afe8,0x0000000773f80000)
  to   space 10752K, 0% used [0x0000000773f80000,0x0000000773f80000,0x0000000774a00000)
 ParOldGen       total 175104K, used 40304K [0x00000006c1e00000, 0x00000006cc900000, 0x000000076b500000)
  object space 175104K, 23% used [0x00000006c1e00000,0x00000006c455c320,0x00000006cc900000)
 Metaspace       used 9328K, capacity 9442K, committed 9600K, reserved 1058816K
  class space    used 845K, capacity 885K, committed 896K, reserved 1048576K
}
Event: 1.855 GC heap before
{Heap before GC invocations=8 (full 0):
 PSYoungGen      total 141824K, used 141803K [0x000000076b500000, 0x0000000774a00000, 0x00000007c0000000)
  eden space 131072K, 100% used [0x000000076b500000,0x0000000773500000,0x0000000773500000)
  from space 10752K, 99% used [0x0000000773500000,0x0000000773f7afe8,0x0000000773f80000)
  to   space 10752K, 0% used [0x0000000773f80000,0x0000000773f80000,0x0000000774a00000)
 ParOldGen       total 175104K, used 40304K [0x00000006c1e00000, 0x00000006cc900000, 0x000000076b500000)
  object space 175104K, 23% used [0x00000006c1e00000,0x00000006c455c320,0x00000006cc900000)
 Metaspace       used 9338K, capacity 9442K, committed 9600K, reserved 1058816K
  class space    used 845K, capacity 885K, committed 896K, reserved 1048576K
Event: 1.886 GC heap after
Heap after GC invocations=8 (full 0):
 PSYoungGen      total 141824K, used 10749K [0x000000076b500000, 0x0000000774a00000, 0x00000007c0000000)
  eden space 131072K, 0% used [0x000000076b500000,0x000000076b500000,0x0000000773500000)
  from space 10752K, 99% used [0x0000000773f80000,0x00000007749ff718,0x0000000774a00000)
  to   space 10752K, 0% used [0x0000000773500000,0x0000000773500000,0x0000000773f80000)
 ParOldGen       total 175104K, used 52969K [0x00000006c1e00000, 0x00000006cc900000, 0x000000076b500000)
  object space 175104K, 30% used [0x00000006c1e00000,0x00000006c51ba578,0x00000006cc900000)
 Metaspace       used 9338K, capacity 9442K, committed 9600K, reserved 1058816K
  class space    used 845K, capacity 885K, committed 896K, reserved 1048576K
}
Event: 2.007 GC heap before
{Heap before GC invocations=9 (full 0):
 PSYoungGen      total 141824K, used 141821K [0x000000076b500000, 0x0000000774a00000, 0x00000007c0000000)
  eden space 131072K, 100% used [0x000000076b500000,0x0000000773500000,0x0000000773500000)
  from space 10752K, 99% used [0x0000000773f80000,0x00000007749ff718,0x0000000774a00000)
  to   space 10752K, 0% used [0x0000000773500000,0x0000000773500000,0x0000000773f80000)
 ParOldGen       total 175104K, used 52969K [0x00000006c1e00000, 0x00000006cc900000, 0x000000076b500000)
  object space 175104K, 30% used [0x00000006c1e00000,0x00000006c51ba578,0x00000006cc900000)
 Metaspace       used 9350K, capacity 9442K, committed 9600K, reserved 1058816K
  class space    used 845K, capacity 885K, committed 896K, reserved 1048576K
Event: 2.033 GC heap after
Heap after GC invocations=9 (full 0):
 PSYoungGen      total 141824K, used 10724K [0x000000076b500000, 0x0000000774a00000, 0x00000007c0000000)
  eden space 131072K, 0% used [0x000000076b500000,0x000000076b500000,0x0000000773500000)
  from space 10752K, 99% used [0x0000000773500000,0x0000000773f79040,0x0000000773f80000)
  to   space 10752K, 0% used [0x0000000773f80000,0x0000000773f80000,0x0000000774a00000)
 ParOldGen       total 175104K, used 61106K [0x00000006c1e00000, 0x00000006cc900000, 0x000000076b500000)
  object space 175104K, 34% used [0x00000006c1e00000,0x00000006c59acae0,0x00000006cc900000)
 Metaspace       used 9350K, capacity 9442K, committed 9600K, reserved 1058816K
  class space    used 845K, capacity 885K, committed 896K, reserved 1048576K
}
Event: 2.162 GC heap before
{Heap before GC invocations=10 (full 0):
 PSYoungGen      total 141824K, used 141652K [0x000000076b500000, 0x0000000774a00000, 0x00000007c0000000)
  eden space 131072K, 99% used [0x000000076b500000,0x00000007734dc370,0x0000000773500000)
  from space 10752K, 99% used [0x0000000773500000,0x0000000773f79040,0x0000000773f80000)
  to   space 10752K, 0% used [0x0000000773f80000,0x0000000773f80000,0x0000000774a00000)
 ParOldGen       total 175104K, used 61106K [0x00000006c1e00000, 0x00000006cc900000, 0x000000076b500000)
  object space 175104K, 34% used [0x00000006c1e00000,0x00000006c59acae0,0x00000006cc900000)
 Metaspace       used 9362K, capacity 9506K, committed 9600K, reserved 1058816K
  class space    used 845K, capacity 885K, committed 896K, reserved 1048576K
Event: 2.180 GC heap after
Heap after GC invocations=10 (full 0):
 PSYoungGen      total 141824K, used 10751K [0x000000076b500000, 0x0000000774a00000, 0x00000007c0000000)
  eden space 131072K, 0% used [0x000000076b500000,0x000000076b500000,0x0000000773500000)
  from space 10752K, 99% used [0x0000000773f80000,0x00000007749ffc08,0x0000000774a00000)
  to   space 10752K, 0% used [0x0000000773500000,0x0000000773500000,0x0000000773f80000)
 ParOldGen       total 175104K, used 70708K [0x00000006c1e00000, 0x00000006cc900000, 0x000000076b500000)
  object space 175104K, 40% used [0x00000006c1e00000,0x00000006c630d120,0x00000006cc900000)
 Metaspace       used 9362K, capacity 9506K, committed 9600K, reserved 1058816K
  class space    used 845K, capacity 885K, committed 896K, reserved 1048576K
}
Event: 2.300 GC heap before
{Heap before GC invocations=11 (full 0):
 PSYoungGen      total 141824K, used 141823K [0x000000076b500000, 0x0000000774a00000, 0x00000007c0000000)
  eden space 131072K, 100% used [0x000000076b500000,0x0000000773500000,0x0000000773500000)
  from space 10752K, 99% used [0x0000000773f80000,0x00000007749ffc08,0x0000000774a00000)
  to   space 10752K, 0% used [0x0000000773500000,0x0000000773500000,0x0000000773f80000)
 ParOldGen       total 175104K, used 70708K [0x00000006c1e00000, 0x00000006cc900000, 0x000000076b500000)
  object space 175104K, 40% used [0x00000006c1e00000,0x00000006c630d120,0x00000006cc900000)
 Metaspace       used 9366K, capacity 9506K, committed 9600K, reserved 1058816K
  class space    used 845K, capacity 885K, committed 896K, reserved 1048576K
Event: 2.360 GC heap after
Heap after GC invocations=11 (full 0):
 PSYoungGen      total 141824K, used 10731K [0x000000076b500000, 0x0000000774a00000, 0x00000007c0000000)
  eden space 131072K, 0% used [0x000000076b500000,0x000000076b500000,0x0000000773500000)
  from space 10752K, 99% used [0x0000000773500000,0x0000000773f7ac48,0x0000000773f80000)
  to   space 10752K, 0% used [0x0000000773f80000,0x0000000773f80000,0x0000000774a00000)
 ParOldGen       total 175104K, used 82198K [0x00000006c1e00000, 0x00000006cc900000, 0x000000076b500000)
  object space 175104K, 46% used [0x00000006c1e00000,0x00000006c6e45978,0x00000006cc900000)
 Metaspace       used 9366K, capacity 9506K, committed 9600K, reserved 1058816K
  class space    used 845K, capacity 885K, committed 896K, reserved 1048576K
}

Deoptimization events (10 events):
Event: 1.522 Thread 0x000000001f75e000 Uncommon trap: reason=bimorphic action=maybe_recompile pc=0x000000000312ca3c method=java.util.regex.Pattern$Slice.match(Ljava/util/regex/Matcher;ILjava/lang/CharSequence;)Z @ 75
Event: 1.522 Thread 0x000000001f75e000 Uncommon trap: reason=unstable_if action=reinterpret pc=0x00000000034b62a0 method=com.android.tools.build.jetifier.core.type.JavaType.equals(Ljava/lang/Object;)Z @ 2
Event: 1.522 Thread 0x000000001f75e000 Uncommon trap: reason=unstable_if action=reinterpret pc=0x0000000003400a58 method=com.android.tools.build.jetifier.core.type.JavaType.equals(Ljava/lang/Object;)Z @ 2
Event: 1.522 Thread 0x000000001f75e000 Uncommon trap: reason=unstable_if action=reinterpret pc=0x00000000034ae73c method=com.android.tools.build.jetifier.core.type.JavaType.equals(Ljava/lang/Object;)Z @ 2
Event: 1.552 Thread 0x000000001f75e000 Uncommon trap: reason=unstable_if action=reinterpret pc=0x000000000358e990 method=com.android.tools.build.jetifier.core.type.JavaType.equals(Ljava/lang/Object;)Z @ 2
Event: 1.625 Thread 0x000000001f75c800 Uncommon trap: reason=unstable_if action=reinterpret pc=0x000000000357c570 method=org.objectweb.asm.signature.SignatureReader.parseType(Ljava/lang/String;ILorg/objectweb/asm/signature/SignatureVisitor;)I @ 263
Event: 1.752 Thread 0x000000001f75c800 Uncommon trap: reason=unstable_if action=reinterpret pc=0x000000000346c678 method=org.objectweb.asm.ClassReader.readUTF(II[C)Ljava/lang/String; @ 77
Event: 1.753 Thread 0x000000001f75c800 Uncommon trap: reason=unstable_if action=reinterpret pc=0x00000000034c7398 method=org.objectweb.asm.ByteVector.putUTF8(Ljava/lang/String;)Lorg/objectweb/asm/ByteVector; @ 98
Event: 1.973 Thread 0x000000001f767000 Uncommon trap: reason=unstable_if action=reinterpret pc=0x00000000034196e4 method=org.objectweb.asm.ClassReader.readUTF(II[C)Ljava/lang/String; @ 77
Event: 1.974 Thread 0x000000001f767000 Uncommon trap: reason=unstable_if action=reinterpret pc=0x0000000003420e40 method=org.objectweb.asm.ByteVector.putUTF8(Ljava/lang/String;)Lorg/objectweb/asm/ByteVector; @ 98

Classes redefined (0 events):
No events

Internal exceptions (10 events):
Event: 0.131 Thread 0x0000000002c1e800 Exception <a 'java/lang/ArrayIndexOutOfBoundsException': 18> (0x000000076c0297a0) thrown at [D:\j\worksp~1\openjd~3\jdk8u\hotspot\src\share\vm\interpreter\interpreterRuntime.cpp, line 368]
Event: 0.131 Thread 0x0000000002c1e800 Exception <a 'java/lang/ArrayIndexOutOfBoundsException': 55> (0x000000076c02a510) thrown at [D:\j\worksp~1\openjd~3\jdk8u\hotspot\src\share\vm\interpreter\interpreterRuntime.cpp, line 368]
Event: 0.131 Thread 0x0000000002c1e800 Exception <a 'java/lang/ArrayIndexOutOfBoundsException': 40> (0x000000076c02b380) thrown at [D:\j\worksp~1\openjd~3\jdk8u\hotspot\src\share\vm\interpreter\interpreterRuntime.cpp, line 368]
Event: 0.168 Thread 0x0000000002c1e800 Exception <a 'java/lang/ArrayIndexOutOfBoundsException'> (0x000000076c4a4418) thrown at [D:\j\worksp~1\openjd~3\jdk8u\hotspot\src\share\vm\runtime\sharedRuntime.cpp, line 605]
Event: 0.170 Thread 0x0000000002c1e800 Exception <a 'java/lang/ArrayIndexOutOfBoundsException'> (0x000000076c4bf968) thrown at [D:\j\worksp~1\openjd~3\jdk8u\hotspot\src\share\vm\runtime\sharedRuntime.cpp, line 605]
Event: 0.176 Thread 0x0000000002c1e800 Exception <a 'java/lang/ArrayIndexOutOfBoundsException'> (0x000000076c511368) thrown at [D:\j\worksp~1\openjd~3\jdk8u\hotspot\src\share\vm\runtime\sharedRuntime.cpp, line 605]
Event: 0.177 Thread 0x0000000002c1e800 Exception <a 'java/lang/ArrayIndexOutOfBoundsException'> (0x000000076c526ad0) thrown at [D:\j\worksp~1\openjd~3\jdk8u\hotspot\src\share\vm\runtime\sharedRuntime.cpp, line 605]
Event: 1.228 Thread 0x000000001f75c800 Implicit null exception at 0x0000000003274400 to 0x0000000003274481
Event: 1.229 Thread 0x000000001f74a000 Implicit null exception at 0x00000000032775b4 to 0x0000000003277629
Event: 1.521 Thread 0x000000001f75e000 Implicit null exception at 0x00000000033edfac to 0x00000000033ee0dd

Events (10 events):
Event: 2.373 Thread 0x000000001f749000 DEOPT PACKING pc=0x0000000003339055 sp=0x000000001fe1e970
Event: 2.373 Thread 0x000000001f749000 DEOPT UNPACKING pc=0x0000000002e975d0 sp=0x000000001fe1e6c0 mode 0
Event: 2.384 Thread 0x000000001f749000 DEOPT PACKING pc=0x0000000003339055 sp=0x000000001fe1e970
Event: 2.384 Thread 0x000000001f749000 DEOPT UNPACKING pc=0x0000000002e975d0 sp=0x000000001fe1e6c0 mode 0
Event: 2.398 Thread 0x000000001f74a000 DEOPT PACKING pc=0x0000000003339055 sp=0x000000001ff1e500
Event: 2.399 Thread 0x000000001f74a000 DEOPT UNPACKING pc=0x0000000002e975d0 sp=0x000000001ff1e250 mode 0
Event: 2.439 Thread 0x000000001f75f800 DEOPT PACKING pc=0x0000000003339055 sp=0x000000002051e680
Event: 2.439 Thread 0x000000001f75f800 DEOPT UNPACKING pc=0x0000000002e975d0 sp=0x000000002051e3d0 mode 0
Event: 2.457 Thread 0x000000001f766000 DEOPT PACKING pc=0x0000000003339055 sp=0x000000002071e6f0
Event: 2.457 Thread 0x000000001f766000 DEOPT UNPACKING pc=0x0000000002e975d0 sp=0x000000002071e440 mode 0


Dynamic libraries:
0x00007ff7806d0000 - 0x00007ff780705000 	C:\Program Files\Android\Jdk\microsoft_dist_openjdk_1.8.0.25\bin\java.exe
0x00007ffb70ff0000 - 0x00007ffb711e5000 	C:\WINDOWS\SYSTEM32\ntdll.dll
0x00007ffb6fcc0000 - 0x00007ffb6fd7e000 	C:\WINDOWS\System32\KERNEL32.DLL
0x00007ffb6e9f0000 - 0x00007ffb6ecb9000 	C:\WINDOWS\System32\KERNELBASE.dll
0x00007ffb70760000 - 0x00007ffb7080c000 	C:\WINDOWS\System32\ADVAPI32.dll
0x00007ffb70d60000 - 0x00007ffb70dfe000 	C:\WINDOWS\System32\msvcrt.dll
0x00007ffb70810000 - 0x00007ffb708ab000 	C:\WINDOWS\System32\sechost.dll
0x00007ffb6f0e0000 - 0x00007ffb6f20a000 	C:\WINDOWS\System32\RPCRT4.dll
0x00007ffb70e00000 - 0x00007ffb70fa1000 	C:\WINDOWS\System32\USER32.dll
0x00007ffb6e770000 - 0x00007ffb6e792000 	C:\WINDOWS\System32\win32u.dll
0x00007ffb6f970000 - 0x00007ffb6f99b000 	C:\WINDOWS\System32\GDI32.dll
0x00007ffb6eee0000 - 0x00007ffb6efeb000 	C:\WINDOWS\System32\gdi32full.dll
0x00007ffb6e7a0000 - 0x00007ffb6e83d000 	C:\WINDOWS\System32\msvcp_win.dll
0x00007ffb6e8f0000 - 0x00007ffb6e9f0000 	C:\WINDOWS\System32\ucrtbase.dll
0x00007ffb50f30000 - 0x00007ffb511ca000 	C:\WINDOWS\WinSxS\amd64_microsoft.windows.common-controls_6595b64144ccf1df_6.0.19041.1110_none_60b5254171f9507e\COMCTL32.dll
0x00007ffb708b0000 - 0x00007ffb708e0000 	C:\WINDOWS\System32\IMM32.DLL
0x0000000052070000 - 0x0000000052141000 	C:\Program Files\Android\Jdk\microsoft_dist_openjdk_1.8.0.25\jre\bin\msvcr100.dll
0x0000000051820000 - 0x0000000052065000 	C:\Program Files\Android\Jdk\microsoft_dist_openjdk_1.8.0.25\jre\bin\server\jvm.dll
0x00007ffb6f0d0000 - 0x00007ffb6f0d8000 	C:\WINDOWS\System32\PSAPI.DLL
0x00007ffb67990000 - 0x00007ffb6799a000 	C:\WINDOWS\SYSTEM32\VERSION.dll
0x00007ffb5c5c0000 - 0x00007ffb5c5c9000 	C:\WINDOWS\SYSTEM32\WSOCK32.dll
0x00007ffb5a6a0000 - 0x00007ffb5a6c7000 	C:\WINDOWS\SYSTEM32\WINMM.dll
0x00007ffb70a00000 - 0x00007ffb70a6b000 	C:\WINDOWS\System32\WS2_32.dll
0x00007ffb6bf00000 - 0x00007ffb6bf0f000 	C:\Program Files\Android\Jdk\microsoft_dist_openjdk_1.8.0.25\jre\bin\verify.dll
0x00007ffb5e370000 - 0x00007ffb5e399000 	C:\Program Files\Android\Jdk\microsoft_dist_openjdk_1.8.0.25\jre\bin\java.dll
0x00007ffb6ab40000 - 0x00007ffb6ab56000 	C:\Program Files\Android\Jdk\microsoft_dist_openjdk_1.8.0.25\jre\bin\zip.dll
0x00007ffb6f230000 - 0x00007ffb6f96f000 	C:\WINDOWS\System32\SHELL32.dll
0x00007ffb6c700000 - 0x00007ffb6ce90000 	C:\WINDOWS\SYSTEM32\windows.storage.dll
0x00007ffb6fd80000 - 0x00007ffb700d5000 	C:\WINDOWS\System32\combase.dll
0x00007ffb6e0f0000 - 0x00007ffb6e11c000 	C:\WINDOWS\SYSTEM32\Wldp.dll
0x00007ffb6fb30000 - 0x00007ffb6fbde000 	C:\WINDOWS\System32\SHCORE.dll
0x00007ffb700e0000 - 0x00007ffb70135000 	C:\WINDOWS\System32\shlwapi.dll
0x00007ffb6e650000 - 0x00007ffb6e66f000 	C:\WINDOWS\SYSTEM32\profapi.dll
0x00007ffb5ad00000 - 0x00007ffb5ad1a000 	C:\Program Files\Android\jdk\microsoft_dist_openjdk_1.8.0.25\jre\bin\net.dll
0x00007ffb6de50000 - 0x00007ffb6deba000 	C:\WINDOWS\system32\mswsock.dll
0x00007ffb4e230000 - 0x00007ffb4e241000 	C:\Program Files\Android\jdk\microsoft_dist_openjdk_1.8.0.25\jre\bin\nio.dll

VM Arguments:
java_command: com.xamarin.androidx.jetifierWrapper.Main -intermediate obj\Debug\110\androidx\_AndroidXJetifyEmbeddedFiles.jetify -parallel
java_class_path (initial): C:\Users\Administrator\.nuget\packages\xamarin.androidx.migration\1.0.8\buildTransitive\monoandroid90\Tools/JetifierWrapper/jetifierWrapper-1.0.jar
Launcher Type: SUN_STANDARD

Environment Variables:
PATH=C:\Program Files\Android\Jdk\microsoft_dist_openjdk_1.8.0.25\bin;C:\Program Files\Microsoft MPI\Bin\;C:\Oracle\11.2.0\client_1;C:\Program Files (x86)\Eziriz\.NET Reactor;C:\ProgramData\Oracle\Java\javapath;D:\app\Hung\product\11.2.0\client_2\bin;D:\app\Hung\product\11.2.0\client_1;C:\Program Files (x86)\Common Files\Oracle\Java\javapath;C:\WINDOWS\system32;C:\WINDOWS;C:\WINDOWS\System32\Wbem;C:\WINDOWS\System32\WindowsPowerShell\v1.0\;C:\WINDOWS\System32\OpenSSH\;C:\Program Files (x86)\Microsoft SQL Server\140\Tools\Binn\;C:\Program Files\Microsoft SQL Server\140\Tools\Binn\;C:\Program Files (x86)\Microsoft SQL Server\140\DTS\Binn\;C:\Program Files\Microsoft SQL Server\140\DTS\Binn\;C:\Program Files\Microsoft SQL Server\Client SDK\ODBC\130\Tools\Binn\;C:\Program Files\Git\cmd;C:\Program Files\dotnet\;C:\Program Files\Microsoft SQL Server\130\Tools\Binn\;C:\Program Files (x86)\Microsoft SQL Server\Client SDK\ODBC\130\Tools\Binn\;C:\Program Files (x86)\Microsoft SQL Server\140\Tools\Binn\ManagementStudio\;C:\Program Files (x86)\Microsoft SQL Server\90\Tools\binn\;C:\Program Files (x86)\dotnet\;C:\Users\Administrator\AppData\Local\Microsoft\WindowsApps;C:\Users\Administrator\.dotnet\tools;C:\Users\Administrator\AppData\Local\GitHubDesktop\bin
USERNAME=Administrator
OS=Windows_NT
PROCESSOR_IDENTIFIER=Intel64 Family 6 Model 94 Stepping 3, GenuineIntel



---------------  S Y S T E M  ---------------

OS: Windows 10.0 , 64 bit Build 19041 (10.0.19041.1202)

CPU:total 8 (initial active 8) (4 cores per cpu, 2 threads per core) family 6 model 94 stepping 3, cmov, cx8, fxsr, mmx, sse, sse2, sse3, ssse3, sse4.1, sse4.2, popcnt, avx, avx2, aes, clmul, erms, rtm, 3dnowpref, lzcnt, ht, tsc, tscinvbit, bmi1, bmi2, adx

Memory: 4k page, physical 16654136k(2773940k free), swap 16654136k(6044k free)

vm_info: OpenJDK 64-Bit Server VM (25.71-b00) for windows-amd64 JRE (1.8.0-25-microsoft-b00), built on Feb  7 2019 20:09:14 by "builder" with MS VC++ 10.0 (VS2010)

time: Thu Oct 14 10:20:44 2021
timezone: SE Asia Standard Time
elapsed time: 2 seconds (0d 0h 0m 2s)

