#
# There is insufficient memory for the Java Runtime Environment to continue.
# Native memory allocation (malloc) failed to allocate 872416 bytes for Chunk::new
# Possible reasons:
#   The system is out of physical RAM or swap space
#   The process is running with CompressedOops enabled, and the Java Heap may be blocking the growth of the native heap
# Possible solutions:
#   Reduce memory load on the system
#   Increase physical memory or swap space
#   Check if swap backing store is full
#   Decrease Java heap size (-Xmx/-Xms)
#   Decrease number of Java threads
#   Decrease Java thread stack sizes (-Xss)
#   Set larger code cache with -XX:ReservedCodeCacheSize=
#   JVM is running with Zero Based Compressed Oops mode in which the Java heap is
#     placed in the first 32GB address space. The Java Heap base address is the
#     maximum limit for the native heap growth. Please use -XX:HeapBaseMinAddress
#     to set the Java Heap base and to place the Java Heap above 32GB virtual address.
# This output file may be truncated or incomplete.
#
#  Out of Memory Error (allocation.cpp:389), pid=9880, tid=0x0000000000000438
#
# JRE version: OpenJDK Runtime Environment (8.0) (build 1.8.0-25-microsoft-b00)
# Java VM: OpenJDK 64-Bit Server VM (25.71-b00 mixed mode windows-amd64 compressed oops)
# Failed to write core dump. Minidumps are not enabled by default on client versions of Windows
#

---------------  T H R E A D  ---------------

Current thread (0x000000001e3fa000):  JavaThread "C2 CompilerThread0" daemon [_thread_in_native, id=1080, stack(0x000000001ece0000,0x000000001ede0000)]

Stack: [0x000000001ece0000,0x000000001ede0000]
[error occurred during error reporting (printing stack bounds), id 0xc0000005]

Native frames: (J=compiled Java code, j=interpreted, Vv=VM code, C=native code)


Current CompileTask:
C2:   1125 1800       4       org.objectweb.asm.commons.Remapper::mapMethodDesc (108 bytes)


---------------  P R O C E S S  ---------------

Java Threads: ( => current thread )
  0x000000001f59a000 JavaThread "pool-1-thread-10" [_thread_in_Java, id=13696, stack(0x00000000204e0000,0x00000000205e0000)]
  0x000000001f596800 JavaThread "pool-1-thread-9" [_thread_in_native, id=4108, stack(0x00000000203e0000,0x00000000204e0000)]
  0x000000001f58a800 JavaThread "pool-1-thread-8" [_thread_in_Java, id=21372, stack(0x00000000201e0000,0x00000000202e0000)]
  0x000000001f589800 JavaThread "pool-1-thread-7" [_thread_in_native, id=16356, stack(0x00000000200e0000,0x00000000201e0000)]
  0x000000001f588800 JavaThread "pool-1-thread-6" [_thread_in_Java, id=15824, stack(0x000000001ffe0000,0x00000000200e0000)]
  0x000000001f586000 JavaThread "pool-1-thread-5" [_thread_in_Java, id=5896, stack(0x000000001fee0000,0x000000001ffe0000)]
  0x000000001f585000 JavaThread "pool-1-thread-4" [_thread_in_Java, id=18916, stack(0x000000001fde0000,0x000000001fee0000)]
  0x000000001f57b000 JavaThread "pool-1-thread-3" [_thread_in_native, id=10228, stack(0x000000001fce0000,0x000000001fde0000)]
  0x000000001f577800 JavaThread "pool-1-thread-2" [_thread_in_Java, id=9644, stack(0x000000001fbe0000,0x000000001fce0000)]
  0x000000001f576800 JavaThread "pool-1-thread-1" [_thread_in_native, id=8748, stack(0x000000001fae0000,0x000000001fbe0000)]
  0x000000001e499800 JavaThread "Service Thread" daemon [_thread_blocked, id=13100, stack(0x000000001f0e0000,0x000000001f1e0000)]
  0x000000001e407000 JavaThread "C1 CompilerThread3" daemon [_thread_blocked, id=16004, stack(0x000000001efe0000,0x000000001f0e0000)]
  0x000000001e3fe000 JavaThread "C2 CompilerThread2" daemon [_thread_in_native, id=12300, stack(0x000000001eee0000,0x000000001efe0000)]
  0x000000001e3fc000 JavaThread "C2 CompilerThread1" daemon [_thread_in_native, id=9792, stack(0x000000001ede0000,0x000000001eee0000)]
=>0x000000001e3fa000 JavaThread "C2 CompilerThread0" daemon [_thread_in_native, id=1080, stack(0x000000001ece0000,0x000000001ede0000)]
  0x000000001e3f9000 JavaThread "Attach Listener" daemon [_thread_blocked, id=15560, stack(0x000000001ebe0000,0x000000001ece0000)]
  0x000000001e3f8000 JavaThread "Signal Dispatcher" daemon [_thread_blocked, id=21952, stack(0x000000001eae0000,0x000000001ebe0000)]
  0x000000001c612000 JavaThread "Finalizer" daemon [_thread_blocked, id=1192, stack(0x000000001e8d0000,0x000000001e9d0000)]
  0x0000000002bf9000 JavaThread "Reference Handler" daemon [_thread_blocked, id=3812, stack(0x000000001e7d0000,0x000000001e8d0000)]
  0x0000000002afe800 JavaThread "main" [_thread_blocked, id=2100, stack(0x0000000002970000,0x0000000002a70000)]

Other Threads:
  0x000000001c608000 VMThread [stack: 0x000000001e2d0000,0x000000001e3d0000] [id=6920]
  0x000000001e49a000 WatcherThread [stack: 0x000000001f1e0000,0x000000001f2e0000] [id=22904]

VM state:not at safepoint (normal execution)

VM Mutex/Monitor currently owned by a thread: None

heap address: 0x00000006c1e00000, size: 4066 MB, Compressed Oops mode: Zero based, Oop shift amount: 3
Narrow klass base: 0x0000000000000000, Narrow klass shift: 3
Compressed class space size: 1073741824 Address: 0x00000007c0000000

Heap:
 PSYoungGen      total 141824K, used 137397K [0x000000076b500000, 0x0000000774a00000, 0x00000007c0000000)
  eden space 131072K, 96% used [0x000000076b500000,0x00000007730b3a98,0x0000000773500000)
  from space 10752K, 99% used [0x0000000773f80000,0x00000007749f9cf0,0x0000000774a00000)
  to   space 10752K, 0% used [0x0000000773500000,0x0000000773500000,0x0000000773f80000)
 ParOldGen       total 175104K, used 40574K [0x00000006c1e00000, 0x00000006cc900000, 0x000000076b500000)
  object space 175104K, 23% used [0x00000006c1e00000,0x00000006c459f958,0x00000006cc900000)
 Metaspace       used 9316K, capacity 9436K, committed 9600K, reserved 1058816K
  class space    used 845K, capacity 884K, committed 896K, reserved 1048576K

Card table byte_map: [0x0000000011fc0000,0x00000000127c0000] byte_map_base: 0x000000000e9b1000

Marking Bits: (ParMarkBitMap*) 0x0000000064378f30
 Begin Bits: [0x0000000013510000, 0x0000000017498000)
 End Bits:   [0x0000000017498000, 0x000000001b420000)

Polling page: 0x0000000002a70000

CodeCache: size=245760Kb used=7042Kb max_used=7042Kb free=238717Kb
 bounds [0x0000000002c00000, 0x00000000032f0000, 0x0000000011c00000]
 total_blobs=2189 nmethods=1853 adapters=249
 compilation: enabled

Compilation events (10 events):
Event: 1.104 Thread 0x000000001e407000 1905       2       org.objectweb.asm.ClassVisitor::visitOuterClass (18 bytes)
Event: 1.104 Thread 0x000000001e407000 nmethod 1905 0x00000000032e5790 code [0x00000000032e5900, 0x00000000032e5a88]
Event: 1.110 Thread 0x000000001e407000 1906       2       org.objectweb.asm.commons.FieldRemapper::visitAnnotation (38 bytes)
Event: 1.111 Thread 0x000000001e407000 nmethod 1906 0x00000000032e5b50 code [0x00000000032e5ce0, 0x00000000032e5fa8]
Event: 1.111 Thread 0x000000001e407000 1907       2       org.objectweb.asm.FieldWriter::visitAnnotation (82 bytes)
Event: 1.111 Thread 0x000000001e407000 nmethod 1907 0x00000000032e6110 code [0x00000000032e62a0, 0x00000000032e6738]
Event: 1.119 Thread 0x000000001e407000 1909       2       org.objectweb.asm.commons.ClassRemapper::visitAnnotation (28 bytes)
Event: 1.119 Thread 0x000000001e407000 nmethod 1909 0x00000000032e6990 code [0x00000000032e6b20, 0x00000000032e6e08]
Event: 1.119 Thread 0x000000001e407000 1910       2       org.objectweb.asm.ClassWriter::visitAnnotation (76 bytes)
Event: 1.119 Thread 0x000000001e407000 nmethod 1910 0x00000000032e6fd0 code [0x00000000032e7160, 0x00000000032e75d8]

GC Heap History (10 events):
Event: 0.528 GC heap before
{Heap before GC invocations=2 (full 0):
 PSYoungGen      total 76288K, used 71879K [0x000000076b500000, 0x0000000770a00000, 0x00000007c0000000)
  eden space 65536K, 99% used [0x000000076b500000,0x000000076f4972c0,0x000000076f500000)
  from space 10752K, 62% used [0x000000076f500000,0x000000076fb9ab60,0x000000076ff80000)
  to   space 10752K, 0% used [0x000000076ff80000,0x000000076ff80000,0x0000000770a00000)
 ParOldGen       total 175104K, used 1616K [0x00000006c1e00000, 0x00000006cc900000, 0x000000076b500000)
  object space 175104K, 0% used [0x00000006c1e00000,0x00000006c1f941b0,0x00000006cc900000)
 Metaspace       used 8441K, capacity 8540K, committed 8832K, reserved 1056768K
  class space    used 800K, capacity 820K, committed 896K, reserved 1048576K
Event: 0.531 GC heap after
Heap after GC invocations=2 (full 0):
 PSYoungGen      total 76288K, used 6052K [0x000000076b500000, 0x0000000774a00000, 0x00000007c0000000)
  eden space 65536K, 0% used [0x000000076b500000,0x000000076b500000,0x000000076f500000)
  from space 10752K, 56% used [0x000000076ff80000,0x0000000770569088,0x0000000770a00000)
  to   space 10752K, 0% used [0x000000076f500000,0x000000076f500000,0x000000076ff80000)
 ParOldGen       total 175104K, used 1624K [0x00000006c1e00000, 0x00000006cc900000, 0x000000076b500000)
  object space 175104K, 0% used [0x00000006c1e00000,0x00000006c1f961b0,0x00000006cc900000)
 Metaspace       used 8441K, capacity 8540K, committed 8832K, reserved 1056768K
  class space    used 800K, capacity 820K, committed 896K, reserved 1048576K
}
Event: 0.608 GC heap before
{Heap before GC invocations=3 (full 0):
 PSYoungGen      total 76288K, used 71588K [0x000000076b500000, 0x0000000774a00000, 0x00000007c0000000)
  eden space 65536K, 100% used [0x000000076b500000,0x000000076f500000,0x000000076f500000)
  from space 10752K, 56% used [0x000000076ff80000,0x0000000770569088,0x0000000770a00000)
  to   space 10752K, 0% used [0x000000076f500000,0x000000076f500000,0x000000076ff80000)
 ParOldGen       total 175104K, used 1628K [0x00000006c1e00000, 0x00000006cc900000, 0x000000076b500000)
  object space 175104K, 0% used [0x00000006c1e00000,0x00000006c1f970a0,0x00000006cc900000)
 Metaspace       used 8634K, capacity 8764K, committed 8832K, reserved 1056768K
  class space    used 811K, capacity 852K, committed 896K, reserved 1048576K
Event: 0.631 GC heap after
Heap after GC invocations=3 (full 0):
 PSYoungGen      total 76288K, used 10732K [0x000000076b500000, 0x0000000774a00000, 0x00000007c0000000)
  eden space 65536K, 0% used [0x000000076b500000,0x000000076b500000,0x000000076f500000)
  from space 10752K, 99% used [0x000000076f500000,0x000000076ff7b380,0x000000076ff80000)
  to   space 10752K, 0% used [0x0000000773f80000,0x0000000773f80000,0x0000000774a00000)
 ParOldGen       total 175104K, used 11254K [0x00000006c1e00000, 0x00000006cc900000, 0x000000076b500000)
  object space 175104K, 6% used [0x00000006c1e00000,0x00000006c28fd9a0,0x00000006cc900000)
 Metaspace       used 8634K, capacity 8764K, committed 8832K, reserved 1056768K
  class space    used 811K, capacity 852K, committed 896K, reserved 1048576K
}
Event: 0.763 GC heap before
{Heap before GC invocations=4 (full 0):
 PSYoungGen      total 76288K, used 76268K [0x000000076b500000, 0x0000000774a00000, 0x00000007c0000000)
  eden space 65536K, 100% used [0x000000076b500000,0x000000076f500000,0x000000076f500000)
  from space 10752K, 99% used [0x000000076f500000,0x000000076ff7b380,0x000000076ff80000)
  to   space 10752K, 0% used [0x0000000773f80000,0x0000000773f80000,0x0000000774a00000)
 ParOldGen       total 175104K, used 11254K [0x00000006c1e00000, 0x00000006cc900000, 0x000000076b500000)
  object space 175104K, 6% used [0x00000006c1e00000,0x00000006c28fd9a0,0x00000006cc900000)
 Metaspace       used 9164K, capacity 9308K, committed 9344K, reserved 1058816K
  class space    used 842K, capacity 884K, committed 896K, reserved 1048576K
Event: 0.772 GC heap after
Heap after GC invocations=4 (full 0):
 PSYoungGen      total 141824K, used 10732K [0x000000076b500000, 0x0000000774a00000, 0x00000007c0000000)
  eden space 131072K, 0% used [0x000000076b500000,0x000000076b500000,0x0000000773500000)
  from space 10752K, 99% used [0x0000000773f80000,0x00000007749fb0a8,0x0000000774a00000)
  to   space 10752K, 0% used [0x0000000773500000,0x0000000773500000,0x0000000773f80000)
 ParOldGen       total 175104K, used 17645K [0x00000006c1e00000, 0x00000006cc900000, 0x000000076b500000)
  object space 175104K, 10% used [0x00000006c1e00000,0x00000006c2f3b628,0x00000006cc900000)
 Metaspace       used 9164K, capacity 9308K, committed 9344K, reserved 1058816K
  class space    used 842K, capacity 884K, committed 896K, reserved 1048576K
}
Event: 0.902 GC heap before
{Heap before GC invocations=5 (full 0):
 PSYoungGen      total 141824K, used 141804K [0x000000076b500000, 0x0000000774a00000, 0x00000007c0000000)
  eden space 131072K, 100% used [0x000000076b500000,0x0000000773500000,0x0000000773500000)
  from space 10752K, 99% used [0x0000000773f80000,0x00000007749fb0a8,0x0000000774a00000)
  to   space 10752K, 0% used [0x0000000773500000,0x0000000773500000,0x0000000773f80000)
 ParOldGen       total 175104K, used 18504K [0x00000006c1e00000, 0x00000006cc900000, 0x000000076b500000)
  object space 175104K, 10% used [0x00000006c1e00000,0x00000006c3012068,0x00000006cc900000)
 Metaspace       used 9257K, capacity 9372K, committed 9600K, reserved 1058816K
  class space    used 843K, capacity 884K, committed 896K, reserved 1048576K
Event: 0.913 GC heap after
Heap after GC invocations=5 (full 0):
 PSYoungGen      total 141824K, used 10741K [0x000000076b500000, 0x0000000774a00000, 0x00000007c0000000)
  eden space 131072K, 0% used [0x000000076b500000,0x000000076b500000,0x0000000773500000)
  from space 10752K, 99% used [0x0000000773500000,0x0000000773f7d668,0x0000000773f80000)
  to   space 10752K, 0% used [0x0000000773f80000,0x0000000773f80000,0x0000000774a00000)
 ParOldGen       total 175104K, used 26498K [0x00000006c1e00000, 0x00000006cc900000, 0x000000076b500000)
  object space 175104K, 15% used [0x00000006c1e00000,0x00000006c37e0ab8,0x00000006cc900000)
 Metaspace       used 9257K, capacity 9372K, committed 9600K, reserved 1058816K
  class space    used 843K, capacity 884K, committed 896K, reserved 1048576K
}
Event: 1.010 GC heap before
{Heap before GC invocations=6 (full 0):
 PSYoungGen      total 141824K, used 141813K [0x000000076b500000, 0x0000000774a00000, 0x00000007c0000000)
  eden space 131072K, 100% used [0x000000076b500000,0x0000000773500000,0x0000000773500000)
  from space 10752K, 99% used [0x0000000773500000,0x0000000773f7d668,0x0000000773f80000)
  to   space 10752K, 0% used [0x0000000773f80000,0x0000000773f80000,0x0000000774a00000)
 ParOldGen       total 175104K, used 27215K [0x00000006c1e00000, 0x00000006cc900000, 0x000000076b500000)
  object space 175104K, 15% used [0x00000006c1e00000,0x00000006c3893e00,0x00000006cc900000)
 Metaspace       used 9290K, capacity 9372K, committed 9600K, reserved 1058816K
  class space    used 845K, capacity 884K, committed 896K, reserved 1048576K
Event: 1.028 GC heap after
Heap after GC invocations=6 (full 0):
 PSYoungGen      total 141824K, used 10727K [0x000000076b500000, 0x0000000774a00000, 0x00000007c0000000)
  eden space 131072K, 0% used [0x000000076b500000,0x000000076b500000,0x0000000773500000)
  from space 10752K, 99% used [0x0000000773f80000,0x00000007749f9cf0,0x0000000774a00000)
  to   space 10752K, 0% used [0x0000000773500000,0x0000000773500000,0x0000000773f80000)
 ParOldGen       total 175104K, used 40574K [0x00000006c1e00000, 0x00000006cc900000, 0x000000076b500000)
  object space 175104K, 23% used [0x00000006c1e00000,0x00000006c459f958,0x00000006cc900000)
 Metaspace       used 9290K, capacity 9372K, committed 9600K, reserved 1058816K
  class space    used 845K, capacity 884K, committed 896K, reserved 1048576K
}

Deoptimization events (10 events):
Event: 0.779 Thread 0x000000001f58a800 Uncommon trap: reason=bimorphic action=maybe_recompile pc=0x0000000002ef9578 method=java.util.regex.Pattern$Begin.match(Ljava/util/regex/Matcher;ILjava/lang/CharSequence;)Z @ 30
Event: 0.779 Thread 0x000000001f58a800 Uncommon trap: reason=bimorphic action=maybe_recompile pc=0x0000000002ef9578 method=java.util.regex.Pattern$Begin.match(Ljava/util/regex/Matcher;ILjava/lang/CharSequence;)Z @ 30
Event: 0.779 Thread 0x000000001f58a800 Uncommon trap: reason=bimorphic action=maybe_recompile pc=0x0000000002ef9578 method=java.util.regex.Pattern$Begin.match(Ljava/util/regex/Matcher;ILjava/lang/CharSequence;)Z @ 30
Event: 0.779 Thread 0x000000001f58a800 Uncommon trap: reason=bimorphic action=maybe_recompile pc=0x0000000002ed62bc method=java.util.regex.Pattern$Slice.match(Ljava/util/regex/Matcher;ILjava/lang/CharSequence;)Z @ 75
Event: 0.779 Thread 0x000000001f58a800 Uncommon trap: reason=bimorphic action=maybe_recompile pc=0x0000000002ed62bc method=java.util.regex.Pattern$Slice.match(Ljava/util/regex/Matcher;ILjava/lang/CharSequence;)Z @ 75
Event: 0.780 Thread 0x000000001f58a800 Uncommon trap: reason=bimorphic action=maybe_recompile pc=0x0000000002ed62bc method=java.util.regex.Pattern$Slice.match(Ljava/util/regex/Matcher;ILjava/lang/CharSequence;)Z @ 75
Event: 0.999 Thread 0x000000001f58a800 Uncommon trap: reason=unstable_if action=reinterpret pc=0x000000000316e000 method=org.objectweb.asm.ClassReader.readUTF(II[C)Ljava/lang/String; @ 77
Event: 0.999 Thread 0x000000001f58a800 Uncommon trap: reason=unstable_if action=reinterpret pc=0x00000000031d01b8 method=org.objectweb.asm.ByteVector.putUTF8(Ljava/lang/String;)Lorg/objectweb/asm/ByteVector; @ 98
Event: 1.074 Thread 0x000000001f58a800 Uncommon trap: reason=unstable_if action=reinterpret pc=0x000000000311e124 method=org.objectweb.asm.ClassReader.readUTF(II[C)Ljava/lang/String; @ 77
Event: 1.074 Thread 0x000000001f58a800 Uncommon trap: reason=unstable_if action=reinterpret pc=0x0000000003124b00 method=org.objectweb.asm.ByteVector.putUTF8(Ljava/lang/String;)Lorg/objectweb/asm/ByteVector; @ 98

Classes redefined (0 events):
No events

Internal exceptions (10 events):
Event: 0.108 Thread 0x0000000002afe800 Exception <a 'java/lang/ArrayIndexOutOfBoundsException': 18> (0x000000076bc51140) thrown at [D:\j\worksp~1\openjd~3\jdk8u\hotspot\src\share\vm\interpreter\interpreterRuntime.cpp, line 368]
Event: 0.108 Thread 0x0000000002afe800 Exception <a 'java/lang/ArrayIndexOutOfBoundsException': 55> (0x000000076bc51eb0) thrown at [D:\j\worksp~1\openjd~3\jdk8u\hotspot\src\share\vm\interpreter\interpreterRuntime.cpp, line 368]
Event: 0.108 Thread 0x0000000002afe800 Exception <a 'java/lang/ArrayIndexOutOfBoundsException': 40> (0x000000076bc52d20) thrown at [D:\j\worksp~1\openjd~3\jdk8u\hotspot\src\share\vm\interpreter\interpreterRuntime.cpp, line 368]
Event: 0.141 Thread 0x0000000002afe800 Exception <a 'java/lang/ArrayIndexOutOfBoundsException'> (0x000000076c0cba38) thrown at [D:\j\worksp~1\openjd~3\jdk8u\hotspot\src\share\vm\runtime\sharedRuntime.cpp, line 605]
Event: 0.143 Thread 0x0000000002afe800 Exception <a 'java/lang/ArrayIndexOutOfBoundsException'> (0x000000076c0e6f88) thrown at [D:\j\worksp~1\openjd~3\jdk8u\hotspot\src\share\vm\runtime\sharedRuntime.cpp, line 605]
Event: 0.148 Thread 0x0000000002afe800 Exception <a 'java/lang/ArrayIndexOutOfBoundsException'> (0x000000076c138988) thrown at [D:\j\worksp~1\openjd~3\jdk8u\hotspot\src\share\vm\runtime\sharedRuntime.cpp, line 605]
Event: 0.150 Thread 0x0000000002afe800 Exception <a 'java/lang/ArrayIndexOutOfBoundsException'> (0x000000076c14e0f0) thrown at [D:\j\worksp~1\openjd~3\jdk8u\hotspot\src\share\vm\runtime\sharedRuntime.cpp, line 605]
Event: 0.669 Thread 0x000000001f589800 Implicit null exception at 0x0000000003009500 to 0x0000000003009581
Event: 0.671 Thread 0x000000001f577800 Implicit null exception at 0x00000000030069f4 to 0x0000000003006a69
Event: 0.779 Thread 0x000000001f58a800 Implicit null exception at 0x00000000030e6eec to 0x00000000030e701d

Events (10 events):
Event: 1.080 Thread 0x000000001f58a800 DEOPT PACKING pc=0x00000000032ced7f sp=0x00000000202de2c0
Event: 1.080 Thread 0x000000001f58a800 DEOPT UNPACKING pc=0x0000000002c475d0 sp=0x00000000202ddfb0 mode 0
Event: 1.084 Thread 0x000000001f58a800 DEOPT PACKING pc=0x00000000032cf649 sp=0x00000000202de1c0
Event: 1.084 Thread 0x000000001f58a800 DEOPT UNPACKING pc=0x0000000002c475d0 sp=0x00000000202ddf18 mode 0
Event: 1.084 Thread 0x000000001f59a000 DEOPT PACKING pc=0x000000000304914a sp=0x00000000205dea10
Event: 1.084 Thread 0x000000001f59a000 DEOPT UNPACKING pc=0x0000000002c475d0 sp=0x00000000205de890 mode 0
Event: 1.098 Thread 0x000000001f585000 DEOPT PACKING pc=0x000000000304914a sp=0x000000001fede1b0
Event: 1.098 Thread 0x000000001f585000 DEOPT UNPACKING pc=0x0000000002c475d0 sp=0x000000001fede030 mode 0
Event: 1.107 Thread 0x000000001f59a000 DEOPT PACKING pc=0x0000000003043b95 sp=0x00000000205dec20
Event: 1.107 Thread 0x000000001f59a000 DEOPT UNPACKING pc=0x0000000002c475d0 sp=0x00000000205de970 mode 0


Dynamic libraries:
0x00007ff65cb50000 - 0x00007ff65cb85000 	C:\Program Files\Android\Jdk\microsoft_dist_openjdk_1.8.0.25\bin\java.exe
0x00007fffb2a10000 - 0x00007fffb2c05000 	C:\WINDOWS\SYSTEM32\ntdll.dll
0x00007fffb21b0000 - 0x00007fffb226d000 	C:\WINDOWS\System32\KERNEL32.DLL
0x00007fffb0410000 - 0x00007fffb06d9000 	C:\WINDOWS\System32\KERNELBASE.dll
0x00007fffb1530000 - 0x00007fffb15dc000 	C:\WINDOWS\System32\ADVAPI32.dll
0x00007fffb27c0000 - 0x00007fffb285e000 	C:\WINDOWS\System32\msvcrt.dll
0x00007fffb1790000 - 0x00007fffb182b000 	C:\WINDOWS\System32\sechost.dll
0x00007fffb2690000 - 0x00007fffb27ba000 	C:\WINDOWS\System32\RPCRT4.dll
0x00007fffb15f0000 - 0x00007fffb1790000 	C:\WINDOWS\System32\USER32.dll
0x00007fffb0140000 - 0x00007fffb0162000 	C:\WINDOWS\System32\win32u.dll
0x00007fffb29a0000 - 0x00007fffb29ca000 	C:\WINDOWS\System32\GDI32.dll
0x00007fffb0300000 - 0x00007fffb040b000 	C:\WINDOWS\System32\gdi32full.dll
0x00007fffb0840000 - 0x00007fffb08dd000 	C:\WINDOWS\System32\msvcp_win.dll
0x00007fffb0170000 - 0x00007fffb0270000 	C:\WINDOWS\System32\ucrtbase.dll
0x00007fff93010000 - 0x00007fff932aa000 	C:\WINDOWS\WinSxS\amd64_microsoft.windows.common-controls_6595b64144ccf1df_6.0.19041.1110_none_60b5254171f9507e\COMCTL32.dll
0x00007fffb0c80000 - 0x00007fffb0cb0000 	C:\WINDOWS\System32\IMM32.DLL
0x0000000064400000 - 0x00000000644d1000 	C:\Program Files\Android\Jdk\microsoft_dist_openjdk_1.8.0.25\jre\bin\msvcr100.dll
0x0000000063bb0000 - 0x00000000643f5000 	C:\Program Files\Android\Jdk\microsoft_dist_openjdk_1.8.0.25\jre\bin\server\jvm.dll
0x00007fffb2990000 - 0x00007fffb2998000 	C:\WINDOWS\System32\PSAPI.DLL
0x00007fff9db30000 - 0x00007fff9db39000 	C:\WINDOWS\SYSTEM32\WSOCK32.dll
0x00007fff93e00000 - 0x00007fff93e27000 	C:\WINDOWS\SYSTEM32\WINMM.dll
0x00007fffb1ca0000 - 0x00007fffb1d0b000 	C:\WINDOWS\System32\WS2_32.dll
0x00007fffa91d0000 - 0x00007fffa91da000 	C:\WINDOWS\SYSTEM32\VERSION.dll
0x00007fffabd30000 - 0x00007fffabd3f000 	C:\Program Files\Android\Jdk\microsoft_dist_openjdk_1.8.0.25\jre\bin\verify.dll
0x00007fffaba00000 - 0x00007fffaba29000 	C:\Program Files\Android\Jdk\microsoft_dist_openjdk_1.8.0.25\jre\bin\java.dll
0x00007fffaad90000 - 0x00007fffaada6000 	C:\Program Files\Android\Jdk\microsoft_dist_openjdk_1.8.0.25\jre\bin\zip.dll
0x00007fffb0d40000 - 0x00007fffb147f000 	C:\WINDOWS\System32\SHELL32.dll
0x00007fffae110000 - 0x00007fffae8a0000 	C:\WINDOWS\SYSTEM32\windows.storage.dll
0x00007fffb2330000 - 0x00007fffb2685000 	C:\WINDOWS\System32\combase.dll
0x00007fffafad0000 - 0x00007fffafafc000 	C:\WINDOWS\SYSTEM32\Wldp.dll
0x00007fffb1480000 - 0x00007fffb152e000 	C:\WINDOWS\System32\SHCORE.dll
0x00007fffb2270000 - 0x00007fffb22c5000 	C:\WINDOWS\System32\shlwapi.dll
0x00007fffb0080000 - 0x00007fffb009f000 	C:\WINDOWS\SYSTEM32\profapi.dll
0x00007fff9fc30000 - 0x00007fff9fc4a000 	C:\Program Files\Android\jdk\microsoft_dist_openjdk_1.8.0.25\jre\bin\net.dll
0x00007fffaf830000 - 0x00007fffaf89a000 	C:\WINDOWS\system32\mswsock.dll
0x00007fff9fb70000 - 0x00007fff9fb81000 	C:\Program Files\Android\jdk\microsoft_dist_openjdk_1.8.0.25\jre\bin\nio.dll

VM Arguments:
java_command: com.xamarin.androidx.jetifierWrapper.Main -intermediate obj\Debug\110\androidx\_AndroidXJetifyEmbeddedFiles.jetify -parallel
java_class_path (initial): C:\Users\Administrator\.nuget\packages\xamarin.androidx.migration\1.0.8\buildTransitive\monoandroid90\Tools/JetifierWrapper/jetifierWrapper-1.0.jar
Launcher Type: SUN_STANDARD

Environment Variables:
PATH=C:\Program Files\Android\Jdk\microsoft_dist_openjdk_1.8.0.25\bin;C:\Program Files\Microsoft MPI\Bin\;C:\Oracle\11.2.0\client_1;C:\Program Files (x86)\Eziriz\.NET Reactor;C:\ProgramData\Oracle\Java\javapath;D:\app\Hung\product\11.2.0\client_2\bin;D:\app\Hung\product\11.2.0\client_1;C:\Program Files (x86)\Common Files\Oracle\Java\javapath;C:\WINDOWS\system32;C:\WINDOWS;C:\WINDOWS\System32\Wbem;C:\WINDOWS\System32\WindowsPowerShell\v1.0\;C:\WINDOWS\System32\OpenSSH\;C:\Program Files (x86)\Microsoft SQL Server\140\Tools\Binn\;C:\Program Files\Microsoft SQL Server\140\Tools\Binn\;C:\Program Files (x86)\Microsoft SQL Server\140\DTS\Binn\;C:\Program Files\Microsoft SQL Server\140\DTS\Binn\;C:\Program Files\Microsoft SQL Server\Client SDK\ODBC\130\Tools\Binn\;C:\Program Files\Git\cmd;C:\Program Files\dotnet\;C:\Program Files\Microsoft SQL Server\130\Tools\Binn\;C:\Program Files (x86)\Microsoft SQL Server\Client SDK\ODBC\130\Tools\Binn\;C:\Program Files (x86)\Microsoft SQL Server\140\Tools\Binn\ManagementStudio\;C:\Program Files (x86)\Microsoft SQL Server\90\Tools\binn\;C:\Users\Administrator\AppData\Local\Microsoft\WindowsApps;C:\Users\Administrator\.dotnet\tools
USERNAME=Administrator
OS=Windows_NT
PROCESSOR_IDENTIFIER=Intel64 Family 6 Model 94 Stepping 3, GenuineIntel



---------------  S Y S T E M  ---------------

OS: Windows 10.0 , 64 bit Build 19041 (10.0.19041.1151)

CPU:total 8 (initial active 8) (4 cores per cpu, 2 threads per core) family 6 model 94 stepping 3, cmov, cx8, fxsr, mmx, sse, sse2, sse3, ssse3, sse4.1, sse4.2, popcnt, avx, avx2, aes, clmul, erms, rtm, 3dnowpref, lzcnt, ht, tsc, tscinvbit, bmi1, bmi2, adx

Memory: 4k page, physical 16654136k(2841524k free), swap 16654136k(5160k free)

vm_info: OpenJDK 64-Bit Server VM (25.71-b00) for windows-amd64 JRE (1.8.0-25-microsoft-b00), built on Feb  7 2019 20:09:14 by "builder" with MS VC++ 10.0 (VS2010)

time: Wed Aug 25 11:16:29 2021
timezone: SE Asia Standard Time
elapsed time: 1 seconds (0d 0h 0m 1s)

