#
# There is insufficient memory for the Java Runtime Environment to continue.
# Native memory allocation (malloc) failed to allocate 305056 bytes for Chunk::new
# Possible reasons:
#   The system is out of physical RAM or swap space
#   The process is running with CompressedOops enabled, and the Java Heap may be blocking the growth of the native heap
# Possible solutions:
#   Reduce memory load on the system
#   Increase physical memory or swap space
#   Check if swap backing store is full
#   Decrease Java heap size (-Xmx/-Xms)
#   Decrease number of Java threads
#   Decrease Java thread stack sizes (-Xss)
#   Set larger code cache with -XX:ReservedCodeCacheSize=
#   JVM is running with Zero Based Compressed Oops mode in which the Java heap is
#     placed in the first 32GB address space. The Java Heap base address is the
#     maximum limit for the native heap growth. Please use -XX:HeapBaseMinAddress
#     to set the Java Heap base and to place the Java Heap above 32GB virtual address.
# This output file may be truncated or incomplete.
#
#  Out of Memory Error (allocation.cpp:389), pid=17984, tid=0x00000000000010fc
#
# JRE version: OpenJDK Runtime Environment (8.0) (build 1.8.0-25-microsoft-b00)
# Java VM: OpenJDK 64-Bit Server VM (25.71-b00 mixed mode windows-amd64 compressed oops)
# Failed to write core dump. Minidumps are not enabled by default on client versions of Windows
#

---------------  T H R E A D  ---------------

Current thread (0x000000001e852800):  JavaThread "C2 CompilerThread2" daemon [_thread_in_native, id=4348, stack(0x000000001f320000,0x000000001f420000)]

Stack: [0x000000001f320000,0x000000001f420000]
[error occurred during error reporting (printing stack bounds), id 0xc0000005]

Native frames: (J=compiled Java code, j=interpreted, Vv=VM code, C=native code)


Current CompileTask:
C2:    834 1489   !   4       com.google.gson.internal.bind.ReflectiveTypeAdapterFactory$Adapter::read (116 bytes)


---------------  P R O C E S S  ---------------

Java Threads: ( => current thread )
  0x000000001f9f8800 JavaThread "pool-1-thread-10" [_thread_in_native, id=19804, stack(0x0000000020920000,0x0000000020a20000)]
  0x000000001f9f2000 JavaThread "pool-1-thread-9" [_thread_in_native, id=22232, stack(0x0000000020820000,0x0000000020920000)]
  0x000000001f9ee800 JavaThread "pool-1-thread-8" [_thread_in_native, id=13028, stack(0x0000000020620000,0x0000000020720000)]
  0x000000001f9e9000 JavaThread "pool-1-thread-7" [_thread_in_Java, id=8788, stack(0x0000000020520000,0x0000000020620000)]
  0x000000001f9e7800 JavaThread "pool-1-thread-6" [_thread_in_native, id=21544, stack(0x0000000020420000,0x0000000020520000)]
  0x000000001f9e5000 JavaThread "pool-1-thread-5" [_thread_in_Java, id=12888, stack(0x0000000020320000,0x0000000020420000)]
  0x000000001f9e4000 JavaThread "pool-1-thread-4" [_thread_in_native, id=20540, stack(0x0000000020220000,0x0000000020320000)]
  0x000000001f9da000 JavaThread "pool-1-thread-3" [_thread_in_vm, id=20620, stack(0x0000000020120000,0x0000000020220000)]
  0x000000001f9d9000 JavaThread "pool-1-thread-2" [_thread_in_native, id=13132, stack(0x0000000020020000,0x0000000020120000)]
  0x000000001f9d5800 JavaThread "pool-1-thread-1" [_thread_in_Java, id=4208, stack(0x000000001ff20000,0x0000000020020000)]
  0x000000001e8ea800 JavaThread "Service Thread" daemon [_thread_blocked, id=8660, stack(0x000000001f520000,0x000000001f620000)]
  0x000000001e85c000 JavaThread "C1 CompilerThread3" daemon [_thread_in_native_trans, id=11732, stack(0x000000001f420000,0x000000001f520000)]
=>0x000000001e852800 JavaThread "C2 CompilerThread2" daemon [_thread_in_native, id=4348, stack(0x000000001f320000,0x000000001f420000)]
  0x000000001e84e000 JavaThread "C2 CompilerThread1" daemon [_thread_in_native, id=19956, stack(0x000000001f220000,0x000000001f320000)]
  0x000000001e84c000 JavaThread "C2 CompilerThread0" daemon [_thread_in_native, id=20640, stack(0x000000001f120000,0x000000001f220000)]
  0x000000001e84b000 JavaThread "Attach Listener" daemon [_thread_blocked, id=17520, stack(0x000000001f020000,0x000000001f120000)]
  0x000000001e849800 JavaThread "Signal Dispatcher" daemon [_thread_blocked, id=5620, stack(0x000000001ef20000,0x000000001f020000)]
  0x000000001ca52000 JavaThread "Finalizer" daemon [_thread_blocked, id=22872, stack(0x000000001ed20000,0x000000001ee20000)]
  0x0000000003039000 JavaThread "Reference Handler" daemon [_thread_blocked, id=12044, stack(0x000000001ec20000,0x000000001ed20000)]
  0x0000000002f3e800 JavaThread "main" [_thread_blocked, id=1232, stack(0x0000000002e10000,0x0000000002f10000)]

Other Threads:
  0x000000001ca48000 VMThread [stack: 0x000000001e720000,0x000000001e820000] [id=5064]
  0x000000001e8eb000 WatcherThread [stack: 0x000000001f620000,0x000000001f720000] [id=14924]

VM state:not at safepoint (normal execution)

VM Mutex/Monitor currently owned by a thread: None

heap address: 0x00000006c1e00000, size: 4066 MB, Compressed Oops mode: Zero based, Oop shift amount: 3
Narrow klass base: 0x0000000000000000, Narrow klass shift: 3
Compressed class space size: 1073741824 Address: 0x00000007c0000000

Heap:
 PSYoungGen      total 76288K, used 54712K [0x000000076b500000, 0x0000000774a00000, 0x00000007c0000000)
  eden space 65536K, 67% used [0x000000076b500000,0x000000076dff5178,0x000000076f500000)
  from space 10752K, 99% used [0x000000076f500000,0x000000076ff78e90,0x000000076ff80000)
  to   space 10752K, 0% used [0x0000000773f80000,0x0000000773f80000,0x0000000774a00000)
 ParOldGen       total 175104K, used 10235K [0x00000006c1e00000, 0x00000006cc900000, 0x000000076b500000)
  object space 175104K, 5% used [0x00000006c1e00000,0x00000006c27fef68,0x00000006cc900000)
 Metaspace       used 9072K, capacity 9174K, committed 9344K, reserved 1058816K
  class space    used 841K, capacity 883K, committed 896K, reserved 1048576K

Card table byte_map: [0x0000000012400000,0x0000000012c00000] byte_map_base: 0x000000000edf1000

Marking Bits: (ParMarkBitMap*) 0x0000000064378f30
 Begin Bits: [0x0000000013950000, 0x00000000178d8000)
 End Bits:   [0x00000000178d8000, 0x000000001b860000)

Polling page: 0x0000000001500000

CodeCache: size=245760Kb used=5395Kb max_used=5395Kb free=240364Kb
 bounds [0x0000000003040000, 0x0000000003590000, 0x0000000012040000]
 total_blobs=1829 nmethods=1493 adapters=249
 compilation: enabled

Compilation events (10 events):
Event: 0.831 Thread 0x000000001e85c000 1496       3       sun.nio.cs.SingleByte$Encoder::encode (32 bytes)
Event: 0.831 Thread 0x000000001e85c000 nmethod 1496 0x0000000003583690 code [0x0000000003583800, 0x0000000003583a10]
Event: 0.831 Thread 0x000000001e85c000 1498  s    3       java.lang.StringBuffer::append (15 bytes)
Event: 0.831 Thread 0x000000001e85c000 nmethod 1498 0x0000000003583110 code [0x0000000003583280, 0x00000000035835a8]
Event: 0.831 Thread 0x000000001e85c000 1499       3       java.io.StringWriter::write (53 bytes)
Event: 0.832 Thread 0x000000001e85c000 nmethod 1499 0x0000000003587750 code [0x00000000035878e0, 0x0000000003587f38]
Event: 0.832 Thread 0x000000001e85c000 1502   !   3       sun.nio.cs.StreamDecoder::inReady (36 bytes)
Event: 0.832 Thread 0x000000001e85c000 nmethod 1502 0x0000000003582a10 code [0x0000000003582b80, 0x0000000003582fa8]
Event: 0.832 Thread 0x000000001e85c000 1501       3       java.io.FilterInputStream::available (8 bytes)
Event: 0.832 Thread 0x000000001e85c000 nmethod 1501 0x0000000003587310 code [0x0000000003587480, 0x00000000035876a8]

GC Heap History (6 events):
Event: 0.486 GC heap before
{Heap before GC invocations=1 (full 0):
 PSYoungGen      total 76288K, used 65536K [0x000000076b500000, 0x0000000770a00000, 0x00000007c0000000)
  eden space 65536K, 100% used [0x000000076b500000,0x000000076f500000,0x000000076f500000)
  from space 10752K, 0% used [0x000000076ff80000,0x000000076ff80000,0x0000000770a00000)
  to   space 10752K, 0% used [0x000000076f500000,0x000000076f500000,0x000000076ff80000)
 ParOldGen       total 175104K, used 0K [0x00000006c1e00000, 0x00000006cc900000, 0x000000076b500000)
  object space 175104K, 0% used [0x00000006c1e00000,0x00000006c1e00000,0x00000006cc900000)
 Metaspace       used 8246K, capacity 8278K, committed 8576K, reserved 1056768K
  class space    used 799K, capacity 819K, committed 896K, reserved 1048576K
Event: 0.490 GC heap after
Heap after GC invocations=1 (full 0):
 PSYoungGen      total 76288K, used 6698K [0x000000076b500000, 0x0000000770a00000, 0x00000007c0000000)
  eden space 65536K, 0% used [0x000000076b500000,0x000000076b500000,0x000000076f500000)
  from space 10752K, 62% used [0x000000076f500000,0x000000076fb8ab40,0x000000076ff80000)
  to   space 10752K, 0% used [0x000000076ff80000,0x000000076ff80000,0x0000000770a00000)
 ParOldGen       total 175104K, used 80K [0x00000006c1e00000, 0x00000006cc900000, 0x000000076b500000)
  object space 175104K, 0% used [0x00000006c1e00000,0x00000006c1e14010,0x00000006cc900000)
 Metaspace       used 8246K, capacity 8278K, committed 8576K, reserved 1056768K
  class space    used 799K, capacity 819K, committed 896K, reserved 1048576K
}
Event: 0.673 GC heap before
{Heap before GC invocations=2 (full 0):
 PSYoungGen      total 76288K, used 72193K [0x000000076b500000, 0x0000000770a00000, 0x00000007c0000000)
  eden space 65536K, 99% used [0x000000076b500000,0x000000076f4f5c00,0x000000076f500000)
  from space 10752K, 62% used [0x000000076f500000,0x000000076fb8ab40,0x000000076ff80000)
  to   space 10752K, 0% used [0x000000076ff80000,0x000000076ff80000,0x0000000770a00000)
 ParOldGen       total 175104K, used 80K [0x00000006c1e00000, 0x00000006cc900000, 0x000000076b500000)
  object space 175104K, 0% used [0x00000006c1e00000,0x00000006c1e14010,0x00000006cc900000)
 Metaspace       used 8442K, capacity 8534K, committed 8832K, reserved 1056768K
  class space    used 800K, capacity 819K, committed 896K, reserved 1048576K
Event: 0.677 GC heap after
Heap after GC invocations=2 (full 0):
 PSYoungGen      total 76288K, used 7912K [0x000000076b500000, 0x0000000774a00000, 0x00000007c0000000)
  eden space 65536K, 0% used [0x000000076b500000,0x000000076b500000,0x000000076f500000)
  from space 10752K, 73% used [0x000000076ff80000,0x000000077073a030,0x0000000770a00000)
  to   space 10752K, 0% used [0x000000076f500000,0x000000076f500000,0x000000076ff80000)
 ParOldGen       total 175104K, used 88K [0x00000006c1e00000, 0x00000006cc900000, 0x000000076b500000)
  object space 175104K, 0% used [0x00000006c1e00000,0x00000006c1e16010,0x00000006cc900000)
 Metaspace       used 8442K, capacity 8534K, committed 8832K, reserved 1056768K
  class space    used 800K, capacity 819K, committed 896K, reserved 1048576K
}
Event: 0.779 GC heap before
{Heap before GC invocations=3 (full 0):
 PSYoungGen      total 76288K, used 73448K [0x000000076b500000, 0x0000000774a00000, 0x00000007c0000000)
  eden space 65536K, 100% used [0x000000076b500000,0x000000076f500000,0x000000076f500000)
  from space 10752K, 73% used [0x000000076ff80000,0x000000077073a030,0x0000000770a00000)
  to   space 10752K, 0% used [0x000000076f500000,0x000000076f500000,0x000000076ff80000)
 ParOldGen       total 175104K, used 455K [0x00000006c1e00000, 0x00000006cc900000, 0x000000076b500000)
  object space 175104K, 0% used [0x00000006c1e00000,0x00000006c1e71fd0,0x00000006cc900000)
 Metaspace       used 8796K, capacity 8982K, committed 9088K, reserved 1056768K
  class space    used 820K, capacity 883K, committed 896K, reserved 1048576K
Event: 0.790 GC heap after
Heap after GC invocations=3 (full 0):
 PSYoungGen      total 76288K, used 10723K [0x000000076b500000, 0x0000000774a00000, 0x00000007c0000000)
  eden space 65536K, 0% used [0x000000076b500000,0x000000076b500000,0x000000076f500000)
  from space 10752K, 99% used [0x000000076f500000,0x000000076ff78e90,0x000000076ff80000)
  to   space 10752K, 0% used [0x0000000773f80000,0x0000000773f80000,0x0000000774a00000)
 ParOldGen       total 175104K, used 10235K [0x00000006c1e00000, 0x00000006cc900000, 0x000000076b500000)
  object space 175104K, 5% used [0x00000006c1e00000,0x00000006c27fef68,0x00000006cc900000)
 Metaspace       used 8796K, capacity 8982K, committed 9088K, reserved 1056768K
  class space    used 820K, capacity 883K, committed 896K, reserved 1048576K
}

Deoptimization events (10 events):
Event: 0.735 Thread 0x000000001f9f8800 Uncommon trap: reason=unstable_if action=reinterpret pc=0x00000000032e1d78 method=sun.nio.fs.WindowsPathParser.isSlash(C)Z @ 9
Event: 0.749 Thread 0x000000001f9e9000 Uncommon trap: reason=unstable_if action=reinterpret pc=0x000000000344e2e8 method=sun.nio.fs.WindowsPathParser.isSlash(C)Z @ 9
Event: 0.799 Thread 0x000000001f9f8800 Uncommon trap: reason=class_check action=maybe_recompile pc=0x000000000330198c method=kotlin.jvm.internal.Intrinsics.areEqual(Ljava/lang/Object;Ljava/lang/Object;)Z @ 18
Event: 0.799 Thread 0x000000001f9f8800 Uncommon trap: reason=class_check action=maybe_recompile pc=0x000000000330198c method=kotlin.jvm.internal.Intrinsics.areEqual(Ljava/lang/Object;Ljava/lang/Object;)Z @ 18
Event: 0.799 Thread 0x000000001f9f8800 Uncommon trap: reason=class_check action=maybe_recompile pc=0x000000000330198c method=kotlin.jvm.internal.Intrinsics.areEqual(Ljava/lang/Object;Ljava/lang/Object;)Z @ 18
Event: 0.802 Thread 0x000000001f9d9000 Uncommon trap: reason=class_check action=maybe_recompile pc=0x000000000330198c method=kotlin.jvm.internal.Intrinsics.areEqual(Ljava/lang/Object;Ljava/lang/Object;)Z @ 18
Event: 0.805 Thread 0x000000001f9d9000 Uncommon trap: reason=unstable_if action=reinterpret pc=0x000000000346110c method=kotlin.text.StringsKt__StringsKt.contains(Ljava/lang/CharSequence;Ljava/lang/CharSequence;Z)Z @ 33
Event: 0.810 Thread 0x000000001f9da000 Uncommon trap: reason=unstable_if action=reinterpret pc=0x00000000034e10a4 method=java.lang.Integer.valueOf(I)Ljava/lang/Integer; @ 3
Event: 0.811 Thread 0x000000001f9f8800 Uncommon trap: reason=unstable_if action=reinterpret pc=0x0000000003440d20 method=java.lang.ThreadLocal$ThreadLocalMap.getEntry(Ljava/lang/ThreadLocal;)Ljava/lang/ThreadLocal$ThreadLocalMap$Entry; @ 21
Event: 0.812 Thread 0x000000001f9e5000 Uncommon trap: reason=unstable_if action=reinterpret pc=0x0000000003449fc4 method=java.lang.ThreadLocal$ThreadLocalMap.getEntry(Ljava/lang/ThreadLocal;)Ljava/lang/ThreadLocal$ThreadLocalMap$Entry; @ 21

Classes redefined (0 events):
No events

Internal exceptions (10 events):
Event: 0.082 Thread 0x0000000002f3e800 Exception <a 'java/security/PrivilegedActionException'> (0x000000076b6075a8) thrown at [D:\j\worksp~1\openjd~3\jdk8u\hotspot\src\share\vm\prims\jvm.cpp, line 1508]
Event: 0.126 Thread 0x0000000002f3e800 Exception <a 'java/lang/ArrayIndexOutOfBoundsException': 18> (0x000000076bc51150) thrown at [D:\j\worksp~1\openjd~3\jdk8u\hotspot\src\share\vm\interpreter\interpreterRuntime.cpp, line 368]
Event: 0.126 Thread 0x0000000002f3e800 Exception <a 'java/lang/ArrayIndexOutOfBoundsException': 55> (0x000000076bc51ec0) thrown at [D:\j\worksp~1\openjd~3\jdk8u\hotspot\src\share\vm\interpreter\interpreterRuntime.cpp, line 368]
Event: 0.126 Thread 0x0000000002f3e800 Exception <a 'java/lang/ArrayIndexOutOfBoundsException': 40> (0x000000076bc52d30) thrown at [D:\j\worksp~1\openjd~3\jdk8u\hotspot\src\share\vm\interpreter\interpreterRuntime.cpp, line 368]
Event: 0.161 Thread 0x0000000002f3e800 Exception <a 'java/lang/ArrayIndexOutOfBoundsException'> (0x000000076c0cba50) thrown at [D:\j\worksp~1\openjd~3\jdk8u\hotspot\src\share\vm\runtime\sharedRuntime.cpp, line 605]
Event: 0.163 Thread 0x0000000002f3e800 Exception <a 'java/lang/ArrayIndexOutOfBoundsException'> (0x000000076c0e6fa0) thrown at [D:\j\worksp~1\openjd~3\jdk8u\hotspot\src\share\vm\runtime\sharedRuntime.cpp, line 605]
Event: 0.169 Thread 0x0000000002f3e800 Exception <a 'java/lang/ArrayIndexOutOfBoundsException'> (0x000000076c1389a0) thrown at [D:\j\worksp~1\openjd~3\jdk8u\hotspot\src\share\vm\runtime\sharedRuntime.cpp, line 605]
Event: 0.170 Thread 0x0000000002f3e800 Exception <a 'java/lang/ArrayIndexOutOfBoundsException'> (0x000000076c14e108) thrown at [D:\j\worksp~1\openjd~3\jdk8u\hotspot\src\share\vm\runtime\sharedRuntime.cpp, line 605]
Event: 0.811 Thread 0x000000001f9f8800 Implicit null exception at 0x0000000003440c80 to 0x0000000003440d01
Event: 0.812 Thread 0x000000001f9e5000 Implicit null exception at 0x0000000003449f34 to 0x0000000003449fa9

Events (10 events):
Event: 0.812 loading class com/android/tools/build/jetifier/processor/TransformationResult
Event: 0.812 loading class com/android/tools/build/jetifier/processor/TransformationResult done
Event: 0.812 loading class java/util/Formatter
Event: 0.813 loading class java/util/Formatter done
Event: 0.813 loading class java/util/Formatter$FixedString
Event: 0.813 loading class java/util/Formatter$FormatString
Event: 0.813 loading class java/util/Formatter$FormatString done
Event: 0.813 loading class java/util/Formatter$FixedString done
Event: 0.831 Thread 0x000000001f9d5800 DEOPT PACKING pc=0x000000000348464a sp=0x000000002001e8e0
Event: 0.831 Thread 0x000000001f9d5800 DEOPT UNPACKING pc=0x00000000030875d0 sp=0x000000002001e760 mode 0


Dynamic libraries:
0x00007ff65cb50000 - 0x00007ff65cb85000 	C:\Program Files\Android\Jdk\microsoft_dist_openjdk_1.8.0.25\bin\java.exe
0x00007fffb2a10000 - 0x00007fffb2c05000 	C:\WINDOWS\SYSTEM32\ntdll.dll
0x00007fffb21b0000 - 0x00007fffb226d000 	C:\WINDOWS\System32\KERNEL32.DLL
0x00007fffb0410000 - 0x00007fffb06d9000 	C:\WINDOWS\System32\KERNELBASE.dll
0x00007fffb1530000 - 0x00007fffb15dc000 	C:\WINDOWS\System32\ADVAPI32.dll
0x00007fffb27c0000 - 0x00007fffb285e000 	C:\WINDOWS\System32\msvcrt.dll
0x00007fffb1790000 - 0x00007fffb182b000 	C:\WINDOWS\System32\sechost.dll
0x00007fffb2690000 - 0x00007fffb27ba000 	C:\WINDOWS\System32\RPCRT4.dll
0x00007fffb15f0000 - 0x00007fffb1790000 	C:\WINDOWS\System32\USER32.dll
0x00007fffb0140000 - 0x00007fffb0162000 	C:\WINDOWS\System32\win32u.dll
0x00007fffb29a0000 - 0x00007fffb29ca000 	C:\WINDOWS\System32\GDI32.dll
0x00007fffb0300000 - 0x00007fffb040b000 	C:\WINDOWS\System32\gdi32full.dll
0x00007fffb0840000 - 0x00007fffb08dd000 	C:\WINDOWS\System32\msvcp_win.dll
0x00007fffb0170000 - 0x00007fffb0270000 	C:\WINDOWS\System32\ucrtbase.dll
0x00007fff93010000 - 0x00007fff932aa000 	C:\WINDOWS\WinSxS\amd64_microsoft.windows.common-controls_6595b64144ccf1df_6.0.19041.1110_none_60b5254171f9507e\COMCTL32.dll
0x00007fffb0c80000 - 0x00007fffb0cb0000 	C:\WINDOWS\System32\IMM32.DLL
0x0000000064400000 - 0x00000000644d1000 	C:\Program Files\Android\Jdk\microsoft_dist_openjdk_1.8.0.25\jre\bin\msvcr100.dll
0x0000000063bb0000 - 0x00000000643f5000 	C:\Program Files\Android\Jdk\microsoft_dist_openjdk_1.8.0.25\jre\bin\server\jvm.dll
0x00007fffb2990000 - 0x00007fffb2998000 	C:\WINDOWS\System32\PSAPI.DLL
0x00007fff9db30000 - 0x00007fff9db39000 	C:\WINDOWS\SYSTEM32\WSOCK32.dll
0x00007fff93e00000 - 0x00007fff93e27000 	C:\WINDOWS\SYSTEM32\WINMM.dll
0x00007fffa91d0000 - 0x00007fffa91da000 	C:\WINDOWS\SYSTEM32\VERSION.dll
0x00007fffb1ca0000 - 0x00007fffb1d0b000 	C:\WINDOWS\System32\WS2_32.dll
0x00007fffaba20000 - 0x00007fffaba2f000 	C:\Program Files\Android\Jdk\microsoft_dist_openjdk_1.8.0.25\jre\bin\verify.dll
0x00007fff9f980000 - 0x00007fff9f9a9000 	C:\Program Files\Android\Jdk\microsoft_dist_openjdk_1.8.0.25\jre\bin\java.dll
0x00007fffaba00000 - 0x00007fffaba16000 	C:\Program Files\Android\Jdk\microsoft_dist_openjdk_1.8.0.25\jre\bin\zip.dll
0x00007fffb0d40000 - 0x00007fffb147f000 	C:\WINDOWS\System32\SHELL32.dll
0x00007fffae110000 - 0x00007fffae8a0000 	C:\WINDOWS\SYSTEM32\windows.storage.dll
0x00007fffb2330000 - 0x00007fffb2685000 	C:\WINDOWS\System32\combase.dll
0x00007fffafad0000 - 0x00007fffafafc000 	C:\WINDOWS\SYSTEM32\Wldp.dll
0x00007fffb1480000 - 0x00007fffb152e000 	C:\WINDOWS\System32\SHCORE.dll
0x00007fffb2270000 - 0x00007fffb22c5000 	C:\WINDOWS\System32\shlwapi.dll
0x00007fffb0080000 - 0x00007fffb009f000 	C:\WINDOWS\SYSTEM32\profapi.dll
0x00007fffaad90000 - 0x00007fffaadaa000 	C:\Program Files\Android\jdk\microsoft_dist_openjdk_1.8.0.25\jre\bin\net.dll
0x00007fffaf830000 - 0x00007fffaf89a000 	C:\WINDOWS\system32\mswsock.dll
0x00007fff9fc30000 - 0x00007fff9fc41000 	C:\Program Files\Android\jdk\microsoft_dist_openjdk_1.8.0.25\jre\bin\nio.dll

VM Arguments:
java_command: com.xamarin.androidx.jetifierWrapper.Main -intermediate obj\Debug\110\androidx\_AndroidXJetifyEmbeddedFiles.jetify -parallel
java_class_path (initial): C:\Users\Administrator\.nuget\packages\xamarin.androidx.migration\1.0.8\buildTransitive\monoandroid90\Tools/JetifierWrapper/jetifierWrapper-1.0.jar
Launcher Type: SUN_STANDARD

Environment Variables:
PATH=C:\Program Files\Android\Jdk\microsoft_dist_openjdk_1.8.0.25\bin;C:\Program Files\Microsoft MPI\Bin\;C:\Oracle\11.2.0\client_1;C:\Program Files (x86)\Eziriz\.NET Reactor;C:\ProgramData\Oracle\Java\javapath;D:\app\Hung\product\11.2.0\client_2\bin;D:\app\Hung\product\11.2.0\client_1;C:\Program Files (x86)\Common Files\Oracle\Java\javapath;C:\WINDOWS\system32;C:\WINDOWS;C:\WINDOWS\System32\Wbem;C:\WINDOWS\System32\WindowsPowerShell\v1.0\;C:\WINDOWS\System32\OpenSSH\;C:\Program Files (x86)\Microsoft SQL Server\140\Tools\Binn\;C:\Program Files\Microsoft SQL Server\140\Tools\Binn\;C:\Program Files (x86)\Microsoft SQL Server\140\DTS\Binn\;C:\Program Files\Microsoft SQL Server\140\DTS\Binn\;C:\Program Files\Microsoft SQL Server\Client SDK\ODBC\130\Tools\Binn\;C:\Program Files\Git\cmd;C:\Program Files\dotnet\;C:\Program Files\Microsoft SQL Server\130\Tools\Binn\;C:\Program Files (x86)\Microsoft SQL Server\Client SDK\ODBC\130\Tools\Binn\;C:\Program Files (x86)\Microsoft SQL Server\140\Tools\Binn\ManagementStudio\;C:\Program Files (x86)\Microsoft SQL Server\90\Tools\binn\;C:\Users\Administrator\AppData\Local\Microsoft\WindowsApps;C:\Users\Administrator\.dotnet\tools
USERNAME=Administrator
OS=Windows_NT
PROCESSOR_IDENTIFIER=Intel64 Family 6 Model 94 Stepping 3, GenuineIntel



---------------  S Y S T E M  ---------------

OS: Windows 10.0 , 64 bit Build 19041 (10.0.19041.1151)

CPU:total 8 (initial active 8) (4 cores per cpu, 2 threads per core) family 6 model 94 stepping 3, cmov, cx8, fxsr, mmx, sse, sse2, sse3, ssse3, sse4.1, sse4.2, popcnt, avx, avx2, aes, clmul, erms, rtm, 3dnowpref, lzcnt, ht, tsc, tscinvbit, bmi1, bmi2, adx

Memory: 4k page, physical 16654136k(2673984k free), swap 16654136k(5144k free)

vm_info: OpenJDK 64-Bit Server VM (25.71-b00) for windows-amd64 JRE (1.8.0-25-microsoft-b00), built on Feb  7 2019 20:09:14 by "builder" with MS VC++ 10.0 (VS2010)

time: Wed Aug 25 11:10:08 2021
timezone: SE Asia Standard Time
elapsed time: 0 seconds (0d 0h 0m 0s)

