#
# There is insufficient memory for the Java Runtime Environment to continue.
# Native memory allocation (malloc) failed to allocate 250336 bytes for Chunk::new
# Possible reasons:
#   The system is out of physical RAM or swap space
#   The process is running with CompressedOops enabled, and the Java Heap may be blocking the growth of the native heap
# Possible solutions:
#   Reduce memory load on the system
#   Increase physical memory or swap space
#   Check if swap backing store is full
#   Decrease Java heap size (-Xmx/-Xms)
#   Decrease number of Java threads
#   Decrease Java thread stack sizes (-Xss)
#   Set larger code cache with -XX:ReservedCodeCacheSize=
#   JVM is running with Zero Based Compressed Oops mode in which the Java heap is
#     placed in the first 32GB address space. The Java Heap base address is the
#     maximum limit for the native heap growth. Please use -XX:HeapBaseMinAddress
#     to set the Java Heap base and to place the Java Heap above 32GB virtual address.
# This output file may be truncated or incomplete.
#
#  Out of Memory Error (allocation.cpp:389), pid=16648, tid=0x0000000000000a00
#
# JRE version: OpenJDK Runtime Environment (8.0) (build 1.8.0-25-microsoft-b00)
# Java VM: OpenJDK 64-Bit Server VM (25.71-b00 mixed mode windows-amd64 compressed oops)
# Failed to write core dump. Minidumps are not enabled by default on client versions of Windows
#

---------------  T H R E A D  ---------------

Current thread (0x000000001dd4b800):  JavaThread "C2 CompilerThread2" daemon [_thread_in_native, id=2560, stack(0x000000001e820000,0x000000001e920000)]

Stack: [0x000000001e820000,0x000000001e920000]
[error occurred during error reporting (printing stack bounds), id 0xc0000005]

Native frames: (J=compiled Java code, j=interpreted, Vv=VM code, C=native code)


Current CompileTask:
C2:    226  223   !   4       java.util.jar.Attributes::read (380 bytes)


---------------  P R O C E S S  ---------------

Java Threads: ( => current thread )
  0x000000001dde8800 JavaThread "Service Thread" daemon [_thread_blocked, id=9164, stack(0x000000001ea20000,0x000000001eb20000)]
  0x000000001dd5b800 JavaThread "C1 CompilerThread3" daemon [_thread_blocked, id=8484, stack(0x000000001e920000,0x000000001ea20000)]
=>0x000000001dd4b800 JavaThread "C2 CompilerThread2" daemon [_thread_in_native, id=2560, stack(0x000000001e820000,0x000000001e920000)]
  0x000000001dd47000 JavaThread "C2 CompilerThread1" daemon [_thread_in_native, id=20936, stack(0x000000001e720000,0x000000001e820000)]
  0x000000001dd45000 JavaThread "C2 CompilerThread0" daemon [_thread_in_native, id=18804, stack(0x000000001e620000,0x000000001e720000)]
  0x000000001dd56000 JavaThread "Attach Listener" daemon [_thread_blocked, id=22884, stack(0x000000001e520000,0x000000001e620000)]
  0x000000001dd55000 JavaThread "Signal Dispatcher" daemon [_thread_blocked, id=9316, stack(0x000000001e420000,0x000000001e520000)]
  0x0000000002549000 JavaThread "Finalizer" daemon [_thread_blocked, id=21272, stack(0x000000001e220000,0x000000001e320000)]
  0x000000001bf5b800 JavaThread "Reference Handler" daemon [_thread_blocked, id=13832, stack(0x000000001e120000,0x000000001e220000)]
  0x000000000234e000 JavaThread "main" [_thread_in_vm, id=10360, stack(0x0000000002350000,0x0000000002450000)]

Other Threads:
  0x000000001bf57800 VMThread [stack: 0x000000001dc20000,0x000000001dd20000] [id=15716]
  0x000000001dde9800 WatcherThread [stack: 0x000000001eb20000,0x000000001ec20000] [id=22240]

VM state:not at safepoint (normal execution)

VM Mutex/Monitor currently owned by a thread: None

heap address: 0x00000006c1e00000, size: 4066 MB, Compressed Oops mode: Zero based, Oop shift amount: 3
Narrow klass base: 0x0000000000000000, Narrow klass shift: 3
Compressed class space size: 1073741824 Address: 0x00000007c0000000

Heap:
 PSYoungGen      total 76288K, used 65327K [0x000000076b500000, 0x0000000770a00000, 0x00000007c0000000)
  eden space 65536K, 99% used [0x000000076b500000,0x000000076f4cbfb8,0x000000076f500000)
  from space 10752K, 0% used [0x000000076ff80000,0x000000076ff80000,0x0000000770a00000)
  to   space 10752K, 0% used [0x000000076f500000,0x000000076f500000,0x000000076ff80000)
 ParOldGen       total 175104K, used 0K [0x00000006c1e00000, 0x00000006cc900000, 0x000000076b500000)
  object space 175104K, 0% used [0x00000006c1e00000,0x00000006c1e00000,0x00000006cc900000)
 Metaspace       used 3933K, capacity 4520K, committed 4608K, reserved 1056768K
  class space    used 404K, capacity 424K, committed 512K, reserved 1048576K

Card table byte_map: [0x0000000011910000,0x0000000012110000] byte_map_base: 0x000000000e301000

Marking Bits: (ParMarkBitMap*) 0x0000000064378f30
 Begin Bits: [0x0000000012e60000, 0x0000000016de8000)
 End Bits:   [0x0000000016de8000, 0x000000001ad70000)

Polling page: 0x0000000002280000

CodeCache: size=245760Kb used=1647Kb max_used=1647Kb free=244112Kb
 bounds [0x0000000002550000, 0x00000000027c0000, 0x0000000011550000]
 total_blobs=487 nmethods=226 adapters=173
 compilation: enabled

Compilation events (10 events):
Event: 0.195 Thread 0x000000001dd5b800  229       1       java.nio.charset.CharsetDecoder::maxCharsPerByte (5 bytes)
Event: 0.195 Thread 0x000000001dd5b800 nmethod 229 0x00000000026de610 code [0x00000000026de760, 0x00000000026de870]
Event: 0.197 Thread 0x000000001dd5b800  236       1       java.lang.ThreadLocal::getMap (5 bytes)
Event: 0.197 Thread 0x000000001dd5b800 nmethod 236 0x00000000026e73d0 code [0x00000000026e7520, 0x00000000026e7630]
Event: 0.208 Thread 0x000000001dd4b800 nmethod 222 0x00000000026e5f90 code [0x00000000026e6140, 0x00000000026e6a28]
Event: 0.208 Thread 0x000000001dd4b800  223   !   4       java.util.jar.Attributes::read (380 bytes)
Event: 0.211 Thread 0x000000001dd45000 nmethod 221 0x00000000026e7950 code [0x00000000026e7b20, 0x00000000026e8850]
Event: 0.211 Thread 0x000000001dd45000  238       4       java.util.HashMap::resize (359 bytes)
Event: 0.218 Thread 0x000000001dd45000 nmethod 238 0x00000000026eb450 code [0x00000000026eb5e0, 0x00000000026ebb78]
Event: 0.218 Thread 0x000000001dd45000  230       4       java.lang.String::<init> (38 bytes)

GC Heap History (0 events):
No events

Deoptimization events (10 events):
Event: 0.179 Thread 0x000000000234e000 Uncommon trap: reason=unstable_if action=reinterpret pc=0x00000000026d3060 method=java.util.HashMap.putVal(ILjava/lang/Object;Ljava/lang/Object;ZZ)Ljava/lang/Object; @ 69
Event: 0.182 Thread 0x000000000234e000 Uncommon trap: reason=speculate_class_check action=maybe_recompile pc=0x00000000026d1480 method=java.util.HashMap.putVal(ILjava/lang/Object;Ljava/lang/Object;ZZ)Ljava/lang/Object; @ 56
Event: 0.182 Thread 0x000000000234e000 Uncommon trap: reason=speculate_class_check action=maybe_recompile pc=0x00000000026d1480 method=java.util.HashMap.putVal(ILjava/lang/Object;Ljava/lang/Object;ZZ)Ljava/lang/Object; @ 56
Event: 0.182 Thread 0x000000000234e000 Uncommon trap: reason=speculate_class_check action=maybe_recompile pc=0x00000000026d1480 method=java.util.HashMap.putVal(ILjava/lang/Object;Ljava/lang/Object;ZZ)Ljava/lang/Object; @ 56
Event: 0.182 Thread 0x000000000234e000 Uncommon trap: reason=speculate_class_check action=maybe_recompile pc=0x00000000026d1480 method=java.util.HashMap.putVal(ILjava/lang/Object;Ljava/lang/Object;ZZ)Ljava/lang/Object; @ 56
Event: 0.188 Thread 0x000000000234e000 Uncommon trap: reason=class_check action=maybe_recompile pc=0x000000000269cfd8 method=java.lang.StringCoding$StringDecoder.decode([BII)[C @ 30
Event: 0.190 Thread 0x000000000234e000 Uncommon trap: reason=class_check action=maybe_recompile pc=0x000000000269cfd8 method=java.lang.StringCoding$StringDecoder.decode([BII)[C @ 30
Event: 0.192 Thread 0x000000000234e000 Uncommon trap: reason=class_check action=maybe_recompile pc=0x000000000269cfd8 method=java.lang.StringCoding$StringDecoder.decode([BII)[C @ 30
Event: 0.192 Thread 0x000000000234e000 Uncommon trap: reason=class_check action=maybe_recompile pc=0x000000000269cfd8 method=java.lang.StringCoding$StringDecoder.decode([BII)[C @ 30
Event: 0.195 Thread 0x000000000234e000 Uncommon trap: reason=unstable_if action=reinterpret pc=0x000000000269e238 method=java.util.HashMap.getNode(ILjava/lang/Object;)Ljava/util/HashMap$Node; @ 6

Classes redefined (0 events):
No events

Internal exceptions (5 events):
Event: 0.018 Thread 0x000000000234e000 Exception <a 'java/lang/NoSuchMethodError': Method sun.misc.Unsafe.defineClass(Ljava/lang/String;[BII)Ljava/lang/Class; name or signature does not match> (0x000000076b507cb0) thrown at [D:\j\worksp~1\openjd~3\jdk8u\hotspot\src\share\vm\prims\jni.cpp, line
Event: 0.018 Thread 0x000000000234e000 Exception <a 'java/lang/NoSuchMethodError': Method sun.misc.Unsafe.prefetchRead(Ljava/lang/Object;J)V name or signature does not match> (0x000000076b507f98) thrown at [D:\j\worksp~1\openjd~3\jdk8u\hotspot\src\share\vm\prims\jni.cpp, line 4012]
Event: 0.130 Thread 0x000000000234e000 Implicit null exception at 0x0000000002698310 to 0x000000000269844d
Event: 0.167 Thread 0x000000000234e000 Implicit null exception at 0x00000000026933b4 to 0x0000000002693429
Event: 0.195 Thread 0x000000000234e000 Implicit null exception at 0x000000000269e06f to 0x000000000269e221

Events (10 events):
Event: 0.193 loading class java/util/Collections$UnmodifiableSet done
Event: 0.194 loading class sun/security/pkcs/PKCS9Attributes
Event: 0.194 loading class sun/security/pkcs/PKCS9Attributes done
Event: 0.194 loading class sun/security/pkcs/PKCS9Attribute
Event: 0.194 loading class sun/security/pkcs/PKCS9Attribute done
Event: 0.195 Thread 0x000000000234e000 Uncommon trap: trap_request=0xffffff65 fr.pc=0x000000000269e238
Event: 0.195 Thread 0x000000000234e000 DEOPT PACKING pc=0x000000000269e238 sp=0x000000000244e050
Event: 0.195 Thread 0x000000000234e000 DEOPT UNPACKING pc=0x000000000259557b sp=0x000000000244df10 mode 2
Event: 0.202 Thread 0x000000000234e000 DEOPT PACKING pc=0x00000000026a9ffb sp=0x000000000244dfb0
Event: 0.202 Thread 0x000000000234e000 DEOPT UNPACKING pc=0x00000000025975d0 sp=0x000000000244dca0 mode 0


Dynamic libraries:
0x00007ff65cb50000 - 0x00007ff65cb85000 	C:\Program Files\Android\Jdk\microsoft_dist_openjdk_1.8.0.25\bin\java.exe
0x00007fffb2a10000 - 0x00007fffb2c05000 	C:\WINDOWS\SYSTEM32\ntdll.dll
0x00007fffb21b0000 - 0x00007fffb226d000 	C:\WINDOWS\System32\KERNEL32.DLL
0x00007fffb0410000 - 0x00007fffb06d9000 	C:\WINDOWS\System32\KERNELBASE.dll
0x00007fffb1530000 - 0x00007fffb15dc000 	C:\WINDOWS\System32\ADVAPI32.dll
0x00007fffb27c0000 - 0x00007fffb285e000 	C:\WINDOWS\System32\msvcrt.dll
0x00007fffb1790000 - 0x00007fffb182b000 	C:\WINDOWS\System32\sechost.dll
0x00007fffb2690000 - 0x00007fffb27ba000 	C:\WINDOWS\System32\RPCRT4.dll
0x00007fffb15f0000 - 0x00007fffb1790000 	C:\WINDOWS\System32\USER32.dll
0x00007fffb0140000 - 0x00007fffb0162000 	C:\WINDOWS\System32\win32u.dll
0x00007fffb29a0000 - 0x00007fffb29ca000 	C:\WINDOWS\System32\GDI32.dll
0x00007fffb0300000 - 0x00007fffb040b000 	C:\WINDOWS\System32\gdi32full.dll
0x00007fffb0840000 - 0x00007fffb08dd000 	C:\WINDOWS\System32\msvcp_win.dll
0x00007fffb0170000 - 0x00007fffb0270000 	C:\WINDOWS\System32\ucrtbase.dll
0x00007fff93010000 - 0x00007fff932aa000 	C:\WINDOWS\WinSxS\amd64_microsoft.windows.common-controls_6595b64144ccf1df_6.0.19041.1110_none_60b5254171f9507e\COMCTL32.dll
0x00007fffb0c80000 - 0x00007fffb0cb0000 	C:\WINDOWS\System32\IMM32.DLL
0x0000000064400000 - 0x00000000644d1000 	C:\Program Files\Android\Jdk\microsoft_dist_openjdk_1.8.0.25\jre\bin\msvcr100.dll
0x0000000063bb0000 - 0x00000000643f5000 	C:\Program Files\Android\Jdk\microsoft_dist_openjdk_1.8.0.25\jre\bin\server\jvm.dll
0x00007fffb2990000 - 0x00007fffb2998000 	C:\WINDOWS\System32\PSAPI.DLL
0x00007fff9db30000 - 0x00007fff9db39000 	C:\WINDOWS\SYSTEM32\WSOCK32.dll
0x00007fff93e00000 - 0x00007fff93e27000 	C:\WINDOWS\SYSTEM32\WINMM.dll
0x00007fffa91d0000 - 0x00007fffa91da000 	C:\WINDOWS\SYSTEM32\VERSION.dll
0x00007fffb1ca0000 - 0x00007fffb1d0b000 	C:\WINDOWS\System32\WS2_32.dll
0x00007fffabd00000 - 0x00007fffabd0f000 	C:\Program Files\Android\Jdk\microsoft_dist_openjdk_1.8.0.25\jre\bin\verify.dll
0x00007fff82d30000 - 0x00007fff82d59000 	C:\Program Files\Android\Jdk\microsoft_dist_openjdk_1.8.0.25\jre\bin\java.dll
0x00007fffabce0000 - 0x00007fffabcf6000 	C:\Program Files\Android\Jdk\microsoft_dist_openjdk_1.8.0.25\jre\bin\zip.dll
0x00007fffb0d40000 - 0x00007fffb147f000 	C:\WINDOWS\System32\SHELL32.dll
0x00007fffae110000 - 0x00007fffae8a0000 	C:\WINDOWS\SYSTEM32\windows.storage.dll
0x00007fffb2330000 - 0x00007fffb2685000 	C:\WINDOWS\System32\combase.dll
0x00007fffafad0000 - 0x00007fffafafc000 	C:\WINDOWS\SYSTEM32\Wldp.dll
0x00007fffb1480000 - 0x00007fffb152e000 	C:\WINDOWS\System32\SHCORE.dll
0x00007fffb2270000 - 0x00007fffb22c5000 	C:\WINDOWS\System32\shlwapi.dll
0x00007fffb0080000 - 0x00007fffb009f000 	C:\WINDOWS\SYSTEM32\profapi.dll

VM Arguments:
java_command: com.xamarin.manifestmerger.Main obj\Debug\110\android\manifestmerger.rsp
java_class_path (initial): C:\Program Files (x86)\Microsoft Visual Studio\2019\Professional\MSBuild\Xamarin\Android\manifestmerger.jar
Launcher Type: SUN_STANDARD

Environment Variables:
PATH=C:\Program Files\Android\Jdk\microsoft_dist_openjdk_1.8.0.25\bin;C:\Program Files\Microsoft MPI\Bin\;C:\Oracle\11.2.0\client_1;C:\Program Files (x86)\Eziriz\.NET Reactor;C:\ProgramData\Oracle\Java\javapath;D:\app\Hung\product\11.2.0\client_2\bin;D:\app\Hung\product\11.2.0\client_1;C:\Program Files (x86)\Common Files\Oracle\Java\javapath;C:\WINDOWS\system32;C:\WINDOWS;C:\WINDOWS\System32\Wbem;C:\WINDOWS\System32\WindowsPowerShell\v1.0\;C:\WINDOWS\System32\OpenSSH\;C:\Program Files (x86)\Microsoft SQL Server\140\Tools\Binn\;C:\Program Files\Microsoft SQL Server\140\Tools\Binn\;C:\Program Files (x86)\Microsoft SQL Server\140\DTS\Binn\;C:\Program Files\Microsoft SQL Server\140\DTS\Binn\;C:\Program Files\Microsoft SQL Server\Client SDK\ODBC\130\Tools\Binn\;C:\Program Files\Git\cmd;C:\Program Files\dotnet\;C:\Program Files\Microsoft SQL Server\130\Tools\Binn\;C:\Program Files (x86)\Microsoft SQL Server\Client SDK\ODBC\130\Tools\Binn\;C:\Program Files (x86)\Microsoft SQL Server\140\Tools\Binn\ManagementStudio\;C:\Program Files (x86)\Microsoft SQL Server\90\Tools\binn\;C:\Users\Administrator\AppData\Local\Microsoft\WindowsApps;C:\Users\Administrator\.dotnet\tools
USERNAME=Administrator
OS=Windows_NT
PROCESSOR_IDENTIFIER=Intel64 Family 6 Model 94 Stepping 3, GenuineIntel



---------------  S Y S T E M  ---------------

OS: Windows 10.0 , 64 bit Build 19041 (10.0.19041.1151)

CPU:total 8 (initial active 8) (4 cores per cpu, 2 threads per core) family 6 model 94 stepping 3, cmov, cx8, fxsr, mmx, sse, sse2, sse3, ssse3, sse4.1, sse4.2, popcnt, avx, avx2, aes, clmul, erms, rtm, 3dnowpref, lzcnt, ht, tsc, tscinvbit, bmi1, bmi2, adx

Memory: 4k page, physical 16654136k(2458200k free), swap 16654136k(5140k free)

vm_info: OpenJDK 64-Bit Server VM (25.71-b00) for windows-amd64 JRE (1.8.0-25-microsoft-b00), built on Feb  7 2019 20:09:14 by "builder" with MS VC++ 10.0 (VS2010)

time: Wed Aug 25 11:32:15 2021
timezone: SE Asia Standard Time
elapsed time: 0 seconds (0d 0h 0m 0s)

