#
# There is insufficient memory for the Java Runtime Environment to continue.
# Native memory allocation (malloc) failed to allocate 632016 bytes for Chunk::new
# Possible reasons:
#   The system is out of physical RAM or swap space
#   The process is running with CompressedOops enabled, and the Java Heap may be blocking the growth of the native heap
# Possible solutions:
#   Reduce memory load on the system
#   Increase physical memory or swap space
#   Check if swap backing store is full
#   Decrease Java heap size (-Xmx/-Xms)
#   Decrease number of Java threads
#   Decrease Java thread stack sizes (-Xss)
#   Set larger code cache with -XX:ReservedCodeCacheSize=
#   JVM is running with Zero Based Compressed Oops mode in which the Java heap is
#     placed in the first 32GB address space. The Java Heap base address is the
#     maximum limit for the native heap growth. Please use -XX:HeapBaseMinAddress
#     to set the Java Heap base and to place the Java Heap above 32GB virtual address.
# This output file may be truncated or incomplete.
#
#  Out of Memory Error (allocation.cpp:389), pid=21752, tid=0x0000000000002ae4
#
# JRE version: Java(TM) SE Runtime Environment (8.0_202-b08) (build 1.8.0_202-b08)
# Java VM: Java HotSpot(TM) 64-Bit Server VM (25.202-b08 mixed mode windows-amd64 compressed oops)
# Failed to write core dump. Minidumps are not enabled by default on client versions of Windows
#

---------------  T H R E A D  ---------------

Current thread (0x000000001e59e800):  JavaThread "C2 CompilerThread1" daemon [_thread_in_native, id=10980, stack(0x000000001ef70000,0x000000001f070000)]

Stack: [0x000000001ef70000,0x000000001f070000]
[error occurred during error reporting (printing stack bounds), id 0xc0000005]

Native frames: (J=compiled Java code, j=interpreted, Vv=VM code, C=native code)


Current CompileTask:
C2:   1227 1344 %     4       com.android.tools.build.jetifier.processor.transform.resource.XmlResourcesTransformer::replaceWithPatterns @ 65 (389 bytes)


---------------  P R O C E S S  ---------------

Java Threads: ( => current thread )
  0x000000001f6e0800 JavaThread "pool-1-thread-10" [_thread_blocked, id=6676, stack(0x0000000020570000,0x0000000020670000)]
  0x000000001f6db800 JavaThread "pool-1-thread-9" [_thread_blocked, id=14352, stack(0x0000000020470000,0x0000000020570000)]
  0x000000001f6da800 JavaThread "pool-1-thread-8" [_thread_blocked, id=24604, stack(0x0000000020370000,0x0000000020470000)]
  0x000000001f6ce800 JavaThread "pool-1-thread-7" [_thread_blocked, id=7120, stack(0x0000000020270000,0x0000000020370000)]
  0x000000001f6cd800 JavaThread "pool-1-thread-6" [_thread_blocked, id=11144, stack(0x0000000020170000,0x0000000020270000)]
  0x000000001f6cb000 JavaThread "pool-1-thread-5" [_thread_blocked, id=4364, stack(0x0000000020070000,0x0000000020170000)]
  0x000000001f6c7000 JavaThread "pool-1-thread-4" [_thread_blocked, id=23956, stack(0x000000001ff70000,0x0000000020070000)]
  0x000000001f6c4000 JavaThread "pool-1-thread-3" [_thread_blocked, id=11128, stack(0x000000001fe70000,0x000000001ff70000)]
  0x000000001f6c3800 JavaThread "pool-1-thread-2" [_thread_blocked, id=484, stack(0x000000001fd70000,0x000000001fe70000)]
  0x000000001f6c2800 JavaThread "pool-1-thread-1" [_thread_blocked, id=4416, stack(0x000000001fc70000,0x000000001fd70000)]
  0x000000001e63a000 JavaThread "Service Thread" daemon [_thread_blocked, id=19676, stack(0x000000001f270000,0x000000001f370000)]
  0x000000001e5a7800 JavaThread "C1 CompilerThread3" daemon [_thread_blocked, id=5592, stack(0x000000001f170000,0x000000001f270000)]
  0x000000001e59f800 JavaThread "C2 CompilerThread2" daemon [_thread_in_native, id=14788, stack(0x000000001f070000,0x000000001f170000)]
=>0x000000001e59e800 JavaThread "C2 CompilerThread1" daemon [_thread_in_native, id=10980, stack(0x000000001ef70000,0x000000001f070000)]
  0x000000001e59b000 JavaThread "C2 CompilerThread0" daemon [_thread_blocked, id=20980, stack(0x000000001ee70000,0x000000001ef70000)]
  0x000000001e598800 JavaThread "Attach Listener" daemon [_thread_blocked, id=20532, stack(0x000000001ed70000,0x000000001ee70000)]
  0x000000001c7ae000 JavaThread "Signal Dispatcher" daemon [_thread_blocked, id=18604, stack(0x000000001ec70000,0x000000001ed70000)]
  0x000000001e591800 JavaThread "Finalizer" daemon [_thread_blocked, id=10916, stack(0x000000001ea70000,0x000000001eb70000)]
  0x000000001e590800 JavaThread "Reference Handler" daemon [_thread_blocked, id=22712, stack(0x000000001e970000,0x000000001ea70000)]
  0x0000000002c42800 JavaThread "main" [_thread_in_native, id=10944, stack(0x0000000002b40000,0x0000000002c40000)]

Other Threads:
  0x000000001c799000 VMThread [stack: 0x000000001e470000,0x000000001e570000] [id=11172]
  0x000000001e654800 WatcherThread [stack: 0x000000001f370000,0x000000001f470000] [id=17456]

VM state:not at safepoint (normal execution)

VM Mutex/Monitor currently owned by a thread: None

heap address: 0x00000006c1e00000, size: 4066 MB, Compressed Oops mode: Zero based, Oop shift amount: 3
Narrow klass base: 0x0000000000000000, Narrow klass shift: 3
Compressed class space size: 1073741824 Address: 0x00000007c0000000

Heap:
 PSYoungGen      total 141824K, used 30536K [0x000000076b500000, 0x0000000774a00000, 0x00000007c0000000)
  eden space 131072K, 18% used [0x000000076b500000,0x000000076cc7e248,0x0000000773500000)
  from space 10752K, 60% used [0x0000000773f80000,0x00000007745d3f18,0x0000000774a00000)
  to   space 10752K, 0% used [0x0000000773500000,0x0000000773500000,0x0000000773f80000)
 ParOldGen       total 175104K, used 88K [0x00000006c1e00000, 0x00000006cc900000, 0x000000076b500000)
  object space 175104K, 0% used [0x00000006c1e00000,0x00000006c1e16010,0x00000006cc900000)
 Metaspace       used 8530K, capacity 8642K, committed 8832K, reserved 1056768K
  class space    used 829K, capacity 853K, committed 896K, reserved 1048576K

Card table byte_map: [0x0000000012100000,0x0000000012900000] byte_map_base: 0x000000000eaf1000

Marking Bits: (ParMarkBitMap*) 0x000000005a605ce0
 Begin Bits: [0x0000000013650000, 0x00000000175d8000)
 End Bits:   [0x00000000175d8000, 0x000000001b560000)

Polling page: 0x0000000002a70000

CodeCache: size=245760Kb used=4936Kb max_used=4951Kb free=240823Kb
 bounds [0x0000000002d40000, 0x0000000003220000, 0x0000000011d40000]
 total_blobs=1679 nmethods=1353 adapters=239
 compilation: enabled

Compilation events (10 events):
Event: 1.158 Thread 0x000000001e5a7800 nmethod 1350 0x00000000031be110 code [0x00000000031be260, 0x00000000031be350]
Event: 1.162 Thread 0x000000001e59b000 1351       4       com.sun.org.apache.xerces.internal.util.XMLStringBuffer::append (110 bytes)
Event: 1.163 Thread 0x000000001e59b000 nmethod 1351 0x0000000003215090 code [0x00000000032151e0, 0x0000000003215338]
Event: 1.168 Thread 0x000000001e59f800 1352       4       com.android.tools.build.jetifier.core.type.JavaType$Companion::fromDotVersion (83 bytes)
Event: 1.168 Thread 0x000000001e59b000 1353       4       com.android.tools.build.jetifier.core.TypeRewriter::rewriteType (141 bytes)
Event: 1.182 Thread 0x000000001e59f800 nmethod 1352 0x0000000003216490 code [0x0000000003216600, 0x0000000003216db8]
Event: 1.182 Thread 0x000000001e59f800 1355       4       com.sun.org.apache.xerces.internal.utils.XMLSecurityManager::<init> (149 bytes)
Event: 1.189 Thread 0x000000001e59f800 nmethod 1355 0x0000000003219450 code [0x00000000032195e0, 0x0000000003219d28]
Event: 1.189 Thread 0x000000001e59f800 1354       4       com.android.tools.build.jetifier.processor.transform.resource.XmlResourcesTransformer::rewriteType (62 bytes)
Event: 1.192 Thread 0x000000001e59b000 nmethod 1353 0x000000000321c5d0 code [0x000000000321c7c0, 0x000000000321d580]

GC Heap History (4 events):
Event: 0.772 GC heap before
{Heap before GC invocations=1 (full 0):
 PSYoungGen      total 76288K, used 65536K [0x000000076b500000, 0x0000000770a00000, 0x00000007c0000000)
  eden space 65536K, 100% used [0x000000076b500000,0x000000076f500000,0x000000076f500000)
  from space 10752K, 0% used [0x000000076ff80000,0x000000076ff80000,0x0000000770a00000)
  to   space 10752K, 0% used [0x000000076f500000,0x000000076f500000,0x000000076ff80000)
 ParOldGen       total 175104K, used 0K [0x00000006c1e00000, 0x00000006cc900000, 0x000000076b500000)
  object space 175104K, 0% used [0x00000006c1e00000,0x00000006c1e00000,0x00000006cc900000)
 Metaspace       used 8371K, capacity 8450K, committed 8576K, reserved 1056768K
  class space    used 829K, capacity 853K, committed 896K, reserved 1048576K
Event: 0.782 GC heap after
Heap after GC invocations=1 (full 0):
 PSYoungGen      total 76288K, used 5713K [0x000000076b500000, 0x0000000774a00000, 0x00000007c0000000)
  eden space 65536K, 0% used [0x000000076b500000,0x000000076b500000,0x000000076f500000)
  from space 10752K, 53% used [0x000000076f500000,0x000000076fa94570,0x000000076ff80000)
  to   space 10752K, 0% used [0x0000000773f80000,0x0000000773f80000,0x0000000774a00000)
 ParOldGen       total 175104K, used 80K [0x00000006c1e00000, 0x00000006cc900000, 0x000000076b500000)
  object space 175104K, 0% used [0x00000006c1e00000,0x00000006c1e14010,0x00000006cc900000)
 Metaspace       used 8371K, capacity 8450K, committed 8576K, reserved 1056768K
  class space    used 829K, capacity 853K, committed 896K, reserved 1048576K
}
Event: 1.130 GC heap before
{Heap before GC invocations=2 (full 0):
 PSYoungGen      total 76288K, used 71249K [0x000000076b500000, 0x0000000774a00000, 0x00000007c0000000)
  eden space 65536K, 100% used [0x000000076b500000,0x000000076f500000,0x000000076f500000)
  from space 10752K, 53% used [0x000000076f500000,0x000000076fa94570,0x000000076ff80000)
  to   space 10752K, 0% used [0x0000000773f80000,0x0000000773f80000,0x0000000774a00000)
 ParOldGen       total 175104K, used 80K [0x00000006c1e00000, 0x00000006cc900000, 0x000000076b500000)
  object space 175104K, 0% used [0x00000006c1e00000,0x00000006c1e14010,0x00000006cc900000)
 Metaspace       used 8530K, capacity 8642K, committed 8832K, reserved 1056768K
  class space    used 829K, capacity 853K, committed 896K, reserved 1048576K
Event: 1.135 GC heap after
Heap after GC invocations=2 (full 0):
 PSYoungGen      total 141824K, used 6479K [0x000000076b500000, 0x0000000774a00000, 0x00000007c0000000)
  eden space 131072K, 0% used [0x000000076b500000,0x000000076b500000,0x0000000773500000)
  from space 10752K, 60% used [0x0000000773f80000,0x00000007745d3f18,0x0000000774a00000)
  to   space 10752K, 0% used [0x0000000773500000,0x0000000773500000,0x0000000773f80000)
 ParOldGen       total 175104K, used 88K [0x00000006c1e00000, 0x00000006cc900000, 0x000000076b500000)
  object space 175104K, 0% used [0x00000006c1e00000,0x00000006c1e16010,0x00000006cc900000)
 Metaspace       used 8530K, capacity 8642K, committed 8832K, reserved 1056768K
  class space    used 829K, capacity 853K, committed 896K, reserved 1048576K
}

Deoptimization events (10 events):
Event: 0.496 Thread 0x000000001f6c2800 Uncommon trap: reason=class_check action=maybe_recompile pc=0x0000000003017634 method=java.util.regex.Pattern$Slice.match(Ljava/util/regex/Matcher;ILjava/lang/CharSequence;)Z @ 75
Event: 0.498 Thread 0x000000001f6cb000 Uncommon trap: reason=class_check action=maybe_recompile pc=0x0000000002ed0f8c method=java.util.regex.Pattern$Curly.match0(Ljava/util/regex/Matcher;IILjava/lang/CharSequence;)Z @ 31
Event: 0.523 Thread 0x000000001f6ce800 Uncommon trap: reason=unstable_if action=reinterpret pc=0x0000000003038204 method=sun.nio.cs.UTF_8$Decoder.decode([BII[C)I @ 30
Event: 0.524 Thread 0x000000001f6ce800 Uncommon trap: reason=unstable_if action=reinterpret pc=0x0000000003013780 method=java.util.regex.Pattern$BitClass.isSatisfiedBy(I)Z @ 4
Event: 0.526 Thread 0x000000001f6c4000 Uncommon trap: reason=unstable_if action=reinterpret pc=0x0000000003034688 method=sun.nio.cs.UTF_8$Decoder.decode([BII[C)I @ 30
Event: 0.687 Thread 0x000000001f6c2800 Uncommon trap: reason=unstable_if action=reinterpret pc=0x00000000030deb24 method=java.lang.Character.isSurrogate(C)Z @ 3
Event: 0.687 Thread 0x000000001f6cb000 Uncommon trap: reason=unstable_if action=reinterpret pc=0x00000000030d8c34 method=java.lang.Character.isSurrogate(C)Z @ 3
Event: 0.687 Thread 0x000000001f6cb000 Uncommon trap: reason=unstable_if action=reinterpret pc=0x0000000003013f34 method=java.lang.Character.isHighSurrogate(C)Z @ 3
Event: 0.688 Thread 0x000000001f6cb000 Uncommon trap: reason=unstable_if action=reinterpret pc=0x0000000003004fd8 method=java.lang.Character.isHighSurrogate(C)Z @ 3
Event: 0.688 Thread 0x000000001f6cb000 Uncommon trap: reason=unstable_if action=reinterpret pc=0x0000000002f7d2b0 method=java.lang.Character.isHighSurrogate(C)Z @ 3

Classes redefined (0 events):
No events

Internal exceptions (10 events):
Event: 0.156 Thread 0x0000000002c42800 Exception <a 'java/security/PrivilegedActionException'> (0x000000076b5fe6c8) thrown at [C:\re\workspace\8-2-build-windows-amd64-cygwin\jdk8u202\12323\hotspot\src\share\vm\prims\jvm.cpp, line 1502]
Event: 0.157 Thread 0x0000000002c42800 Exception <a 'java/security/PrivilegedActionException'> (0x000000076b6027c0) thrown at [C:\re\workspace\8-2-build-windows-amd64-cygwin\jdk8u202\12323\hotspot\src\share\vm\prims\jvm.cpp, line 1502]
Event: 0.157 Thread 0x0000000002c42800 Exception <a 'java/security/PrivilegedActionException'> (0x000000076b602bb8) thrown at [C:\re\workspace\8-2-build-windows-amd64-cygwin\jdk8u202\12323\hotspot\src\share\vm\prims\jvm.cpp, line 1502]
Event: 0.234 Thread 0x0000000002c42800 Exception <a 'java/lang/ArrayIndexOutOfBoundsException': 18> (0x000000076bda9f40) thrown at [C:\re\workspace\8-2-build-windows-amd64-cygwin\jdk8u202\12323\hotspot\src\share\vm\interpreter\interpreterRuntime.cpp, line 368]
Event: 0.234 Thread 0x0000000002c42800 Exception <a 'java/lang/ArrayIndexOutOfBoundsException': 55> (0x000000076bdaacb0) thrown at [C:\re\workspace\8-2-build-windows-amd64-cygwin\jdk8u202\12323\hotspot\src\share\vm\interpreter\interpreterRuntime.cpp, line 368]
Event: 0.235 Thread 0x0000000002c42800 Exception <a 'java/lang/ArrayIndexOutOfBoundsException': 40> (0x000000076bdabb20) thrown at [C:\re\workspace\8-2-build-windows-amd64-cygwin\jdk8u202\12323\hotspot\src\share\vm\interpreter\interpreterRuntime.cpp, line 368]
Event: 0.312 Thread 0x0000000002c42800 Exception <a 'java/lang/ArrayIndexOutOfBoundsException'> (0x000000076c224a90) thrown at [C:\re\workspace\8-2-build-windows-amd64-cygwin\jdk8u202\12323\hotspot\src\share\vm\runtime\sharedRuntime.cpp, line 605]
Event: 0.317 Thread 0x0000000002c42800 Exception <a 'java/lang/ArrayIndexOutOfBoundsException'> (0x000000076c23ffe0) thrown at [C:\re\workspace\8-2-build-windows-amd64-cygwin\jdk8u202\12323\hotspot\src\share\vm\runtime\sharedRuntime.cpp, line 605]
Event: 0.327 Thread 0x0000000002c42800 Exception <a 'java/lang/ArrayIndexOutOfBoundsException'> (0x000000076c2919e0) thrown at [C:\re\workspace\8-2-build-windows-amd64-cygwin\jdk8u202\12323\hotspot\src\share\vm\runtime\sharedRuntime.cpp, line 605]
Event: 0.330 Thread 0x0000000002c42800 Exception <a 'java/lang/ArrayIndexOutOfBoundsException'> (0x000000076c2a7118) thrown at [C:\re\workspace\8-2-build-windows-amd64-cygwin\jdk8u202\12323\hotspot\src\share\vm\runtime\sharedRuntime.cpp, line 605]

Events (10 events):
Event: 0.747 Thread 0x000000001f6c4000 DEOPT PACKING pc=0x000000000311014a sp=0x000000001ff6ebc0
Event: 0.747 Thread 0x000000001f6c4000 DEOPT UNPACKING pc=0x0000000002d87890 sp=0x000000001ff6ea68 mode 0
Event: 0.772 Executing VM operation: ParallelGCFailedAllocation
Event: 0.782 Executing VM operation: ParallelGCFailedAllocation done
Event: 0.787 Thread 0x0000000002c42800 DEOPT PACKING pc=0x0000000002e688b8 sp=0x0000000002c3f280
Event: 0.787 Thread 0x0000000002c42800 DEOPT UNPACKING pc=0x0000000002d87890 sp=0x0000000002c3efd8 mode 0
Event: 0.873 Thread 0x0000000002c42800 DEOPT PACKING pc=0x00000000030885a4 sp=0x0000000002c3ede0
Event: 0.873 Thread 0x0000000002c42800 DEOPT UNPACKING pc=0x0000000002d87890 sp=0x0000000002c3ec98 mode 0
Event: 1.130 Executing VM operation: ParallelGCFailedAllocation
Event: 1.135 Executing VM operation: ParallelGCFailedAllocation done


Dynamic libraries:
0x00007ff758da0000 - 0x00007ff758dd7000 	C:\Program Files\Java\jdk1.8.0_202\bin\java.exe
0x00007ff987670000 - 0x00007ff987865000 	C:\WINDOWS\SYSTEM32\ntdll.dll
0x00007ff987460000 - 0x00007ff98751e000 	C:\WINDOWS\System32\KERNEL32.DLL
0x00007ff9851c0000 - 0x00007ff985489000 	C:\WINDOWS\System32\KERNELBASE.dll
0x00007ff985890000 - 0x00007ff98593c000 	C:\WINDOWS\System32\ADVAPI32.dll
0x00007ff9864e0000 - 0x00007ff98657e000 	C:\WINDOWS\System32\msvcrt.dll
0x00007ff987590000 - 0x00007ff98762b000 	C:\WINDOWS\System32\sechost.dll
0x00007ff985d20000 - 0x00007ff985e4a000 	C:\WINDOWS\System32\RPCRT4.dll
0x00007ff986580000 - 0x00007ff986721000 	C:\WINDOWS\System32\USER32.dll
0x00007ff984d90000 - 0x00007ff984db2000 	C:\WINDOWS\System32\win32u.dll
0x00007ff985aa0000 - 0x00007ff985acb000 	C:\WINDOWS\System32\GDI32.dll
0x00007ff984e50000 - 0x00007ff984f5b000 	C:\WINDOWS\System32\gdi32full.dll
0x00007ff9854c0000 - 0x00007ff98555d000 	C:\WINDOWS\System32\msvcp_win.dll
0x00007ff984fb0000 - 0x00007ff9850b0000 	C:\WINDOWS\System32\ucrtbase.dll
0x00007ff96e6c0000 - 0x00007ff96e95a000 	C:\WINDOWS\WinSxS\amd64_microsoft.windows.common-controls_6595b64144ccf1df_6.0.19041.1110_none_60b5254171f9507e\COMCTL32.dll
0x00007ff986380000 - 0x00007ff9863b0000 	C:\WINDOWS\System32\IMM32.DLL
0x000000005a690000 - 0x000000005a762000 	C:\Program Files\Java\jdk1.8.0_202\jre\bin\msvcr100.dll
0x0000000059de0000 - 0x000000005a685000 	C:\Program Files\Java\jdk1.8.0_202\jre\bin\server\jvm.dll
0x00007ff985c80000 - 0x00007ff985c88000 	C:\WINDOWS\System32\PSAPI.DLL
0x00007ff972d70000 - 0x00007ff972d79000 	C:\WINDOWS\SYSTEM32\WSOCK32.dll
0x00007ff987520000 - 0x00007ff98758b000 	C:\WINDOWS\System32\WS2_32.dll
0x00007ff96fe80000 - 0x00007ff96fea7000 	C:\WINDOWS\SYSTEM32\WINMM.dll
0x00007ff97de10000 - 0x00007ff97de1a000 	C:\WINDOWS\SYSTEM32\VERSION.dll
0x00007ff97d240000 - 0x00007ff97d24f000 	C:\Program Files\Java\jdk1.8.0_202\jre\bin\verify.dll
0x00007ff974a00000 - 0x00007ff974a29000 	C:\Program Files\Java\jdk1.8.0_202\jre\bin\java.dll
0x00007ff97cf90000 - 0x00007ff97cfa6000 	C:\Program Files\Java\jdk1.8.0_202\jre\bin\zip.dll
0x00007ff986c10000 - 0x00007ff98734f000 	C:\WINDOWS\System32\SHELL32.dll
0x00007ff982d80000 - 0x00007ff983510000 	C:\WINDOWS\SYSTEM32\windows.storage.dll
0x00007ff985f70000 - 0x00007ff9862c5000 	C:\WINDOWS\System32\combase.dll
0x00007ff984770000 - 0x00007ff98479c000 	C:\WINDOWS\SYSTEM32\Wldp.dll
0x00007ff987350000 - 0x00007ff9873fd000 	C:\WINDOWS\System32\SHCORE.dll
0x00007ff987400000 - 0x00007ff987455000 	C:\WINDOWS\System32\shlwapi.dll
0x00007ff984cd0000 - 0x00007ff984cef000 	C:\WINDOWS\SYSTEM32\profapi.dll
0x00007ff972dd0000 - 0x00007ff972dea000 	C:\Program Files\Java\jdk1.8.0_202\jre\bin\net.dll
0x00007ff97af10000 - 0x00007ff97b0fb000 	C:\WINDOWS\SYSTEM32\urlmon.dll
0x00007ff97b3b0000 - 0x00007ff97b660000 	C:\WINDOWS\SYSTEM32\iertutil.dll
0x00007ff97a780000 - 0x00007ff97a7a8000 	C:\WINDOWS\SYSTEM32\srvcli.dll
0x00007ff984270000 - 0x00007ff98427c000 	C:\WINDOWS\SYSTEM32\netutils.dll
0x00007ff9844d0000 - 0x00007ff98453a000 	C:\WINDOWS\system32\mswsock.dll
0x00007ff972bb0000 - 0x00007ff972bc2000 	C:\Program Files\Java\jdk1.8.0_202\jre\bin\nio.dll

VM Arguments:
java_command: com.xamarin.androidx.jetifierWrapper.Main -intermediate obj\Debug\110\androidx\_AndroidXJetifyEmbeddedFiles.jetify -parallel
java_class_path (initial): C:\Users\Administrator\.nuget\packages\xamarin.androidx.migration\1.0.6\buildTransitive\monoandroid90\Tools/JetifierWrapper/jetifierWrapper-1.0.jar
Launcher Type: SUN_STANDARD

Environment Variables:
PATH=C:\Program Files\Java\jdk1.8.0_202\bin;C:\Program Files\Microsoft MPI\Bin\;C:\Oracle\11.2.0\client_1;C:\Program Files (x86)\Eziriz\.NET Reactor;C:\ProgramData\Oracle\Java\javapath;D:\app\Hung\product\11.2.0\client_2\bin;D:\app\Hung\product\11.2.0\client_1;C:\Program Files (x86)\Common Files\Oracle\Java\javapath;C:\WINDOWS\system32;C:\WINDOWS;C:\WINDOWS\System32\Wbem;C:\WINDOWS\System32\WindowsPowerShell\v1.0\;C:\WINDOWS\System32\OpenSSH\;C:\Program Files (x86)\Microsoft SQL Server\140\Tools\Binn\;C:\Program Files\Microsoft SQL Server\140\Tools\Binn\;C:\Program Files (x86)\Microsoft SQL Server\140\DTS\Binn\;C:\Program Files\Microsoft SQL Server\140\DTS\Binn\;C:\Program Files\Microsoft SQL Server\Client SDK\ODBC\130\Tools\Binn\;C:\Program Files\Git\cmd;C:\Program Files\dotnet\;C:\Program Files\Microsoft SQL Server\130\Tools\Binn\;C:\Program Files (x86)\Microsoft SQL Server\Client SDK\ODBC\130\Tools\Binn\;C:\Program Files (x86)\Microsoft SQL Server\140\Tools\Binn\ManagementStudio\;C:\Program Files (x86)\Microsoft SQL Server\90\Tools\binn\;C:\Program Files (x86)\dotnet\;C:\Users\Administrator\AppData\Local\Microsoft\WindowsApps;C:\Users\Administrator\.dotnet\tools;C:\Users\Administrator\AppData\Local\GitHubDesktop\bin
USERNAME=Administrator
OS=Windows_NT
PROCESSOR_IDENTIFIER=Intel64 Family 6 Model 94 Stepping 3, GenuineIntel



---------------  S Y S T E M  ---------------

OS: Windows 10.0 , 64 bit Build 19041 (10.0.19041.1202)

CPU:total 8 (initial active 8) (4 cores per cpu, 2 threads per core) family 6 model 94 stepping 3, cmov, cx8, fxsr, mmx, sse, sse2, sse3, ssse3, sse4.1, sse4.2, popcnt, avx, avx2, aes, clmul, erms, rtm, 3dnowpref, lzcnt, ht, tsc, tscinvbit, bmi1, bmi2, adx

Memory: 4k page, physical 16654136k(2702548k free), swap 16654136k(4080k free)

vm_info: Java HotSpot(TM) 64-Bit Server VM (25.202-b08) for windows-amd64 JRE (1.8.0_202-b08), built on Dec 15 2018 19:54:30 by "java_re" with MS VC++ 10.0 (VS2010)

time: Mon Nov 01 15:50:25 2021
timezone: SE Asia Standard Time
elapsed time: 1 seconds (0d 0h 0m 1s)

