#
# There is insufficient memory for the Java Runtime Environment to continue.
# Native memory allocation (malloc) failed to allocate 131088 bytes for Chunk::new
# Possible reasons:
#   The system is out of physical RAM or swap space
#   The process is running with CompressedOops enabled, and the Java Heap may be blocking the growth of the native heap
# Possible solutions:
#   Reduce memory load on the system
#   Increase physical memory or swap space
#   Check if swap backing store is full
#   Decrease Java heap size (-Xmx/-Xms)
#   Decrease number of Java threads
#   Decrease Java thread stack sizes (-Xss)
#   Set larger code cache with -XX:ReservedCodeCacheSize=
#   JVM is running with Unscaled Compressed Oops mode in which the Java heap is
#     placed in the first 4GB address space. The Java Heap base address is the
#     maximum limit for the native heap growth. Please use -XX:HeapBaseMinAddress
#     to set the Java Heap base and to place the Java Heap above 4GB virtual address.
# This output file may be truncated or incomplete.
#
#  Out of Memory Error (allocation.cpp:389), pid=20548, tid=0x00000000000047d0
#
# JRE version: OpenJDK Runtime Environment (8.0) (build 1.8.0-25-microsoft-b00)
# Java VM: OpenJDK 64-Bit Server VM (25.71-b00 mixed mode windows-amd64 compressed oops)
# Failed to write core dump. Minidumps are not enabled by default on client versions of Windows
#

---------------  T H R E A D  ---------------

Current thread (0x0000000017140800):  JavaThread "C2 CompilerThread1" daemon [_thread_in_native, id=18384, stack(0x0000000017b10000,0x0000000017c10000)]

Stack: [0x0000000017b10000,0x0000000017c10000]
[error occurred during error reporting (printing stack bounds), id 0xc0000005]

Native frames: (J=compiled Java code, j=interpreted, Vv=VM code, C=native code)


Current CompileTask:
C2:   1572 3242       4       com.android.tools.r8.ir.conversion.o::a (1153 bytes)


---------------  P R O C E S S  ---------------

Java Threads: ( => current thread )
  0x000000001836c800 JavaThread "ForkJoinPool-1-worker-0" daemon [_thread_in_Java, id=3100, stack(0x0000000019ae0000,0x0000000019be0000)]
  0x000000001836c000 JavaThread "ForkJoinPool-1-worker-3" daemon [_thread_in_Java, id=11360, stack(0x00000000199e0000,0x0000000019ae0000)]
  0x000000001852d000 JavaThread "ForkJoinPool-1-worker-2" daemon [_thread_in_Java, id=19960, stack(0x00000000198e0000,0x00000000199e0000)]
  0x000000001836b000 JavaThread "ForkJoinPool-1-worker-1" daemon [_thread_in_Java, id=4248, stack(0x00000000197e0000,0x00000000198e0000)]
  0x00000000171d6800 JavaThread "Service Thread" daemon [_thread_blocked, id=1076, stack(0x0000000017e10000,0x0000000017f10000)]
  0x0000000017149000 JavaThread "C1 CompilerThread3" daemon [_thread_in_native, id=1124, stack(0x0000000017d10000,0x0000000017e10000)]
  0x0000000017142000 JavaThread "C2 CompilerThread2" daemon [_thread_in_native, id=14032, stack(0x0000000017c10000,0x0000000017d10000)]
=>0x0000000017140800 JavaThread "C2 CompilerThread1" daemon [_thread_in_native, id=18384, stack(0x0000000017b10000,0x0000000017c10000)]
  0x000000001713a800 JavaThread "C2 CompilerThread0" daemon [_thread_in_native, id=19396, stack(0x0000000017a10000,0x0000000017b10000)]
  0x0000000017139800 JavaThread "Attach Listener" daemon [_thread_blocked, id=21704, stack(0x0000000017910000,0x0000000017a10000)]
  0x0000000017138800 JavaThread "Signal Dispatcher" daemon [_thread_blocked, id=2092, stack(0x0000000017810000,0x0000000017910000)]
  0x0000000017130800 JavaThread "Finalizer" daemon [_thread_blocked, id=6112, stack(0x0000000017610000,0x0000000017710000)]
  0x000000001533c000 JavaThread "Reference Handler" daemon [_thread_blocked, id=22028, stack(0x0000000017510000,0x0000000017610000)]
  0x0000000002723800 JavaThread "main" [_thread_blocked, id=22948, stack(0x0000000002620000,0x0000000002720000)]

Other Threads:
  0x0000000015338000 VMThread [stack: 0x0000000017010000,0x0000000017110000] [id=10868]
  0x00000000171d7000 WatcherThread [stack: 0x0000000017f10000,0x0000000018010000] [id=13524]

VM state:not at safepoint (normal execution)

VM Mutex/Monitor currently owned by a thread: None

heap address: 0x00000000c0000000, size: 1024 MB, Compressed Oops mode: 32-bit
Narrow klass base: 0x0000000000000000, Narrow klass shift: 3
Compressed class space size: 1073741824 Address: 0x0000000100000000

Heap:
 PSYoungGen      total 272896K, used 72457K [0x00000000eab00000, 0x00000000fc000000, 0x0000000100000000)
  eden space 262144K, 23% used [0x00000000eab00000,0x00000000ee744208,0x00000000fab00000)
  from space 10752K, 99% used [0x00000000fb580000,0x00000000fbffe328,0x00000000fc000000)
  to   space 10752K, 0% used [0x00000000fab00000,0x00000000fab00000,0x00000000fb580000)
 ParOldGen       total 175104K, used 65932K [0x00000000c0000000, 0x00000000cab00000, 0x00000000eab00000)
  object space 175104K, 37% used [0x00000000c0000000,0x00000000c4063378,0x00000000cab00000)
 Metaspace       used 16134K, capacity 17470K, committed 17664K, reserved 1064960K
  class space    used 2122K, capacity 2443K, committed 2560K, reserved 1048576K

Card table byte_map: [0x0000000011be0000,0x0000000011df0000] byte_map_base: 0x00000000115e0000

Marking Bits: (ParMarkBitMap*) 0x0000000064378f30
 Begin Bits: [0x0000000012750000, 0x0000000013750000)
 End Bits:   [0x0000000013750000, 0x0000000014750000)

Polling page: 0x0000000000ca0000

CodeCache: size=245760Kb used=10051Kb max_used=10051Kb free=235708Kb
 bounds [0x0000000002820000, 0x0000000003200000, 0x0000000011820000]
 total_blobs=3727 nmethods=3373 adapters=266
 compilation: enabled

Compilation events (10 events):
Event: 1.533 Thread 0x0000000017149000 nmethod 3426 0x00000000031e5910 code [0x00000000031e5a60, 0x00000000031e5b70]
Event: 1.533 Thread 0x0000000017149000 3437       2       com.android.tools.r8.s.b.X::a (159 bytes)
Event: 1.534 Thread 0x0000000017149000 nmethod 3437 0x00000000031e5bd0 code [0x00000000031e5e00, 0x00000000031e6568]
Event: 1.534 Thread 0x0000000017149000 3439       2       com.android.tools.r8.ir.regalloc.a::b (40 bytes)
Event: 1.534 Thread 0x0000000017149000 nmethod 3439 0x00000000031e6b10 code [0x00000000031e6c80, 0x00000000031e6f48]
Event: 1.534 Thread 0x0000000017149000 3440       2       com.android.tools.r8.ir.regalloc.a::i (610 bytes)
Event: 1.537 Thread 0x0000000017149000 nmethod 3440 0x00000000031e7150 code [0x00000000031e7740, 0x00000000031e96d8]
Event: 1.538 Thread 0x0000000017149000 3442       2       com.android.tools.r8.ir.optimize.a0::a (1308 bytes)
Event: 1.546 Thread 0x0000000017149000 nmethod 3442 0x00000000031ec490 code [0x00000000031ece20, 0x00000000031f0f18]
Event: 1.546 Thread 0x0000000017149000 3454 %     3       com.android.tools.r8.ir.regalloc.a::a @ 1253 (3992 bytes)

GC Heap History (8 events):
Event: 0.418 GC heap before
{Heap before GC invocations=1 (full 0):
 PSYoungGen      total 76288K, used 65536K [0x00000000eab00000, 0x00000000f0000000, 0x0000000100000000)
  eden space 65536K, 100% used [0x00000000eab00000,0x00000000eeb00000,0x00000000eeb00000)
  from space 10752K, 0% used [0x00000000ef580000,0x00000000ef580000,0x00000000f0000000)
  to   space 10752K, 0% used [0x00000000eeb00000,0x00000000eeb00000,0x00000000ef580000)
 ParOldGen       total 175104K, used 0K [0x00000000c0000000, 0x00000000cab00000, 0x00000000eab00000)
  object space 175104K, 0% used [0x00000000c0000000,0x00000000c0000000,0x00000000cab00000)
 Metaspace       used 8134K, capacity 8346K, committed 8576K, reserved 1056768K
  class space    used 932K, capacity 1033K, committed 1152K, reserved 1048576K
Event: 0.426 GC heap after
Heap after GC invocations=1 (full 0):
 PSYoungGen      total 76288K, used 10743K [0x00000000eab00000, 0x00000000f4000000, 0x0000000100000000)
  eden space 65536K, 0% used [0x00000000eab00000,0x00000000eab00000,0x00000000eeb00000)
  from space 10752K, 99% used [0x00000000eeb00000,0x00000000ef57dcf0,0x00000000ef580000)
  to   space 10752K, 0% used [0x00000000f3580000,0x00000000f3580000,0x00000000f4000000)
 ParOldGen       total 175104K, used 5907K [0x00000000c0000000, 0x00000000cab00000, 0x00000000eab00000)
  object space 175104K, 3% used [0x00000000c0000000,0x00000000c05c4f88,0x00000000cab00000)
 Metaspace       used 8134K, capacity 8346K, committed 8576K, reserved 1056768K
  class space    used 932K, capacity 1033K, committed 1152K, reserved 1048576K
}
Event: 0.599 GC heap before
{Heap before GC invocations=2 (full 0):
 PSYoungGen      total 76288K, used 76279K [0x00000000eab00000, 0x00000000f4000000, 0x0000000100000000)
  eden space 65536K, 100% used [0x00000000eab00000,0x00000000eeb00000,0x00000000eeb00000)
  from space 10752K, 99% used [0x00000000eeb00000,0x00000000ef57dcf0,0x00000000ef580000)
  to   space 10752K, 0% used [0x00000000f3580000,0x00000000f3580000,0x00000000f4000000)
 ParOldGen       total 175104K, used 5907K [0x00000000c0000000, 0x00000000cab00000, 0x00000000eab00000)
  object space 175104K, 3% used [0x00000000c0000000,0x00000000c05c4f88,0x00000000cab00000)
 Metaspace       used 9284K, capacity 9746K, committed 9984K, reserved 1058816K
  class space    used 1079K, capacity 1199K, committed 1280K, reserved 1048576K
Event: 0.613 GC heap after
Heap after GC invocations=2 (full 0):
 PSYoungGen      total 141824K, used 10722K [0x00000000eab00000, 0x00000000f4000000, 0x0000000100000000)
  eden space 131072K, 0% used [0x00000000eab00000,0x00000000eab00000,0x00000000f2b00000)
  from space 10752K, 99% used [0x00000000f3580000,0x00000000f3ff88d0,0x00000000f4000000)
  to   space 10752K, 0% used [0x00000000f2b00000,0x00000000f2b00000,0x00000000f3580000)
 ParOldGen       total 175104K, used 27763K [0x00000000c0000000, 0x00000000cab00000, 0x00000000eab00000)
  object space 175104K, 15% used [0x00000000c0000000,0x00000000c1b1cfa0,0x00000000cab00000)
 Metaspace       used 9284K, capacity 9746K, committed 9984K, reserved 1058816K
  class space    used 1079K, capacity 1199K, committed 1280K, reserved 1048576K
}
Event: 0.842 GC heap before
{Heap before GC invocations=3 (full 0):
 PSYoungGen      total 141824K, used 141794K [0x00000000eab00000, 0x00000000f4000000, 0x0000000100000000)
  eden space 131072K, 100% used [0x00000000eab00000,0x00000000f2b00000,0x00000000f2b00000)
  from space 10752K, 99% used [0x00000000f3580000,0x00000000f3ff88d0,0x00000000f4000000)
  to   space 10752K, 0% used [0x00000000f2b00000,0x00000000f2b00000,0x00000000f3580000)
 ParOldGen       total 175104K, used 27763K [0x00000000c0000000, 0x00000000cab00000, 0x00000000eab00000)
  object space 175104K, 15% used [0x00000000c0000000,0x00000000c1b1cfa0,0x00000000cab00000)
 Metaspace       used 10056K, capacity 10564K, committed 10880K, reserved 1058816K
  class space    used 1176K, capacity 1294K, committed 1408K, reserved 1048576K
Event: 0.873 GC heap after
Heap after GC invocations=3 (full 0):
 PSYoungGen      total 141824K, used 10720K [0x00000000eab00000, 0x00000000fc000000, 0x0000000100000000)
  eden space 131072K, 0% used [0x00000000eab00000,0x00000000eab00000,0x00000000f2b00000)
  from space 10752K, 99% used [0x00000000f2b00000,0x00000000f35783c8,0x00000000f3580000)
  to   space 10752K, 0% used [0x00000000fb580000,0x00000000fb580000,0x00000000fc000000)
 ParOldGen       total 175104K, used 52162K [0x00000000c0000000, 0x00000000cab00000, 0x00000000eab00000)
  object space 175104K, 29% used [0x00000000c0000000,0x00000000c32f08e0,0x00000000cab00000)
 Metaspace       used 10056K, capacity 10564K, committed 10880K, reserved 1058816K
  class space    used 1176K, capacity 1294K, committed 1408K, reserved 1048576K
}
Event: 1.404 GC heap before
{Heap before GC invocations=4 (full 0):
 PSYoungGen      total 141824K, used 141792K [0x00000000eab00000, 0x00000000fc000000, 0x0000000100000000)
  eden space 131072K, 100% used [0x00000000eab00000,0x00000000f2b00000,0x00000000f2b00000)
  from space 10752K, 99% used [0x00000000f2b00000,0x00000000f35783c8,0x00000000f3580000)
  to   space 10752K, 0% used [0x00000000fb580000,0x00000000fb580000,0x00000000fc000000)
 ParOldGen       total 175104K, used 52162K [0x00000000c0000000, 0x00000000cab00000, 0x00000000eab00000)
  object space 175104K, 29% used [0x00000000c0000000,0x00000000c32f08e0,0x00000000cab00000)
 Metaspace       used 15851K, capacity 17156K, committed 17280K, reserved 1064960K
  class space    used 2085K, capacity 2406K, committed 2432K, reserved 1048576K
Event: 1.426 GC heap after
Heap after GC invocations=4 (full 0):
 PSYoungGen      total 272896K, used 10744K [0x00000000eab00000, 0x00000000fc000000, 0x0000000100000000)
  eden space 262144K, 0% used [0x00000000eab00000,0x00000000eab00000,0x00000000fab00000)
  from space 10752K, 99% used [0x00000000fb580000,0x00000000fbffe328,0x00000000fc000000)
  to   space 10752K, 0% used [0x00000000fab00000,0x00000000fab00000,0x00000000fb580000)
 ParOldGen       total 175104K, used 65932K [0x00000000c0000000, 0x00000000cab00000, 0x00000000eab00000)
  object space 175104K, 37% used [0x00000000c0000000,0x00000000c4063378,0x00000000cab00000)
 Metaspace       used 15851K, capacity 17156K, committed 17280K, reserved 1064960K
  class space    used 2085K, capacity 2406K, committed 2432K, reserved 1048576K
}

Deoptimization events (10 events):
Event: 1.388 Thread 0x000000001836b000 Uncommon trap: reason=unstable_if action=reinterpret pc=0x0000000002f611fc method=com.android.tools.r8.graph.g0.computeEquals(Ljava/lang/Object;)Z @ 37
Event: 1.439 Thread 0x000000001836b000 Uncommon trap: reason=unstable_if action=reinterpret pc=0x0000000002dc1e68 method=com.android.tools.r8.graph.g0.computeEquals(Ljava/lang/Object;)Z @ 37
Event: 1.493 Thread 0x000000001852d000 Uncommon trap: reason=unstable_if action=reinterpret pc=0x0000000003060248 method=com.android.tools.r8.t.a.a.a.f.X.a(ILjava/lang/Object;)Ljava/lang/Object; @ 8
Event: 1.506 Thread 0x000000001836b000 Uncommon trap: reason=unstable_if action=reinterpret pc=0x00000000031bcb00 method=com.android.tools.r8.ir.optimize.K.a(Lcom/android/tools/r8/s/b/k0;)Z @ 164
Event: 1.507 Thread 0x000000001836c000 Uncommon trap: reason=class_check action=maybe_recompile pc=0x00000000030df874 method=com.android.tools.r8.s.a.h.e.b(Lcom/android/tools/r8/s/b/k0;)V @ 379
Event: 1.517 Thread 0x000000001836c800 Uncommon trap: reason=unstable_if action=reinterpret pc=0x0000000002f421e4 method=java.util.HashMap.putVal(ILjava/lang/Object;Ljava/lang/Object;ZZ)Ljava/lang/Object; @ 162
Event: 1.518 Thread 0x000000001836c000 Uncommon trap: reason=bimorphic action=maybe_recompile pc=0x0000000002d575c0 method=java.util.Arrays.equals([Ljava/lang/Object;[Ljava/lang/Object;)Z @ 62
Event: 1.518 Thread 0x000000001836c000 Uncommon trap: reason=bimorphic action=maybe_recompile pc=0x0000000002d575c0 method=java.util.Arrays.equals([Ljava/lang/Object;[Ljava/lang/Object;)Z @ 62
Event: 1.518 Thread 0x000000001836c000 Uncommon trap: reason=bimorphic action=maybe_recompile pc=0x0000000002d575c0 method=java.util.Arrays.equals([Ljava/lang/Object;[Ljava/lang/Object;)Z @ 62
Event: 1.518 Thread 0x000000001836c000 Uncommon trap: reason=bimorphic action=maybe_recompile pc=0x0000000002d575c0 method=java.util.Arrays.equals([Ljava/lang/Object;[Ljava/lang/Object;)Z @ 62

Classes redefined (0 events):
No events

Internal exceptions (10 events):
Event: 1.042 Thread 0x000000001836c000 Implicit null exception at 0x0000000002cb7a6f to 0x0000000002cb7cb5
Event: 1.078 Thread 0x000000001836c000 Exception <a 'java/lang/NoSuchMethodError': java.lang.Object.b(Lcom/android/tools/r8/graph/p1$b;)Lcom/android/tools/r8/graph/p1$b;> (0x00000000ef0a6ec8) thrown at [D:\j\worksp~1\openjd~3\jdk8u\hotspot\src\share\vm\interpreter\linkResolver.cpp, line 620]
Event: 1.108 Thread 0x000000001836b000 Exception <a 'java/lang/NoSuchMethodError': java.lang.Object.lambda$comparingInt$7b0bb60$1(Ljava/util/function/ToIntFunction;Ljava/lang/Object;Ljava/lang/Object;)I> (0x00000000ef3393f0) thrown at [D:\j\worksp~1\openjd~3\jdk8u\hotspot\src\share\vm\interpre
Event: 1.108 Thread 0x000000001836c800 Exception <a 'java/lang/NoSuchMethodError': java.lang.Object.lambda$comparingInt$7b0bb60$1(Ljava/util/function/ToIntFunction;Ljava/lang/Object;Ljava/lang/Object;)I> (0x00000000ef217ce8) thrown at [D:\j\worksp~1\openjd~3\jdk8u\hotspot\src\share\vm\interpre
Event: 1.108 Thread 0x000000001836c000 Exception <a 'java/lang/NoSuchMethodError': java.lang.Object.lambda$comparingInt$7b0bb60$1(Ljava/util/function/ToIntFunction;Ljava/lang/Object;Ljava/lang/Object;)I> (0x00000000ef278100) thrown at [D:\j\worksp~1\openjd~3\jdk8u\hotspot\src\share\vm\interpre
Event: 1.109 Thread 0x000000001836c800 Exception <a 'java/lang/NoSuchMethodError': java.lang.Object.lambda$maxBy$1(Ljava/util/Comparator;Ljava/lang/Object;Ljava/lang/Object;)Ljava/lang/Object;> (0x00000000ef223508) thrown at [D:\j\worksp~1\openjd~3\jdk8u\hotspot\src\share\vm\interpreter\linkRe
Event: 1.109 Thread 0x000000001836b000 Exception <a 'java/lang/NoSuchMethodError': java.lang.Object.lambda$maxBy$1(Ljava/util/Comparator;Ljava/lang/Object;Ljava/lang/Object;)Ljava/lang/Object;> (0x00000000ef345618) thrown at [D:\j\worksp~1\openjd~3\jdk8u\hotspot\src\share\vm\interpreter\linkRe
Event: 1.109 Thread 0x000000001836c000 Exception <a 'java/lang/NoSuchMethodError': java.lang.Object.lambda$maxBy$1(Ljava/util/Comparator;Ljava/lang/Object;Ljava/lang/Object;)Ljava/lang/Object;> (0x00000000ef27b9b8) thrown at [D:\j\worksp~1\openjd~3\jdk8u\hotspot\src\share\vm\interpreter\linkRe
Event: 1.109 Thread 0x000000001852d000 Exception <a 'java/lang/NoSuchMethodError': java.lang.Object.lambda$maxBy$1(Ljava/util/Comparator;Ljava/lang/Object;Ljava/lang/Object;)Ljava/lang/Object;> (0x00000000ef187ba0) thrown at [D:\j\worksp~1\openjd~3\jdk8u\hotspot\src\share\vm\interpreter\linkRe
Event: 1.179 Thread 0x000000001836b000 Implicit null exception at 0x0000000002e94300 to 0x0000000002e9c939

Events (10 events):
Event: 1.536 loading class com/android/tools/r8/t/a/a/a/h/N$c
Event: 1.536 loading class com/android/tools/r8/t/a/a/a/h/N$c done
Event: 1.537 loading class com/android/tools/r8/t/a/a/a/h/N$b
Event: 1.537 loading class com/android/tools/r8/t/a/a/a/h/N$b done
Event: 1.537 loading class com/android/tools/r8/t/a/a/a/h/N$f
Event: 1.537 loading class com/android/tools/r8/t/a/a/a/h/N$f done
Event: 1.543 loading class com/android/tools/r8/t/a/a/a/f/z0
Event: 1.543 loading class com/android/tools/r8/t/a/a/a/f/z0 done
Event: 1.550 Executing VM operation: ForceSafepoint
Event: 1.550 Executing VM operation: ForceSafepoint done


Dynamic libraries:
0x00007ff65cb50000 - 0x00007ff65cb85000 	C:\Program Files\Android\Jdk\microsoft_dist_openjdk_1.8.0.25\bin\java.exe
0x00007fffb2a10000 - 0x00007fffb2c05000 	C:\WINDOWS\SYSTEM32\ntdll.dll
0x00007fffb21b0000 - 0x00007fffb226d000 	C:\WINDOWS\System32\KERNEL32.DLL
0x00007fffb0410000 - 0x00007fffb06d9000 	C:\WINDOWS\System32\KERNELBASE.dll
0x00007fffb1530000 - 0x00007fffb15dc000 	C:\WINDOWS\System32\ADVAPI32.dll
0x00007fffb27c0000 - 0x00007fffb285e000 	C:\WINDOWS\System32\msvcrt.dll
0x00007fffb1790000 - 0x00007fffb182b000 	C:\WINDOWS\System32\sechost.dll
0x00007fffb2690000 - 0x00007fffb27ba000 	C:\WINDOWS\System32\RPCRT4.dll
0x00007fffb15f0000 - 0x00007fffb1790000 	C:\WINDOWS\System32\USER32.dll
0x00007fffb0140000 - 0x00007fffb0162000 	C:\WINDOWS\System32\win32u.dll
0x00007fffb29a0000 - 0x00007fffb29ca000 	C:\WINDOWS\System32\GDI32.dll
0x00007fffb0300000 - 0x00007fffb040b000 	C:\WINDOWS\System32\gdi32full.dll
0x00007fffb0840000 - 0x00007fffb08dd000 	C:\WINDOWS\System32\msvcp_win.dll
0x00007fffb0170000 - 0x00007fffb0270000 	C:\WINDOWS\System32\ucrtbase.dll
0x00007fff93010000 - 0x00007fff932aa000 	C:\WINDOWS\WinSxS\amd64_microsoft.windows.common-controls_6595b64144ccf1df_6.0.19041.1110_none_60b5254171f9507e\COMCTL32.dll
0x00007fffb0c80000 - 0x00007fffb0cb0000 	C:\WINDOWS\System32\IMM32.DLL
0x0000000064400000 - 0x00000000644d1000 	C:\Program Files\Android\Jdk\microsoft_dist_openjdk_1.8.0.25\jre\bin\msvcr100.dll
0x0000000063bb0000 - 0x00000000643f5000 	C:\Program Files\Android\Jdk\microsoft_dist_openjdk_1.8.0.25\jre\bin\server\jvm.dll
0x00007fffb2990000 - 0x00007fffb2998000 	C:\WINDOWS\System32\PSAPI.DLL
0x00007fff9db30000 - 0x00007fff9db39000 	C:\WINDOWS\SYSTEM32\WSOCK32.dll
0x00007fff93e00000 - 0x00007fff93e27000 	C:\WINDOWS\SYSTEM32\WINMM.dll
0x00007fffb1ca0000 - 0x00007fffb1d0b000 	C:\WINDOWS\System32\WS2_32.dll
0x00007fffa91d0000 - 0x00007fffa91da000 	C:\WINDOWS\SYSTEM32\VERSION.dll
0x00007fffabd70000 - 0x00007fffabd7f000 	C:\Program Files\Android\Jdk\microsoft_dist_openjdk_1.8.0.25\jre\bin\verify.dll
0x00007fff9f910000 - 0x00007fff9f939000 	C:\Program Files\Android\Jdk\microsoft_dist_openjdk_1.8.0.25\jre\bin\java.dll
0x00007fffaad90000 - 0x00007fffaada6000 	C:\Program Files\Android\Jdk\microsoft_dist_openjdk_1.8.0.25\jre\bin\zip.dll
0x00007fffb0d40000 - 0x00007fffb147f000 	C:\WINDOWS\System32\SHELL32.dll
0x00007fffae110000 - 0x00007fffae8a0000 	C:\WINDOWS\SYSTEM32\windows.storage.dll
0x00007fffb2330000 - 0x00007fffb2685000 	C:\WINDOWS\System32\combase.dll
0x00007fffafad0000 - 0x00007fffafafc000 	C:\WINDOWS\SYSTEM32\Wldp.dll
0x00007fffb1480000 - 0x00007fffb152e000 	C:\WINDOWS\System32\SHCORE.dll
0x00007fffb2270000 - 0x00007fffb22c5000 	C:\WINDOWS\System32\shlwapi.dll
0x00007fffb0080000 - 0x00007fffb009f000 	C:\WINDOWS\SYSTEM32\profapi.dll
0x00007fff9fc30000 - 0x00007fff9fc4a000 	C:\Program Files\Android\jdk\microsoft_dist_openjdk_1.8.0.25\jre\bin\net.dll
0x00007fffaf830000 - 0x00007fffaf89a000 	C:\WINDOWS\system32\mswsock.dll
0x00007fff9fb70000 - 0x00007fff9fb81000 	C:\Program Files\Android\jdk\microsoft_dist_openjdk_1.8.0.25\jre\bin\nio.dll

VM Arguments:
jvm_args: -Xmx1G 
java_command: com.android.tools.r8.D8 --debug --min-api 21 --output obj\Debug\110\android\bin\ --lib D:\Android\android-sdk-xamarin\android-sdk\platforms\android-30\android.jar obj\Debug\110\android\bin\classes.zip C:\Program Files (x86)\Microsoft Visual Studio\2019\Professional\Common7\IDE\ReferenceAssemblies\Microsoft\Framework\MonoAndroid\v11.0\mono.android.jar C:\Program Files (x86)\Microsoft Visual Studio\2019\Professional\MSBuild\Xamarin\Android\java_runtime_fastdev.jar C:\Program Files (x86)\Microsoft\Xamarin\NuGet\xamarin.androidx.annotation\1.1.0.8\buildTransitive\monoandroid90\..\..\jar\androidx.annotation.annotation.jar C:\Users\Administrator\.nuget\packages\xamarin.androidx.collection\1.1.0.6\buildTransitive\monoandroid90\..\..\jar\androidx.collection.collection.jar C:\Users\Administrator\.nuget\packages\xamarin.androidx.lifecycle.common\2.2.0.4\buildTransitive\monoandroid90\..\..\jar\androidx.lifecycle.lifecycle-common.jar C:\Users\Administrator\.nuget\packages\xamarin.androidx.arch.core.common\2.1.0.7\buildTransitive\monoandroid90\..\..\jar\androidx.arch.core.core-common.jar obj\Debug\110\androidx\jl\4fc89e2a-9235-43eb-adcb-91908877c6e0.jar obj\Debug\110\lp\1\jl\formsviewgroup.jar obj\Debug\110\lp\60\jl\classes.jar obj\Debug\110\lp\61\jl\classes.jar obj\Debug\110\lp\62\jl\classes.jar obj\Debug\110\lp\63\jl\classes.jar obj\Debug\110\lp\64\jl\classes.jar obj\Debug\110\lp\65\jl\classes.jar obj\Debug\110\lp\66\jl\classes.jar obj\Debug\110\lp\67\jl\classes.jar obj\Debug\110\lp\68\jl\classes.jar obj\Debug\110\lp\69\jl\classes.jar obj\Debug\110\lp\70\jl\classes.jar obj\Debug\110\lp\71\jl\classes.jar obj\Debug\110\lp\72\jl\classes.jar obj\Debug\110\lp\73\jl\classes.jar obj\Debug\110\lp\74\jl\classes.jar obj\Debug\110\lp\75\jl\classes.jar obj\Debug\110\lp\76\jl\classes.jar obj\Debug\110\lp\77\jl\classes.jar obj\Debug\110\lp\78\jl\classes.jar obj\Debug\110\lp\79\jl\classes.jar obj\Debug\110\lp\80\jl\classes.jar obj\Debug\110\lp\81\jl\classes.jar obj\Debug\110\
java_class_path (initial): C:\Program Files (x86)\Microsoft Visual Studio\2019\Professional\MSBuild\Xamarin\Android\r8.jar
Launcher Type: SUN_STANDARD

Environment Variables:
PATH=C:\Program Files\Android\Jdk\microsoft_dist_openjdk_1.8.0.25\bin;C:\Program Files\Microsoft MPI\Bin\;C:\Oracle\11.2.0\client_1;C:\Program Files (x86)\Eziriz\.NET Reactor;C:\ProgramData\Oracle\Java\javapath;D:\app\Hung\product\11.2.0\client_2\bin;D:\app\Hung\product\11.2.0\client_1;C:\Program Files (x86)\Common Files\Oracle\Java\javapath;C:\WINDOWS\system32;C:\WINDOWS;C:\WINDOWS\System32\Wbem;C:\WINDOWS\System32\WindowsPowerShell\v1.0\;C:\WINDOWS\System32\OpenSSH\;C:\Program Files (x86)\Microsoft SQL Server\140\Tools\Binn\;C:\Program Files\Microsoft SQL Server\140\Tools\Binn\;C:\Program Files (x86)\Microsoft SQL Server\140\DTS\Binn\;C:\Program Files\Microsoft SQL Server\140\DTS\Binn\;C:\Program Files\Microsoft SQL Server\Client SDK\ODBC\130\Tools\Binn\;C:\Program Files\Git\cmd;C:\Program Files\dotnet\;C:\Program Files\Microsoft SQL Server\130\Tools\Binn\;C:\Program Files (x86)\Microsoft SQL Server\Client SDK\ODBC\130\Tools\Binn\;C:\Program Files (x86)\Microsoft SQL Server\140\Tools\Binn\ManagementStudio\;C:\Program Files (x86)\Microsoft SQL Server\90\Tools\binn\;C:\Users\Administrator\AppData\Local\Microsoft\WindowsApps;C:\Users\Administrator\.dotnet\tools
USERNAME=Administrator
OS=Windows_NT
PROCESSOR_IDENTIFIER=Intel64 Family 6 Model 94 Stepping 3, GenuineIntel



---------------  S Y S T E M  ---------------

OS: Windows 10.0 , 64 bit Build 19041 (10.0.19041.1151)

CPU:total 8 (initial active 8) (4 cores per cpu, 2 threads per core) family 6 model 94 stepping 3, cmov, cx8, fxsr, mmx, sse, sse2, sse3, ssse3, sse4.1, sse4.2, popcnt, avx, avx2, aes, clmul, erms, rtm, 3dnowpref, lzcnt, ht, tsc, tscinvbit, bmi1, bmi2, adx

Memory: 4k page, physical 16654136k(2372056k free), swap 16654136k(4120k free)

vm_info: OpenJDK 64-Bit Server VM (25.71-b00) for windows-amd64 JRE (1.8.0-25-microsoft-b00), built on Feb  7 2019 20:09:14 by "builder" with MS VC++ 10.0 (VS2010)

time: Wed Aug 25 10:20:00 2021
timezone: SE Asia Standard Time
elapsed time: 1 seconds (0d 0h 0m 1s)

